

        **********************************************************
        ** PROGRAM FullProf.2k (Version 7.40 - Jan2021-ILL JRC) **
        **********************************************************
                       M U L T I -- P A T T E R N                 
            Rietveld, Profile Matching & Integrated Intensity     
                 Refinement of X-ray and/or Neutron Data


    Date: 19/01/2023  Time: 12:53:48.749                              

 => PCR file code: /home/gallo/work/models_cic/ref-fp/files/simulations/10_FP_INPUT
 => DAT file code: EXP_PATTERN          -> Relative contribution: 1.0000                                                            

 ==> CONDITIONS OF THIS RUN FOR PATTERN No.:  1

 => Pattern calculation, X-ray
    Bragg-Brentano(X-rays) or Debye-Scherrer geometry(Neutrons)
 => Title:    Phases    extracted    from    file:    14LFPka_f00003.xye.buf

 => Number of phases:    2
 => Number of excluded regions:    1
 => Number of scattering factors supplied:    0
 => March-Dollase model for preferred orientation
 => Conventional weights: w=1.0/Variance(yobs)
 => Asymmetry correction as in J.Appl.Cryst. 26,128(1993)
 => Background linearly interpolated between the   30 points given
 => The    7th default profile function was selected
 => T-C-H Pseudo-Voigt function 
    This function is convoluted with asymmetry due to axial 
    divergence as formulated by: 
    van Laar and Yelon, J. Appl. Cryst. 17, 47(1984).
    and using the method of:
    Finger, Cox and Jephcoat, J. Appl. Cryst. 27, 892 (1994).
    Fortran 90 module adapted from function PROFVAL (in F77) : 
    L.W. Finger, J. Appl. Cryst. 31, 111 (1998).


 ==> INPUT/OUTPUT OPTIONS:

 => Output Obs and Calc intensities on last cycle
 => Generate bacground file *.bac
 => Generate file *.PRF for plot
 => Output Integrated Intensities
 => Generate new input file *.PCR

 => X-Y type of data: 2theta/TOF/E(Kev) Intens sigma for pattern:  1
 => Plot pattern at each cycle
 => Wavelengths:  1.12698 1.12698
 => Alpha2/Alpha1 ratio:   0.0000
 => Cos(Monochromator angle)=   0.7999
 => Asymmetry correction for angles lower than  180.000 degrees
 => Absorption correction (AC), muR-eff =   0.0000  0.0000
 => Base of peaks: 2.0*HW*   15.00

 => Number of cycles:    1
 => Relaxation factors ==>    for coordinates:  1.00
 => for anisotropic temperature factors:  1.00
 => for halfwidth/strain/size parameters:  1.00
 => for lattice constants and propagation vectors:  1.00
 => EPS-value for convergence:    0.1
 => Background ==> 
    Position   Intensity
       12.72     2666.42       41.00
       14.32     3422.09       51.00
       15.91     3705.88       61.00
       17.51     2583.33       71.00
       19.11     2146.87       81.00
       20.70     1878.33       91.00
       22.30     1570.07      101.00
       23.89     1340.87      111.00
       25.49     1302.41      121.00
       27.09     1261.41      131.00
       28.68     1104.20      141.00
       30.28     1165.65      151.00
       31.87     1182.72      161.00
       33.47     1026.15      171.00
       35.07      975.22      181.00
       36.66      989.01      191.00
       38.26      861.81      201.00
       39.85      883.65      211.00
       41.45      890.44      221.00
       43.05      841.15      231.00

       44.64      815.30      241.00
       46.24      901.48      251.00
       47.83      757.88      261.00
       49.43      736.41      271.00
       51.03      675.19      281.00
       52.62      589.72      291.00
       54.22      519.21      301.00
       55.81      482.29      311.00
       57.41      389.98      321.00
       59.01      319.54      331.00

 

 => Excluded regions for Pattern#  1
    From     to
      0.0000     11.5000

 => Instrumental Resolution read from file: /home/gallo/work/models_cic/ref-fp/files/IRF_NOTOS_July2022_MR.irf
 => Title of data: !Instrument Resolution Function of the diffractometer ALBA NOTOS July2022 Si_11keV_f00009.dat MR20220827

 => The resolution function is IRESOL:   1 for profile function #   7
    Input resolution parameters:

     U-inst     V-inst     W-inst     X-inst     Y-inst     Z-inst
    0.00500   -0.00011    0.00077    0.02372    0.00000    0.00000
    0.00500   -0.00011    0.00077    0.02372    0.00000    0.00000

 => Number of Least-Squares parameters varied:    58

 =>--------------------------->
 =>------->  PATTERN number:  1
 =>--------------------------->
 => Global parameters and codes ==>
 => Zero-point:     0.0475   31.0000
 => Displacement peak-shift parameter and code:     0.05    0.00
 => Transparency peak-shift parameter and code:    -0.01    0.00
 --------------------------------------------------------------------------------
 => Phase  No. 1
      cod-1101111.cif                                                       
 --------------------------------------------------------------------------------
 =>-------> Pattern#  1
 => Crystal Structure Refinement
 => Preferred orientation vector:   0.0000  0.0000  1.0000

 =>-------> Data for PHASE: 1
 => Number of atoms:    6
 => Number of distance  constraints:    0
 => Number of angle     constraints:    0

 => Symmetry information on space group: P n m a             
 -> The multiplicity of the general position is:   8
 -> The space group is Centric (-1 at origin)   
 -> Lattice type  P: { 000 }                                       
 -> Reduced set of symmetry operators:

  No.  IT   Symmetry symbol    Rotation part     Associated Translation
   1: ( 1)   1            -->     ( x, y, z) + {  0.0000  0.0000  0.0000}
   2: ( 4)   2 ( x, 0, 0) -->     ( x,-y,-z) + {  0.5000  0.5000  0.5000}
   3: ( 3)   2 ( 0, y, 0) -->     (-x, y,-z) + {  0.0000  0.5000  0.0000}
   4: ( 2)   2 ( 0, 0, z) -->     (-x,-y, z) + {  0.5000  0.0000  0.5000}


        Information on Space Group: 
        --------------------------- 

 =>   Number of Space group:  62
 =>  Hermann-Mauguin Symbol: P n m a
 =>             Hall Symbol: -P 2ac 2n
 =>            Setting Type: IT (Generated from Hermann-Mauguin symbol)
 =>          Crystal System: Orthorhombic
 =>              Laue Class: mmm
 =>             Point Group: mmm
 =>         Bravais Lattice: P
 =>          Lattice Symbol: oP
 =>  Reduced Number of S.O.:   4
 =>    General multiplicity:   8
 =>          Centrosymmetry: Centric (-1 at origin)
 =>  Generators (exc. -1&L):   2
 =>         Asymmetric unit:  0.000 <= x <=  0.500
                              0.000 <= y <=  0.250
                              0.000 <= z <=  1.000

 => List of S.O. without inversion and lattice centring translations
 => SYMM(  1): x,y,z                               => SYMM(  2): x+1/2,-y+1/2,-z+1/2
 => SYMM(  3): -x,y+1/2,-z                         => SYMM(  4): -x+1/2,-y,z+1/2


 => Initial parameters ==>
 Atom    Ntyp                  X         Y         Z         B         occ.         in  fin  Spc  Mult
                             B11       B22       B33       B12       B13       B23
 Fe1    Fe                -0.01154   0.25000   0.03663   1.24581   0.50000           0    0    0    4
                 Codes:  421.00000   0.00000 441.00000 531.00000   0.00000
 Li1    Li                 0.00000   0.00000   0.00000   1.00000   0.50000           0    0    0    4
                 Codes:    0.00000   0.00000   0.00000   0.00000   0.00000
 P1     P                 -0.01418   0.25000   0.02022   1.36621   0.50000           0    0    0    4
                 Codes:  451.00000   0.00000 471.00000 561.00000   0.00000
 O1     O                 -0.02256   0.25000  -0.02719   0.51100   0.50000           0    0    0    4
                 Codes:  481.00000   0.00000 501.00000 581.00000   0.00000
 O2     O                  0.03445   0.25000   0.02848   1.07031   0.50000           0    0    0    4
                 Codes:  511.00000   0.00000 521.00000 571.00000   0.00000
 O3     O                 -0.02551   0.01937  -0.00680   1.13097   1.00000           0    0    0    8
                 Codes:  491.00000 461.00000 431.00000 551.00000   0.00000

 => IT IS ASSUMED THAT THE FIRST GIVEN SITE IS FULLY OCCUPIED 
    OR THE FIRST AND SECOND ATOMS ARE IN THE SAME SITE WITH TOTAL FULL OCCUPATION
  (If this is not the case, change the order of atoms to obtain correct values for the content of the unit cell)
    The given occupation factors have been obtained mutiplying m/M by   1.0000
      -> Atom: Fe  ,  Chemical element: FE  Atomic Mass:    55.8470
      -> Atom: Li  ,  Chemical element: LI  Atomic Mass:     6.9410
      -> Atom: P   ,  Chemical element: P   Atomic Mass:    30.9738
      -> Atom: O   ,  Chemical element: O   Atomic Mass:    15.9994
      -> Atom: O   ,  Chemical element: O   Atomic Mass:    15.9994
      -> Atom: O   ,  Chemical element: O   Atomic Mass:    15.9994
 => The given value of ATZ is        631.04 the program has calculated:         631.04
    The value of ATZ given in the input PCR file will be used for quantitative analysis
 => The chemical content of the unit cell is: 
       4.0000 Fe   +   4.0000 Li   +   4.0000 P    +   4.0000 O    +   4.0000 O    +   8.0000 O      
 => The normalized site occupation numbers in % are: 
     100.0000 Fe1    :      100.0000 Li1    :      100.0000 P1     :      100.0000 O1     :      100.0000 O2     :      100.0000 O3       
 => The density (volumic mass) of the compound is:    3.875 g/cm3

 =>-------> PROFILE PARAMETERS FOR PATTERN:  1

 => Overall scale factor:   0.660258E-07
 => ETA (p-Voigt) OR M (Pearson VII):   0.0000
 => Overall temperature factor:      0.00000
 => Halfwidth U,V,W:      0.31326     0.00000     0.00000
 => X and Y parameters:       0.0000      0.3687
 => Direct cell parameters:   10.1044   5.4367   4.9222  90.0000  90.0000  90.0000
 => Preferred orientation parameters:   1.0000  0.0000
 => Asymmetry parameters     :      0.00000     0.00000     0.00000     0.00000
 => Strain parameters        :      0.00000     0.00000     0.00000
 => Size   parameters        :      0.00000     0.00000
 => Further shape parameters (S_L and D_L):   0.00000   0.00000
    S_L is source width/detector distance
    D_L is detector width/detector distance

 ==> CODEWORDS FOR PROFILE PARAMETERS of PATTERN#  1

 => Overall scale factor:   11.000
 => ETA (p-Voigt) OR M (Pearson VII):    0.000
 => Overall temperature factor:    0.000
 => Halfwidth U,V,W:  381.000   0.000   0.000
 => X and Y parameters:    0.000 401.000
 => Direct cell parameters:  341.000 361.000 371.000   0.000   0.000   0.000
 => Preferred orientation parameters:    0.000   0.000
 => Asymmetry parameters     :    0.000   0.000   0.000   0.000
 => Strain parameters        :    0.000   0.000   0.000
 => Size   parameters        :    0.000   0.000

 => Cell constraints according to Laue symmetry: mmm  

        Metric information:
        -------------------

 => Direct cell parameters:

         a =      10.1044      b =       5.4367      c =       4.9222
     alpha =       90.000   beta =       90.000  gamma =       90.000
                        Direct Cell Volume =     270.4019

 => Reciprocal cell parameters:

         a*=     0.098966      b*=     0.183934      c*=     0.203161
     alpha*=       90.000   beta*=       90.000  gamma*=       90.000
                    Reciprocal Cell Volume =   0.00369820

 => Direct and Reciprocal Metric Tensors:

                   GD                                       GR
    102.0995      0.0000      0.0000          0.009794    0.000000    0.000000
      0.0000     29.5580      0.0000          0.000000    0.033832    0.000000
      0.0000      0.0000     24.2282          0.000000    0.000000    0.041274

 =>  Cartesian frame: z // c; y is in the bc-plane; x is y ^ z = a*  

     Crystal_to_Orthonormal_Matrix              Orthonormal_to_Crystal Matrix
              Cr_Orth_cel                               Orth_Cr_cel  
     10.1044      0.0000      0.0000          0.098966   -0.000000   -0.000000
      0.0000      5.4367      0.0000          0.000000    0.183934   -0.000000
      0.0000      0.0000      4.9222          0.000000    0.000000    0.203161

     Busing-Levy B-matrix: Hc=B.H            Inverse of the Busing-Levy B-matrix
                BL_M                                      BL_Minv  
    0.098966    0.000000    0.000000           10.1044     -0.0000     -0.0000
    0.000000    0.183934   -0.000000            0.0000      5.4367      0.0000
    0.000000    0.000000    0.203161            0.0000      0.0000      4.9222

 => Laue symmetry mmm   will be used to generate HKL for pattern#   1
 => Reflections generated between S(1/d)min:  0.1720 A-1 and S(1/d)max:  1.1234 A-1
 =>                                    dmax:  5.8125 A   and      dmin:  0.8902 A
 => The number of reflections generated is:    225
 => The max. scatt. variable (gen.ref.) is:        78.5431
 => Scattering coefficients from internal table


 => X-ray scattering coeff. (A1, B1, A2,...C, f(0), Z, Dfp,Dfpp)

 FE     11.7695   4.7611   7.3573   0.3072   3.5222  15.3535   2.3045  76.8805   1.0369  25.9904  26.0000   0.3010   0.8450
 LI      1.1282   3.9546   0.7508   1.0524   0.6175  85.3905   0.4653 168.2610   0.0377   2.9995   3.0000   0.0000   0.0000
 P       6.4345   1.9067   4.1791  27.1570   1.7800   0.5260   1.4908  68.1645   1.1149  14.9993  15.0000   0.0900   0.0950
 O       3.0485  13.2771   2.2868   5.7011   1.5463   0.3239   0.8670  32.9089   0.2508   7.9994   8.0000   0.0080   0.0060
 --------------------------------------------------------------------------------
 => Phase  No. 2
      cod-4313206.cif                                                       
 --------------------------------------------------------------------------------
 =>-------> Pattern#  1
 => Crystal Structure Refinement
 => Preferred orientation vector:   0.0000  0.0000  1.0000

 =>-------> Data for PHASE: 2
 => Number of atoms:    1
 => Number of distance  constraints:    0
 => Number of angle     constraints:    0

 => Symmetry information on space group: F m -3 m            
 -> The multiplicity of the general position is: 192
 -> The space group is Centric (-1 at origin)   
 -> Lattice type  F: { 000;  0  1/2 1/2; 1/2  0  1/2; 1/2 1/2  0 }+
 -> Reduced set of symmetry operators:

  No.  IT   Symmetry symbol    Rotation part     Associated Translation
   1: ( 1)   1            -->     ( x, y, z) + {  0.0000  0.0000  0.0000}
   2: ( 4)   2 ( x, 0, 0) -->     ( x,-y,-z) + {  0.0000  0.0000  0.0000}
   3: ( 3)   2 ( 0, y, 0) -->     (-x, y,-z) + {  0.0000  0.0000  0.0000}
   4: ( 2)   2 ( 0, 0, z) -->     (-x,-y, z) + {  0.0000  0.0000  0.0000}
   5: ( 9)  3- ( x, x, x) -->     ( y, z, x) + {  0.0000  0.0000  0.0000}
   6: (12)  3- (-x, x,-x) -->     (-y,-z, x) + {  0.0000  0.0000  0.0000}
   7: (11)  3- (-x,-x, x) -->     ( y,-z,-x) + {  0.0000  0.0000  0.0000}
   8: (10)  3- ( x,-x,-x) -->     (-y, z,-x) + {  0.0000  0.0000  0.0000}
   9: ( 5)  3+ ( x, x, x) -->     ( z, x, y) + {  0.0000  0.0000  0.0000}
  10: ( 8)  3+ (-x,-x, x) -->     (-z, x,-y) + {  0.0000  0.0000  0.0000}
  11: ( 7)  3+ ( x,-x,-x) -->     (-z,-x, y) + {  0.0000  0.0000  0.0000}
  12: ( 6)  3+ (-x, x,-x) -->     ( z,-x,-y) + {  0.0000  0.0000  0.0000}
  13: (14)   2 ( x,-x, 0) -->     (-y,-x,-z) + {  0.0000  0.0000  0.0000}
  14: (15)  4- ( 0, 0, z) -->     ( y,-x, z) + {  0.0000  0.0000  0.0000}
  15: (16)  4+ ( 0, 0, z) -->     (-y, x, z) + {  0.0000  0.0000  0.0000}
  16: (13)   2 ( x, x, 0) -->     ( y, x,-z) + {  0.0000  0.0000  0.0000}
  17: (24)   2 (-x, 0, x) -->     (-z,-y,-x) + {  0.0000  0.0000  0.0000}
  18: (21)  4+ ( 0, y, 0) -->     ( z, y,-x) + {  0.0000  0.0000  0.0000}
  19: (22)   2 ( x, 0, x) -->     ( z,-y, x) + {  0.0000  0.0000  0.0000}
  20: (23)  4- ( 0, y, 0) -->     (-z, y, x) + {  0.0000  0.0000  0.0000}
  21: (19)   2 ( 0, y,-y) -->     (-x,-z,-y) + {  0.0000  0.0000  0.0000}
  22: (18)   2 ( 0, y, y) -->     (-x, z, y) + {  0.0000  0.0000  0.0000}
  23: (17)  4- ( x, 0, 0) -->     ( x, z,-y) + {  0.0000  0.0000  0.0000}
  24: (20)  4+ ( x, 0, 0) -->     ( x,-z, y) + {  0.0000  0.0000  0.0000}


        Information on Space Group: 
        --------------------------- 

 =>   Number of Space group: 225
 =>  Hermann-Mauguin Symbol: F m -3 m
 =>             Hall Symbol: -F 4 2 3
 =>            Setting Type: IT (Generated from Hermann-Mauguin symbol)
 =>          Crystal System: Cubic
 =>              Laue Class: m-3m
 =>             Point Group: m-3m
 =>         Bravais Lattice: F
 =>          Lattice Symbol: cF
 =>  Reduced Number of S.O.:  24
 =>    General multiplicity: 192
 =>          Centrosymmetry: Centric (-1 at origin)
 =>  Generators (exc. -1&L):   3
 =>         Asymmetric unit:  0.000 <= x <=  0.500
                              0.000 <= y <=  0.250
                              0.000 <= z <=  0.250

 => List of S.O. without inversion and lattice centring translations
 => SYMM(  1): x,y,z                               => SYMM(  2): x,-y,-z
 => SYMM(  3): -x,y,-z                             => SYMM(  4): -x,-y,z
 => SYMM(  5): y,z,x                               => SYMM(  6): -y,-z,x
 => SYMM(  7): y,-z,-x                             => SYMM(  8): -y,z,-x
 => SYMM(  9): z,x,y                               => SYMM( 10): -z,x,-y
 => SYMM( 11): -z,-x,y                             => SYMM( 12): z,-x,-y
 => SYMM( 13): y,x,z                               => SYMM( 14): -y,x,-z
 => SYMM( 15): y,-x,-z                             => SYMM( 16): -y,-x,z
 => SYMM( 17): z,y,x                               => SYMM( 18): -z,-y,x
 => SYMM( 19): -z,y,-x                             => SYMM( 20): z,-y,-x
 => SYMM( 21): x,z,y                               => SYMM( 22): x,-z,-y
 => SYMM( 23): -x,-z,y                             => SYMM( 24): -x,z,-y


 => Initial parameters ==>
 Atom    Ntyp                  X         Y         Z         B         occ.         in  fin  Spc  Mult
                             B11       B22       B33       B12       B13       B23
 AL1    Al                 0.00000   0.00000   0.00000   1.15109   0.02083           0    0    0    4
                 Codes:    0.00000   0.00000   0.00000 541.00000   0.00000

 => IT IS ASSUMED THAT THE FIRST GIVEN SITE IS FULLY OCCUPIED 
    OR THE FIRST AND SECOND ATOMS ARE IN THE SAME SITE WITH TOTAL FULL OCCUPATION
  (If this is not the case, change the order of atoms to obtain correct values for the content of the unit cell)
    The phase contains sites partially occupied
      -> Atom: Al  ,  Chemical element: AL  Atomic Mass:    26.9815
 => The given value of ATZ is        107.89 the program has calculated:         107.89
    The value of ATZ given in the input PCR file will be used for quantitative analysis
 => The chemical content of the unit cell is: 
       4.0000 Al     
 => The normalized site occupation numbers in % are: 
     100.0000 AL1      
 => The density (volumic mass) of the compound is:    3.215 g/cm3

 =>-------> PROFILE PARAMETERS FOR PATTERN:  1

 => Overall scale factor:   0.659588E-07
 => ETA (p-Voigt) OR M (Pearson VII):   0.0000
 => Overall temperature factor:      0.00000
 => Halfwidth U,V,W:      0.28222     0.00000     0.00000
 => X and Y parameters:       0.0000      0.3841
 => Direct cell parameters:    3.8199   3.8199   3.8199  90.0000  90.0000  90.0000
 => Preferred orientation parameters:   1.0000  0.0000
 => Asymmetry parameters     :      0.00000     0.00000     0.00000     0.00000
 => Strain parameters        :      0.00000     0.00000     0.00000
 => Size   parameters        :      0.00000     0.00000
 => Further shape parameters (S_L and D_L):   0.00000   0.00000
    S_L is source width/detector distance
    D_L is detector width/detector distance

 ==> CODEWORDS FOR PROFILE PARAMETERS of PATTERN#  1

 => Overall scale factor:   21.000
 => ETA (p-Voigt) OR M (Pearson VII):    0.000
 => Overall temperature factor:    0.000
 => Halfwidth U,V,W:  391.000   0.000   0.000
 => X and Y parameters:    0.000 410.010
 => Direct cell parameters:  351.000 351.000 351.000   0.000   0.000   0.000
 => Preferred orientation parameters:    0.000   0.000
 => Asymmetry parameters     :    0.000   0.000   0.000   0.000
 => Strain parameters        :    0.000   0.000   0.000
 => Size   parameters        :    0.000   0.000

 => Cell constraints according to Laue symmetry: m-3m 

        Metric information:
        -------------------

 => Direct cell parameters:

         a =       3.8199      b =       3.8199      c =       3.8199
     alpha =       90.000   beta =       90.000  gamma =       90.000
                        Direct Cell Volume =      55.7368

 => Reciprocal cell parameters:

         a*=     0.261790      b*=     0.261790      c*=     0.261790
     alpha*=       90.000   beta*=       90.000  gamma*=       90.000
                    Reciprocal Cell Volume =   0.01794145

 => Direct and Reciprocal Metric Tensors:

                   GD                                       GR
     14.5913      0.0000      0.0000          0.068534    0.000000    0.000000
      0.0000     14.5913      0.0000          0.000000    0.068534    0.000000
      0.0000      0.0000     14.5913          0.000000    0.000000    0.068534

 =>  Cartesian frame: z // c; y is in the bc-plane; x is y ^ z = a*  

     Crystal_to_Orthonormal_Matrix              Orthonormal_to_Crystal Matrix
              Cr_Orth_cel                               Orth_Cr_cel  
      3.8199      0.0000      0.0000          0.261790   -0.000000   -0.000000
      0.0000      3.8199      0.0000          0.000000    0.261790   -0.000000
      0.0000      0.0000      3.8199          0.000000    0.000000    0.261790

     Busing-Levy B-matrix: Hc=B.H            Inverse of the Busing-Levy B-matrix
                BL_M                                      BL_Minv  
    0.261790    0.000000    0.000000            3.8199     -0.0000     -0.0000
    0.000000    0.261790   -0.000000            0.0000      3.8199      0.0000
    0.000000    0.000000    0.261790            0.0000      0.0000      3.8199

 => Laue symmetry m-3m  will be used to generate HKL for pattern#   1
 => Reflections generated between S(1/d)min:  0.1720 A-1 and S(1/d)max:  1.1285 A-1
 =>                                    dmax:  5.8125 A   and      dmin:  0.8861 A
 => The number of reflections generated is:      6
 => The max. scatt. variable (gen.ref.) is:        78.9745
 => Scattering coefficients from internal table


 => X-ray scattering coeff. (A1, B1, A2,...C, f(0), Z, Dfp,Dfpp)

 AL      6.4202   3.0387   1.9002   0.7426   1.5936  31.5472   1.9646  85.0886   1.1151  12.9937  13.0000   0.0560   0.0520

     --------------------------------------------------------------
      SYMBOLIC NAMES AND INITIAL VALUES OF PARAMETERS TO BE VARIED:
     --------------------------------------------------------------

      ->  Parameter number    1   -> Symbolic Name:                                     Scale_ph1_pat1    0.66025819E-07
      ->  Parameter number    2   -> Symbolic Name:                                     Scale_ph2_pat1    0.65958758E-07
      ->  Parameter number    3   -> Symbolic Name:                                          Zero_pat1    0.47529999E-01
      ->  Parameter number    4   -> Symbolic Name:                                         Bck_0_pat1     2666.4236    
      ->  Parameter number    5   -> Symbolic Name:                                         Bck_1_pat1     3422.0898    
      ->  Parameter number    6   -> Symbolic Name:                                         Bck_2_pat1     3705.8818    
      ->  Parameter number    7   -> Symbolic Name:                                         Bck_3_pat1     2583.3335    
      ->  Parameter number    8   -> Symbolic Name:                                         Bck_4_pat1     2146.8662    
      ->  Parameter number    9   -> Symbolic Name:                                         Bck_5_pat1     1878.3262    
      ->  Parameter number   10   -> Symbolic Name:                                         Bck_6_pat1     1570.0688    
      ->  Parameter number   11   -> Symbolic Name:                                         Bck_7_pat1     1340.8730    
      ->  Parameter number   12   -> Symbolic Name:                                         Bck_8_pat1     1302.4128    
      ->  Parameter number   13   -> Symbolic Name:                                         Bck_9_pat1     1261.4105    
      ->  Parameter number   14   -> Symbolic Name:                                        Bck_10_pat1     1104.2013    
      ->  Parameter number   15   -> Symbolic Name:                                        Bck_11_pat1     1165.6482    
      ->  Parameter number   16   -> Symbolic Name:                                        Bck_12_pat1     1182.7152    
      ->  Parameter number   17   -> Symbolic Name:                                        Bck_13_pat1     1026.1451    
      ->  Parameter number   18   -> Symbolic Name:                                        Bck_14_pat1     975.21552    
      ->  Parameter number   19   -> Symbolic Name:                                        Bck_15_pat1     989.01141    
      ->  Parameter number   20   -> Symbolic Name:                                        Bck_16_pat1     861.81488    
      ->  Parameter number   21   -> Symbolic Name:                                        Bck_17_pat1     883.65143    
      ->  Parameter number   22   -> Symbolic Name:                                        Bck_18_pat1     890.44269    
      ->  Parameter number   23   -> Symbolic Name:                                        Bck_19_pat1     841.14771    
      ->  Parameter number   24   -> Symbolic Name:                                        Bck_20_pat1     815.29852    
      ->  Parameter number   25   -> Symbolic Name:                                        Bck_21_pat1     901.48242    
      ->  Parameter number   26   -> Symbolic Name:                                        Bck_22_pat1     757.87671    
      ->  Parameter number   27   -> Symbolic Name:                                        Bck_23_pat1     736.40649    
      ->  Parameter number   28   -> Symbolic Name:                                        Bck_24_pat1     675.19019    
      ->  Parameter number   29   -> Symbolic Name:                                        Bck_25_pat1     589.72491    
      ->  Parameter number   30   -> Symbolic Name:                                        Bck_26_pat1     519.20972    
      ->  Parameter number   31   -> Symbolic Name:                                        Bck_27_pat1     482.28891    
      ->  Parameter number   32   -> Symbolic Name:                                        Bck_28_pat1     389.97739    
      ->  Parameter number   33   -> Symbolic Name:                                        Bck_29_pat1     319.54019    
      ->  Parameter number   34   -> Symbolic Name:                                    Cell_A_ph1_pat1     10.104430    
      ->  Parameter number   35   -> Symbolic Name:                                    Cell_A_ph2_pat1     3.8198600    
      ->  Parameter number   36   -> Symbolic Name:                                    Cell_B_ph1_pat1     5.4367299    
      ->  Parameter number   37   -> Symbolic Name:                                    Cell_C_ph1_pat1     4.9222102    
      ->  Parameter number   38   -> Symbolic Name:                                    U-Cagl_ph1_pat1    0.31325999    
      ->  Parameter number   39   -> Symbolic Name:                                    U-Cagl_ph2_pat1    0.28222001    
      ->  Parameter number   40   -> Symbolic Name:                                     Y-cos_ph1_pat1    0.36873001    
      ->  Parameter number   41   -> Symbolic Name:                                     Y-cos_ph2_pat1    0.38407001    
      ->  Parameter number   42   -> Symbolic Name:                                          X_Fe1_ph1   -0.11540000E-01
      ->  Parameter number   43   -> Symbolic Name:                                           Z_O3_ph1   -0.68000001E-02
      ->  Parameter number   44   -> Symbolic Name:                                          Z_Fe1_ph1    0.36630001E-01
      ->  Parameter number   45   -> Symbolic Name:                                           X_P1_ph1   -0.14180000E-01
      ->  Parameter number   46   -> Symbolic Name:                                           Y_O3_ph1    0.19370001E-01
      ->  Parameter number   47   -> Symbolic Name:                                           Z_P1_ph1    0.20220000E-01
      ->  Parameter number   48   -> Symbolic Name:                                           X_O1_ph1   -0.22560000E-01
      ->  Parameter number   49   -> Symbolic Name:                                           X_O3_ph1   -0.25510000E-01
      ->  Parameter number   50   -> Symbolic Name:                                           Z_O1_ph1   -0.27190000E-01
      ->  Parameter number   51   -> Symbolic Name:                                           X_O2_ph1    0.34449998E-01
      ->  Parameter number   52   -> Symbolic Name:                                           Z_O2_ph1    0.28480001E-01
      ->  Parameter number   53   -> Symbolic Name:                                       Biso_Fe1_ph1     1.2458100    
      ->  Parameter number   54   -> Symbolic Name:                                       Biso_AL1_ph2     1.1510900    
      ->  Parameter number   55   -> Symbolic Name:                                        Biso_O3_ph1     1.1309700    
      ->  Parameter number   56   -> Symbolic Name:                                        Biso_P1_ph1     1.3662100    
      ->  Parameter number   57   -> Symbolic Name:                                        Biso_O2_ph1     1.0703100    
      ->  Parameter number   58   -> Symbolic Name:                                        Biso_O1_ph1    0.51099998    
  

 --------------------------------------------------------------------------------------------------------------
 Pattern#  1 Phase No.:   1 Phase name: cod-1101111.cif               
 --------------------------------------------------------------------------------------------------------------

   No.  Code     H   K   L  Mult     Hw         2theta      Icalc       Iobs      Sigma      HwG     HwL       ETA       d-hkl        CORR

      1   1      2   0   0     2  0.386657      12.807        0.6        0.6      0.000  0.069026  0.373707  0.974879  5.052215    142.419174
      2   1      1   0   1     4  0.390893      14.632        0.9        0.9      0.000  0.077458  0.374801  0.969074  4.425097    217.474213
      3   1      2   1   0     4  0.398546      17.515        0.0        0.0      0.000  0.091127  0.376733  0.958770  3.700933    150.791809
      4   1      0   1   1     4  0.399268      17.767        0.0        0.0      0.000  0.092337  0.376914  0.957812  3.648905    146.459595
      5   1      2   0   1     4  0.401103      18.394        0.0        0.0      0.000  0.095359  0.377372  0.955388  3.525594    136.437454
      6   1      1   1   1     8  0.402623      18.900        0.0        0.0      0.000  0.097811  0.377750  0.953393  3.431983    258.120239
      7   1      2   1   1     8  0.412531      21.963        0.0        0.0      0.000  0.112829  0.380210  0.940686  2.958069    189.541687
      8   1      3   0   1     4  0.417555      23.392        0.2        0.2      0.000  0.119936  0.381458  0.934439  2.779670     83.188705
      9   1      0   2   0     2  0.419501      23.927        0.0        0.0      0.000  0.122614  0.381942  0.932055  2.718365     39.688118
     10   1      4   0   0     2  0.426493      25.778        0.1        0.1      0.000  0.131941  0.383688  0.923655  2.526108     33.988609
     11   1      3   1   1     8  0.428617      26.321        0.0        0.0      0.000  0.134692  0.384221  0.921154  2.474949    130.173065
     12   1      0   0   2     2  0.429213      26.471        0.1        0.1      0.000  0.135458  0.384371  0.920456  2.461105     32.157280
     13   1      2   2   0     4  0.432250      27.229        0.0        0.0      0.000  0.139321  0.385135  0.916929  2.393849     60.626934
     14   1      1   0   2     4  0.432375      27.260        0.0        0.0      0.000  0.139478  0.385166  0.916786  2.391198     60.483707
     15   1      1   2   1     8  0.436069      28.160        0.1        0.1      0.000  0.144088  0.386100  0.912561  2.316232    113.000641
     16   1      4   1   0     4  0.437395      28.478        0.0        0.0      0.000  0.145723  0.386436  0.911061  2.290895     55.183216
     17   1      4   0   1     4  0.439770      29.041        0.0        0.0      0.000  0.148623  0.387039  0.908397  2.247423     52.957863
     18   1      2   0   2     4  0.441771      29.509        0.1        0.1      0.000  0.151042  0.387549  0.906174  2.212548     51.204102
     19   1      1   1   2     8  0.443184      29.836        0.0        0.0      0.000  0.152736  0.387910  0.904617  2.188843    100.055992
     20   1      2   2   1     8  0.445418      30.348        0.0        0.0      0.000  0.155394  0.388482  0.902174  2.152760     96.525581
     21   1      4   1   1     8  0.450473      31.484        0.0        0.0      0.000  0.161321  0.389784  0.896733  2.076961     89.305328
     22   1      2   1   2     8  0.452448      31.919        0.0        0.0      0.000  0.163604  0.390295  0.894641  2.049342     86.740646
     23   1      3   0   2     4  0.457184      32.947        0.0        0.0      0.000  0.169012  0.391527  0.889698  1.987139     40.547211
     24   1      3   2   1     8  0.460766      33.708        0.0        0.0      0.000  0.173044  0.392465  0.886026  1.943486     77.239685
     25   1      5   0   1     4  0.467392      35.086        0.0        0.0      0.000  0.180382  0.394213  0.879386  1.869458     35.453133
     26   1      3   1   2     8  0.467684      35.145        0.0        0.0      0.000  0.180702  0.394290  0.879098  1.866379     70.648445
     27   1      4   2   0     4  0.469214      35.458        0.0        0.0      0.000  0.182375  0.394697  0.877594  1.850466     34.661461
     28   1      0   2   2     4  0.471799      35.980        0.0        0.0      0.000  0.185183  0.395386  0.875076  1.824453     33.590820
     29   1      1   2   2     8  0.474810      36.583        0.0        0.0      0.000  0.188430  0.396192  0.872178  1.795420     64.829613
     30   1      5   1   1     8  0.477800      37.174        0.0        0.0      0.000  0.191628  0.396996  0.869339  1.767863     62.633980
     31   1      4   0   2     4  0.478364      37.284        0.0        0.0      0.000  0.192229  0.397148  0.868807  1.762797     31.117102
     32   1      4   2   1     8  0.481883      37.970        0.0        0.0      0.000  0.195957  0.398101  0.865520  1.732108     59.838844
     33   1      2   2   2     8  0.483804      38.340        0.0        0.0      0.000  0.197979  0.398623  0.863747  1.715991     58.598804
     34   1      2   3   0     4  0.485043      38.578        0.0        0.0      0.000  0.199278  0.398960  0.862611  1.705821     28.911327
     35   1      0   3   1     4  0.485683      38.700        0.0        0.0      0.000  0.199947  0.399135  0.862027  1.700641     28.714611
     36   1      6   0   0     2  0.487766      39.096        0.0        0.0      0.000  0.202120  0.399705  0.860136  1.684072     14.044869
     37   1      1   3   1     8  0.488666      39.267        0.0        0.0      0.000  0.203056  0.399951  0.859324  1.677054     55.654087
     38   1      4   1   2     8  0.488692      39.272        0.0        0.0      0.000  0.203082  0.399958  0.859301  1.676855     55.639225
     39   1      1   0   3     4  0.496474      40.722        0.0        0.0      0.000  0.211097  0.402106  0.852413  1.619525     25.718306
     40   1      2   3   1     8  0.497588      40.927        0.0        0.0      0.000  0.212233  0.402416  0.851446  1.611777     50.880791
     41   1      6   1   0     4  0.498040      41.009        0.0        0.0      0.000  0.212694  0.402541  0.851055  1.608663     25.329144
     42   1      3   2   2     8  0.498689      41.128        0.0        0.0      0.000  0.213355  0.402722  0.850494  1.604218     50.341385
     43   1      6   0   1     4  0.500293      41.420        0.0        0.0      0.000  0.214984  0.403170  0.849116  1.593392     24.786818
     44   1      0   1   3     4  0.503750      42.045        0.0        0.0      0.000  0.218477  0.404138  0.846178  1.570766     23.993706
     45   1      5   0   2     4  0.505157      42.297        0.0        0.0      0.000  0.219893  0.404533  0.844994  1.561821     23.683609
     46   1      2   0   3     4  0.505366      42.335        0.0        0.0      0.000  0.220102  0.404592  0.844820  1.560508     23.638277
     47   1      1   1   3     8  0.506710      42.575        0.0        0.0      0.000  0.221450  0.404971  0.843697  1.552124     46.699295
     48   1      5   2   1     8  0.508632      42.916        0.0        0.0      0.000  0.223372  0.405514  0.842102  1.540358     45.895077
     49   1      6   1   1     8  0.510515      43.248        0.0        0.0      0.000  0.225250  0.406047  0.840552  1.529075     45.130257
     50   1      3   3   1     8  0.512387      43.577        0.0        0.0      0.000  0.227110  0.406579  0.839023  1.518100     44.392365
     51   1      5   1   2     8  0.515365      44.096        0.0        0.0      0.000  0.230057  0.407428  0.836617  1.501109     43.261662
     52   1      2   1   3     8  0.515573      44.132        0.0        0.0      0.000  0.230262  0.407488  0.836450  1.499944     43.184628
     53   1      4   2   2     8  0.519385      44.789        0.0        0.0      0.000  0.234012  0.408580  0.833415  1.479034     41.814083
     54   1      3   0   3     4  0.520133      44.918        0.0        0.0      0.000  0.234745  0.408796  0.832825  1.475032     20.777117
     55   1      4   3   0     4  0.520608      44.999        0.0        0.0      0.000  0.235210  0.408932  0.832452  1.472507     20.695358
     56   1      1   3   2     8  0.526081      45.927        0.0        0.0      0.000  0.240545  0.410515  0.828201  1.444313     39.586452
     57   1      6   2   0     4  0.528653      46.358        0.0        0.0      0.000  0.243037  0.411263  0.826237  1.431607     19.393238
     58   1      3   1   3     8  0.530315      46.635        0.0        0.0      0.000  0.244643  0.411748  0.824978  1.423569     38.284569
     59   1      4   3   1     8  0.533029      47.085        0.0        0.0      0.000  0.247256  0.412542  0.822942  1.410733     37.489960
     60   1      2   3   2     8  0.534921      47.397        0.0        0.0      0.000  0.249073  0.413098  0.821536  1.401985     36.953152

   No.  Code     H   K   L  Mult     Hw         2theta      Icalc       Iobs      Sigma      HwG     HwL       ETA       d-hkl        CORR

     61   1      1   2   3     8  0.537277      47.783        0.0        0.0      0.000  0.251328  0.413791  0.819801  1.391320     36.304066
     62   1      6   0   2     4  0.537609      47.837        0.0        0.0      0.000  0.251645  0.413889  0.819557  1.389835     18.107096
     63   1      7   0   1     4  0.538664      48.009        0.0        0.0      0.000  0.252652  0.414201  0.818787  1.385156     17.965788
     64   1      4   0   3     4  0.540764      48.350        0.0        0.0      0.000  0.254653  0.414822  0.817263  1.375972     17.690126
     65   1      6   2   1     8  0.541071      48.399        0.0        0.0      0.000  0.254945  0.414913  0.817041  1.374645     35.300987
     66   1      0   4   0     2  0.544717      48.986        0.0        0.0      0.000  0.258404  0.415997  0.814430  1.359183      8.595905
     67   1      5   2   2     8  0.545914      49.177        0.0        0.0      0.000  0.259536  0.416354  0.813581  1.354219     34.091778
     68   1      2   2   3     8  0.546121      49.210        0.0        0.0      0.000  0.259732  0.416416  0.813434  1.353363     34.041588
     69   1      6   1   2     8  0.547794      49.477        0.0        0.0      0.000  0.261311  0.416916  0.812256  1.346533     33.642410
     70   1      7   1   1     8  0.548850      49.644        0.0        0.0      0.000  0.262306  0.417232  0.811516  1.342276     33.394863
     71   1      3   3   2     8  0.549664      49.773        0.0        0.0      0.000  0.263072  0.417476  0.810948  1.339020     33.206165
     72   1      4   1   3     8  0.550953      49.977        0.0        0.0      0.000  0.264284  0.417863  0.810052  1.333914     32.911358
     73   1      2   4   0     4  0.556525      50.849        0.0        0.0      0.000  0.269502  0.419544  0.806233  1.312515     15.845432
     74   1      5   3   1     8  0.559584      51.323        0.0        0.0      0.000  0.272353  0.420472  0.804173  1.301206     31.055700
     75   1      1   4   1     8  0.560115      51.405        0.0        0.0      0.000  0.272846  0.420634  0.803818  1.299275     30.947893
     76   1      3   2   3     8  0.560891      51.524        0.0        0.0      0.000  0.273567  0.420870  0.803300  1.296467     30.791565
     77   1      5   0   3     4  0.567357      52.511        0.0        0.0      0.000  0.279553  0.422847  0.799050  1.273779     14.771889
     78   1      2   4   1     8  0.569002      52.760        0.0        0.0      0.000  0.281070  0.423353  0.797986  1.268203     29.241385
     79   1      4   3   2     8  0.570376      52.967        0.0        0.0      0.000  0.282334  0.423776  0.797103  1.263605     28.993328
     80   1      8   0   0     2  0.570541      52.992        0.0        0.0      0.000  0.282486  0.423827  0.796997  1.263054      7.240918
     81   1      7   0   2     4  0.576058      53.816        0.0        0.0      0.000  0.287545  0.425533  0.793501  1.245125     14.004032
     82   1      5   1   3     8  0.577619      54.047        0.0        0.0      0.000  0.288972  0.426019  0.792526  1.240195     27.748400
     83   1      6   2   2     8  0.578489      54.176        0.0        0.0      0.000  0.289766  0.426289  0.791985  1.237475     27.605701
     84   1      7   2   1     8  0.579555      54.333        0.0        0.0      0.000  0.290738  0.426621  0.791325  1.234168     27.432808
     85   1      6   3   0     4  0.579725      54.358        0.0        0.0      0.000  0.290892  0.426674  0.791220  1.233644     13.702735
     86   1      0   0   4     2  0.580731      54.505        0.0        0.0      0.000  0.291809  0.426988  0.790600  1.230553      6.811116
     87   1      8   1   0     4  0.580817      54.518        0.0        0.0      0.000  0.291887  0.427015  0.790547  1.230289     13.615396
     88   1      4   2   3     8  0.581679      54.645        0.0        0.0      0.000  0.292672  0.427284  0.790017  1.227659     27.094252
     89   1      8   0   1     4  0.583083      54.850        0.0        0.0      0.000  0.293948  0.427724  0.789159  1.223418     13.437477
     90   1      1   0   4     4  0.583714      54.942        0.0        0.0      0.000  0.294521  0.427921  0.788775  1.221528     13.388766
     91   1      3   4   1     8  0.583881      54.966        0.0        0.0      0.000  0.294673  0.427974  0.788673  1.221028     26.751822
     92   1      0   3   3     4  0.585474      55.198        0.0        0.0      0.000  0.296118  0.428473  0.787708  1.216302     13.254630
     93   1      7   1   2     8  0.586358      55.326        0.0        0.0      0.000  0.296919  0.428751  0.787175  1.213702     26.376400
     94   1      1   3   3     8  0.588464      55.631        0.0        0.0      0.000  0.298825  0.429414  0.785913  1.207584     26.065207
     95   1      4   4   0     4  0.592217      56.170        0.0        0.0      0.000  0.302212  0.430599  0.783689  1.196924     12.764058
     96   1      6   3   1     8  0.592321      56.185        0.0        0.0      0.000  0.302305  0.430631  0.783628  1.196634     25.513556
     97   1      2   0   4     4  0.592691      56.238        0.0        0.0      0.000  0.302639  0.430749  0.783410  1.195599     12.730894
     98   1      8   1   1     8  0.593420      56.342        0.0        0.0      0.000  0.303295  0.430980  0.782983  1.193571     25.360516
     99   1      1   1   4     8  0.594054      56.432        0.0        0.0      0.000  0.303866  0.431181  0.782612  1.191816     25.273033
    100   1      0   4   2     4  0.594786      56.537        0.0        0.0      0.000  0.304525  0.431413  0.782185  1.189798     12.586342
    101   1      5   3   2     8  0.597252      56.886        0.0        0.0      0.000  0.306739  0.432197  0.780756  1.183087     24.840687
    102   1      2   3   3     8  0.597464      56.916        0.0        0.0      0.000  0.306929  0.432264  0.780633  1.182516     24.812563
    103   1      1   4   2     8  0.597792      56.963        0.0        0.0      0.000  0.307223  0.432369  0.780445  1.181634     24.769182
    104   1      6   0   3     4  0.600210      57.304        0.0        0.0      0.000  0.309389  0.433140  0.779059  1.175198     12.226899
    105   1      2   1   4     8  0.603083      57.706        0.0        0.0      0.000  0.311958  0.434059  0.777430  1.167697     24.089325
    106   1      4   4   1     8  0.604900      57.959        0.0        0.0      0.000  0.313579  0.434642  0.776408  1.163033     23.864370
    107   1      2   4   2     8  0.606842      58.229        0.0        0.0      0.000  0.315309  0.435266  0.775325  1.158116     23.628639
    108   1      3   0   4     4  0.607755      58.356        0.0        0.0      0.000  0.316122  0.435560  0.774818  1.155828     11.759706
    109   1      5   2   3     8  0.608719      58.489        0.0        0.0      0.000  0.316979  0.435871  0.774285  1.153429     23.405262
    110   1      6   1   3     8  0.610651      58.755        0.0        0.0      0.000  0.318695  0.436494  0.773223  1.148669     23.179766

 --------------------------------------------------------------------------------------------------------------
 Pattern#  1 Phase No.:   2 Phase name: cod-4313206.cif               
 --------------------------------------------------------------------------------------------------------------

   No.  Code     H   K   L  Mult     Hw         2theta      Icalc       Iobs      Sigma      HwG     HwL       ETA       d-hkl        CORR

      1   1      1   1   1     8  0.451818      29.607        0.0        0.0      0.000  0.144219  0.403524  0.918576  2.205397    101.695915
      2   1      2   0   0     6  0.471879      34.319        0.0        0.0      0.000  0.167685  0.409286  0.898373  1.909930     55.752735
      3   1      2   2   0    12  0.550458      49.321        0.0        0.0      0.000  0.247504  0.433502  0.834128  1.350524     50.813084
      4   1      3   1   1    24  0.610266      58.583        0.0        0.0      0.000  0.301818  0.453681  0.797472  1.151731     69.974045

     -----------------------------------------------------
     BRAGG R-Factors and weight fractions for Pattern #  1
     -----------------------------------------------------

 => Phase:  1     cod-1101111.cif
 => Bragg R-factor:   0.00       Vol:  270.402( 0.000)  Fract(%):   96.60( 0.00)
 => Rf-factor=  0.00             ATZ:         631.037   Brindley:  1.0000

 => Phase:  2     cod-4313206.cif
 => Bragg R-factor:   0.00       Vol:   55.737( 0.000)  Fract(%):    3.40( 0.00)
 => Rf-factor=  0.00             ATZ:         107.892   Brindley:  1.0000

     -----------------------------------------------------------------
      SYMBOLIC NAMES AND FINAL VALUES AND SIGMA OF REFINED PARAMETERS:
     -----------------------------------------------------------------

      ->  Parameter number    1 :                                     Scale_ph1_pat1    0.66025819E-07( +/-     0.0000000     )
      ->  Parameter number    2 :                                     Scale_ph2_pat1    0.65958758E-07( +/-     0.0000000     )
      ->  Parameter number    3 :                                          Zero_pat1    0.47529999E-01( +/-     0.0000000     )
      ->  Parameter number    4 :                                         Bck_0_pat1     2666.4236    ( +/-     0.0000000     )
      ->  Parameter number    5 :                                         Bck_1_pat1     3422.0898    ( +/-     0.0000000     )
      ->  Parameter number    6 :                                         Bck_2_pat1     3705.8818    ( +/-     0.0000000     )
      ->  Parameter number    7 :                                         Bck_3_pat1     2583.3335    ( +/-     0.0000000     )
      ->  Parameter number    8 :                                         Bck_4_pat1     2146.8662    ( +/-     0.0000000     )
      ->  Parameter number    9 :                                         Bck_5_pat1     1878.3262    ( +/-     0.0000000     )
      ->  Parameter number   10 :                                         Bck_6_pat1     1570.0688    ( +/-     0.0000000     )
      ->  Parameter number   11 :                                         Bck_7_pat1     1340.8730    ( +/-     0.0000000     )
      ->  Parameter number   12 :                                         Bck_8_pat1     1302.4128    ( +/-     0.0000000     )
      ->  Parameter number   13 :                                         Bck_9_pat1     1261.4105    ( +/-     0.0000000     )
      ->  Parameter number   14 :                                        Bck_10_pat1     1104.2013    ( +/-     0.0000000     )
      ->  Parameter number   15 :                                        Bck_11_pat1     1165.6482    ( +/-     0.0000000     )
      ->  Parameter number   16 :                                        Bck_12_pat1     1182.7152    ( +/-     0.0000000     )
      ->  Parameter number   17 :                                        Bck_13_pat1     1026.1451    ( +/-     0.0000000     )
      ->  Parameter number   18 :                                        Bck_14_pat1     975.21552    ( +/-     0.0000000     )
      ->  Parameter number   19 :                                        Bck_15_pat1     989.01141    ( +/-     0.0000000     )
      ->  Parameter number   20 :                                        Bck_16_pat1     861.81488    ( +/-     0.0000000     )
      ->  Parameter number   21 :                                        Bck_17_pat1     883.65143    ( +/-     0.0000000     )
      ->  Parameter number   22 :                                        Bck_18_pat1     890.44269    ( +/-     0.0000000     )
      ->  Parameter number   23 :                                        Bck_19_pat1     841.14771    ( +/-     0.0000000     )
      ->  Parameter number   24 :                                        Bck_20_pat1     815.29852    ( +/-     0.0000000     )
      ->  Parameter number   25 :                                        Bck_21_pat1     901.48242    ( +/-     0.0000000     )
      ->  Parameter number   26 :                                        Bck_22_pat1     757.87671    ( +/-     0.0000000     )
      ->  Parameter number   27 :                                        Bck_23_pat1     736.40649    ( +/-     0.0000000     )
      ->  Parameter number   28 :                                        Bck_24_pat1     675.19019    ( +/-     0.0000000     )
      ->  Parameter number   29 :                                        Bck_25_pat1     589.72491    ( +/-     0.0000000     )
      ->  Parameter number   30 :                                        Bck_26_pat1     519.20972    ( +/-     0.0000000     )
      ->  Parameter number   31 :                                        Bck_27_pat1     482.28891    ( +/-     0.0000000     )
      ->  Parameter number   32 :                                        Bck_28_pat1     389.97739    ( +/-     0.0000000     )
      ->  Parameter number   33 :                                        Bck_29_pat1     319.54019    ( +/-     0.0000000     )
      ->  Parameter number   34 :                                    Cell_A_ph1_pat1     10.104430    ( +/-     0.0000000     )
      ->  Parameter number   35 :                                    Cell_A_ph2_pat1     3.8198600    ( +/-     0.0000000     )
      ->  Parameter number   36 :                                    Cell_B_ph1_pat1     5.4367299    ( +/-     0.0000000     )
      ->  Parameter number   37 :                                    Cell_C_ph1_pat1     4.9222102    ( +/-     0.0000000     )
      ->  Parameter number   38 :                                    U-Cagl_ph1_pat1    0.31325999    ( +/-     0.0000000     )
      ->  Parameter number   39 :                                    U-Cagl_ph2_pat1    0.28222001    ( +/-     0.0000000     )
      ->  Parameter number   40 :                                     Y-cos_ph1_pat1    0.36873001    ( +/-     0.0000000     )
      ->  Parameter number   41 :                                     Y-cos_ph2_pat1    0.38407001    ( +/-     0.0000000     )
      ->  Parameter number   42 :                                          X_Fe1_ph1   -0.11540000E-01( +/-     0.0000000     )
      ->  Parameter number   43 :                                           Z_O3_ph1   -0.68000001E-02( +/-     0.0000000     )
      ->  Parameter number   44 :                                          Z_Fe1_ph1    0.36630001E-01( +/-     0.0000000     )
      ->  Parameter number   45 :                                           X_P1_ph1   -0.14180000E-01( +/-     0.0000000     )
      ->  Parameter number   46 :                                           Y_O3_ph1    0.19370001E-01( +/-     0.0000000     )
      ->  Parameter number   47 :                                           Z_P1_ph1    0.20220000E-01( +/-     0.0000000     )
      ->  Parameter number   48 :                                           X_O1_ph1   -0.22560000E-01( +/-     0.0000000     )
      ->  Parameter number   49 :                                           X_O3_ph1   -0.25510000E-01( +/-     0.0000000     )
      ->  Parameter number   50 :                                           Z_O1_ph1   -0.27190000E-01( +/-     0.0000000     )
      ->  Parameter number   51 :                                           X_O2_ph1    0.34449998E-01( +/-     0.0000000     )
      ->  Parameter number   52 :                                           Z_O2_ph1    0.28480001E-01( +/-     0.0000000     )
      ->  Parameter number   53 :                                       Biso_Fe1_ph1     1.2458100    ( +/-     0.0000000     )
      ->  Parameter number   54 :                                       Biso_AL1_ph2     1.1510900    ( +/-     0.0000000     )
      ->  Parameter number   55 :                                        Biso_O3_ph1     1.1309700    ( +/-     0.0000000     )
      ->  Parameter number   56 :                                        Biso_P1_ph1     1.3662100    ( +/-     0.0000000     )
      ->  Parameter number   57 :                                        Biso_O2_ph1     1.0703100    ( +/-     0.0000000     )
      ->  Parameter number   58 :                                        Biso_O1_ph1    0.51099998    ( +/-     0.0000000     )

 ------------------------------------------------------------------
 => Number of bytes for floating point variables: 4
 => Dimensions of dynamic allocated arrays in this run of FullProf:
 ------------------------------------------------------------------

 => Total approximate array memory (dynamic + static): 115719821 bytes

    MaxPOINT=    70000 Max.num. of points(+int. Inten.)/diffraction pattern       
    MaxREFLT=    20000 Max.num. of reflections/diffraction pattern               
    MaxPARAM=      800 Max.num. of refinable parameters                          
    MaxOVERL=     2024 Max.num. of overlapping reflections                       

 ----------------------------------------------------------
 => Number of bytes for floating point arrays: 4
 => Dimensions of fixed arrays in this release of FullProf:
 ----------------------------------------------------------

    NPATT   =       80 Max.num. of powder diffraction patterns                    
    NATS    =      830 Max.num. of atoms (all kind) in asymmetric unit            
    MPAR    =     1800 Max.num. of non atomic parameters/phase                    
    IEXCL   =       30 Max.num. of excluded regions                               
    IBACP   =      377 Max.num. of background points for interpolation            
    NPHT    =       16 Max.num. of phases                                         
    NMAGM   =        8 Max.num. of rotation-matrices sets for magnetic structure  
    NBASIS  =       12 Max.num. of basis functions associated to a single atom    
    NIREPS  =        9 Max.num. of irreducible representations to be combined     
    N_EQ    =      384 Max.num. of user-supplied symmetry operators/propagation vectors
    NGL     =      400 Max.num. of global parameters/diffraction pattern          
    N_LINC  =       50 Max.num. of global linear restraints                        
    NAT_P   =       80 Max.num. of atomic parameters per atom                     
    NCONST  =      500 Max.num. of slack constraints per phase                    
    N_SPE   =       30 Max.num. of different chemical species                     
    N_FORM  =       60 Max.num. of scattering factor values in a table            
    NPR     =      150 Max.num. of points defining a numerical profile            
    INPR    =       25 Max.num. of different numerical peak shapes                
    NPRC    =      150 Max.num. of terms in the table for correcting intensities  
    NSOL    =       10 Max.num. of solutions to be stored in Montecarlo searchs   

 
              CPU Time:     0.219 seconds
                            0.004 minutes

 => Run finished at:     Date: 19/01/2023  Time: 12:53:48.968                              
