

        **********************************************************
        ** PROGRAM FullProf.2k (Version 7.40 - Jan2021-ILL JRC) **
        **********************************************************
                       M U L T I -- P A T T E R N                 
            Rietveld, Profile Matching & Integrated Intensity     
                 Refinement of X-ray and/or Neutron Data


    Date: 19/01/2023  Time: 12:53:46.700                              

 => PCR file code: /home/gallo/work/models_cic/ref-fp/files/simulations/1_FP_INPUT
 => DAT file code: EXP_PATTERN          -> Relative contribution: 1.0000                                                            

 ==> CONDITIONS OF THIS RUN FOR PATTERN No.:  1

 => Pattern calculation, X-ray
    Bragg-Brentano(X-rays) or Debye-Scherrer geometry(Neutrons)
 => Title:    Phases    extracted    from    file:    14LFPka_f00003.xye.buf

 => Number of phases:    2
 => Number of excluded regions:    1
 => Number of scattering factors supplied:    0
 => March-Dollase model for preferred orientation
 => Conventional weights: w=1.0/Variance(yobs)
 => Asymmetry correction as in J.Appl.Cryst. 26,128(1993)
 => Background linearly interpolated between the   30 points given
 => The    7th default profile function was selected
 => T-C-H Pseudo-Voigt function 
    This function is convoluted with asymmetry due to axial 
    divergence as formulated by: 
    van Laar and Yelon, J. Appl. Cryst. 17, 47(1984).
    and using the method of:
    Finger, Cox and Jephcoat, J. Appl. Cryst. 27, 892 (1994).
    Fortran 90 module adapted from function PROFVAL (in F77) : 
    L.W. Finger, J. Appl. Cryst. 31, 111 (1998).


 ==> INPUT/OUTPUT OPTIONS:

 => Output Obs and Calc intensities on last cycle
 => Generate bacground file *.bac
 => Generate file *.PRF for plot
 => Output Integrated Intensities
 => Generate new input file *.PCR

 => X-Y type of data: 2theta/TOF/E(Kev) Intens sigma for pattern:  1
 => Plot pattern at each cycle
 => Wavelengths:  1.12698 1.12698
 => Alpha2/Alpha1 ratio:   0.0000
 => Cos(Monochromator angle)=   0.7999
 => Asymmetry correction for angles lower than  180.000 degrees
 => Absorption correction (AC), muR-eff =   0.0000  0.0000
 => Base of peaks: 2.0*HW*   15.00

 => Number of cycles:    1
 => Relaxation factors ==>    for coordinates:  1.00
 => for anisotropic temperature factors:  1.00
 => for halfwidth/strain/size parameters:  1.00
 => for lattice constants and propagation vectors:  1.00
 => EPS-value for convergence:    0.1
 => Background ==> 
    Position   Intensity
       12.72     2666.42       41.00
       14.32     3422.09       51.00
       15.91     3705.88       61.00
       17.51     2583.33       71.00
       19.11     2146.87       81.00
       20.70     1878.33       91.00
       22.30     1570.07      101.00
       23.89     1340.87      111.00
       25.49     1302.41      121.00
       27.09     1261.41      131.00
       28.68     1104.20      141.00
       30.28     1165.65      151.00
       31.87     1182.72      161.00
       33.47     1026.15      171.00
       35.07      975.22      181.00
       36.66      989.01      191.00
       38.26      861.81      201.00
       39.85      883.65      211.00
       41.45      890.44      221.00
       43.05      841.15      231.00

       44.64      815.30      241.00
       46.24      901.48      251.00
       47.83      757.88      261.00
       49.43      736.41      271.00
       51.03      675.19      281.00
       52.62      589.72      291.00
       54.22      519.21      301.00
       55.81      482.29      311.00
       57.41      389.98      321.00
       59.01      319.54      331.00

 

 => Excluded regions for Pattern#  1
    From     to
      0.0000     11.5000

 => Instrumental Resolution read from file: /home/gallo/work/models_cic/ref-fp/files/IRF_NOTOS_July2022_MR.irf
 => Title of data: !Instrument Resolution Function of the diffractometer ALBA NOTOS July2022 Si_11keV_f00009.dat MR20220827

 => The resolution function is IRESOL:   1 for profile function #   7
    Input resolution parameters:

     U-inst     V-inst     W-inst     X-inst     Y-inst     Z-inst
    0.00500   -0.00011    0.00077    0.02372    0.00000    0.00000
    0.00500   -0.00011    0.00077    0.02372    0.00000    0.00000

 => Number of Least-Squares parameters varied:    58

 =>--------------------------->
 =>------->  PATTERN number:  1
 =>--------------------------->
 => Global parameters and codes ==>
 => Zero-point:     0.0426   31.0000
 => Displacement peak-shift parameter and code:    -0.00    0.00
 => Transparency peak-shift parameter and code:     0.03    0.00
 --------------------------------------------------------------------------------
 => Phase  No. 1
      cod-1101111.cif                                                       
 --------------------------------------------------------------------------------
 =>-------> Pattern#  1
 => Crystal Structure Refinement
 => Preferred orientation vector:   0.0000  0.0000  1.0000

 =>-------> Data for PHASE: 1
 => Number of atoms:    6
 => Number of distance  constraints:    0
 => Number of angle     constraints:    0

 => Symmetry information on space group: P n m a             
 -> The multiplicity of the general position is:   8
 -> The space group is Centric (-1 at origin)   
 -> Lattice type  P: { 000 }                                       
 -> Reduced set of symmetry operators:

  No.  IT   Symmetry symbol    Rotation part     Associated Translation
   1: ( 1)   1            -->     ( x, y, z) + {  0.0000  0.0000  0.0000}
   2: ( 4)   2 ( x, 0, 0) -->     ( x,-y,-z) + {  0.5000  0.5000  0.5000}
   3: ( 3)   2 ( 0, y, 0) -->     (-x, y,-z) + {  0.0000  0.5000  0.0000}
   4: ( 2)   2 ( 0, 0, z) -->     (-x,-y, z) + {  0.5000  0.0000  0.5000}


        Information on Space Group: 
        --------------------------- 

 =>   Number of Space group:  62
 =>  Hermann-Mauguin Symbol: P n m a
 =>             Hall Symbol: -P 2ac 2n
 =>            Setting Type: IT (Generated from Hermann-Mauguin symbol)
 =>          Crystal System: Orthorhombic
 =>              Laue Class: mmm
 =>             Point Group: mmm
 =>         Bravais Lattice: P
 =>          Lattice Symbol: oP
 =>  Reduced Number of S.O.:   4
 =>    General multiplicity:   8
 =>          Centrosymmetry: Centric (-1 at origin)
 =>  Generators (exc. -1&L):   2
 =>         Asymmetric unit:  0.000 <= x <=  0.500
                              0.000 <= y <=  0.250
                              0.000 <= z <=  1.000

 => List of S.O. without inversion and lattice centring translations
 => SYMM(  1): x,y,z                               => SYMM(  2): x+1/2,-y+1/2,-z+1/2
 => SYMM(  3): -x,y+1/2,-z                         => SYMM(  4): -x+1/2,-y,z+1/2


 => Initial parameters ==>
 Atom    Ntyp                  X         Y         Z         B         occ.         in  fin  Spc  Mult
                             B11       B22       B33       B12       B13       B23
 Fe1    Fe                 0.01885   0.25000   0.04242   1.05463   0.50000           0    0    0    4
                 Codes:  421.00000   0.00000 441.00000 531.00000   0.00000
 Li1    Li                 0.00000   0.00000   0.00000   1.00000   0.50000           0    0    0    4
                 Codes:    0.00000   0.00000   0.00000   0.00000   0.00000
 P1     P                 -0.00564   0.25000   0.03755   0.91651   0.50000           0    0    0    4
                 Codes:  451.00000   0.00000 471.00000 561.00000   0.00000
 O1     O                 -0.01676   0.25000   0.04587   0.90991   0.50000           0    0    0    4
                 Codes:  481.00000   0.00000 501.00000 581.00000   0.00000
 O2     O                 -0.04673   0.25000  -0.01711   1.15317   0.50000           0    0    0    4
                 Codes:  511.00000   0.00000 521.00000 571.00000   0.00000
 O3     O                  0.04872   0.02663  -0.04055   0.83092   1.00000           0    0    0    8
                 Codes:  491.00000 461.00000 431.00000 551.00000   0.00000

 => IT IS ASSUMED THAT THE FIRST GIVEN SITE IS FULLY OCCUPIED 
    OR THE FIRST AND SECOND ATOMS ARE IN THE SAME SITE WITH TOTAL FULL OCCUPATION
  (If this is not the case, change the order of atoms to obtain correct values for the content of the unit cell)
    The given occupation factors have been obtained mutiplying m/M by   1.0000
      -> Atom: Fe  ,  Chemical element: FE  Atomic Mass:    55.8470
      -> Atom: Li  ,  Chemical element: LI  Atomic Mass:     6.9410
      -> Atom: P   ,  Chemical element: P   Atomic Mass:    30.9738
      -> Atom: O   ,  Chemical element: O   Atomic Mass:    15.9994
      -> Atom: O   ,  Chemical element: O   Atomic Mass:    15.9994
      -> Atom: O   ,  Chemical element: O   Atomic Mass:    15.9994
 => The given value of ATZ is        631.04 the program has calculated:         631.04
    The value of ATZ given in the input PCR file will be used for quantitative analysis
 => The chemical content of the unit cell is: 
       4.0000 Fe   +   4.0000 Li   +   4.0000 P    +   4.0000 O    +   4.0000 O    +   8.0000 O      
 => The normalized site occupation numbers in % are: 
     100.0000 Fe1    :      100.0000 Li1    :      100.0000 P1     :      100.0000 O1     :      100.0000 O2     :      100.0000 O3       
 => The density (volumic mass) of the compound is:    3.545 g/cm3

 =>-------> PROFILE PARAMETERS FOR PATTERN:  1

 => Overall scale factor:   0.741880E-08
 => ETA (p-Voigt) OR M (Pearson VII):   0.0000
 => Overall temperature factor:      0.00000
 => Halfwidth U,V,W:      0.45174     0.00000     0.00000
 => X and Y parameters:       0.0000      0.0481
 => Direct cell parameters:   11.3027   6.1904   4.2251  90.0000  90.0000  90.0000
 => Preferred orientation parameters:   1.0000  0.0000
 => Asymmetry parameters     :      0.00000     0.00000     0.00000     0.00000
 => Strain parameters        :      0.00000     0.00000     0.00000
 => Size   parameters        :      0.00000     0.00000
 => Further shape parameters (S_L and D_L):   0.00000   0.00000
    S_L is source width/detector distance
    D_L is detector width/detector distance

 ==> CODEWORDS FOR PROFILE PARAMETERS of PATTERN#  1

 => Overall scale factor:   11.000
 => ETA (p-Voigt) OR M (Pearson VII):    0.000
 => Overall temperature factor:    0.000
 => Halfwidth U,V,W:  381.000   0.000   0.000
 => X and Y parameters:    0.000 401.000
 => Direct cell parameters:  341.000 361.000 371.000   0.000   0.000   0.000
 => Preferred orientation parameters:    0.000   0.000
 => Asymmetry parameters     :    0.000   0.000   0.000   0.000
 => Strain parameters        :    0.000   0.000   0.000
 => Size   parameters        :    0.000   0.000

 => Cell constraints according to Laue symmetry: mmm  

        Metric information:
        -------------------

 => Direct cell parameters:

         a =      11.3027      b =       6.1904      c =       4.2251
     alpha =       90.000   beta =       90.000  gamma =       90.000
                        Direct Cell Volume =     295.6221

 => Reciprocal cell parameters:

         a*=     0.088474      b*=     0.161541      c*=     0.236681
     alpha*=       90.000   beta*=       90.000  gamma*=       90.000
                    Reciprocal Cell Volume =   0.00338270

 => Direct and Reciprocal Metric Tensors:

                   GD                                       GR
    127.7515      0.0000      0.0000          0.007828    0.000000    0.000000
      0.0000     38.3209      0.0000          0.000000    0.026095    0.000000
      0.0000      0.0000     17.8514          0.000000    0.000000    0.056018

 =>  Cartesian frame: z // c; y is in the bc-plane; x is y ^ z = a*  

     Crystal_to_Orthonormal_Matrix              Orthonormal_to_Crystal Matrix
              Cr_Orth_cel                               Orth_Cr_cel  
     11.3027      0.0000      0.0000          0.088474   -0.000000   -0.000000
      0.0000      6.1904      0.0000          0.000000    0.161541   -0.000000
      0.0000      0.0000      4.2251          0.000000    0.000000    0.236681

     Busing-Levy B-matrix: Hc=B.H            Inverse of the Busing-Levy B-matrix
                BL_M                                      BL_Minv  
    0.088474    0.000000    0.000000           11.3027     -0.0000     -0.0000
    0.000000    0.161541   -0.000000            0.0000      6.1904      0.0000
    0.000000    0.000000    0.236681            0.0000      0.0000      4.2251

 => Laue symmetry mmm   will be used to generate HKL for pattern#   1
 => Reflections generated between S(1/d)min:  0.1720 A-1 and S(1/d)max:  0.9951 A-1
 =>                                    dmax:  5.8125 A   and      dmin:  1.0049 A
 => The number of reflections generated is:    168
 => The max. scatt. variable (gen.ref.) is:        68.2139
 => Scattering coefficients from internal table


 => X-ray scattering coeff. (A1, B1, A2,...C, f(0), Z, Dfp,Dfpp)

 FE     11.7695   4.7611   7.3573   0.3072   3.5222  15.3535   2.3045  76.8805   1.0369  25.9904  26.0000   0.3010   0.8450
 LI      1.1282   3.9546   0.7508   1.0524   0.6175  85.3905   0.4653 168.2610   0.0377   2.9995   3.0000   0.0000   0.0000
 P       6.4345   1.9067   4.1791  27.1570   1.7800   0.5260   1.4908  68.1645   1.1149  14.9993  15.0000   0.0900   0.0950
 O       3.0485  13.2771   2.2868   5.7011   1.5463   0.3239   0.8670  32.9089   0.2508   7.9994   8.0000   0.0080   0.0060
 --------------------------------------------------------------------------------
 => Phase  No. 2
      cod-4313206.cif                                                       
 --------------------------------------------------------------------------------
 =>-------> Pattern#  1
 => Crystal Structure Refinement
 => Preferred orientation vector:   0.0000  0.0000  1.0000

 =>-------> Data for PHASE: 2
 => Number of atoms:    1
 => Number of distance  constraints:    0
 => Number of angle     constraints:    0

 => Symmetry information on space group: F m -3 m            
 -> The multiplicity of the general position is: 192
 -> The space group is Centric (-1 at origin)   
 -> Lattice type  F: { 000;  0  1/2 1/2; 1/2  0  1/2; 1/2 1/2  0 }+
 -> Reduced set of symmetry operators:

  No.  IT   Symmetry symbol    Rotation part     Associated Translation
   1: ( 1)   1            -->     ( x, y, z) + {  0.0000  0.0000  0.0000}
   2: ( 4)   2 ( x, 0, 0) -->     ( x,-y,-z) + {  0.0000  0.0000  0.0000}
   3: ( 3)   2 ( 0, y, 0) -->     (-x, y,-z) + {  0.0000  0.0000  0.0000}
   4: ( 2)   2 ( 0, 0, z) -->     (-x,-y, z) + {  0.0000  0.0000  0.0000}
   5: ( 9)  3- ( x, x, x) -->     ( y, z, x) + {  0.0000  0.0000  0.0000}
   6: (12)  3- (-x, x,-x) -->     (-y,-z, x) + {  0.0000  0.0000  0.0000}
   7: (11)  3- (-x,-x, x) -->     ( y,-z,-x) + {  0.0000  0.0000  0.0000}
   8: (10)  3- ( x,-x,-x) -->     (-y, z,-x) + {  0.0000  0.0000  0.0000}
   9: ( 5)  3+ ( x, x, x) -->     ( z, x, y) + {  0.0000  0.0000  0.0000}
  10: ( 8)  3+ (-x,-x, x) -->     (-z, x,-y) + {  0.0000  0.0000  0.0000}
  11: ( 7)  3+ ( x,-x,-x) -->     (-z,-x, y) + {  0.0000  0.0000  0.0000}
  12: ( 6)  3+ (-x, x,-x) -->     ( z,-x,-y) + {  0.0000  0.0000  0.0000}
  13: (14)   2 ( x,-x, 0) -->     (-y,-x,-z) + {  0.0000  0.0000  0.0000}
  14: (15)  4- ( 0, 0, z) -->     ( y,-x, z) + {  0.0000  0.0000  0.0000}
  15: (16)  4+ ( 0, 0, z) -->     (-y, x, z) + {  0.0000  0.0000  0.0000}
  16: (13)   2 ( x, x, 0) -->     ( y, x,-z) + {  0.0000  0.0000  0.0000}
  17: (24)   2 (-x, 0, x) -->     (-z,-y,-x) + {  0.0000  0.0000  0.0000}
  18: (21)  4+ ( 0, y, 0) -->     ( z, y,-x) + {  0.0000  0.0000  0.0000}
  19: (22)   2 ( x, 0, x) -->     ( z,-y, x) + {  0.0000  0.0000  0.0000}
  20: (23)  4- ( 0, y, 0) -->     (-z, y, x) + {  0.0000  0.0000  0.0000}
  21: (19)   2 ( 0, y,-y) -->     (-x,-z,-y) + {  0.0000  0.0000  0.0000}
  22: (18)   2 ( 0, y, y) -->     (-x, z, y) + {  0.0000  0.0000  0.0000}
  23: (17)  4- ( x, 0, 0) -->     ( x, z,-y) + {  0.0000  0.0000  0.0000}
  24: (20)  4+ ( x, 0, 0) -->     ( x,-z, y) + {  0.0000  0.0000  0.0000}


        Information on Space Group: 
        --------------------------- 

 =>   Number of Space group: 225
 =>  Hermann-Mauguin Symbol: F m -3 m
 =>             Hall Symbol: -F 4 2 3
 =>            Setting Type: IT (Generated from Hermann-Mauguin symbol)
 =>          Crystal System: Cubic
 =>              Laue Class: m-3m
 =>             Point Group: m-3m
 =>         Bravais Lattice: F
 =>          Lattice Symbol: cF
 =>  Reduced Number of S.O.:  24
 =>    General multiplicity: 192
 =>          Centrosymmetry: Centric (-1 at origin)
 =>  Generators (exc. -1&L):   3
 =>         Asymmetric unit:  0.000 <= x <=  0.500
                              0.000 <= y <=  0.250
                              0.000 <= z <=  0.250

 => List of S.O. without inversion and lattice centring translations
 => SYMM(  1): x,y,z                               => SYMM(  2): x,-y,-z
 => SYMM(  3): -x,y,-z                             => SYMM(  4): -x,-y,z
 => SYMM(  5): y,z,x                               => SYMM(  6): -y,-z,x
 => SYMM(  7): y,-z,-x                             => SYMM(  8): -y,z,-x
 => SYMM(  9): z,x,y                               => SYMM( 10): -z,x,-y
 => SYMM( 11): -z,-x,y                             => SYMM( 12): z,-x,-y
 => SYMM( 13): y,x,z                               => SYMM( 14): -y,x,-z
 => SYMM( 15): y,-x,-z                             => SYMM( 16): -y,-x,z
 => SYMM( 17): z,y,x                               => SYMM( 18): -z,-y,x
 => SYMM( 19): -z,y,-x                             => SYMM( 20): z,-y,-x
 => SYMM( 21): x,z,y                               => SYMM( 22): x,-z,-y
 => SYMM( 23): -x,-z,y                             => SYMM( 24): -x,z,-y


 => Initial parameters ==>
 Atom    Ntyp                  X         Y         Z         B         occ.         in  fin  Spc  Mult
                             B11       B22       B33       B12       B13       B23
 AL1    Al                 0.00000   0.00000   0.00000   0.70474   0.02083           0    0    0    4
                 Codes:    0.00000   0.00000   0.00000 541.00000   0.00000

 => IT IS ASSUMED THAT THE FIRST GIVEN SITE IS FULLY OCCUPIED 
    OR THE FIRST AND SECOND ATOMS ARE IN THE SAME SITE WITH TOTAL FULL OCCUPATION
  (If this is not the case, change the order of atoms to obtain correct values for the content of the unit cell)
    The phase contains sites partially occupied
      -> Atom: Al  ,  Chemical element: AL  Atomic Mass:    26.9815
 => The given value of ATZ is        107.89 the program has calculated:         107.89
    The value of ATZ given in the input PCR file will be used for quantitative analysis
 => The chemical content of the unit cell is: 
       4.0000 Al     
 => The normalized site occupation numbers in % are: 
     100.0000 AL1      
 => The density (volumic mass) of the compound is:    3.493 g/cm3

 =>-------> PROFILE PARAMETERS FOR PATTERN:  1

 => Overall scale factor:   0.675039E-07
 => ETA (p-Voigt) OR M (Pearson VII):   0.0000
 => Overall temperature factor:      0.00000
 => Halfwidth U,V,W:      0.18987     0.00000     0.00000
 => X and Y parameters:       0.0000      0.2104
 => Direct cell parameters:    3.7158   3.7158   3.7158  90.0000  90.0000  90.0000
 => Preferred orientation parameters:   1.0000  0.0000
 => Asymmetry parameters     :      0.00000     0.00000     0.00000     0.00000
 => Strain parameters        :      0.00000     0.00000     0.00000
 => Size   parameters        :      0.00000     0.00000
 => Further shape parameters (S_L and D_L):   0.00000   0.00000
    S_L is source width/detector distance
    D_L is detector width/detector distance

 ==> CODEWORDS FOR PROFILE PARAMETERS of PATTERN#  1

 => Overall scale factor:   21.000
 => ETA (p-Voigt) OR M (Pearson VII):    0.000
 => Overall temperature factor:    0.000
 => Halfwidth U,V,W:  391.000   0.000   0.000
 => X and Y parameters:    0.000 410.010
 => Direct cell parameters:  351.000 351.000 351.000   0.000   0.000   0.000
 => Preferred orientation parameters:    0.000   0.000
 => Asymmetry parameters     :    0.000   0.000   0.000   0.000
 => Strain parameters        :    0.000   0.000   0.000
 => Size   parameters        :    0.000   0.000

 => Cell constraints according to Laue symmetry: m-3m 

        Metric information:
        -------------------

 => Direct cell parameters:

         a =       3.7158      b =       3.7158      c =       3.7158
     alpha =       90.000   beta =       90.000  gamma =       90.000
                        Direct Cell Volume =      51.3034

 => Reciprocal cell parameters:

         a*=     0.269123      b*=     0.269123      c*=     0.269123
     alpha*=       90.000   beta*=       90.000  gamma*=       90.000
                    Reciprocal Cell Volume =   0.01949187

 => Direct and Reciprocal Metric Tensors:

                   GD                                       GR
     13.8069      0.0000      0.0000          0.072427    0.000000    0.000000
      0.0000     13.8069      0.0000          0.000000    0.072427    0.000000
      0.0000      0.0000     13.8069          0.000000    0.000000    0.072427

 =>  Cartesian frame: z // c; y is in the bc-plane; x is y ^ z = a*  

     Crystal_to_Orthonormal_Matrix              Orthonormal_to_Crystal Matrix
              Cr_Orth_cel                               Orth_Cr_cel  
      3.7158      0.0000      0.0000          0.269123   -0.000000   -0.000000
      0.0000      3.7158      0.0000          0.000000    0.269123   -0.000000
      0.0000      0.0000      3.7158          0.000000    0.000000    0.269123

     Busing-Levy B-matrix: Hc=B.H            Inverse of the Busing-Levy B-matrix
                BL_M                                      BL_Minv  
    0.269123    0.000000    0.000000            3.7158     -0.0000     -0.0000
    0.000000    0.269123   -0.000000            0.0000      3.7158      0.0000
    0.000000    0.000000    0.269123            0.0000      0.0000      3.7158

 => Laue symmetry m-3m  will be used to generate HKL for pattern#   1
 => Reflections generated between S(1/d)min:  0.1720 A-1 and S(1/d)max:  1.0321 A-1
 =>                                    dmax:  5.8125 A   and      dmin:  0.9689 A
 => The number of reflections generated is:      5
 => The max. scatt. variable (gen.ref.) is:        71.1256
 => Scattering coefficients from internal table


 => X-ray scattering coeff. (A1, B1, A2,...C, f(0), Z, Dfp,Dfpp)

 AL      6.4202   3.0387   1.9002   0.7426   1.5936  31.5472   1.9646  85.0886   1.1151  12.9937  13.0000   0.0560   0.0520

     --------------------------------------------------------------
      SYMBOLIC NAMES AND INITIAL VALUES OF PARAMETERS TO BE VARIED:
     --------------------------------------------------------------

      ->  Parameter number    1   -> Symbolic Name:                                     Scale_ph1_pat1    0.74188047E-08
      ->  Parameter number    2   -> Symbolic Name:                                     Scale_ph2_pat1    0.67503898E-07
      ->  Parameter number    3   -> Symbolic Name:                                          Zero_pat1    0.42590000E-01
      ->  Parameter number    4   -> Symbolic Name:                                         Bck_0_pat1     2666.4236    
      ->  Parameter number    5   -> Symbolic Name:                                         Bck_1_pat1     3422.0898    
      ->  Parameter number    6   -> Symbolic Name:                                         Bck_2_pat1     3705.8818    
      ->  Parameter number    7   -> Symbolic Name:                                         Bck_3_pat1     2583.3335    
      ->  Parameter number    8   -> Symbolic Name:                                         Bck_4_pat1     2146.8662    
      ->  Parameter number    9   -> Symbolic Name:                                         Bck_5_pat1     1878.3262    
      ->  Parameter number   10   -> Symbolic Name:                                         Bck_6_pat1     1570.0688    
      ->  Parameter number   11   -> Symbolic Name:                                         Bck_7_pat1     1340.8730    
      ->  Parameter number   12   -> Symbolic Name:                                         Bck_8_pat1     1302.4128    
      ->  Parameter number   13   -> Symbolic Name:                                         Bck_9_pat1     1261.4105    
      ->  Parameter number   14   -> Symbolic Name:                                        Bck_10_pat1     1104.2013    
      ->  Parameter number   15   -> Symbolic Name:                                        Bck_11_pat1     1165.6482    
      ->  Parameter number   16   -> Symbolic Name:                                        Bck_12_pat1     1182.7152    
      ->  Parameter number   17   -> Symbolic Name:                                        Bck_13_pat1     1026.1451    
      ->  Parameter number   18   -> Symbolic Name:                                        Bck_14_pat1     975.21552    
      ->  Parameter number   19   -> Symbolic Name:                                        Bck_15_pat1     989.01141    
      ->  Parameter number   20   -> Symbolic Name:                                        Bck_16_pat1     861.81488    
      ->  Parameter number   21   -> Symbolic Name:                                        Bck_17_pat1     883.65143    
      ->  Parameter number   22   -> Symbolic Name:                                        Bck_18_pat1     890.44269    
      ->  Parameter number   23   -> Symbolic Name:                                        Bck_19_pat1     841.14771    
      ->  Parameter number   24   -> Symbolic Name:                                        Bck_20_pat1     815.29852    
      ->  Parameter number   25   -> Symbolic Name:                                        Bck_21_pat1     901.48242    
      ->  Parameter number   26   -> Symbolic Name:                                        Bck_22_pat1     757.87671    
      ->  Parameter number   27   -> Symbolic Name:                                        Bck_23_pat1     736.40649    
      ->  Parameter number   28   -> Symbolic Name:                                        Bck_24_pat1     675.19019    
      ->  Parameter number   29   -> Symbolic Name:                                        Bck_25_pat1     589.72491    
      ->  Parameter number   30   -> Symbolic Name:                                        Bck_26_pat1     519.20972    
      ->  Parameter number   31   -> Symbolic Name:                                        Bck_27_pat1     482.28891    
      ->  Parameter number   32   -> Symbolic Name:                                        Bck_28_pat1     389.97739    
      ->  Parameter number   33   -> Symbolic Name:                                        Bck_29_pat1     319.54019    
      ->  Parameter number   34   -> Symbolic Name:                                    Cell_A_ph1_pat1     11.302720    
      ->  Parameter number   35   -> Symbolic Name:                                    Cell_A_ph2_pat1     3.7157700    
      ->  Parameter number   36   -> Symbolic Name:                                    Cell_B_ph1_pat1     6.1903901    
      ->  Parameter number   37   -> Symbolic Name:                                    Cell_C_ph1_pat1     4.2250900    
      ->  Parameter number   38   -> Symbolic Name:                                    U-Cagl_ph1_pat1    0.45174000    
      ->  Parameter number   39   -> Symbolic Name:                                    U-Cagl_ph2_pat1    0.18987000    
      ->  Parameter number   40   -> Symbolic Name:                                     Y-cos_ph1_pat1    0.48110001E-01
      ->  Parameter number   41   -> Symbolic Name:                                     Y-cos_ph2_pat1    0.21041000    
      ->  Parameter number   42   -> Symbolic Name:                                          X_Fe1_ph1    0.18850001E-01
      ->  Parameter number   43   -> Symbolic Name:                                           Z_O3_ph1   -0.40550001E-01
      ->  Parameter number   44   -> Symbolic Name:                                          Z_Fe1_ph1    0.42420000E-01
      ->  Parameter number   45   -> Symbolic Name:                                           X_P1_ph1   -0.56400001E-02
      ->  Parameter number   46   -> Symbolic Name:                                           Y_O3_ph1    0.26629999E-01
      ->  Parameter number   47   -> Symbolic Name:                                           Z_P1_ph1    0.37549999E-01
      ->  Parameter number   48   -> Symbolic Name:                                           X_O1_ph1   -0.16759999E-01
      ->  Parameter number   49   -> Symbolic Name:                                           X_O3_ph1    0.48719998E-01
      ->  Parameter number   50   -> Symbolic Name:                                           Z_O1_ph1    0.45869999E-01
      ->  Parameter number   51   -> Symbolic Name:                                           X_O2_ph1   -0.46730001E-01
      ->  Parameter number   52   -> Symbolic Name:                                           Z_O2_ph1   -0.17109999E-01
      ->  Parameter number   53   -> Symbolic Name:                                       Biso_Fe1_ph1     1.0546300    
      ->  Parameter number   54   -> Symbolic Name:                                       Biso_AL1_ph2    0.70473999    
      ->  Parameter number   55   -> Symbolic Name:                                        Biso_O3_ph1    0.83091998    
      ->  Parameter number   56   -> Symbolic Name:                                        Biso_P1_ph1    0.91650999    
      ->  Parameter number   57   -> Symbolic Name:                                        Biso_O2_ph1     1.1531700    
      ->  Parameter number   58   -> Symbolic Name:                                        Biso_O1_ph1    0.90991002    
  

 --------------------------------------------------------------------------------------------------------------
 Pattern#  1 Phase No.:   1 Phase name: cod-1101111.cif               
 --------------------------------------------------------------------------------------------------------------

   No.  Code     H   K   L  Mult     Hw         2theta      Icalc       Iobs      Sigma      HwG     HwL       ETA       d-hkl        CORR

      1   1      2   1   0     4  0.126205      15.518        0.0        0.0      0.000  0.096088  0.051786  0.487862  4.173694    192.975235
      2   1      1   0   1     4  0.131101      16.371        0.1        0.1      0.000  0.101010  0.052017  0.473819  3.957619    173.065445
      3   1      0   1   1     4  0.144005      18.585        0.0        0.0      0.000  0.113918  0.052630  0.440937  3.489738    133.588196
      4   1      2   0   1     4  0.147468      19.171        0.0        0.0      0.000  0.117369  0.052796  0.433001  3.383928    125.350327
      5   1      1   1   1     8  0.149172      19.458        0.0        0.0      0.000  0.119064  0.052879  0.429221  3.334424    243.167130
      6   1      0   2   0     2  0.158248      20.979        0.0        0.0      0.000  0.128080  0.053319  0.410339  3.095195     52.083355
      7   1      2   1   1     8  0.163674      21.879        0.0        0.0      0.000  0.133457  0.053585  0.399975  2.969252    191.042175
      8   1      4   0   0     2  0.170511      23.006        0.0        0.0      0.000  0.140219  0.053923  0.387788  2.825680     43.053150
      9   1      3   0   1     4  0.171204      23.119        0.0        0.0      0.000  0.140903  0.053957  0.386604  2.811971     85.231880
     10   1      2   2   0     4  0.176344      23.960        0.0        0.0      0.000  0.145978  0.054214  0.378090  2.714703     79.151184
     11   1      4   1   0     4  0.184756      25.325        0.0        0.0      0.000  0.154269  0.054638  0.365117  2.570545     70.536774
     12   1      3   1   1     8  0.185400      25.429        0.0        0.0      0.000  0.154903  0.054671  0.364171  2.560211    139.875046
     13   1      1   2   1     8  0.193465      26.726        0.0        0.0      0.000  0.162837  0.055083  0.352815  2.438101    126.083168
     14   1      4   0   1     4  0.199957      27.762        0.0        0.0      0.000  0.169214  0.055418  0.344308  2.348808     58.215405
     15   1      2   2   1     8  0.205035      28.567        0.0        0.0      0.000  0.174198  0.055683  0.338014  2.283900    109.644447
     16   1      4   1   1     8  0.212450      29.736        0.0        0.0      0.000  0.181467  0.056073  0.329345  2.196044    100.767838
     17   1      0   0   2     2  0.220147      30.940        0.0        0.0      0.000  0.189004  0.056483  0.320944  2.112545     23.165419
     18   1      4   2   0     4  0.222658      31.331        0.0        0.0      0.000  0.191461  0.056617  0.318326  2.086847     45.115948
     19   1      3   2   1     8  0.223209      31.416        0.0        0.0      0.000  0.192000  0.056647  0.317759  2.081307     89.712051
     20   1      1   0   2     4  0.223680      31.490        0.0        0.0      0.000  0.192461  0.056672  0.317276  2.076585     44.635048
     21   1      5   0   1     4  0.232439      32.844        0.0        0.0      0.000  0.201024  0.057146  0.308653  1.993193     40.818008
     22   1      2   0   2     4  0.234036      33.089        0.0        0.0      0.000  0.202585  0.057233  0.307150  1.978809     40.175995
     23   1      1   1   2     8  0.235167      33.263        0.0        0.0      0.000  0.203689  0.057295  0.306097  1.968766     79.461136
     24   1      2   3   0     4  0.238681      33.801        0.0        0.0      0.000  0.207121  0.057488  0.302888  1.938300     38.393795
     25   1      5   1   1     8  0.243621      34.555        0.0        0.0      0.000  0.211944  0.057760  0.298531  1.897271     73.255623
     26   1      2   1   2     8  0.245165      34.790        0.0        0.0      0.000  0.213451  0.057846  0.297204  1.884853     72.202187
     27   1      6   0   0     2  0.245299      34.810        0.0        0.0      0.000  0.213581  0.057853  0.297090  1.883787     18.028030
     28   1      4   2   1     8  0.246909      35.055        0.0        0.0      0.000  0.215152  0.057943  0.295727  1.871063     71.040833
     29   1      0   3   1     4  0.249088      35.385        0.0        0.0      0.000  0.217278  0.058064  0.293909  1.854153     34.814476
     30   1      3   0   2     4  0.250599      35.613        0.0        0.0      0.000  0.218751  0.058148  0.292667  1.842644     34.337849
     31   1      1   3   1     8  0.252324      35.874        0.0        0.0      0.000  0.220434  0.058245  0.291267  1.829697     67.610809
     32   1      6   1   0     4  0.256088      36.440        0.0        0.0      0.000  0.224103  0.058456  0.288277  1.802189     32.687237
     33   1      3   1   2     8  0.261242      37.213        0.0        0.0      0.000  0.229125  0.058748  0.284324  1.766065     62.491955
     34   1      2   3   1     8  0.261874      37.307        0.0        0.0      0.000  0.229741  0.058784  0.283850  1.761756     62.152229
     35   1      0   2   2     4  0.264385      37.682        0.0        0.0      0.000  0.232186  0.058927  0.281988  1.744869     30.414713
     36   1      1   2   2     8  0.267502      38.145        0.0        0.0      0.000  0.235221  0.059104  0.279727  1.724442     59.247402
     37   1      6   0   1     4  0.268110      38.236        0.0        0.0      0.000  0.235813  0.059139  0.279293  1.720523     29.473095
     38   1      4   0   2     4  0.272643      38.907        0.0        0.0      0.000  0.240225  0.059400  0.276111  1.691964     28.386559
     39   1      5   2   1     8  0.275293      39.298        0.0        0.0      0.000  0.242805  0.059553  0.274300  1.675787     55.559509
     40   1      2   2   2     8  0.276724      39.508        0.0        0.0      0.000  0.244196  0.059635  0.273337  1.667212     54.921268
     41   1      4   3   0     4  0.276855      39.527        0.0        0.0      0.000  0.244324  0.059643  0.273249  1.666431     27.431675
     42   1      3   3   1     8  0.277331      39.597        0.0        0.0      0.000  0.244787  0.059671  0.272932  1.663606     54.653954
     43   1      6   1   1     8  0.278333      39.745        0.0        0.0      0.000  0.245762  0.059729  0.272266  1.657688     54.216553
     44   1      4   1   2     8  0.282772      40.395        0.0        0.0      0.000  0.250079  0.059987  0.269375  1.632099     52.344826
     45   1      6   2   0     4  0.286893      40.996        0.0        0.0      0.000  0.254085  0.060228  0.266773  1.609185     25.347750
     46   1      3   2   2     8  0.291723      41.696        0.0        0.0      0.000  0.258780  0.060513  0.263818  1.583311     48.863815
     47   1      4   3   1     8  0.298194      42.630        0.0        0.0      0.000  0.265066  0.060896  0.260013  1.550211     46.568104
     48   1      0   4   0     2  0.298720      42.705        0.0        0.0      0.000  0.265577  0.060928  0.259711  1.547598     11.597281
     49   1      5   0   2     4  0.299555      42.825        0.0        0.0      0.000  0.266388  0.060978  0.259234  1.543466     23.053427
     50   1      7   0   1     4  0.306902      43.875        0.0        0.0      0.000  0.273521  0.061418  0.255152  1.508285     21.868719
     51   1      6   2   1     8  0.307869      44.013        0.0        0.0      0.000  0.274459  0.061476  0.254630  1.503807     43.440266
     52   1      5   1   2     8  0.309216      44.204        0.0        0.0      0.000  0.275767  0.061557  0.253908  1.497617     43.031025
     53   1      2   4   0     4  0.310310      44.359        0.0        0.0      0.000  0.276828  0.061623  0.253327  1.492642     21.351774
     54   1      4   2   2     8  0.312091      44.612        0.0        0.0      0.000  0.278557  0.061731  0.252389  1.484626     42.178467
     55   1      7   1   1     8  0.316461      45.229        0.0        0.0      0.000  0.282797  0.061996  0.250134  1.465415     40.933094
     56   1      1   3   2     8  0.316857      45.284        0.0        0.0      0.000  0.283181  0.062021  0.249933  1.463706     40.823208
     57   1      1   4   1     8  0.322155      46.028        0.0        0.0      0.000  0.288318  0.062344  0.247292  1.441317     39.397099
     58   1      5   3   1     8  0.324030      46.290        0.0        0.0      0.000  0.290137  0.062459  0.246379  1.433599     38.911354
     59   1      2   3   2     8  0.325353      46.475        0.0        0.0      0.000  0.291419  0.062541  0.245741  1.428219     38.574524
     60   1      8   0   0     2  0.329207      47.011        0.0        0.0      0.000  0.295155  0.062778  0.243914  1.412840      9.404948

   No.  Code     H   K   L  Mult     Hw         2theta      Icalc       Iobs      Sigma      HwG     HwL       ETA       d-hkl        CORR

     61   1      2   4   1     8  0.330597      47.204        0.0        0.0      0.000  0.296502  0.062864  0.243266  1.407397     37.284767
     62   1      6   0   2     4  0.330960      47.254        0.0        0.0      0.000  0.296854  0.062887  0.243098  1.405985     18.599064
     63   1      1   0   3     4  0.333146      47.556        0.0        0.0      0.000  0.298973  0.063022  0.242092  1.397556     18.341438
     64   1      6   3   0     4  0.334809      47.786        0.0        0.0      0.000  0.300584  0.063126  0.241336  1.391232     18.149361
     65   1      5   2   2     8  0.337474      48.153        0.0        0.0      0.000  0.303166  0.063292  0.240142  1.381255     35.696865
     66   1      8   1   0     4  0.338511      48.295        0.0        0.0      0.000  0.304171  0.063356  0.239682  1.377421     17.733473
     67   1      3   3   2     8  0.339331      48.408        0.0        0.0      0.000  0.304965  0.063408  0.239321  1.374410     35.286884
     68   1      0   1   3     4  0.339642      48.451        0.0        0.0      0.000  0.305266  0.063427  0.239184  1.373271     17.609480
     69   1      6   1   2     8  0.340247      48.534        0.0        0.0      0.000  0.305852  0.063465  0.238919  1.371067     35.087555
     70   1      2   0   3     4  0.341489      48.704        0.0        0.0      0.000  0.307056  0.063543  0.238379  1.366567     17.410088
     71   1      1   1   3     8  0.342414      48.830        0.0        0.0      0.000  0.307950  0.063601  0.237979  1.363246     34.623482
     72   1      4   4   0     4  0.344068      49.056        0.0        0.0      0.000  0.309553  0.063705  0.237269  1.357351     17.137899
     73   1      7   2   1     8  0.344487      49.113        0.0        0.0      0.000  0.309959  0.063731  0.237091  1.355869     34.188644
     74   1      3   4   1     8  0.344500      49.115        0.0        0.0      0.000  0.309971  0.063732  0.237085  1.355823     34.185959
     75   1      8   0   1     4  0.349078      49.738        0.0        0.0      0.000  0.314403  0.064020  0.235164  1.339911     16.628878
     76   1      2   1   3     8  0.350686      49.956        0.0        0.0      0.000  0.315960  0.064122  0.234501  1.334438     32.941566
     77   1      6   3   1     8  0.354578      50.481        0.0        0.0      0.000  0.319728  0.064369  0.232924  1.321437     32.196762
     78   1      3   0   3     4  0.355256      50.573        0.0        0.0      0.000  0.320384  0.064412  0.232653  1.319206     16.034937
     79   1      8   1   1     8  0.358217      50.971        0.0        0.0      0.000  0.323249  0.064601  0.231483  1.309585     31.525625
     80   1      4   3   2     8  0.358597      51.022        0.0        0.0      0.000  0.323617  0.064625  0.231334  1.308365     31.456955
     81   1      4   4   1     8  0.363688      51.702        0.0        0.0      0.000  0.328542  0.064951  0.229374  1.292301     30.560322
     82   1      3   1   3     8  0.364355      51.791        0.0        0.0      0.000  0.329188  0.064994  0.229121  1.290234     30.445980
     83   1      8   2   0     4  0.365970      52.006        0.0        0.0      0.000  0.330749  0.065098  0.228514  1.285272     15.086195
     84   1      7   0   2     4  0.366760      52.111        0.0        0.0      0.000  0.331514  0.065149  0.228219  1.282864     15.020038
     85   1      6   2   2     8  0.367669      52.232        0.0        0.0      0.000  0.332393  0.065207  0.227881  1.280105     29.888916
     86   1      1   2   3     8  0.369791      52.513        0.0        0.0      0.000  0.334446  0.065344  0.227099  1.273734     29.541296
     87   1      4   0   3     4  0.374302      53.109        0.0        0.0      0.000  0.338807  0.065636  0.225469  1.260476     14.412591
     88   1      7   1   2     8  0.375794      53.305        0.0        0.0      0.000  0.340250  0.065733  0.224939  1.256173     28.594847
     89   1      2   2   3     8  0.377911      53.582        0.0        0.0      0.000  0.342296  0.065871  0.224195  1.250142     28.273640
     90   1      0   4   2     4  0.378512      53.661        0.0        0.0      0.000  0.342878  0.065910  0.223985  1.248442     14.091748
     91   1      1   4   2     8  0.381211      54.014        0.0        0.0      0.000  0.345486  0.066087  0.223052  1.240895     27.785187
     92   1      5   3   2     8  0.383001      54.247        0.0        0.0      0.000  0.347216  0.066204  0.222442  1.235960     27.526405
     93   1      4   1   3     8  0.383303      54.287        0.0        0.0      0.000  0.347508  0.066223  0.222339  1.235132     27.483124
     94   1      8   2   1     8  0.385323      54.549        0.0        0.0      0.000  0.349460  0.066356  0.221658  1.229637     27.196898
     95   1      5   4   1     8  0.388027      54.900        0.0        0.0      0.000  0.352073  0.066534  0.220759  1.222391     26.821995
     96   1      2   4   2     8  0.389289      55.063        0.0        0.0      0.000  0.353292  0.066617  0.220344  1.219051     26.650179
     97   1      7   3   1     8  0.389813      55.131        0.0        0.0      0.000  0.353798  0.066651  0.220173  1.217672     26.579460
     98   1      3   2   3     8  0.391378      55.333        0.0        0.0      0.000  0.355310  0.066755  0.219663  1.213577     26.369982
     99   1      2   5   0     4  0.392992      55.540        0.0        0.0      0.000  0.356869  0.066861  0.219143  1.209396     13.078572
    100   1      9   0   1     4  0.395175      55.821        0.0        0.0      0.000  0.358978  0.067006  0.218446  1.203805     12.937014
    101   1      6   4   0     4  0.398350      56.227        0.0        0.0      0.000  0.362044  0.067217  0.217448  1.195807     12.736088
    102   1      5   0   3     4  0.398532      56.251        0.0        0.0      0.000  0.362220  0.067229  0.217391  1.195352     12.724726
    103   1      0   5   1     4  0.401459      56.624        0.0        0.0      0.000  0.365047  0.067424  0.216487  1.188119     12.544690
    104   1      7   2   2     8  0.402694      56.781        0.0        0.0      0.000  0.366239  0.067506  0.216109  1.185104     24.940239
    105   1      3   4   2     8  0.402707      56.782        0.0        0.0      0.000  0.366252  0.067507  0.216105  1.185074     24.938719
    106   1      9   1   1     8  0.404113      56.961        0.0        0.0      0.000  0.367609  0.067601  0.215679  1.181669     24.770901
    107   1      1   5   1     8  0.404138      56.964        0.0        0.0      0.000  0.367634  0.067602  0.215671  1.181608     24.767914
    108   1      8   0   2     4  0.407154      57.346        0.0        0.0      0.000  0.370545  0.067804  0.214768  1.174404     12.207533
    109   1      5   1   3     8  0.407463      57.385        0.0        0.0      0.000  0.370844  0.067825  0.214676  1.173671     24.379349
    110   1      4   2   3     8  0.410143      57.723        0.0        0.0      0.000  0.373431  0.068005  0.213886  1.167387     24.074335
    111   1      8   3   0     4  0.410842      57.811        0.0        0.0      0.000  0.374105  0.068052  0.213682  1.165765     11.997987
    112   1      0   3   3     4  0.411932      57.948        0.0        0.0      0.000  0.375157  0.068125  0.213365  1.163246     11.937312
    113   1      2   5   1     8  0.412169      57.978        0.0        0.0      0.000  0.375386  0.068141  0.213297  1.162701     23.848433
    114   1      6   3   2     8  0.412516      58.021        0.0        0.0      0.000  0.375721  0.068165  0.213197  1.161905     23.810169
    115   1      1   3   3     8  0.414608      58.283        0.0        0.0      0.000  0.377739  0.068306  0.212596  1.157134     23.581730
    116   1      8   1   2     8  0.416074      58.467        0.0        0.0      0.000  0.379155  0.068405  0.212178  1.153824     23.424030
    117   1      6   4   1     8  0.417510      58.646        0.0        0.0      0.000  0.380540  0.068502  0.211773  1.150610     23.271585

 --------------------------------------------------------------------------------------------------------------
 Pattern#  1 Phase No.:   2 Phase name: cod-4313206.cif               
 --------------------------------------------------------------------------------------------------------------

   No.  Code     H   K   L  Mult     Hw         2theta      Icalc       Iobs      Sigma      HwG     HwL       ETA       d-hkl        CORR

      1   1      1   1   1     8  0.281255      30.456        0.0        0.0      0.000  0.123202  0.224523  0.842941  2.145301     95.803223
      2   1      2   0   0     6  0.300015      35.311        0.0        0.0      0.000  0.143090  0.228360  0.812322  1.857885     52.454556
      3   1      2   2   0    12  0.369979      50.799        0.0        0.0      0.000  0.211306  0.244186  0.725674  1.313723     47.638664

     -----------------------------------------------------
     BRAGG R-Factors and weight fractions for Pattern #  1
     -----------------------------------------------------

 => Phase:  1     cod-1101111.cif
 => Bragg R-factor:   0.00       Vol:  295.622( 0.000)  Fract(%):   78.74( 0.00)
 => Rf-factor=  0.00             ATZ:         631.037   Brindley:  1.0000

 => Phase:  2     cod-4313206.cif
 => Bragg R-factor:   0.00       Vol:   51.303( 0.000)  Fract(%):   21.26( 0.00)
 => Rf-factor=  0.00             ATZ:         107.892   Brindley:  1.0000

     -----------------------------------------------------------------
      SYMBOLIC NAMES AND FINAL VALUES AND SIGMA OF REFINED PARAMETERS:
     -----------------------------------------------------------------

      ->  Parameter number    1 :                                     Scale_ph1_pat1    0.74188047E-08( +/-     0.0000000     )
      ->  Parameter number    2 :                                     Scale_ph2_pat1    0.67503898E-07( +/-     0.0000000     )
      ->  Parameter number    3 :                                          Zero_pat1    0.42590000E-01( +/-     0.0000000     )
      ->  Parameter number    4 :                                         Bck_0_pat1     2666.4236    ( +/-     0.0000000     )
      ->  Parameter number    5 :                                         Bck_1_pat1     3422.0898    ( +/-     0.0000000     )
      ->  Parameter number    6 :                                         Bck_2_pat1     3705.8818    ( +/-     0.0000000     )
      ->  Parameter number    7 :                                         Bck_3_pat1     2583.3335    ( +/-     0.0000000     )
      ->  Parameter number    8 :                                         Bck_4_pat1     2146.8662    ( +/-     0.0000000     )
      ->  Parameter number    9 :                                         Bck_5_pat1     1878.3262    ( +/-     0.0000000     )
      ->  Parameter number   10 :                                         Bck_6_pat1     1570.0688    ( +/-     0.0000000     )
      ->  Parameter number   11 :                                         Bck_7_pat1     1340.8730    ( +/-     0.0000000     )
      ->  Parameter number   12 :                                         Bck_8_pat1     1302.4128    ( +/-     0.0000000     )
      ->  Parameter number   13 :                                         Bck_9_pat1     1261.4105    ( +/-     0.0000000     )
      ->  Parameter number   14 :                                        Bck_10_pat1     1104.2013    ( +/-     0.0000000     )
      ->  Parameter number   15 :                                        Bck_11_pat1     1165.6482    ( +/-     0.0000000     )
      ->  Parameter number   16 :                                        Bck_12_pat1     1182.7152    ( +/-     0.0000000     )
      ->  Parameter number   17 :                                        Bck_13_pat1     1026.1451    ( +/-     0.0000000     )
      ->  Parameter number   18 :                                        Bck_14_pat1     975.21552    ( +/-     0.0000000     )
      ->  Parameter number   19 :                                        Bck_15_pat1     989.01141    ( +/-     0.0000000     )
      ->  Parameter number   20 :                                        Bck_16_pat1     861.81488    ( +/-     0.0000000     )
      ->  Parameter number   21 :                                        Bck_17_pat1     883.65143    ( +/-     0.0000000     )
      ->  Parameter number   22 :                                        Bck_18_pat1     890.44269    ( +/-     0.0000000     )
      ->  Parameter number   23 :                                        Bck_19_pat1     841.14771    ( +/-     0.0000000     )
      ->  Parameter number   24 :                                        Bck_20_pat1     815.29852    ( +/-     0.0000000     )
      ->  Parameter number   25 :                                        Bck_21_pat1     901.48242    ( +/-     0.0000000     )
      ->  Parameter number   26 :                                        Bck_22_pat1     757.87671    ( +/-     0.0000000     )
      ->  Parameter number   27 :                                        Bck_23_pat1     736.40649    ( +/-     0.0000000     )
      ->  Parameter number   28 :                                        Bck_24_pat1     675.19019    ( +/-     0.0000000     )
      ->  Parameter number   29 :                                        Bck_25_pat1     589.72491    ( +/-     0.0000000     )
      ->  Parameter number   30 :                                        Bck_26_pat1     519.20972    ( +/-     0.0000000     )
      ->  Parameter number   31 :                                        Bck_27_pat1     482.28891    ( +/-     0.0000000     )
      ->  Parameter number   32 :                                        Bck_28_pat1     389.97739    ( +/-     0.0000000     )
      ->  Parameter number   33 :                                        Bck_29_pat1     319.54019    ( +/-     0.0000000     )
      ->  Parameter number   34 :                                    Cell_A_ph1_pat1     11.302720    ( +/-     0.0000000     )
      ->  Parameter number   35 :                                    Cell_A_ph2_pat1     3.7157700    ( +/-     0.0000000     )
      ->  Parameter number   36 :                                    Cell_B_ph1_pat1     6.1903901    ( +/-     0.0000000     )
      ->  Parameter number   37 :                                    Cell_C_ph1_pat1     4.2250900    ( +/-     0.0000000     )
      ->  Parameter number   38 :                                    U-Cagl_ph1_pat1    0.45174000    ( +/-     0.0000000     )
      ->  Parameter number   39 :                                    U-Cagl_ph2_pat1    0.18987000    ( +/-     0.0000000     )
      ->  Parameter number   40 :                                     Y-cos_ph1_pat1    0.48110001E-01( +/-     0.0000000     )
      ->  Parameter number   41 :                                     Y-cos_ph2_pat1    0.21041000    ( +/-     0.0000000     )
      ->  Parameter number   42 :                                          X_Fe1_ph1    0.18850001E-01( +/-     0.0000000     )
      ->  Parameter number   43 :                                           Z_O3_ph1   -0.40550001E-01( +/-     0.0000000     )
      ->  Parameter number   44 :                                          Z_Fe1_ph1    0.42420000E-01( +/-     0.0000000     )
      ->  Parameter number   45 :                                           X_P1_ph1   -0.56400001E-02( +/-     0.0000000     )
      ->  Parameter number   46 :                                           Y_O3_ph1    0.26629999E-01( +/-     0.0000000     )
      ->  Parameter number   47 :                                           Z_P1_ph1    0.37549999E-01( +/-     0.0000000     )
      ->  Parameter number   48 :                                           X_O1_ph1   -0.16759999E-01( +/-     0.0000000     )
      ->  Parameter number   49 :                                           X_O3_ph1    0.48719998E-01( +/-     0.0000000     )
      ->  Parameter number   50 :                                           Z_O1_ph1    0.45869999E-01( +/-     0.0000000     )
      ->  Parameter number   51 :                                           X_O2_ph1   -0.46730001E-01( +/-     0.0000000     )
      ->  Parameter number   52 :                                           Z_O2_ph1   -0.17109999E-01( +/-     0.0000000     )
      ->  Parameter number   53 :                                       Biso_Fe1_ph1     1.0546300    ( +/-     0.0000000     )
      ->  Parameter number   54 :                                       Biso_AL1_ph2    0.70473999    ( +/-     0.0000000     )
      ->  Parameter number   55 :                                        Biso_O3_ph1    0.83091998    ( +/-     0.0000000     )
      ->  Parameter number   56 :                                        Biso_P1_ph1    0.91650999    ( +/-     0.0000000     )
      ->  Parameter number   57 :                                        Biso_O2_ph1     1.1531700    ( +/-     0.0000000     )
      ->  Parameter number   58 :                                        Biso_O1_ph1    0.90991002    ( +/-     0.0000000     )

 ------------------------------------------------------------------
 => Number of bytes for floating point variables: 4
 => Dimensions of dynamic allocated arrays in this run of FullProf:
 ------------------------------------------------------------------

 => Total approximate array memory (dynamic + static): 115719821 bytes

    MaxPOINT=    70000 Max.num. of points(+int. Inten.)/diffraction pattern       
    MaxREFLT=    20000 Max.num. of reflections/diffraction pattern               
    MaxPARAM=      800 Max.num. of refinable parameters                          
    MaxOVERL=     2024 Max.num. of overlapping reflections                       

 ----------------------------------------------------------
 => Number of bytes for floating point arrays: 4
 => Dimensions of fixed arrays in this release of FullProf:
 ----------------------------------------------------------

    NPATT   =       80 Max.num. of powder diffraction patterns                    
    NATS    =      830 Max.num. of atoms (all kind) in asymmetric unit            
    MPAR    =     1800 Max.num. of non atomic parameters/phase                    
    IEXCL   =       30 Max.num. of excluded regions                               
    IBACP   =      377 Max.num. of background points for interpolation            
    NPHT    =       16 Max.num. of phases                                         
    NMAGM   =        8 Max.num. of rotation-matrices sets for magnetic structure  
    NBASIS  =       12 Max.num. of basis functions associated to a single atom    
    NIREPS  =        9 Max.num. of irreducible representations to be combined     
    N_EQ    =      384 Max.num. of user-supplied symmetry operators/propagation vectors
    NGL     =      400 Max.num. of global parameters/diffraction pattern          
    N_LINC  =       50 Max.num. of global linear restraints                        
    NAT_P   =       80 Max.num. of atomic parameters per atom                     
    NCONST  =      500 Max.num. of slack constraints per phase                    
    N_SPE   =       30 Max.num. of different chemical species                     
    N_FORM  =       60 Max.num. of scattering factor values in a table            
    NPR     =      150 Max.num. of points defining a numerical profile            
    INPR    =       25 Max.num. of different numerical peak shapes                
    NPRC    =      150 Max.num. of terms in the table for correcting intensities  
    NSOL    =       10 Max.num. of solutions to be stored in Montecarlo searchs   

 
              CPU Time:     0.172 seconds
                            0.003 minutes

 => Run finished at:     Date: 19/01/2023  Time: 12:53:46.863                              
