

        **********************************************************
        ** PROGRAM FullProf.2k (Version 7.40 - Jan2021-ILL JRC) **
        **********************************************************
                       M U L T I -- P A T T E R N                 
            Rietveld, Profile Matching & Integrated Intensity     
                 Refinement of X-ray and/or Neutron Data


    Date: 19/01/2023  Time: 12:53:46.921                              

 => PCR file code: /home/gallo/work/models_cic/ref-fp/files/simulations/2_FP_INPUT
 => DAT file code: EXP_PATTERN          -> Relative contribution: 1.0000                                                            

 ==> CONDITIONS OF THIS RUN FOR PATTERN No.:  1

 => Pattern calculation, X-ray
    Bragg-Brentano(X-rays) or Debye-Scherrer geometry(Neutrons)
 => Title:    Phases    extracted    from    file:    14LFPka_f00003.xye.buf

 => Number of phases:    2
 => Number of excluded regions:    1
 => Number of scattering factors supplied:    0
 => March-Dollase model for preferred orientation
 => Conventional weights: w=1.0/Variance(yobs)
 => Asymmetry correction as in J.Appl.Cryst. 26,128(1993)
 => Background linearly interpolated between the   30 points given
 => The    7th default profile function was selected
 => T-C-H Pseudo-Voigt function 
    This function is convoluted with asymmetry due to axial 
    divergence as formulated by: 
    van Laar and Yelon, J. Appl. Cryst. 17, 47(1984).
    and using the method of:
    Finger, Cox and Jephcoat, J. Appl. Cryst. 27, 892 (1994).
    Fortran 90 module adapted from function PROFVAL (in F77) : 
    L.W. Finger, J. Appl. Cryst. 31, 111 (1998).


 ==> INPUT/OUTPUT OPTIONS:

 => Output Obs and Calc intensities on last cycle
 => Generate bacground file *.bac
 => Generate file *.PRF for plot
 => Output Integrated Intensities
 => Generate new input file *.PCR

 => X-Y type of data: 2theta/TOF/E(Kev) Intens sigma for pattern:  1
 => Plot pattern at each cycle
 => Wavelengths:  1.12698 1.12698
 => Alpha2/Alpha1 ratio:   0.0000
 => Cos(Monochromator angle)=   0.7999
 => Asymmetry correction for angles lower than  180.000 degrees
 => Absorption correction (AC), muR-eff =   0.0000  0.0000
 => Base of peaks: 2.0*HW*   15.00

 => Number of cycles:    1
 => Relaxation factors ==>    for coordinates:  1.00
 => for anisotropic temperature factors:  1.00
 => for halfwidth/strain/size parameters:  1.00
 => for lattice constants and propagation vectors:  1.00
 => EPS-value for convergence:    0.1
 => Background ==> 
    Position   Intensity
       12.72     2666.42       41.00
       14.32     3422.09       51.00
       15.91     3705.88       61.00
       17.51     2583.33       71.00
       19.11     2146.87       81.00
       20.70     1878.33       91.00
       22.30     1570.07      101.00
       23.89     1340.87      111.00
       25.49     1302.41      121.00
       27.09     1261.41      131.00
       28.68     1104.20      141.00
       30.28     1165.65      151.00
       31.87     1182.72      161.00
       33.47     1026.15      171.00
       35.07      975.22      181.00
       36.66      989.01      191.00
       38.26      861.81      201.00
       39.85      883.65      211.00
       41.45      890.44      221.00
       43.05      841.15      231.00

       44.64      815.30      241.00
       46.24      901.48      251.00
       47.83      757.88      261.00
       49.43      736.41      271.00
       51.03      675.19      281.00
       52.62      589.72      291.00
       54.22      519.21      301.00
       55.81      482.29      311.00
       57.41      389.98      321.00
       59.01      319.54      331.00

 

 => Excluded regions for Pattern#  1
    From     to
      0.0000     11.5000

 => Instrumental Resolution read from file: /home/gallo/work/models_cic/ref-fp/files/IRF_NOTOS_July2022_MR.irf
 => Title of data: !Instrument Resolution Function of the diffractometer ALBA NOTOS July2022 Si_11keV_f00009.dat MR20220827

 => The resolution function is IRESOL:   1 for profile function #   7
    Input resolution parameters:

     U-inst     V-inst     W-inst     X-inst     Y-inst     Z-inst
    0.00500   -0.00011    0.00077    0.02372    0.00000    0.00000
    0.00500   -0.00011    0.00077    0.02372    0.00000    0.00000

 => Number of Least-Squares parameters varied:    58

 =>--------------------------->
 =>------->  PATTERN number:  1
 =>--------------------------->
 => Global parameters and codes ==>
 => Zero-point:    -0.0278   31.0000
 => Displacement peak-shift parameter and code:     0.02    0.00
 => Transparency peak-shift parameter and code:    -0.04    0.00
 --------------------------------------------------------------------------------
 => Phase  No. 1
      cod-1101111.cif                                                       
 --------------------------------------------------------------------------------
 =>-------> Pattern#  1
 => Crystal Structure Refinement
 => Preferred orientation vector:   0.0000  0.0000  1.0000

 =>-------> Data for PHASE: 1
 => Number of atoms:    6
 => Number of distance  constraints:    0
 => Number of angle     constraints:    0

 => Symmetry information on space group: P n m a             
 -> The multiplicity of the general position is:   8
 -> The space group is Centric (-1 at origin)   
 -> Lattice type  P: { 000 }                                       
 -> Reduced set of symmetry operators:

  No.  IT   Symmetry symbol    Rotation part     Associated Translation
   1: ( 1)   1            -->     ( x, y, z) + {  0.0000  0.0000  0.0000}
   2: ( 4)   2 ( x, 0, 0) -->     ( x,-y,-z) + {  0.5000  0.5000  0.5000}
   3: ( 3)   2 ( 0, y, 0) -->     (-x, y,-z) + {  0.0000  0.5000  0.0000}
   4: ( 2)   2 ( 0, 0, z) -->     (-x,-y, z) + {  0.5000  0.0000  0.5000}


        Information on Space Group: 
        --------------------------- 

 =>   Number of Space group:  62
 =>  Hermann-Mauguin Symbol: P n m a
 =>             Hall Symbol: -P 2ac 2n
 =>            Setting Type: IT (Generated from Hermann-Mauguin symbol)
 =>          Crystal System: Orthorhombic
 =>              Laue Class: mmm
 =>             Point Group: mmm
 =>         Bravais Lattice: P
 =>          Lattice Symbol: oP
 =>  Reduced Number of S.O.:   4
 =>    General multiplicity:   8
 =>          Centrosymmetry: Centric (-1 at origin)
 =>  Generators (exc. -1&L):   2
 =>         Asymmetric unit:  0.000 <= x <=  0.500
                              0.000 <= y <=  0.250
                              0.000 <= z <=  1.000

 => List of S.O. without inversion and lattice centring translations
 => SYMM(  1): x,y,z                               => SYMM(  2): x+1/2,-y+1/2,-z+1/2
 => SYMM(  3): -x,y+1/2,-z                         => SYMM(  4): -x+1/2,-y,z+1/2


 => Initial parameters ==>
 Atom    Ntyp                  X         Y         Z         B         occ.         in  fin  Spc  Mult
                             B11       B22       B33       B12       B13       B23
 Fe1    Fe                -0.01962   0.25000  -0.01001   0.23241   0.50000           0    0    0    4
                 Codes:  421.00000   0.00000 441.00000 531.00000   0.00000
 Li1    Li                 0.00000   0.00000   0.00000   1.00000   0.50000           0    0    0    4
                 Codes:    0.00000   0.00000   0.00000   0.00000   0.00000
 P1     P                  0.04131   0.25000   0.03775   0.58825   0.50000           0    0    0    4
                 Codes:  451.00000   0.00000 471.00000 561.00000   0.00000
 O1     O                  0.01986   0.25000  -0.00802   1.39814   0.50000           0    0    0    4
                 Codes:  481.00000   0.00000 501.00000 581.00000   0.00000
 O2     O                  0.03196   0.25000  -0.03927   0.62523   0.50000           0    0    0    4
                 Codes:  511.00000   0.00000 521.00000 571.00000   0.00000
 O3     O                 -0.01128   0.03720  -0.00261   1.05027   1.00000           0    0    0    8
                 Codes:  491.00000 461.00000 431.00000 551.00000   0.00000

 => IT IS ASSUMED THAT THE FIRST GIVEN SITE IS FULLY OCCUPIED 
    OR THE FIRST AND SECOND ATOMS ARE IN THE SAME SITE WITH TOTAL FULL OCCUPATION
  (If this is not the case, change the order of atoms to obtain correct values for the content of the unit cell)
    The given occupation factors have been obtained mutiplying m/M by   1.0000
      -> Atom: Fe  ,  Chemical element: FE  Atomic Mass:    55.8470
      -> Atom: Li  ,  Chemical element: LI  Atomic Mass:     6.9410
      -> Atom: P   ,  Chemical element: P   Atomic Mass:    30.9738
      -> Atom: O   ,  Chemical element: O   Atomic Mass:    15.9994
      -> Atom: O   ,  Chemical element: O   Atomic Mass:    15.9994
      -> Atom: O   ,  Chemical element: O   Atomic Mass:    15.9994
 => The given value of ATZ is        631.04 the program has calculated:         631.04
    The value of ATZ given in the input PCR file will be used for quantitative analysis
 => The chemical content of the unit cell is: 
       4.0000 Fe   +   4.0000 Li   +   4.0000 P    +   4.0000 O    +   4.0000 O    +   8.0000 O      
 => The normalized site occupation numbers in % are: 
     100.0000 Fe1    :      100.0000 Li1    :      100.0000 P1     :      100.0000 O1     :      100.0000 O2     :      100.0000 O3       
 => The density (volumic mass) of the compound is:    3.363 g/cm3

 =>-------> PROFILE PARAMETERS FOR PATTERN:  1

 => Overall scale factor:   0.933106E-07
 => ETA (p-Voigt) OR M (Pearson VII):   0.0000
 => Overall temperature factor:      0.00000
 => Halfwidth U,V,W:      0.24678     0.00000     0.00000
 => X and Y parameters:       0.0000      0.0316
 => Direct cell parameters:   10.8247   5.9460   4.8409  90.0000  90.0000  90.0000
 => Preferred orientation parameters:   1.0000  0.0000
 => Asymmetry parameters     :      0.00000     0.00000     0.00000     0.00000
 => Strain parameters        :      0.00000     0.00000     0.00000
 => Size   parameters        :      0.00000     0.00000
 => Further shape parameters (S_L and D_L):   0.00000   0.00000
    S_L is source width/detector distance
    D_L is detector width/detector distance

 ==> CODEWORDS FOR PROFILE PARAMETERS of PATTERN#  1

 => Overall scale factor:   11.000
 => ETA (p-Voigt) OR M (Pearson VII):    0.000
 => Overall temperature factor:    0.000
 => Halfwidth U,V,W:  381.000   0.000   0.000
 => X and Y parameters:    0.000 401.000
 => Direct cell parameters:  341.000 361.000 371.000   0.000   0.000   0.000
 => Preferred orientation parameters:    0.000   0.000
 => Asymmetry parameters     :    0.000   0.000   0.000   0.000
 => Strain parameters        :    0.000   0.000   0.000
 => Size   parameters        :    0.000   0.000

 => Cell constraints according to Laue symmetry: mmm  

        Metric information:
        -------------------

 => Direct cell parameters:

         a =      10.8247      b =       5.9460      c =       4.8409
     alpha =       90.000   beta =       90.000  gamma =       90.000
                        Direct Cell Volume =     311.5768

 => Reciprocal cell parameters:

         a*=     0.092381      b*=     0.168181      c*=     0.206574
     alpha*=       90.000   beta*=       90.000  gamma*=       90.000
                    Reciprocal Cell Volume =   0.00320948

 => Direct and Reciprocal Metric Tensors:

                   GD                                       GR
    117.1752      0.0000      0.0000          0.008534    0.000000    0.000000
      0.0000     35.3544      0.0000          0.000000    0.028285    0.000000
      0.0000      0.0000     23.4342          0.000000    0.000000    0.042673

 =>  Cartesian frame: z // c; y is in the bc-plane; x is y ^ z = a*  

     Crystal_to_Orthonormal_Matrix              Orthonormal_to_Crystal Matrix
              Cr_Orth_cel                               Orth_Cr_cel  
     10.8247      0.0000      0.0000          0.092381   -0.000000   -0.000000
      0.0000      5.9460      0.0000          0.000000    0.168181   -0.000000
      0.0000      0.0000      4.8409          0.000000    0.000000    0.206574

     Busing-Levy B-matrix: Hc=B.H            Inverse of the Busing-Levy B-matrix
                BL_M                                      BL_Minv  
    0.092381    0.000000    0.000000           10.8247     -0.0000     -0.0000
    0.000000    0.168181   -0.000000            0.0000      5.9460      0.0000
    0.000000    0.000000    0.206574            0.0000      0.0000      4.8409

 => Laue symmetry mmm   will be used to generate HKL for pattern#   1
 => Reflections generated between S(1/d)min:  0.1720 A-1 and S(1/d)max:  0.9627 A-1
 =>                                    dmax:  5.8125 A   and      dmin:  1.0387 A
 => The number of reflections generated is:    165
 => The max. scatt. variable (gen.ref.) is:        65.7077
 => Scattering coefficients from internal table


 => X-ray scattering coeff. (A1, B1, A2,...C, f(0), Z, Dfp,Dfpp)

 FE     11.7695   4.7611   7.3573   0.3072   3.5222  15.3535   2.3045  76.8805   1.0369  25.9904  26.0000   0.3010   0.8450
 LI      1.1282   3.9546   0.7508   1.0524   0.6175  85.3905   0.4653 168.2610   0.0377   2.9995   3.0000   0.0000   0.0000
 P       6.4345   1.9067   4.1791  27.1570   1.7800   0.5260   1.4908  68.1645   1.1149  14.9993  15.0000   0.0900   0.0950
 O       3.0485  13.2771   2.2868   5.7011   1.5463   0.3239   0.8670  32.9089   0.2508   7.9994   8.0000   0.0080   0.0060
 --------------------------------------------------------------------------------
 => Phase  No. 2
      cod-4313206.cif                                                       
 --------------------------------------------------------------------------------
 =>-------> Pattern#  1
 => Crystal Structure Refinement
 => Preferred orientation vector:   0.0000  0.0000  1.0000

 =>-------> Data for PHASE: 2
 => Number of atoms:    1
 => Number of distance  constraints:    0
 => Number of angle     constraints:    0

 => Symmetry information on space group: F m -3 m            
 -> The multiplicity of the general position is: 192
 -> The space group is Centric (-1 at origin)   
 -> Lattice type  F: { 000;  0  1/2 1/2; 1/2  0  1/2; 1/2 1/2  0 }+
 -> Reduced set of symmetry operators:

  No.  IT   Symmetry symbol    Rotation part     Associated Translation
   1: ( 1)   1            -->     ( x, y, z) + {  0.0000  0.0000  0.0000}
   2: ( 4)   2 ( x, 0, 0) -->     ( x,-y,-z) + {  0.0000  0.0000  0.0000}
   3: ( 3)   2 ( 0, y, 0) -->     (-x, y,-z) + {  0.0000  0.0000  0.0000}
   4: ( 2)   2 ( 0, 0, z) -->     (-x,-y, z) + {  0.0000  0.0000  0.0000}
   5: ( 9)  3- ( x, x, x) -->     ( y, z, x) + {  0.0000  0.0000  0.0000}
   6: (12)  3- (-x, x,-x) -->     (-y,-z, x) + {  0.0000  0.0000  0.0000}
   7: (11)  3- (-x,-x, x) -->     ( y,-z,-x) + {  0.0000  0.0000  0.0000}
   8: (10)  3- ( x,-x,-x) -->     (-y, z,-x) + {  0.0000  0.0000  0.0000}
   9: ( 5)  3+ ( x, x, x) -->     ( z, x, y) + {  0.0000  0.0000  0.0000}
  10: ( 8)  3+ (-x,-x, x) -->     (-z, x,-y) + {  0.0000  0.0000  0.0000}
  11: ( 7)  3+ ( x,-x,-x) -->     (-z,-x, y) + {  0.0000  0.0000  0.0000}
  12: ( 6)  3+ (-x, x,-x) -->     ( z,-x,-y) + {  0.0000  0.0000  0.0000}
  13: (14)   2 ( x,-x, 0) -->     (-y,-x,-z) + {  0.0000  0.0000  0.0000}
  14: (15)  4- ( 0, 0, z) -->     ( y,-x, z) + {  0.0000  0.0000  0.0000}
  15: (16)  4+ ( 0, 0, z) -->     (-y, x, z) + {  0.0000  0.0000  0.0000}
  16: (13)   2 ( x, x, 0) -->     ( y, x,-z) + {  0.0000  0.0000  0.0000}
  17: (24)   2 (-x, 0, x) -->     (-z,-y,-x) + {  0.0000  0.0000  0.0000}
  18: (21)  4+ ( 0, y, 0) -->     ( z, y,-x) + {  0.0000  0.0000  0.0000}
  19: (22)   2 ( x, 0, x) -->     ( z,-y, x) + {  0.0000  0.0000  0.0000}
  20: (23)  4- ( 0, y, 0) -->     (-z, y, x) + {  0.0000  0.0000  0.0000}
  21: (19)   2 ( 0, y,-y) -->     (-x,-z,-y) + {  0.0000  0.0000  0.0000}
  22: (18)   2 ( 0, y, y) -->     (-x, z, y) + {  0.0000  0.0000  0.0000}
  23: (17)  4- ( x, 0, 0) -->     ( x, z,-y) + {  0.0000  0.0000  0.0000}
  24: (20)  4+ ( x, 0, 0) -->     ( x,-z, y) + {  0.0000  0.0000  0.0000}


        Information on Space Group: 
        --------------------------- 

 =>   Number of Space group: 225
 =>  Hermann-Mauguin Symbol: F m -3 m
 =>             Hall Symbol: -F 4 2 3
 =>            Setting Type: IT (Generated from Hermann-Mauguin symbol)
 =>          Crystal System: Cubic
 =>              Laue Class: m-3m
 =>             Point Group: m-3m
 =>         Bravais Lattice: F
 =>          Lattice Symbol: cF
 =>  Reduced Number of S.O.:  24
 =>    General multiplicity: 192
 =>          Centrosymmetry: Centric (-1 at origin)
 =>  Generators (exc. -1&L):   3
 =>         Asymmetric unit:  0.000 <= x <=  0.500
                              0.000 <= y <=  0.250
                              0.000 <= z <=  0.250

 => List of S.O. without inversion and lattice centring translations
 => SYMM(  1): x,y,z                               => SYMM(  2): x,-y,-z
 => SYMM(  3): -x,y,-z                             => SYMM(  4): -x,-y,z
 => SYMM(  5): y,z,x                               => SYMM(  6): -y,-z,x
 => SYMM(  7): y,-z,-x                             => SYMM(  8): -y,z,-x
 => SYMM(  9): z,x,y                               => SYMM( 10): -z,x,-y
 => SYMM( 11): -z,-x,y                             => SYMM( 12): z,-x,-y
 => SYMM( 13): y,x,z                               => SYMM( 14): -y,x,-z
 => SYMM( 15): y,-x,-z                             => SYMM( 16): -y,-x,z
 => SYMM( 17): z,y,x                               => SYMM( 18): -z,-y,x
 => SYMM( 19): -z,y,-x                             => SYMM( 20): z,-y,-x
 => SYMM( 21): x,z,y                               => SYMM( 22): x,-z,-y
 => SYMM( 23): -x,-z,y                             => SYMM( 24): -x,z,-y


 => Initial parameters ==>
 Atom    Ntyp                  X         Y         Z         B         occ.         in  fin  Spc  Mult
                             B11       B22       B33       B12       B13       B23
 AL1    Al                 0.00000   0.00000   0.00000   0.87652   0.02083           0    0    0    4
                 Codes:    0.00000   0.00000   0.00000 541.00000   0.00000

 => IT IS ASSUMED THAT THE FIRST GIVEN SITE IS FULLY OCCUPIED 
    OR THE FIRST AND SECOND ATOMS ARE IN THE SAME SITE WITH TOTAL FULL OCCUPATION
  (If this is not the case, change the order of atoms to obtain correct values for the content of the unit cell)
    The phase contains sites partially occupied
      -> Atom: Al  ,  Chemical element: AL  Atomic Mass:    26.9815
 => The given value of ATZ is        107.89 the program has calculated:         107.89
    The value of ATZ given in the input PCR file will be used for quantitative analysis
 => The chemical content of the unit cell is: 
       4.0000 Al     
 => The normalized site occupation numbers in % are: 
     100.0000 AL1      
 => The density (volumic mass) of the compound is:    3.173 g/cm3

 =>-------> PROFILE PARAMETERS FOR PATTERN:  1

 => Overall scale factor:   0.902695E-07
 => ETA (p-Voigt) OR M (Pearson VII):   0.0000
 => Overall temperature factor:      0.00000
 => Halfwidth U,V,W:      0.45709     0.00000     0.00000
 => X and Y parameters:       0.0000      0.4189
 => Direct cell parameters:    3.8369   3.8369   3.8369  90.0000  90.0000  90.0000
 => Preferred orientation parameters:   1.0000  0.0000
 => Asymmetry parameters     :      0.00000     0.00000     0.00000     0.00000
 => Strain parameters        :      0.00000     0.00000     0.00000
 => Size   parameters        :      0.00000     0.00000
 => Further shape parameters (S_L and D_L):   0.00000   0.00000
    S_L is source width/detector distance
    D_L is detector width/detector distance

 ==> CODEWORDS FOR PROFILE PARAMETERS of PATTERN#  1

 => Overall scale factor:   21.000
 => ETA (p-Voigt) OR M (Pearson VII):    0.000
 => Overall temperature factor:    0.000
 => Halfwidth U,V,W:  391.000   0.000   0.000
 => X and Y parameters:    0.000 410.010
 => Direct cell parameters:  351.000 351.000 351.000   0.000   0.000   0.000
 => Preferred orientation parameters:    0.000   0.000
 => Asymmetry parameters     :    0.000   0.000   0.000   0.000
 => Strain parameters        :    0.000   0.000   0.000
 => Size   parameters        :    0.000   0.000

 => Cell constraints according to Laue symmetry: m-3m 

        Metric information:
        -------------------

 => Direct cell parameters:

         a =       3.8369      b =       3.8369      c =       3.8369
     alpha =       90.000   beta =       90.000  gamma =       90.000
                        Direct Cell Volume =      56.4856

 => Reciprocal cell parameters:

         a*=     0.260628      b*=     0.260628      c*=     0.260628
     alpha*=       90.000   beta*=       90.000  gamma*=       90.000
                    Reciprocal Cell Volume =   0.01770362

 => Direct and Reciprocal Metric Tensors:

                   GD                                       GR
     14.7217      0.0000      0.0000          0.067927    0.000000    0.000000
      0.0000     14.7217      0.0000          0.000000    0.067927    0.000000
      0.0000      0.0000     14.7217          0.000000    0.000000    0.067927

 =>  Cartesian frame: z // c; y is in the bc-plane; x is y ^ z = a*  

     Crystal_to_Orthonormal_Matrix              Orthonormal_to_Crystal Matrix
              Cr_Orth_cel                               Orth_Cr_cel  
      3.8369      0.0000      0.0000          0.260628   -0.000000   -0.000000
      0.0000      3.8369      0.0000          0.000000    0.260628   -0.000000
      0.0000      0.0000      3.8369          0.000000    0.000000    0.260628

     Busing-Levy B-matrix: Hc=B.H            Inverse of the Busing-Levy B-matrix
                BL_M                                      BL_Minv  
    0.260628    0.000000    0.000000            3.8369     -0.0000     -0.0000
    0.000000    0.260628   -0.000000            0.0000      3.8369      0.0000
    0.000000    0.000000    0.260628            0.0000      0.0000      3.8369

 => Laue symmetry m-3m  will be used to generate HKL for pattern#   1
 => Reflections generated between S(1/d)min:  0.1720 A-1 and S(1/d)max:  1.1585 A-1
 =>                                    dmax:  5.8125 A   and      dmin:  0.8631 A
 => The number of reflections generated is:      7
 => The max. scatt. variable (gen.ref.) is:        81.5107
 => Scattering coefficients from internal table


 => X-ray scattering coeff. (A1, B1, A2,...C, f(0), Z, Dfp,Dfpp)

 AL      6.4202   3.0387   1.9002   0.7426   1.5936  31.5472   1.9646  85.0886   1.1151  12.9937  13.0000   0.0560   0.0520

     --------------------------------------------------------------
      SYMBOLIC NAMES AND INITIAL VALUES OF PARAMETERS TO BE VARIED:
     --------------------------------------------------------------

      ->  Parameter number    1   -> Symbolic Name:                                     Scale_ph1_pat1    0.93310589E-07
      ->  Parameter number    2   -> Symbolic Name:                                     Scale_ph2_pat1    0.90269531E-07
      ->  Parameter number    3   -> Symbolic Name:                                          Zero_pat1   -0.27760001E-01
      ->  Parameter number    4   -> Symbolic Name:                                         Bck_0_pat1     2666.4236    
      ->  Parameter number    5   -> Symbolic Name:                                         Bck_1_pat1     3422.0898    
      ->  Parameter number    6   -> Symbolic Name:                                         Bck_2_pat1     3705.8818    
      ->  Parameter number    7   -> Symbolic Name:                                         Bck_3_pat1     2583.3335    
      ->  Parameter number    8   -> Symbolic Name:                                         Bck_4_pat1     2146.8662    
      ->  Parameter number    9   -> Symbolic Name:                                         Bck_5_pat1     1878.3262    
      ->  Parameter number   10   -> Symbolic Name:                                         Bck_6_pat1     1570.0688    
      ->  Parameter number   11   -> Symbolic Name:                                         Bck_7_pat1     1340.8730    
      ->  Parameter number   12   -> Symbolic Name:                                         Bck_8_pat1     1302.4128    
      ->  Parameter number   13   -> Symbolic Name:                                         Bck_9_pat1     1261.4105    
      ->  Parameter number   14   -> Symbolic Name:                                        Bck_10_pat1     1104.2013    
      ->  Parameter number   15   -> Symbolic Name:                                        Bck_11_pat1     1165.6482    
      ->  Parameter number   16   -> Symbolic Name:                                        Bck_12_pat1     1182.7152    
      ->  Parameter number   17   -> Symbolic Name:                                        Bck_13_pat1     1026.1451    
      ->  Parameter number   18   -> Symbolic Name:                                        Bck_14_pat1     975.21552    
      ->  Parameter number   19   -> Symbolic Name:                                        Bck_15_pat1     989.01141    
      ->  Parameter number   20   -> Symbolic Name:                                        Bck_16_pat1     861.81488    
      ->  Parameter number   21   -> Symbolic Name:                                        Bck_17_pat1     883.65143    
      ->  Parameter number   22   -> Symbolic Name:                                        Bck_18_pat1     890.44269    
      ->  Parameter number   23   -> Symbolic Name:                                        Bck_19_pat1     841.14771    
      ->  Parameter number   24   -> Symbolic Name:                                        Bck_20_pat1     815.29852    
      ->  Parameter number   25   -> Symbolic Name:                                        Bck_21_pat1     901.48242    
      ->  Parameter number   26   -> Symbolic Name:                                        Bck_22_pat1     757.87671    
      ->  Parameter number   27   -> Symbolic Name:                                        Bck_23_pat1     736.40649    
      ->  Parameter number   28   -> Symbolic Name:                                        Bck_24_pat1     675.19019    
      ->  Parameter number   29   -> Symbolic Name:                                        Bck_25_pat1     589.72491    
      ->  Parameter number   30   -> Symbolic Name:                                        Bck_26_pat1     519.20972    
      ->  Parameter number   31   -> Symbolic Name:                                        Bck_27_pat1     482.28891    
      ->  Parameter number   32   -> Symbolic Name:                                        Bck_28_pat1     389.97739    
      ->  Parameter number   33   -> Symbolic Name:                                        Bck_29_pat1     319.54019    
      ->  Parameter number   34   -> Symbolic Name:                                    Cell_A_ph1_pat1     10.824750    
      ->  Parameter number   35   -> Symbolic Name:                                    Cell_A_ph2_pat1     3.8368900    
      ->  Parameter number   36   -> Symbolic Name:                                    Cell_B_ph1_pat1     5.9459600    
      ->  Parameter number   37   -> Symbolic Name:                                    Cell_C_ph1_pat1     4.8408899    
      ->  Parameter number   38   -> Symbolic Name:                                    U-Cagl_ph1_pat1    0.24677999    
      ->  Parameter number   39   -> Symbolic Name:                                    U-Cagl_ph2_pat1    0.45708999    
      ->  Parameter number   40   -> Symbolic Name:                                     Y-cos_ph1_pat1    0.31560000E-01
      ->  Parameter number   41   -> Symbolic Name:                                     Y-cos_ph2_pat1    0.41891000    
      ->  Parameter number   42   -> Symbolic Name:                                          X_Fe1_ph1   -0.19619999E-01
      ->  Parameter number   43   -> Symbolic Name:                                           Z_O3_ph1   -0.26100001E-02
      ->  Parameter number   44   -> Symbolic Name:                                          Z_Fe1_ph1   -0.10010000E-01
      ->  Parameter number   45   -> Symbolic Name:                                           X_P1_ph1    0.41310001E-01
      ->  Parameter number   46   -> Symbolic Name:                                           Y_O3_ph1    0.37200000E-01
      ->  Parameter number   47   -> Symbolic Name:                                           Z_P1_ph1    0.37749998E-01
      ->  Parameter number   48   -> Symbolic Name:                                           X_O1_ph1    0.19859999E-01
      ->  Parameter number   49   -> Symbolic Name:                                           X_O3_ph1   -0.11280000E-01
      ->  Parameter number   50   -> Symbolic Name:                                           Z_O1_ph1   -0.80199996E-02
      ->  Parameter number   51   -> Symbolic Name:                                           X_O2_ph1    0.31959999E-01
      ->  Parameter number   52   -> Symbolic Name:                                           Z_O2_ph1   -0.39269999E-01
      ->  Parameter number   53   -> Symbolic Name:                                       Biso_Fe1_ph1    0.23241000    
      ->  Parameter number   54   -> Symbolic Name:                                       Biso_AL1_ph2    0.87651998    
      ->  Parameter number   55   -> Symbolic Name:                                        Biso_O3_ph1     1.0502700    
      ->  Parameter number   56   -> Symbolic Name:                                        Biso_P1_ph1    0.58824998    
      ->  Parameter number   57   -> Symbolic Name:                                        Biso_O2_ph1    0.62523001    
      ->  Parameter number   58   -> Symbolic Name:                                        Biso_O1_ph1     1.3981400    
  

 --------------------------------------------------------------------------------------------------------------
 Pattern#  1 Phase No.:   1 Phase name: cod-1101111.cif               
 --------------------------------------------------------------------------------------------------------------

   No.  Code     H   K   L  Mult     Hw         2theta      Icalc       Iobs      Sigma      HwG     HwL       ETA       d-hkl        CORR

      1   1      2   0   0     2  0.079356      11.952        1.1        1.1      0.000  0.059292  0.034215  0.509179  5.412375    163.780045
      2   1      1   0   1     4  0.090202      14.652        1.4        1.4      0.000  0.070110  0.034869  0.463173  4.419121    216.875198
      3   1      2   1   0     4  0.096591      16.186        0.0        0.0      0.000  0.076444  0.035250  0.440369  4.002501    177.113876
      4   1      0   1   1     4  0.101163      17.266        0.0        0.0      0.000  0.080962  0.035522  0.425644  3.754053    155.278412
      5   1      2   0   1     4  0.104175      17.969        0.0        0.0      0.000  0.083933  0.035702  0.416583  3.608215    143.114319
      6   1      1   1   1     8  0.105525      18.283        0.0        0.0      0.000  0.085264  0.035782  0.412672  3.546816    276.275360
      7   1      2   1   1     8  0.117625      21.051        0.0        0.0      0.000  0.097157  0.036507  0.381325  3.084678    206.861923
      8   1      0   2   0     2  0.121181      21.852        0.1        0.1      0.000  0.100643  0.036721  0.373218  2.972980     47.885914
      9   1      3   0   1     4  0.123914      22.463        0.3        0.3      0.000  0.103319  0.036886  0.367280  2.893018     90.463486
     10   1      4   0   0     2  0.131003      24.036        0.1        0.1      0.000  0.110253  0.037316  0.352964  2.706188     39.314579
     11   1      2   2   0     4  0.135285      24.978        0.1        0.1      0.000  0.114435  0.037578  0.345004  2.605750     72.596664
     12   1      3   1   1     8  0.135477      25.020        0.0        0.0      0.000  0.114623  0.037590  0.344658  2.601436    144.685486
     13   1      1   2   1     8  0.141859      26.410        0.2        0.2      0.000  0.120849  0.037982  0.333673  2.466717    129.253922
     14   1      4   1   0     4  0.142043      26.450        0.0        0.0      0.000  0.121027  0.037993  0.333372  2.463079     64.424400
     15   1      0   0   2     2  0.144236      26.924        0.1        0.1      0.000  0.123165  0.038129  0.329820  2.420445     31.036385
     16   1      4   0   1     4  0.147380      27.602        0.0        0.0      0.000  0.126228  0.038324  0.324905  2.362144     58.924587
     17   1      1   0   2     4  0.147381      27.602        0.0        0.0      0.000  0.126229  0.038324  0.324903  2.362114     58.922981
     18   1      2   2   1     8  0.151256      28.433        0.0        0.0      0.000  0.130002  0.038566  0.319116  2.294462    110.735542
     19   1      2   0   2     4  0.156501      29.550        0.2        0.2      0.000  0.135104  0.038894  0.311726  2.209560     51.055138
     20   1      4   1   1     8  0.157430      29.747        0.0        0.0      0.000  0.136008  0.038953  0.310466  2.195257    100.689941
     21   1      1   1   2     8  0.157432      29.747        0.0        0.0      0.000  0.136009  0.038953  0.310464  2.195233    100.687553
     22   1      3   2   1     8  0.165945      31.540        0.1        0.1      0.000  0.144281  0.039492  0.299565  2.073365     88.969421
     23   1      2   1   2     8  0.166108      31.574        0.0        0.0      0.000  0.144440  0.039503  0.299366  2.071177     88.765259
     24   1      3   0   2     4  0.170836      32.560        0.0        0.0      0.000  0.149030  0.039805  0.293784  2.010081     41.577965
     25   1      4   2   0     4  0.171547      32.708        0.0        0.0      0.000  0.149720  0.039850  0.292971  2.001251     41.179787
     26   1      5   0   1     4  0.173594      33.132        0.1        0.1      0.000  0.151706  0.039982  0.290666  1.976314     40.065117
     27   1      3   1   2     8  0.179867      34.425        0.0        0.0      0.000  0.157789  0.040387  0.283926  1.904214     73.847794
     28   1      0   2   2     4  0.182379      34.940        0.0        0.0      0.000  0.160224  0.040550  0.281356  1.877027     35.770992
     29   1      5   1   1     8  0.182529      34.970        0.0        0.0      0.000  0.160370  0.040560  0.281205  1.875432     71.407883
     30   1      2   3   0     4  0.183888      35.248        0.0        0.0      0.000  0.161687  0.040649  0.279845  1.861124     35.104668
     31   1      4   2   1     8  0.185017      35.478        0.0        0.0      0.000  0.162780  0.040722  0.278732  1.849442     69.238060
     32   1      1   2   2     8  0.185018      35.478        0.0        0.0      0.000  0.162782  0.040722  0.278731  1.849428     69.236855
     33   1      0   3   1     4  0.186514      35.783        0.0        0.0      0.000  0.164231  0.040820  0.277276  1.834206     33.990383
     34   1      1   3   1     8  0.189115      36.310        0.0        0.0      0.000  0.166750  0.040991  0.274801  1.808428     65.878540
     35   1      6   0   0     2  0.189557      36.400        0.0        0.0      0.000  0.167179  0.041020  0.274386  1.804125     16.382666
     36   1      4   0   2     4  0.189559      36.400        0.1        0.1      0.000  0.167180  0.041020  0.274385  1.804107     32.764614
     37   1      2   2   2     8  0.192792      37.053        0.0        0.0      0.000  0.170311  0.041233  0.271415  1.773408     63.072861
     38   1      2   3   1     8  0.196785      37.855        0.0        0.0      0.000  0.174176  0.041497  0.267883  1.737163     60.230278
     39   1      6   1   0     4  0.198009      38.100        0.0        0.0      0.000  0.175361  0.041578  0.266829  1.726405     29.699293
     40   1      4   1   2     8  0.198011      38.101        0.0        0.0      0.000  0.175362  0.041578  0.266828  1.726389     59.397388
     41   1      6   0   1     4  0.202226      38.941        0.0        0.0      0.000  0.179440  0.041859  0.263297  1.690538     28.332840
     42   1      3   2   2     8  0.205339      39.558        0.0        0.0      0.000  0.182451  0.042067  0.260784  1.665190     54.771347
     43   1      5   2   1     8  0.207794      40.043        0.0        0.0      0.000  0.184824  0.042232  0.258856  1.645841     53.346054
     44   1      3   3   1     8  0.209191      40.318        0.0        0.0      0.000  0.186175  0.042326  0.257780  1.635075     52.560875
     45   1      6   1   1     8  0.210374      40.550        0.0        0.0      0.000  0.187318  0.042406  0.256879  1.626092     51.909969
     46   1      5   0   2     4  0.212039      40.877        0.0        0.0      0.000  0.188928  0.042519  0.255629  1.613646     25.507305
     47   1      4   3   0     4  0.214039      41.268        0.0        0.0      0.000  0.190861  0.042654  0.254154  1.599002     24.985390
     48   1      1   0   3     4  0.214456      41.350        0.0        0.0      0.000  0.191263  0.042682  0.253851  1.595995     24.878828
     49   1      5   1   2     8  0.219990      42.426        0.0        0.0      0.000  0.196609  0.043059  0.249928  1.557316     47.056396
     50   1      0   1   3     4  0.219992      42.426        0.0        0.0      0.000  0.196611  0.043059  0.249927  1.557302     23.527699
     51   1      2   0   3     4  0.221619      42.741        0.0        0.0      0.000  0.198183  0.043171  0.248812  1.546368     23.152504
     52   1      6   2   0     4  0.222224      42.858        0.0        0.0      0.000  0.198767  0.043212  0.248402  1.542350     23.015396
     53   1      4   2   2     8  0.222226      42.858        0.0        0.0      0.000  0.198769  0.043212  0.248401  1.542339     46.030041
     54   1      1   1   3     8  0.222363      42.884        0.0        0.0      0.000  0.198901  0.043222  0.248308  1.541432     45.968231
     55   1      4   3   1     8  0.225928      43.570        0.0        0.0      0.000  0.202343  0.043466  0.245940  1.518318     44.406910
     56   1      1   3   2     8  0.225929      43.571        0.0        0.0      0.000  0.202344  0.043466  0.245939  1.518310     44.406387
     57   1      2   1   3     8  0.229407      44.236        0.0        0.0      0.000  0.205701  0.043706  0.243702  1.496584     42.962933
     58   1      0   4   0     2  0.231067      44.553        0.0        0.0      0.000  0.207303  0.043821  0.242659  1.486490     10.575071
     59   1      2   3   2     8  0.232924      44.906        0.0        0.0      0.000  0.209095  0.043950  0.241510  1.475394     41.577705
     60   1      7   0   1     4  0.233320      44.981        0.0        0.0      0.000  0.209477  0.043977  0.241268  1.473060     20.713230

   No.  Code     H   K   L  Mult     Hw         2theta      Icalc       Iobs      Sigma      HwG     HwL       ETA       d-hkl        CORR

     61   1      3   0   3     4  0.233323      44.982        0.0        0.0      0.000  0.209480  0.043977  0.241266  1.473040     20.712603
     62   1      6   2   1     8  0.233915      45.094        0.0        0.0      0.000  0.210051  0.044019  0.240905  1.469564     41.200497
     63   1      6   0   2     4  0.237932      45.853        0.0        0.0      0.000  0.213926  0.044298  0.238505  1.446509     19.862789
     64   1      2   4   0     4  0.240288      46.296        0.0        0.0      0.000  0.216199  0.044463  0.237136  1.433411     19.449778
     65   1      7   1   1     8  0.240942      46.419        0.0        0.0      0.000  0.216829  0.044509  0.236762  1.429834     38.675491
     66   1      3   1   3     8  0.240945      46.420        0.0        0.0      0.000  0.216832  0.044509  0.236760  1.429817     38.674385
     67   1      5   2   2     8  0.243094      46.822        0.0        0.0      0.000  0.218904  0.044660  0.235543  1.418210     37.951767
     68   1      3   3   2     8  0.244395      47.065        0.0        0.0      0.000  0.220158  0.044751  0.234817  1.411304     37.525116
     69   1      1   4   1     8  0.244848      47.150        0.1        0.1      0.000  0.220596  0.044783  0.234566  1.408916     37.378147
     70   1      1   2   3     8  0.245370      47.247        0.0        0.0      0.000  0.221099  0.044820  0.234278  1.406182     37.210190
     71   1      6   1   2     8  0.245498      47.271        0.0        0.0      0.000  0.221222  0.044829  0.234208  1.405515     37.169296
     72   1      5   3   1     8  0.246663      47.487        0.0        0.0      0.000  0.222345  0.044911  0.233571  1.399466     36.799355
     73   1      4   0   3     4  0.249316      47.980        0.0        0.0      0.000  0.224902  0.045098  0.232143  1.385949     17.989708
     74   1      2   4   1     8  0.251632      48.408        0.0        0.0      0.000  0.227134  0.045262  0.230923  1.374424     35.287727
     75   1      2   2   3     8  0.252149      48.503        0.0        0.0      0.000  0.227632  0.045299  0.230654  1.371884     35.136261
     76   1      8   0   0     2  0.256056      49.221        0.0        0.0      0.000  0.231397  0.045577  0.228656  1.353094      8.506450
     77   1      4   1   3     8  0.256763      49.350        0.0        0.0      0.000  0.232078  0.045627  0.228302  1.349767     33.831097
     78   1      6   3   0     4  0.260141      49.967        0.0        0.0      0.000  0.235331  0.045869  0.226637  1.334167     16.462973
     79   1      4   3   2     8  0.260142      49.967        0.0        0.0      0.000  0.235333  0.045869  0.226636  1.334160     32.925522
     80   1      3   4   1     8  0.262812      50.452        0.0        0.0      0.000  0.237904  0.046060  0.225352  1.322168     32.238411
     81   1      7   2   1     8  0.263319      50.543        0.0        0.0      0.000  0.238392  0.046097  0.225111  1.319921     32.110508
     82   1      3   2   3     8  0.263322      50.544        0.0        0.0      0.000  0.238395  0.046097  0.225109  1.319907     32.109715
     83   1      8   1   0     4  0.263445      50.566        0.0        0.0      0.000  0.238514  0.046106  0.225051  1.319363     16.039389
     84   1      8   0   1     4  0.267183      51.241        0.0        0.0      0.000  0.242113  0.046375  0.223308  1.303145     15.582050
     85   1      7   0   2     4  0.267184      51.241        0.0        0.0      0.000  0.242114  0.046375  0.223307  1.303140     15.581908
     86   1      4   4   0     4  0.267246      51.252        0.0        0.0      0.000  0.242174  0.046380  0.223279  1.302875     15.574492
     87   1      6   2   2     8  0.267753      51.343        0.0        0.0      0.000  0.242662  0.046416  0.223046  1.300718     31.028423
     88   1      5   0   3     4  0.269397      51.639        0.0        0.0      0.000  0.244244  0.046535  0.222299  1.293790     15.321445
     89   1      6   3   1     8  0.271223      51.965        0.0        0.0      0.000  0.246002  0.046667  0.221481  1.286212     30.224127
     90   1      8   1   1     8  0.274495      52.549        0.0        0.0      0.000  0.249151  0.046905  0.220044  1.272932     29.497742
     91   1      7   1   2     8  0.274496      52.549        0.0        0.0      0.000  0.249152  0.046905  0.220044  1.272928     29.497494
     92   1      0   4   2     4  0.276067      52.828        0.0        0.0      0.000  0.250663  0.047019  0.219367  1.266685     14.579694
     93   1      5   1   3     8  0.276696      52.940        0.0        0.0      0.000  0.251269  0.047065  0.219098  1.264209     29.025839
     94   1      4   4   1     8  0.278262      53.216        0.0        0.0      0.000  0.252775  0.047179  0.218435  1.258105     28.698145
     95   1      1   4   2     8  0.278263      53.217        0.0        0.0      0.000  0.252776  0.047179  0.218434  1.258101     28.697905
     96   1      4   2   3     8  0.278766      53.306        0.0        0.0      0.000  0.253260  0.047216  0.218223  1.256157     28.593966
     97   1      5   3   2     8  0.280017      53.526        0.0        0.0      0.000  0.254464  0.047308  0.217701  1.251359     28.338285
     98   1      0   3   3     4  0.280019      53.527        0.0        0.0      0.000  0.254466  0.047308  0.217700  1.251351     14.168944
     99   1      1   3   3     8  0.282209      53.912        0.0        0.0      0.000  0.256572  0.047468  0.216798  1.243073     27.899786
    100   1      2   4   2     8  0.284832      54.371        0.0        0.0      0.000  0.259095  0.047661  0.215737  1.233359     27.390572
    101   1      8   2   0     4  0.285329      54.458        0.0        0.0      0.000  0.259574  0.047697  0.215538  1.231540     13.647910
    102   1      2   3   3     8  0.288763      55.056        0.0        0.0      0.000  0.262876  0.047950  0.214186  1.219190     26.657335
    103   1      0   0   4     2  0.291320      55.499        0.0        0.0      0.000  0.265334  0.048139  0.213202  1.210222      6.549783
    104   1      6   0   3     4  0.293495      55.875        0.0        0.0      0.000  0.267426  0.048300  0.212379  1.202738     12.910113
    105   1      1   0   4     4  0.293498      55.875        0.0        0.0      0.000  0.267428  0.048301  0.212378  1.202729     12.909881
    106   1      3   4   2     8  0.295733      56.259        0.0        0.0      0.000  0.269576  0.048467  0.211546  1.195179     25.440781
    107   1      8   2   1     8  0.296228      56.344        0.0        0.0      0.000  0.270053  0.048503  0.211364  1.193522     25.358065
    108   1      7   2   2     8  0.296230      56.345        0.0        0.0      0.000  0.270054  0.048504  0.211363  1.193518     25.357872
    109   1      5   4   1     8  0.297906      56.632        0.0        0.0      0.000  0.271666  0.048628  0.210751  1.187963     25.081684
    110   1      5   2   3     8  0.298406      56.717        0.0        0.0      0.000  0.272146  0.048666  0.210570  1.186323     25.000446
    111   1      7   3   1     8  0.299645      56.929        0.0        0.0      0.000  0.273337  0.048758  0.210123  1.182282     24.801060
    112   1      3   3   3     8  0.299648      56.929        0.0        0.0      0.000  0.273340  0.048758  0.210122  1.182272     24.800568
    113   1      8   0   2     4  0.300019      56.992        0.0        0.0      0.000  0.273696  0.048786  0.209989  1.181072     12.370772
    114   1      2   0   4     4  0.300023      56.993        0.0        0.0      0.000  0.273700  0.048786  0.209988  1.181057     12.370403
    115   1      6   1   3     8  0.300704      57.109        0.0        0.0      0.000  0.274354  0.048837  0.209745  1.178863     24.633068
    116   1      1   1   4     8  0.300706      57.109        0.0        0.0      0.000  0.274357  0.048837  0.209744  1.178854     24.632648
    117   1      6   3   2     8  0.303991      57.667        0.0        0.0      0.000  0.277513  0.049083  0.208589  1.168422     24.124424
    118   1      9   0   1     4  0.304362      57.730        0.0        0.0      0.000  0.277869  0.049111  0.208461  1.167262     12.034138
    119   1      2   5   0     4  0.306223      58.044        0.0        0.0      0.000  0.279658  0.049250  0.207820  1.161487     11.895045
    120   1      8   1   2     8  0.307216      58.211        0.0        0.0      0.000  0.280612  0.049325  0.207482  1.158440     23.644112

   No.  Code     H   K   L  Mult     Hw         2theta      Icalc       Iobs      Sigma      HwG     HwL       ETA       d-hkl        CORR

    121   1      2   1   4     8  0.307221      58.212        0.0        0.0      0.000  0.280616  0.049325  0.207480  1.158426     23.643440
    122   1      0   5   1     4  0.308394      58.409        0.0        0.0      0.000  0.281743  0.049414  0.207083  1.154857     11.736583
    123   1      1   5   1     8  0.310564      58.773        0.0        0.0      0.000  0.283828  0.049577  0.206358  1.148340     23.164232
    124   1      3   0   4     4  0.310879      58.826        0.0        0.0      0.000  0.284130  0.049601  0.206254  1.147403     11.560016
    125   1      6   4   0     4  0.310936      58.835        0.0        0.0      0.000  0.284184  0.049605  0.206236  1.147236     11.556073
    126   1      4   4   2     8  0.310937      58.836        0.0        0.0      0.000  0.284186  0.049605  0.206235  1.147231     23.111933
    127   1      9   1   1     8  0.311556      58.939        0.0        0.0      0.000  0.284780  0.049652  0.206031  1.145399     23.025686

 --------------------------------------------------------------------------------------------------------------
 Pattern#  1 Phase No.:   2 Phase name: cod-4313206.cif               
 --------------------------------------------------------------------------------------------------------------

   No.  Code     H   K   L  Mult     Hw         2theta      Icalc       Iobs      Sigma      HwG     HwL       ETA       d-hkl        CORR

      1   1      1   1   1     8  0.507143      29.473        0.0        0.0      0.000  0.180851  0.439396  0.897631  2.215230    102.675873
      2   1      2   0   0     6  0.533029      34.162        0.0        0.0      0.000  0.210628  0.445528  0.873316  1.918445     56.301426
      3   1      2   2   0    12  0.632395      49.087        0.0        0.0      0.000  0.311569  0.471350  0.799091  1.356545     51.342613
      4   1      3   1   1    24  0.706631      58.298        0.0        0.0      0.000  0.380049  0.492883  0.758380  1.156866     70.706779

     -----------------------------------------------------
     BRAGG R-Factors and weight fractions for Pattern #  1
     -----------------------------------------------------

 => Phase:  1     cod-1101111.cif
 => Bragg R-factor:   0.00       Vol:  311.577( 0.000)  Fract(%):   97.09( 0.00)
 => Rf-factor=  0.00             ATZ:         631.037   Brindley:  1.0000

 => Phase:  2     cod-4313206.cif
 => Bragg R-factor:   0.00       Vol:   56.486( 0.000)  Fract(%):    2.91( 0.00)
 => Rf-factor=  0.00             ATZ:         107.892   Brindley:  1.0000

     -----------------------------------------------------------------
      SYMBOLIC NAMES AND FINAL VALUES AND SIGMA OF REFINED PARAMETERS:
     -----------------------------------------------------------------

      ->  Parameter number    1 :                                     Scale_ph1_pat1    0.93310589E-07( +/-     0.0000000     )
      ->  Parameter number    2 :                                     Scale_ph2_pat1    0.90269531E-07( +/-     0.0000000     )
      ->  Parameter number    3 :                                          Zero_pat1   -0.27760001E-01( +/-     0.0000000     )
      ->  Parameter number    4 :                                         Bck_0_pat1     2666.4236    ( +/-     0.0000000     )
      ->  Parameter number    5 :                                         Bck_1_pat1     3422.0898    ( +/-     0.0000000     )
      ->  Parameter number    6 :                                         Bck_2_pat1     3705.8818    ( +/-     0.0000000     )
      ->  Parameter number    7 :                                         Bck_3_pat1     2583.3335    ( +/-     0.0000000     )
      ->  Parameter number    8 :                                         Bck_4_pat1     2146.8662    ( +/-     0.0000000     )
      ->  Parameter number    9 :                                         Bck_5_pat1     1878.3262    ( +/-     0.0000000     )
      ->  Parameter number   10 :                                         Bck_6_pat1     1570.0688    ( +/-     0.0000000     )
      ->  Parameter number   11 :                                         Bck_7_pat1     1340.8730    ( +/-     0.0000000     )
      ->  Parameter number   12 :                                         Bck_8_pat1     1302.4128    ( +/-     0.0000000     )
      ->  Parameter number   13 :                                         Bck_9_pat1     1261.4105    ( +/-     0.0000000     )
      ->  Parameter number   14 :                                        Bck_10_pat1     1104.2013    ( +/-     0.0000000     )
      ->  Parameter number   15 :                                        Bck_11_pat1     1165.6482    ( +/-     0.0000000     )
      ->  Parameter number   16 :                                        Bck_12_pat1     1182.7152    ( +/-     0.0000000     )
      ->  Parameter number   17 :                                        Bck_13_pat1     1026.1451    ( +/-     0.0000000     )
      ->  Parameter number   18 :                                        Bck_14_pat1     975.21552    ( +/-     0.0000000     )
      ->  Parameter number   19 :                                        Bck_15_pat1     989.01141    ( +/-     0.0000000     )
      ->  Parameter number   20 :                                        Bck_16_pat1     861.81488    ( +/-     0.0000000     )
      ->  Parameter number   21 :                                        Bck_17_pat1     883.65143    ( +/-     0.0000000     )
      ->  Parameter number   22 :                                        Bck_18_pat1     890.44269    ( +/-     0.0000000     )
      ->  Parameter number   23 :                                        Bck_19_pat1     841.14771    ( +/-     0.0000000     )
      ->  Parameter number   24 :                                        Bck_20_pat1     815.29852    ( +/-     0.0000000     )
      ->  Parameter number   25 :                                        Bck_21_pat1     901.48242    ( +/-     0.0000000     )
      ->  Parameter number   26 :                                        Bck_22_pat1     757.87671    ( +/-     0.0000000     )
      ->  Parameter number   27 :                                        Bck_23_pat1     736.40649    ( +/-     0.0000000     )
      ->  Parameter number   28 :                                        Bck_24_pat1     675.19019    ( +/-     0.0000000     )
      ->  Parameter number   29 :                                        Bck_25_pat1     589.72491    ( +/-     0.0000000     )
      ->  Parameter number   30 :                                        Bck_26_pat1     519.20972    ( +/-     0.0000000     )
      ->  Parameter number   31 :                                        Bck_27_pat1     482.28891    ( +/-     0.0000000     )
      ->  Parameter number   32 :                                        Bck_28_pat1     389.97739    ( +/-     0.0000000     )
      ->  Parameter number   33 :                                        Bck_29_pat1     319.54019    ( +/-     0.0000000     )
      ->  Parameter number   34 :                                    Cell_A_ph1_pat1     10.824750    ( +/-     0.0000000     )
      ->  Parameter number   35 :                                    Cell_A_ph2_pat1     3.8368900    ( +/-     0.0000000     )
      ->  Parameter number   36 :                                    Cell_B_ph1_pat1     5.9459600    ( +/-     0.0000000     )
      ->  Parameter number   37 :                                    Cell_C_ph1_pat1     4.8408899    ( +/-     0.0000000     )
      ->  Parameter number   38 :                                    U-Cagl_ph1_pat1    0.24677999    ( +/-     0.0000000     )
      ->  Parameter number   39 :                                    U-Cagl_ph2_pat1    0.45708999    ( +/-     0.0000000     )
      ->  Parameter number   40 :                                     Y-cos_ph1_pat1    0.31560000E-01( +/-     0.0000000     )
      ->  Parameter number   41 :                                     Y-cos_ph2_pat1    0.41891000    ( +/-     0.0000000     )
      ->  Parameter number   42 :                                          X_Fe1_ph1   -0.19619999E-01( +/-     0.0000000     )
      ->  Parameter number   43 :                                           Z_O3_ph1   -0.26100001E-02( +/-     0.0000000     )
      ->  Parameter number   44 :                                          Z_Fe1_ph1   -0.10010000E-01( +/-     0.0000000     )
      ->  Parameter number   45 :                                           X_P1_ph1    0.41310001E-01( +/-     0.0000000     )
      ->  Parameter number   46 :                                           Y_O3_ph1    0.37200000E-01( +/-     0.0000000     )
      ->  Parameter number   47 :                                           Z_P1_ph1    0.37749998E-01( +/-     0.0000000     )
      ->  Parameter number   48 :                                           X_O1_ph1    0.19859999E-01( +/-     0.0000000     )
      ->  Parameter number   49 :                                           X_O3_ph1   -0.11280000E-01( +/-     0.0000000     )
      ->  Parameter number   50 :                                           Z_O1_ph1   -0.80199996E-02( +/-     0.0000000     )
      ->  Parameter number   51 :                                           X_O2_ph1    0.31959999E-01( +/-     0.0000000     )
      ->  Parameter number   52 :                                           Z_O2_ph1   -0.39269999E-01( +/-     0.0000000     )
      ->  Parameter number   53 :                                       Biso_Fe1_ph1    0.23241000    ( +/-     0.0000000     )
      ->  Parameter number   54 :                                       Biso_AL1_ph2    0.87651998    ( +/-     0.0000000     )
      ->  Parameter number   55 :                                        Biso_O3_ph1     1.0502700    ( +/-     0.0000000     )
      ->  Parameter number   56 :                                        Biso_P1_ph1    0.58824998    ( +/-     0.0000000     )
      ->  Parameter number   57 :                                        Biso_O2_ph1    0.62523001    ( +/-     0.0000000     )
      ->  Parameter number   58 :                                        Biso_O1_ph1     1.3981400    ( +/-     0.0000000     )

 ------------------------------------------------------------------
 => Number of bytes for floating point variables: 4
 => Dimensions of dynamic allocated arrays in this run of FullProf:
 ------------------------------------------------------------------

 => Total approximate array memory (dynamic + static): 115719821 bytes

    MaxPOINT=    70000 Max.num. of points(+int. Inten.)/diffraction pattern       
    MaxREFLT=    20000 Max.num. of reflections/diffraction pattern               
    MaxPARAM=      800 Max.num. of refinable parameters                          
    MaxOVERL=     2024 Max.num. of overlapping reflections                       

 ----------------------------------------------------------
 => Number of bytes for floating point arrays: 4
 => Dimensions of fixed arrays in this release of FullProf:
 ----------------------------------------------------------

    NPATT   =       80 Max.num. of powder diffraction patterns                    
    NATS    =      830 Max.num. of atoms (all kind) in asymmetric unit            
    MPAR    =     1800 Max.num. of non atomic parameters/phase                    
    IEXCL   =       30 Max.num. of excluded regions                               
    IBACP   =      377 Max.num. of background points for interpolation            
    NPHT    =       16 Max.num. of phases                                         
    NMAGM   =        8 Max.num. of rotation-matrices sets for magnetic structure  
    NBASIS  =       12 Max.num. of basis functions associated to a single atom    
    NIREPS  =        9 Max.num. of irreducible representations to be combined     
    N_EQ    =      384 Max.num. of user-supplied symmetry operators/propagation vectors
    NGL     =      400 Max.num. of global parameters/diffraction pattern          
    N_LINC  =       50 Max.num. of global linear restraints                        
    NAT_P   =       80 Max.num. of atomic parameters per atom                     
    NCONST  =      500 Max.num. of slack constraints per phase                    
    N_SPE   =       30 Max.num. of different chemical species                     
    N_FORM  =       60 Max.num. of scattering factor values in a table            
    NPR     =      150 Max.num. of points defining a numerical profile            
    INPR    =       25 Max.num. of different numerical peak shapes                
    NPRC    =      150 Max.num. of terms in the table for correcting intensities  
    NSOL    =       10 Max.num. of solutions to be stored in Montecarlo searchs   

 
              CPU Time:     0.141 seconds
                            0.002 minutes

 => Run finished at:     Date: 19/01/2023  Time: 12:53:47.069                              
