

        **********************************************************
        ** PROGRAM FullProf.2k (Version 7.40 - Jan2021-ILL JRC) **
        **********************************************************
                       M U L T I -- P A T T E R N                 
            Rietveld, Profile Matching & Integrated Intensity     
                 Refinement of X-ray and/or Neutron Data


    Date: 19/01/2023  Time: 12:53:47.127                              

 => PCR file code: /home/gallo/work/models_cic/ref-fp/files/simulations/3_FP_INPUT
 => DAT file code: EXP_PATTERN          -> Relative contribution: 1.0000                                                            

 ==> CONDITIONS OF THIS RUN FOR PATTERN No.:  1

 => Pattern calculation, X-ray
    Bragg-Brentano(X-rays) or Debye-Scherrer geometry(Neutrons)
 => Title:    Phases    extracted    from    file:    14LFPka_f00003.xye.buf

 => Number of phases:    2
 => Number of excluded regions:    1
 => Number of scattering factors supplied:    0
 => March-Dollase model for preferred orientation
 => Conventional weights: w=1.0/Variance(yobs)
 => Asymmetry correction as in J.Appl.Cryst. 26,128(1993)
 => Background linearly interpolated between the   30 points given
 => The    7th default profile function was selected
 => T-C-H Pseudo-Voigt function 
    This function is convoluted with asymmetry due to axial 
    divergence as formulated by: 
    van Laar and Yelon, J. Appl. Cryst. 17, 47(1984).
    and using the method of:
    Finger, Cox and Jephcoat, J. Appl. Cryst. 27, 892 (1994).
    Fortran 90 module adapted from function PROFVAL (in F77) : 
    L.W. Finger, J. Appl. Cryst. 31, 111 (1998).


 ==> INPUT/OUTPUT OPTIONS:

 => Output Obs and Calc intensities on last cycle
 => Generate bacground file *.bac
 => Generate file *.PRF for plot
 => Output Integrated Intensities
 => Generate new input file *.PCR

 => X-Y type of data: 2theta/TOF/E(Kev) Intens sigma for pattern:  1
 => Plot pattern at each cycle
 => Wavelengths:  1.12698 1.12698
 => Alpha2/Alpha1 ratio:   0.0000
 => Cos(Monochromator angle)=   0.7999
 => Asymmetry correction for angles lower than  180.000 degrees
 => Absorption correction (AC), muR-eff =   0.0000  0.0000
 => Base of peaks: 2.0*HW*   15.00

 => Number of cycles:    1
 => Relaxation factors ==>    for coordinates:  1.00
 => for anisotropic temperature factors:  1.00
 => for halfwidth/strain/size parameters:  1.00
 => for lattice constants and propagation vectors:  1.00
 => EPS-value for convergence:    0.1
 => Background ==> 
    Position   Intensity
       12.72     2666.42       41.00
       14.32     3422.09       51.00
       15.91     3705.88       61.00
       17.51     2583.33       71.00
       19.11     2146.87       81.00
       20.70     1878.33       91.00
       22.30     1570.07      101.00
       23.89     1340.87      111.00
       25.49     1302.41      121.00
       27.09     1261.41      131.00
       28.68     1104.20      141.00
       30.28     1165.65      151.00
       31.87     1182.72      161.00
       33.47     1026.15      171.00
       35.07      975.22      181.00
       36.66      989.01      191.00
       38.26      861.81      201.00
       39.85      883.65      211.00
       41.45      890.44      221.00
       43.05      841.15      231.00

       44.64      815.30      241.00
       46.24      901.48      251.00
       47.83      757.88      261.00
       49.43      736.41      271.00
       51.03      675.19      281.00
       52.62      589.72      291.00
       54.22      519.21      301.00
       55.81      482.29      311.00
       57.41      389.98      321.00
       59.01      319.54      331.00

 

 => Excluded regions for Pattern#  1
    From     to
      0.0000     11.5000

 => Instrumental Resolution read from file: /home/gallo/work/models_cic/ref-fp/files/IRF_NOTOS_July2022_MR.irf
 => Title of data: !Instrument Resolution Function of the diffractometer ALBA NOTOS July2022 Si_11keV_f00009.dat MR20220827

 => The resolution function is IRESOL:   1 for profile function #   7
    Input resolution parameters:

     U-inst     V-inst     W-inst     X-inst     Y-inst     Z-inst
    0.00500   -0.00011    0.00077    0.02372    0.00000    0.00000
    0.00500   -0.00011    0.00077    0.02372    0.00000    0.00000

 => Number of Least-Squares parameters varied:    58

 =>--------------------------->
 =>------->  PATTERN number:  1
 =>--------------------------->
 => Global parameters and codes ==>
 => Zero-point:     0.0446   31.0000
 => Displacement peak-shift parameter and code:    -0.03    0.00
 => Transparency peak-shift parameter and code:    -0.00    0.00
 --------------------------------------------------------------------------------
 => Phase  No. 1
      cod-1101111.cif                                                       
 --------------------------------------------------------------------------------
 =>-------> Pattern#  1
 => Crystal Structure Refinement
 => Preferred orientation vector:   0.0000  0.0000  1.0000

 =>-------> Data for PHASE: 1
 => Number of atoms:    6
 => Number of distance  constraints:    0
 => Number of angle     constraints:    0

 => Symmetry information on space group: P n m a             
 -> The multiplicity of the general position is:   8
 -> The space group is Centric (-1 at origin)   
 -> Lattice type  P: { 000 }                                       
 -> Reduced set of symmetry operators:

  No.  IT   Symmetry symbol    Rotation part     Associated Translation
   1: ( 1)   1            -->     ( x, y, z) + {  0.0000  0.0000  0.0000}
   2: ( 4)   2 ( x, 0, 0) -->     ( x,-y,-z) + {  0.5000  0.5000  0.5000}
   3: ( 3)   2 ( 0, y, 0) -->     (-x, y,-z) + {  0.0000  0.5000  0.0000}
   4: ( 2)   2 ( 0, 0, z) -->     (-x,-y, z) + {  0.5000  0.0000  0.5000}


        Information on Space Group: 
        --------------------------- 

 =>   Number of Space group:  62
 =>  Hermann-Mauguin Symbol: P n m a
 =>             Hall Symbol: -P 2ac 2n
 =>            Setting Type: IT (Generated from Hermann-Mauguin symbol)
 =>          Crystal System: Orthorhombic
 =>              Laue Class: mmm
 =>             Point Group: mmm
 =>         Bravais Lattice: P
 =>          Lattice Symbol: oP
 =>  Reduced Number of S.O.:   4
 =>    General multiplicity:   8
 =>          Centrosymmetry: Centric (-1 at origin)
 =>  Generators (exc. -1&L):   2
 =>         Asymmetric unit:  0.000 <= x <=  0.500
                              0.000 <= y <=  0.250
                              0.000 <= z <=  1.000

 => List of S.O. without inversion and lattice centring translations
 => SYMM(  1): x,y,z                               => SYMM(  2): x+1/2,-y+1/2,-z+1/2
 => SYMM(  3): -x,y+1/2,-z                         => SYMM(  4): -x+1/2,-y,z+1/2


 => Initial parameters ==>
 Atom    Ntyp                  X         Y         Z         B         occ.         in  fin  Spc  Mult
                             B11       B22       B33       B12       B13       B23
 Fe1    Fe                -0.01517   0.25000   0.01593   0.84346   0.50000           0    0    0    4
                 Codes:  421.00000   0.00000 441.00000 531.00000   0.00000
 Li1    Li                 0.00000   0.00000   0.00000   1.00000   0.50000           0    0    0    4
                 Codes:    0.00000   0.00000   0.00000   0.00000   0.00000
 P1     P                  0.02915   0.25000  -0.01560   0.85125   0.50000           0    0    0    4
                 Codes:  451.00000   0.00000 471.00000 561.00000   0.00000
 O1     O                 -0.03469   0.25000  -0.00253   0.74827   0.50000           0    0    0    4
                 Codes:  481.00000   0.00000 501.00000 581.00000   0.00000
 O2     O                 -0.00299   0.25000  -0.03861   0.16493   0.50000           0    0    0    4
                 Codes:  511.00000   0.00000 521.00000 571.00000   0.00000
 O3     O                  0.03438   0.01556   0.02152   1.24380   1.00000           0    0    0    8
                 Codes:  491.00000 461.00000 431.00000 551.00000   0.00000

 => IT IS ASSUMED THAT THE FIRST GIVEN SITE IS FULLY OCCUPIED 
    OR THE FIRST AND SECOND ATOMS ARE IN THE SAME SITE WITH TOTAL FULL OCCUPATION
  (If this is not the case, change the order of atoms to obtain correct values for the content of the unit cell)
    The given occupation factors have been obtained mutiplying m/M by   1.0000
      -> Atom: Fe  ,  Chemical element: FE  Atomic Mass:    55.8470
      -> Atom: Li  ,  Chemical element: LI  Atomic Mass:     6.9410
      -> Atom: P   ,  Chemical element: P   Atomic Mass:    30.9738
      -> Atom: O   ,  Chemical element: O   Atomic Mass:    15.9994
      -> Atom: O   ,  Chemical element: O   Atomic Mass:    15.9994
      -> Atom: O   ,  Chemical element: O   Atomic Mass:    15.9994
 => The given value of ATZ is        631.04 the program has calculated:         631.04
    The value of ATZ given in the input PCR file will be used for quantitative analysis
 => The chemical content of the unit cell is: 
       4.0000 Fe   +   4.0000 Li   +   4.0000 P    +   4.0000 O    +   4.0000 O    +   8.0000 O      
 => The normalized site occupation numbers in % are: 
     100.0000 Fe1    :      100.0000 Li1    :      100.0000 P1     :      100.0000 O1     :      100.0000 O2     :      100.0000 O3       
 => The density (volumic mass) of the compound is:    3.685 g/cm3

 =>-------> PROFILE PARAMETERS FOR PATTERN:  1

 => Overall scale factor:   0.368338E-07
 => ETA (p-Voigt) OR M (Pearson VII):   0.0000
 => Overall temperature factor:      0.00000
 => Halfwidth U,V,W:      0.31157     0.00000     0.00000
 => X and Y parameters:       0.0000      0.1198
 => Direct cell parameters:   10.1502   6.1545   4.5520  90.0000  90.0000  90.0000
 => Preferred orientation parameters:   1.0000  0.0000
 => Asymmetry parameters     :      0.00000     0.00000     0.00000     0.00000
 => Strain parameters        :      0.00000     0.00000     0.00000
 => Size   parameters        :      0.00000     0.00000
 => Further shape parameters (S_L and D_L):   0.00000   0.00000
    S_L is source width/detector distance
    D_L is detector width/detector distance

 ==> CODEWORDS FOR PROFILE PARAMETERS of PATTERN#  1

 => Overall scale factor:   11.000
 => ETA (p-Voigt) OR M (Pearson VII):    0.000
 => Overall temperature factor:    0.000
 => Halfwidth U,V,W:  381.000   0.000   0.000
 => X and Y parameters:    0.000 401.000
 => Direct cell parameters:  341.000 361.000 371.000   0.000   0.000   0.000
 => Preferred orientation parameters:    0.000   0.000
 => Asymmetry parameters     :    0.000   0.000   0.000   0.000
 => Strain parameters        :    0.000   0.000   0.000
 => Size   parameters        :    0.000   0.000

 => Cell constraints according to Laue symmetry: mmm  

        Metric information:
        -------------------

 => Direct cell parameters:

         a =      10.1502      b =       6.1545      c =       4.5520
     alpha =       90.000   beta =       90.000  gamma =       90.000
                        Direct Cell Volume =     284.3608

 => Reciprocal cell parameters:

         a*=     0.098521      b*=     0.162482      c*=     0.219684
     alpha*=       90.000   beta*=       90.000  gamma*=       90.000
                    Reciprocal Cell Volume =   0.00351666

 => Direct and Reciprocal Metric Tensors:

                   GD                                       GR
    103.0260      0.0000      0.0000          0.009706    0.000000    0.000000
      0.0000     37.8781      0.0000          0.000000    0.026400    0.000000
      0.0000      0.0000     20.7207          0.000000    0.000000    0.048261

 =>  Cartesian frame: z // c; y is in the bc-plane; x is y ^ z = a*  

     Crystal_to_Orthonormal_Matrix              Orthonormal_to_Crystal Matrix
              Cr_Orth_cel                               Orth_Cr_cel  
     10.1502      0.0000      0.0000          0.098521   -0.000000   -0.000000
      0.0000      6.1545      0.0000          0.000000    0.162482   -0.000000
      0.0000      0.0000      4.5520          0.000000    0.000000    0.219684

     Busing-Levy B-matrix: Hc=B.H            Inverse of the Busing-Levy B-matrix
                BL_M                                      BL_Minv  
    0.098521    0.000000    0.000000           10.1502     -0.0000     -0.0000
    0.000000    0.162482   -0.000000            0.0000      6.1545      0.0000
    0.000000    0.000000    0.219684            0.0000      0.0000      4.5520

 => Laue symmetry mmm   will be used to generate HKL for pattern#   1
 => Reflections generated between S(1/d)min:  0.1720 A-1 and S(1/d)max:  1.0062 A-1
 =>                                    dmax:  5.8125 A   and      dmin:  0.9939 A
 => The number of reflections generated is:    169
 => The max. scatt. variable (gen.ref.) is:        69.0789
 => Scattering coefficients from internal table


 => X-ray scattering coeff. (A1, B1, A2,...C, f(0), Z, Dfp,Dfpp)

 FE     11.7695   4.7611   7.3573   0.3072   3.5222  15.3535   2.3045  76.8805   1.0369  25.9904  26.0000   0.3010   0.8450
 LI      1.1282   3.9546   0.7508   1.0524   0.6175  85.3905   0.4653 168.2610   0.0377   2.9995   3.0000   0.0000   0.0000
 P       6.4345   1.9067   4.1791  27.1570   1.7800   0.5260   1.4908  68.1645   1.1149  14.9993  15.0000   0.0900   0.0950
 O       3.0485  13.2771   2.2868   5.7011   1.5463   0.3239   0.8670  32.9089   0.2508   7.9994   8.0000   0.0080   0.0060
 --------------------------------------------------------------------------------
 => Phase  No. 2
      cod-4313206.cif                                                       
 --------------------------------------------------------------------------------
 =>-------> Pattern#  1
 => Crystal Structure Refinement
 => Preferred orientation vector:   0.0000  0.0000  1.0000

 =>-------> Data for PHASE: 2
 => Number of atoms:    1
 => Number of distance  constraints:    0
 => Number of angle     constraints:    0

 => Symmetry information on space group: F m -3 m            
 -> The multiplicity of the general position is: 192
 -> The space group is Centric (-1 at origin)   
 -> Lattice type  F: { 000;  0  1/2 1/2; 1/2  0  1/2; 1/2 1/2  0 }+
 -> Reduced set of symmetry operators:

  No.  IT   Symmetry symbol    Rotation part     Associated Translation
   1: ( 1)   1            -->     ( x, y, z) + {  0.0000  0.0000  0.0000}
   2: ( 4)   2 ( x, 0, 0) -->     ( x,-y,-z) + {  0.0000  0.0000  0.0000}
   3: ( 3)   2 ( 0, y, 0) -->     (-x, y,-z) + {  0.0000  0.0000  0.0000}
   4: ( 2)   2 ( 0, 0, z) -->     (-x,-y, z) + {  0.0000  0.0000  0.0000}
   5: ( 9)  3- ( x, x, x) -->     ( y, z, x) + {  0.0000  0.0000  0.0000}
   6: (12)  3- (-x, x,-x) -->     (-y,-z, x) + {  0.0000  0.0000  0.0000}
   7: (11)  3- (-x,-x, x) -->     ( y,-z,-x) + {  0.0000  0.0000  0.0000}
   8: (10)  3- ( x,-x,-x) -->     (-y, z,-x) + {  0.0000  0.0000  0.0000}
   9: ( 5)  3+ ( x, x, x) -->     ( z, x, y) + {  0.0000  0.0000  0.0000}
  10: ( 8)  3+ (-x,-x, x) -->     (-z, x,-y) + {  0.0000  0.0000  0.0000}
  11: ( 7)  3+ ( x,-x,-x) -->     (-z,-x, y) + {  0.0000  0.0000  0.0000}
  12: ( 6)  3+ (-x, x,-x) -->     ( z,-x,-y) + {  0.0000  0.0000  0.0000}
  13: (14)   2 ( x,-x, 0) -->     (-y,-x,-z) + {  0.0000  0.0000  0.0000}
  14: (15)  4- ( 0, 0, z) -->     ( y,-x, z) + {  0.0000  0.0000  0.0000}
  15: (16)  4+ ( 0, 0, z) -->     (-y, x, z) + {  0.0000  0.0000  0.0000}
  16: (13)   2 ( x, x, 0) -->     ( y, x,-z) + {  0.0000  0.0000  0.0000}
  17: (24)   2 (-x, 0, x) -->     (-z,-y,-x) + {  0.0000  0.0000  0.0000}
  18: (21)  4+ ( 0, y, 0) -->     ( z, y,-x) + {  0.0000  0.0000  0.0000}
  19: (22)   2 ( x, 0, x) -->     ( z,-y, x) + {  0.0000  0.0000  0.0000}
  20: (23)  4- ( 0, y, 0) -->     (-z, y, x) + {  0.0000  0.0000  0.0000}
  21: (19)   2 ( 0, y,-y) -->     (-x,-z,-y) + {  0.0000  0.0000  0.0000}
  22: (18)   2 ( 0, y, y) -->     (-x, z, y) + {  0.0000  0.0000  0.0000}
  23: (17)  4- ( x, 0, 0) -->     ( x, z,-y) + {  0.0000  0.0000  0.0000}
  24: (20)  4+ ( x, 0, 0) -->     ( x,-z, y) + {  0.0000  0.0000  0.0000}


        Information on Space Group: 
        --------------------------- 

 =>   Number of Space group: 225
 =>  Hermann-Mauguin Symbol: F m -3 m
 =>             Hall Symbol: -F 4 2 3
 =>            Setting Type: IT (Generated from Hermann-Mauguin symbol)
 =>          Crystal System: Cubic
 =>              Laue Class: m-3m
 =>             Point Group: m-3m
 =>         Bravais Lattice: F
 =>          Lattice Symbol: cF
 =>  Reduced Number of S.O.:  24
 =>    General multiplicity: 192
 =>          Centrosymmetry: Centric (-1 at origin)
 =>  Generators (exc. -1&L):   3
 =>         Asymmetric unit:  0.000 <= x <=  0.500
                              0.000 <= y <=  0.250
                              0.000 <= z <=  0.250

 => List of S.O. without inversion and lattice centring translations
 => SYMM(  1): x,y,z                               => SYMM(  2): x,-y,-z
 => SYMM(  3): -x,y,-z                             => SYMM(  4): -x,-y,z
 => SYMM(  5): y,z,x                               => SYMM(  6): -y,-z,x
 => SYMM(  7): y,-z,-x                             => SYMM(  8): -y,z,-x
 => SYMM(  9): z,x,y                               => SYMM( 10): -z,x,-y
 => SYMM( 11): -z,-x,y                             => SYMM( 12): z,-x,-y
 => SYMM( 13): y,x,z                               => SYMM( 14): -y,x,-z
 => SYMM( 15): y,-x,-z                             => SYMM( 16): -y,-x,z
 => SYMM( 17): z,y,x                               => SYMM( 18): -z,-y,x
 => SYMM( 19): -z,y,-x                             => SYMM( 20): z,-y,-x
 => SYMM( 21): x,z,y                               => SYMM( 22): x,-z,-y
 => SYMM( 23): -x,-z,y                             => SYMM( 24): -x,z,-y


 => Initial parameters ==>
 Atom    Ntyp                  X         Y         Z         B         occ.         in  fin  Spc  Mult
                             B11       B22       B33       B12       B13       B23
 AL1    Al                 0.00000   0.00000   0.00000   0.87958   0.02083           0    0    0    4
                 Codes:    0.00000   0.00000   0.00000 541.00000   0.00000

 => IT IS ASSUMED THAT THE FIRST GIVEN SITE IS FULLY OCCUPIED 
    OR THE FIRST AND SECOND ATOMS ARE IN THE SAME SITE WITH TOTAL FULL OCCUPATION
  (If this is not the case, change the order of atoms to obtain correct values for the content of the unit cell)
    The phase contains sites partially occupied
      -> Atom: Al  ,  Chemical element: AL  Atomic Mass:    26.9815
 => The given value of ATZ is        107.89 the program has calculated:         107.89
    The value of ATZ given in the input PCR file will be used for quantitative analysis
 => The chemical content of the unit cell is: 
       4.0000 Al     
 => The normalized site occupation numbers in % are: 
     100.0000 AL1      
 => The density (volumic mass) of the compound is:    3.701 g/cm3

 =>-------> PROFILE PARAMETERS FOR PATTERN:  1

 => Overall scale factor:   0.876217E-07
 => ETA (p-Voigt) OR M (Pearson VII):   0.0000
 => Overall temperature factor:      0.00000
 => Halfwidth U,V,W:      0.09525     0.00000     0.00000
 => X and Y parameters:       0.0000      0.3355
 => Direct cell parameters:    3.6450   3.6450   3.6450  90.0000  90.0000  90.0000
 => Preferred orientation parameters:   1.0000  0.0000
 => Asymmetry parameters     :      0.00000     0.00000     0.00000     0.00000
 => Strain parameters        :      0.00000     0.00000     0.00000
 => Size   parameters        :      0.00000     0.00000
 => Further shape parameters (S_L and D_L):   0.00000   0.00000
    S_L is source width/detector distance
    D_L is detector width/detector distance

 ==> CODEWORDS FOR PROFILE PARAMETERS of PATTERN#  1

 => Overall scale factor:   21.000
 => ETA (p-Voigt) OR M (Pearson VII):    0.000
 => Overall temperature factor:    0.000
 => Halfwidth U,V,W:  391.000   0.000   0.000
 => X and Y parameters:    0.000 410.010
 => Direct cell parameters:  351.000 351.000 351.000   0.000   0.000   0.000
 => Preferred orientation parameters:    0.000   0.000
 => Asymmetry parameters     :    0.000   0.000   0.000   0.000
 => Strain parameters        :    0.000   0.000   0.000
 => Size   parameters        :    0.000   0.000

 => Cell constraints according to Laue symmetry: m-3m 

        Metric information:
        -------------------

 => Direct cell parameters:

         a =       3.6450      b =       3.6450      c =       3.6450
     alpha =       90.000   beta =       90.000  gamma =       90.000
                        Direct Cell Volume =      48.4288

 => Reciprocal cell parameters:

         a*=     0.274346      b*=     0.274346      c*=     0.274346
     alpha*=       90.000   beta*=       90.000  gamma*=       90.000
                    Reciprocal Cell Volume =   0.02064889

 => Direct and Reciprocal Metric Tensors:

                   GD                                       GR
     13.2862      0.0000      0.0000          0.075266    0.000000    0.000000
      0.0000     13.2862      0.0000          0.000000    0.075266    0.000000
      0.0000      0.0000     13.2862          0.000000    0.000000    0.075266

 =>  Cartesian frame: z // c; y is in the bc-plane; x is y ^ z = a*  

     Crystal_to_Orthonormal_Matrix              Orthonormal_to_Crystal Matrix
              Cr_Orth_cel                               Orth_Cr_cel  
      3.6450      0.0000      0.0000          0.274346   -0.000000   -0.000000
      0.0000      3.6450      0.0000          0.000000    0.274346   -0.000000
      0.0000      0.0000      3.6450          0.000000    0.000000    0.274346

     Busing-Levy B-matrix: Hc=B.H            Inverse of the Busing-Levy B-matrix
                BL_M                                      BL_Minv  
    0.274346    0.000000    0.000000            3.6450     -0.0000     -0.0000
    0.000000    0.274346   -0.000000            0.0000      3.6450      0.0000
    0.000000    0.000000    0.274346            0.0000      0.0000      3.6450

 => Laue symmetry m-3m  will be used to generate HKL for pattern#   1
 => Reflections generated between S(1/d)min:  0.1720 A-1 and S(1/d)max:  1.0862 A-1
 =>                                    dmax:  5.8125 A   and      dmin:  0.9206 A
 => The number of reflections generated is:      5
 => The max. scatt. variable (gen.ref.) is:        75.4803
 => Scattering coefficients from internal table


 => X-ray scattering coeff. (A1, B1, A2,...C, f(0), Z, Dfp,Dfpp)

 AL      6.4202   3.0387   1.9002   0.7426   1.5936  31.5472   1.9646  85.0886   1.1151  12.9937  13.0000   0.0560   0.0520

     --------------------------------------------------------------
      SYMBOLIC NAMES AND INITIAL VALUES OF PARAMETERS TO BE VARIED:
     --------------------------------------------------------------

      ->  Parameter number    1   -> Symbolic Name:                                     Scale_ph1_pat1    0.36833818E-07
      ->  Parameter number    2   -> Symbolic Name:                                     Scale_ph2_pat1    0.87621721E-07
      ->  Parameter number    3   -> Symbolic Name:                                          Zero_pat1    0.44550002E-01
      ->  Parameter number    4   -> Symbolic Name:                                         Bck_0_pat1     2666.4236    
      ->  Parameter number    5   -> Symbolic Name:                                         Bck_1_pat1     3422.0898    
      ->  Parameter number    6   -> Symbolic Name:                                         Bck_2_pat1     3705.8818    
      ->  Parameter number    7   -> Symbolic Name:                                         Bck_3_pat1     2583.3335    
      ->  Parameter number    8   -> Symbolic Name:                                         Bck_4_pat1     2146.8662    
      ->  Parameter number    9   -> Symbolic Name:                                         Bck_5_pat1     1878.3262    
      ->  Parameter number   10   -> Symbolic Name:                                         Bck_6_pat1     1570.0688    
      ->  Parameter number   11   -> Symbolic Name:                                         Bck_7_pat1     1340.8730    
      ->  Parameter number   12   -> Symbolic Name:                                         Bck_8_pat1     1302.4128    
      ->  Parameter number   13   -> Symbolic Name:                                         Bck_9_pat1     1261.4105    
      ->  Parameter number   14   -> Symbolic Name:                                        Bck_10_pat1     1104.2013    
      ->  Parameter number   15   -> Symbolic Name:                                        Bck_11_pat1     1165.6482    
      ->  Parameter number   16   -> Symbolic Name:                                        Bck_12_pat1     1182.7152    
      ->  Parameter number   17   -> Symbolic Name:                                        Bck_13_pat1     1026.1451    
      ->  Parameter number   18   -> Symbolic Name:                                        Bck_14_pat1     975.21552    
      ->  Parameter number   19   -> Symbolic Name:                                        Bck_15_pat1     989.01141    
      ->  Parameter number   20   -> Symbolic Name:                                        Bck_16_pat1     861.81488    
      ->  Parameter number   21   -> Symbolic Name:                                        Bck_17_pat1     883.65143    
      ->  Parameter number   22   -> Symbolic Name:                                        Bck_18_pat1     890.44269    
      ->  Parameter number   23   -> Symbolic Name:                                        Bck_19_pat1     841.14771    
      ->  Parameter number   24   -> Symbolic Name:                                        Bck_20_pat1     815.29852    
      ->  Parameter number   25   -> Symbolic Name:                                        Bck_21_pat1     901.48242    
      ->  Parameter number   26   -> Symbolic Name:                                        Bck_22_pat1     757.87671    
      ->  Parameter number   27   -> Symbolic Name:                                        Bck_23_pat1     736.40649    
      ->  Parameter number   28   -> Symbolic Name:                                        Bck_24_pat1     675.19019    
      ->  Parameter number   29   -> Symbolic Name:                                        Bck_25_pat1     589.72491    
      ->  Parameter number   30   -> Symbolic Name:                                        Bck_26_pat1     519.20972    
      ->  Parameter number   31   -> Symbolic Name:                                        Bck_27_pat1     482.28891    
      ->  Parameter number   32   -> Symbolic Name:                                        Bck_28_pat1     389.97739    
      ->  Parameter number   33   -> Symbolic Name:                                        Bck_29_pat1     319.54019    
      ->  Parameter number   34   -> Symbolic Name:                                    Cell_A_ph1_pat1     10.150170    
      ->  Parameter number   35   -> Symbolic Name:                                    Cell_A_ph2_pat1     3.6450300    
      ->  Parameter number   36   -> Symbolic Name:                                    Cell_B_ph1_pat1     6.1545200    
      ->  Parameter number   37   -> Symbolic Name:                                    Cell_C_ph1_pat1     4.5520000    
      ->  Parameter number   38   -> Symbolic Name:                                    U-Cagl_ph1_pat1    0.31156999    
      ->  Parameter number   39   -> Symbolic Name:                                    U-Cagl_ph2_pat1    0.95250003E-01
      ->  Parameter number   40   -> Symbolic Name:                                     Y-cos_ph1_pat1    0.11980000    
      ->  Parameter number   41   -> Symbolic Name:                                     Y-cos_ph2_pat1    0.33546999    
      ->  Parameter number   42   -> Symbolic Name:                                          X_Fe1_ph1   -0.15170000E-01
      ->  Parameter number   43   -> Symbolic Name:                                           Z_O3_ph1    0.21520000E-01
      ->  Parameter number   44   -> Symbolic Name:                                          Z_Fe1_ph1    0.15930001E-01
      ->  Parameter number   45   -> Symbolic Name:                                           X_P1_ph1    0.29150000E-01
      ->  Parameter number   46   -> Symbolic Name:                                           Y_O3_ph1    0.15560000E-01
      ->  Parameter number   47   -> Symbolic Name:                                           Z_P1_ph1   -0.15600000E-01
      ->  Parameter number   48   -> Symbolic Name:                                           X_O1_ph1   -0.34690000E-01
      ->  Parameter number   49   -> Symbolic Name:                                           X_O3_ph1    0.34380000E-01
      ->  Parameter number   50   -> Symbolic Name:                                           Z_O1_ph1   -0.25299999E-02
      ->  Parameter number   51   -> Symbolic Name:                                           X_O2_ph1   -0.29899999E-02
      ->  Parameter number   52   -> Symbolic Name:                                           Z_O2_ph1   -0.38610000E-01
      ->  Parameter number   53   -> Symbolic Name:                                       Biso_Fe1_ph1    0.84346002    
      ->  Parameter number   54   -> Symbolic Name:                                       Biso_AL1_ph2    0.87958002    
      ->  Parameter number   55   -> Symbolic Name:                                        Biso_O3_ph1     1.2438000    
      ->  Parameter number   56   -> Symbolic Name:                                        Biso_P1_ph1    0.85124999    
      ->  Parameter number   57   -> Symbolic Name:                                        Biso_O2_ph1    0.16493000    
      ->  Parameter number   58   -> Symbolic Name:                                        Biso_O1_ph1    0.74826998    
  

 --------------------------------------------------------------------------------------------------------------
 Pattern#  1 Phase No.:   1 Phase name: cod-1101111.cif               
 --------------------------------------------------------------------------------------------------------------

   No.  Code     H   K   L  Mult     Hw         2theta      Icalc       Iobs      Sigma      HwG     HwL       ETA       d-hkl        CORR

      1   1      2   0   0     2  0.155096      12.749        0.4        0.4      0.000  0.068608  0.123195  0.839690  5.075086    143.731888
      2   1      1   0   1     4  0.166353      15.594        0.5        0.5      0.000  0.081786  0.124166  0.799979  4.153449    191.064728
      3   1      2   1   0     4  0.170337      16.548        0.0        0.0      0.000  0.086296  0.124509  0.786961  3.915533    169.310928
      4   1      0   1   1     4  0.175327      17.714        0.0        0.0      0.000  0.091858  0.124942  0.771358  3.659755    147.357986
      5   1      1   1   1     8  0.180263      18.840        0.0        0.0      0.000  0.097282  0.125372  0.756642  3.442801    259.805023
      6   1      2   0   1     4  0.181614      19.144        0.0        0.0      0.000  0.098753  0.125491  0.752734  3.388642    125.711884
      7   1      0   2   0     2  0.190486      21.102        0.0        0.0      0.000  0.108308  0.126278  0.728251  3.077260     51.456745
      8   1      2   1   1     8  0.194111      21.885        0.0        0.0      0.000  0.112163  0.126604  0.718807  2.968437    190.932632
      9   1      3   0   1     4  0.203878      23.953        0.1        0.1      0.000  0.122434  0.127497  0.694827  2.715452     79.197174
     10   1      2   2   0     4  0.207620      24.731        0.0        0.0      0.000  0.126330  0.127845  0.686169  2.631333     74.111313
     11   1      4   0   0     2  0.212140      25.660        0.0        0.0      0.000  0.131008  0.128269  0.676077  2.537543     34.315784
     12   1      3   1   1     8  0.214881      26.219        0.0        0.0      0.000  0.133833  0.128529  0.670141  2.484382    131.230026
     13   1      1   2   1     8  0.215509      26.346        0.1        0.1      0.000  0.134479  0.128589  0.668800  2.472575    129.907578
     14   1      4   1   0     4  0.222713      27.796        0.0        0.0      0.000  0.141856  0.129281  0.653908  2.345963     58.064667
     15   1      2   2   1     8  0.226967      28.642        0.0        0.0      0.000  0.146187  0.129697  0.645517  2.278100    109.047432
     16   1      0   0   2     2  0.227104      28.669        0.0        0.0      0.000  0.146326  0.129710  0.645252  2.276000     27.207920
     17   1      1   0   2     4  0.230798      29.396        0.0        0.0      0.000  0.150071  0.130074  0.638204  2.220852     51.619144
     18   1      4   0   1     4  0.231104      29.456        0.0        0.0      0.000  0.150381  0.130105  0.637629  2.216420     51.397438
     19   1      1   1   2     8  0.240581      31.298        0.0        0.0      0.000  0.159932  0.131055  0.620501  2.089006     90.434860
     20   1      4   1   1     8  0.240877      31.354        0.0        0.0      0.000  0.160229  0.131085  0.619988  2.085316     90.088120
     21   1      2   0   2     4  0.241569      31.488        0.1        0.1      0.000  0.160923  0.131156  0.618788  2.076724     44.641579
     22   1      3   2   1     8  0.244940      32.133        0.0        0.0      0.000  0.164299  0.131500  0.613039  2.036076     85.521332
     23   1      2   1   2     8  0.250989      33.281        0.0        0.0      0.000  0.170337  0.132125  0.603083  1.967722     79.368782
     24   1      4   2   0     4  0.251912      33.455        0.0        0.0      0.000  0.171257  0.132221  0.601602  1.957766     39.245441
     25   1      2   3   0     4  0.257306      34.467        0.0        0.0      0.000  0.176617  0.132788  0.593155  1.901989     36.828888
     26   1      3   0   2     4  0.258672      34.721        0.0        0.0      0.000  0.177970  0.132932  0.591070  1.888473     36.254288
     27   1      0   3   1     4  0.260543      35.069        0.0        0.0      0.000  0.179823  0.133131  0.588247  1.870335     35.489910
     28   1      5   0   1     4  0.262263      35.387        0.0        0.0      0.000  0.181525  0.133315  0.585684  1.854021     34.808979
     29   1      1   3   1     8  0.263841      35.679        0.0        0.0      0.000  0.183084  0.133484  0.583362  1.839369     68.405563
     30   1      0   2   2     4  0.264879      35.870        0.0        0.0      0.000  0.184110  0.133595  0.581848  1.829877     33.812782
     31   1      3   1   2     8  0.267621      36.373        0.0        0.0      0.000  0.186813  0.133891  0.577906  1.805393     65.633087
     32   1      1   2   2     8  0.268140      36.469        0.0        0.0      0.000  0.187325  0.133947  0.577168  1.800847     65.266205
     33   1      4   2   1     8  0.268411      36.518        0.0        0.0      0.000  0.187592  0.133977  0.576783  1.798481     65.075745
     34   1      5   1   1     8  0.271127      37.014        0.0        0.0      0.000  0.190266  0.134272  0.572974  1.775220     63.216640
     35   1      2   3   1     8  0.273567      37.457        0.0        0.0      0.000  0.192664  0.134539  0.569615  1.754953     61.617672
     36   1      2   2   2     8  0.277763      38.215        0.0        0.0      0.000  0.196781  0.135001  0.563970  1.721401     59.013603
     37   1      4   0   2     4  0.281302      38.850        0.0        0.0      0.000  0.200246  0.135395  0.559337  1.694321     28.475485
     38   1      6   0   0     2  0.281653      38.913        0.0        0.0      0.000  0.200589  0.135434  0.558884  1.691695     14.188213
     39   1      3   3   1     8  0.289300      40.272        0.0        0.0      0.000  0.208054  0.136295  0.549273  1.636879     52.692043
     40   1      4   1   2     8  0.289786      40.357        0.0        0.0      0.000  0.208527  0.136350  0.548679  1.633549     52.450039
     41   1      6   1   0     4  0.290130      40.418        0.0        0.0      0.000  0.208863  0.136389  0.548259  1.631196     26.139652
     42   1      3   2   2     8  0.293360      40.986        0.0        0.0      0.000  0.212006  0.136758  0.544370  1.609553     50.721775
     43   1      4   3   0     4  0.295540      41.367        0.0        0.0      0.000  0.214125  0.137008  0.541792  1.595351     24.856070
     44   1      5   2   1     8  0.296679      41.566        0.0        0.0      0.000  0.215231  0.137139  0.540461  1.588062     49.197708
     45   1      6   0   1     4  0.297046      41.630        0.0        0.0      0.000  0.215588  0.137181  0.540034  1.585729     24.516821
     46   1      0   4   0     2  0.304766      42.966        0.0        0.0      0.000  0.223072  0.138079  0.531286  1.538630     11.444391
     47   1      6   1   1     8  0.305288      43.056        0.0        0.0      0.000  0.223576  0.138140  0.530711  1.535579     45.570358
     48   1      5   0   2     4  0.308880      43.671        0.0        0.0      0.000  0.227049  0.138563  0.526804  1.514976     22.091696
     49   1      1   3   2     8  0.310313      43.916        0.0        0.0      0.000  0.228434  0.138732  0.525269  1.506950     43.648766
     50   1      4   3   1     8  0.310563      43.959        0.0        0.0      0.000  0.228675  0.138762  0.525003  1.505564     43.556702
     51   1      1   0   3     4  0.311451      44.110        0.0        0.0      0.000  0.229532  0.138867  0.524061  1.500659     21.615938
     52   1      4   2   2     8  0.314485      44.625        0.0        0.0      0.000  0.232458  0.139229  0.520884  1.484218     42.151863
     53   1      6   2   0     4  0.314816      44.681        0.0        0.0      0.000  0.232778  0.139268  0.520541  1.482453     21.018324
     54   1      0   1   3     4  0.316564      44.976        0.0        0.0      0.000  0.234462  0.139477  0.518742  1.473221     20.718462
     55   1      2   4   0     4  0.316712      45.001        0.0        0.0      0.000  0.234604  0.139495  0.518591  1.472448     20.693443
     56   1      5   1   2     8  0.316977      45.045        0.0        0.0      0.000  0.234859  0.139527  0.518320  1.471063     41.297340
     57   1      2   3   2     8  0.319222      45.423        0.0        0.0      0.000  0.237021  0.139797  0.516044  1.459468     40.551361
     58   1      1   1   3     8  0.319521      45.473        0.0        0.0      0.000  0.237309  0.139833  0.515744  1.457944     40.453808
     59   1      2   0   3     4  0.320347      45.612        0.0        0.0      0.000  0.238103  0.139932  0.514916  1.453750     20.092979
     60   1      1   4   1     8  0.322532      45.977        0.0        0.0      0.000  0.240204  0.140197  0.512748  1.442813     39.491596

   No.  Code     H   K   L  Mult     Hw         2theta      Icalc       Iobs      Sigma      HwG     HwL       ETA       d-hkl        CORR

     61   1      2   1   3     8  0.328330      46.941        0.0        0.0      0.000  0.245771  0.140904  0.507136  1.414817     37.741821
     62   1      6   2   1     8  0.329448      47.126        0.0        0.0      0.000  0.246843  0.141041  0.506077  1.409585     37.419250
     63   1      2   4   1     8  0.331311      47.433        0.0        0.0      0.000  0.248629  0.141270  0.504328  1.400976     36.891502
     64   1      3   3   2     8  0.333863      47.852        0.0        0.0      0.000  0.251073  0.141585  0.501966  1.389419     36.189007
     65   1      3   0   3     4  0.334970      48.034        0.0        0.0      0.000  0.252133  0.141722  0.500953  1.384483     17.945520
     66   1      7   0   1     4  0.335617      48.139        0.0        0.0      0.000  0.252752  0.141803  0.500363  1.381620     17.859406
     67   1      5   3   1     8  0.337007      48.366        0.0        0.0      0.000  0.254082  0.141975  0.499106  1.375525     35.353497
     68   1      5   2   2     8  0.340816      48.985        0.0        0.0      0.000  0.257722  0.142451  0.495713  1.359189     34.384003
     69   1      6   0   2     4  0.341164      49.042        0.0        0.0      0.000  0.258054  0.142495  0.495407  1.357726     17.148916
     70   1      3   1   3     8  0.342839      49.313        0.0        0.0      0.000  0.259654  0.142705  0.493942  1.350728     33.887306
     71   1      1   2   3     8  0.343300      49.387        0.0        0.0      0.000  0.260094  0.142763  0.493542  1.348821     33.775867
     72   1      7   1   1     8  0.343482      49.416        0.0        0.0      0.000  0.260268  0.142786  0.493384  1.348069     33.731995
     73   1      3   4   1     8  0.345783      49.787        0.0        0.0      0.000  0.262463  0.143076  0.491405  1.338669     33.185856
     74   1      6   1   2     8  0.348994      50.302        0.0        0.0      0.000  0.265524  0.143483  0.488686  1.325847     32.448383
     75   1      4   4   0     4  0.351606      50.718        0.0        0.0      0.000  0.268012  0.143816  0.486514  1.315666     15.934529
     76   1      2   2   3     8  0.351921      50.769        0.0        0.0      0.000  0.268312  0.143856  0.486254  1.314453     31.800383
     77   1      4   3   2     8  0.354037      51.105        0.0        0.0      0.000  0.270326  0.144127  0.484521  1.306382     31.345554
     78   1      6   3   0     4  0.354356      51.155        0.0        0.0      0.000  0.270630  0.144168  0.484262  1.305178     15.638982
     79   1      4   0   3     4  0.355128      51.278        0.0        0.0      0.000  0.271364  0.144267  0.483636  1.302277     15.557757
     80   1      0   4   2     4  0.362716      52.471        0.0        0.0      0.000  0.278573  0.145247  0.477636  1.274686     14.796560
     81   1      4   1   3     8  0.362891      52.498        0.0        0.0      0.000  0.278739  0.145270  0.477500  1.274067     29.559441
     82   1      8   0   0     2  0.364403      52.734        0.0        0.0      0.000  0.280174  0.145467  0.476337  1.268771      7.318036
     83   1      1   4   2     8  0.365563      52.915        0.0        0.0      0.000  0.281274  0.145618  0.475451  1.264752     29.055088
     84   1      4   4   1     8  0.365801      52.952        0.0        0.0      0.000  0.281500  0.145649  0.475270  1.263932     29.010918
     85   1      3   2   3     8  0.366193      53.013        0.0        0.0      0.000  0.281872  0.145700  0.474973  1.262583     28.938364
     86   1      7   2   1     8  0.366828      53.112        0.0        0.0      0.000  0.282473  0.145783  0.474493  1.260411     28.821693
     87   1      6   3   1     8  0.368533      53.376        0.0        0.0      0.000  0.284089  0.146007  0.473211  1.254624     28.512121
     88   1      8   1   0     4  0.372136      53.932        0.0        0.0      0.000  0.287502  0.146481  0.470543  1.242641     13.938518
     89   1      6   2   2     8  0.372273      53.953        0.0        0.0      0.000  0.287632  0.146499  0.470443  1.242191     27.853357
     90   1      2   4   2     8  0.374088      54.232        0.0        0.0      0.000  0.289349  0.146739  0.469121  1.236287     27.543541
     91   1      7   0   2     4  0.378288      54.874        0.0        0.0      0.000  0.293322  0.147296  0.466113  1.222925     13.424777
     92   1      8   0   1     4  0.378525      54.910        0.0        0.0      0.000  0.293546  0.147328  0.465945  1.222184     13.405669
     93   1      0   3   3     4  0.379252      55.021        0.0        0.0      0.000  0.294233  0.147425  0.465432  1.219918     13.347377
     94   1      5   3   2     8  0.379647      55.081        0.0        0.0      0.000  0.294606  0.147477  0.465155  1.218692     26.631786
     95   1      5   0   3     4  0.380727      55.245        0.0        0.0      0.000  0.295627  0.147622  0.464398  1.215357     13.230468
     96   1      1   3   3     8  0.382086      55.450        0.0        0.0      0.000  0.296910  0.147803  0.463454  1.211202     26.248953
     97   1      7   1   2     8  0.385993      56.040        0.0        0.0      0.000  0.300598  0.148328  0.460775  1.199475     25.656038
     98   1      4   2   3     8  0.386051      56.049        0.0        0.0      0.000  0.300653  0.148336  0.460736  1.199304     25.647442
     99   1      8   1   1     8  0.386230      56.076        0.0        0.0      0.000  0.300822  0.148360  0.460615  1.198775     25.620909
    100   1      2   5   0     4  0.387097      56.206        0.0        0.0      0.000  0.301640  0.148477  0.460029  1.196223     12.746498
    101   1      3   4   2     8  0.388256      56.380        0.0        0.0      0.000  0.302732  0.148634  0.459252  1.192839     25.323992
    102   1      5   1   3     8  0.388430      56.406        0.0        0.0      0.000  0.302896  0.148657  0.459135  1.192331     25.298712
    103   1      0   5   1     4  0.389849      56.618        0.0        0.0      0.000  0.304234  0.148849  0.458189  1.188228     12.547399
    104   1      2   3   3     8  0.390580      56.727        0.0        0.0      0.000  0.304923  0.148948  0.457705  1.186132     24.991037
    105   1      5   4   1     8  0.391323      56.838        0.0        0.0      0.000  0.305623  0.149049  0.457215  1.184012     24.886309
    106   1      1   5   1     8  0.392680      57.040        0.0        0.0      0.000  0.306901  0.149233  0.456325  1.180169     24.697168
    107   1      8   2   0     4  0.395253      57.422        0.0        0.0      0.000  0.309325  0.149584  0.454656  1.172982     12.172884
    108   1      2   5   1     8  0.401171      58.294        0.0        0.0      0.000  0.314892  0.150396  0.450904  1.156941     23.572529
    109   1      3   3   3     8  0.404733      58.815        0.0        0.0      0.000  0.318240  0.150887  0.448702  1.147601     23.129351
    110   1      7   3   1     8  0.405365      58.907        0.0        0.0      0.000  0.318834  0.150975  0.448316  1.145968     23.052456

 --------------------------------------------------------------------------------------------------------------
 Pattern#  1 Phase No.:   2 Phase name: cod-4313206.cif               
 --------------------------------------------------------------------------------------------------------------

   No.  Code     H   K   L  Mult     Hw         2theta      Icalc       Iobs      Sigma      HwG     HwL       ETA       d-hkl        CORR

      1   1      1   1   1     8  0.378243      31.062        0.0        0.0      0.000  0.092087  0.354775  0.953189  2.104459     91.893867
      2   1      2   0   0     6  0.390822      36.020        0.0        0.0      0.000  0.106435  0.360465  0.941202  1.822515     50.267574
      3   1      2   2   0    12  0.442495      51.857        0.0        0.0      0.000  0.156242  0.384549  0.899709  1.288713     45.542912

     -----------------------------------------------------
     BRAGG R-Factors and weight fractions for Pattern #  1
     -----------------------------------------------------

 => Phase:  1     cod-1101111.cif
 => Bragg R-factor:   0.00       Vol:  284.361( 0.000)  Fract(%):   93.52( 0.00)
 => Rf-factor=  0.00             ATZ:         631.037   Brindley:  1.0000

 => Phase:  2     cod-4313206.cif
 => Bragg R-factor:   0.00       Vol:   48.429( 0.000)  Fract(%):    6.48( 0.00)
 => Rf-factor=  0.00             ATZ:         107.892   Brindley:  1.0000

     -----------------------------------------------------------------
      SYMBOLIC NAMES AND FINAL VALUES AND SIGMA OF REFINED PARAMETERS:
     -----------------------------------------------------------------

      ->  Parameter number    1 :                                     Scale_ph1_pat1    0.36833818E-07( +/-     0.0000000     )
      ->  Parameter number    2 :                                     Scale_ph2_pat1    0.87621721E-07( +/-     0.0000000     )
      ->  Parameter number    3 :                                          Zero_pat1    0.44550002E-01( +/-     0.0000000     )
      ->  Parameter number    4 :                                         Bck_0_pat1     2666.4236    ( +/-     0.0000000     )
      ->  Parameter number    5 :                                         Bck_1_pat1     3422.0898    ( +/-     0.0000000     )
      ->  Parameter number    6 :                                         Bck_2_pat1     3705.8818    ( +/-     0.0000000     )
      ->  Parameter number    7 :                                         Bck_3_pat1     2583.3335    ( +/-     0.0000000     )
      ->  Parameter number    8 :                                         Bck_4_pat1     2146.8662    ( +/-     0.0000000     )
      ->  Parameter number    9 :                                         Bck_5_pat1     1878.3262    ( +/-     0.0000000     )
      ->  Parameter number   10 :                                         Bck_6_pat1     1570.0688    ( +/-     0.0000000     )
      ->  Parameter number   11 :                                         Bck_7_pat1     1340.8730    ( +/-     0.0000000     )
      ->  Parameter number   12 :                                         Bck_8_pat1     1302.4128    ( +/-     0.0000000     )
      ->  Parameter number   13 :                                         Bck_9_pat1     1261.4105    ( +/-     0.0000000     )
      ->  Parameter number   14 :                                        Bck_10_pat1     1104.2013    ( +/-     0.0000000     )
      ->  Parameter number   15 :                                        Bck_11_pat1     1165.6482    ( +/-     0.0000000     )
      ->  Parameter number   16 :                                        Bck_12_pat1     1182.7152    ( +/-     0.0000000     )
      ->  Parameter number   17 :                                        Bck_13_pat1     1026.1451    ( +/-     0.0000000     )
      ->  Parameter number   18 :                                        Bck_14_pat1     975.21552    ( +/-     0.0000000     )
      ->  Parameter number   19 :                                        Bck_15_pat1     989.01141    ( +/-     0.0000000     )
      ->  Parameter number   20 :                                        Bck_16_pat1     861.81488    ( +/-     0.0000000     )
      ->  Parameter number   21 :                                        Bck_17_pat1     883.65143    ( +/-     0.0000000     )
      ->  Parameter number   22 :                                        Bck_18_pat1     890.44269    ( +/-     0.0000000     )
      ->  Parameter number   23 :                                        Bck_19_pat1     841.14771    ( +/-     0.0000000     )
      ->  Parameter number   24 :                                        Bck_20_pat1     815.29852    ( +/-     0.0000000     )
      ->  Parameter number   25 :                                        Bck_21_pat1     901.48242    ( +/-     0.0000000     )
      ->  Parameter number   26 :                                        Bck_22_pat1     757.87671    ( +/-     0.0000000     )
      ->  Parameter number   27 :                                        Bck_23_pat1     736.40649    ( +/-     0.0000000     )
      ->  Parameter number   28 :                                        Bck_24_pat1     675.19019    ( +/-     0.0000000     )
      ->  Parameter number   29 :                                        Bck_25_pat1     589.72491    ( +/-     0.0000000     )
      ->  Parameter number   30 :                                        Bck_26_pat1     519.20972    ( +/-     0.0000000     )
      ->  Parameter number   31 :                                        Bck_27_pat1     482.28891    ( +/-     0.0000000     )
      ->  Parameter number   32 :                                        Bck_28_pat1     389.97739    ( +/-     0.0000000     )
      ->  Parameter number   33 :                                        Bck_29_pat1     319.54019    ( +/-     0.0000000     )
      ->  Parameter number   34 :                                    Cell_A_ph1_pat1     10.150170    ( +/-     0.0000000     )
      ->  Parameter number   35 :                                    Cell_A_ph2_pat1     3.6450300    ( +/-     0.0000000     )
      ->  Parameter number   36 :                                    Cell_B_ph1_pat1     6.1545200    ( +/-     0.0000000     )
      ->  Parameter number   37 :                                    Cell_C_ph1_pat1     4.5520000    ( +/-     0.0000000     )
      ->  Parameter number   38 :                                    U-Cagl_ph1_pat1    0.31156999    ( +/-     0.0000000     )
      ->  Parameter number   39 :                                    U-Cagl_ph2_pat1    0.95250003E-01( +/-     0.0000000     )
      ->  Parameter number   40 :                                     Y-cos_ph1_pat1    0.11980000    ( +/-     0.0000000     )
      ->  Parameter number   41 :                                     Y-cos_ph2_pat1    0.33546999    ( +/-     0.0000000     )
      ->  Parameter number   42 :                                          X_Fe1_ph1   -0.15170000E-01( +/-     0.0000000     )
      ->  Parameter number   43 :                                           Z_O3_ph1    0.21520000E-01( +/-     0.0000000     )
      ->  Parameter number   44 :                                          Z_Fe1_ph1    0.15930001E-01( +/-     0.0000000     )
      ->  Parameter number   45 :                                           X_P1_ph1    0.29150000E-01( +/-     0.0000000     )
      ->  Parameter number   46 :                                           Y_O3_ph1    0.15560000E-01( +/-     0.0000000     )
      ->  Parameter number   47 :                                           Z_P1_ph1   -0.15600000E-01( +/-     0.0000000     )
      ->  Parameter number   48 :                                           X_O1_ph1   -0.34690000E-01( +/-     0.0000000     )
      ->  Parameter number   49 :                                           X_O3_ph1    0.34380000E-01( +/-     0.0000000     )
      ->  Parameter number   50 :                                           Z_O1_ph1   -0.25299999E-02( +/-     0.0000000     )
      ->  Parameter number   51 :                                           X_O2_ph1   -0.29899999E-02( +/-     0.0000000     )
      ->  Parameter number   52 :                                           Z_O2_ph1   -0.38610000E-01( +/-     0.0000000     )
      ->  Parameter number   53 :                                       Biso_Fe1_ph1    0.84346002    ( +/-     0.0000000     )
      ->  Parameter number   54 :                                       Biso_AL1_ph2    0.87958002    ( +/-     0.0000000     )
      ->  Parameter number   55 :                                        Biso_O3_ph1     1.2438000    ( +/-     0.0000000     )
      ->  Parameter number   56 :                                        Biso_P1_ph1    0.85124999    ( +/-     0.0000000     )
      ->  Parameter number   57 :                                        Biso_O2_ph1    0.16493000    ( +/-     0.0000000     )
      ->  Parameter number   58 :                                        Biso_O1_ph1    0.74826998    ( +/-     0.0000000     )

 ------------------------------------------------------------------
 => Number of bytes for floating point variables: 4
 => Dimensions of dynamic allocated arrays in this run of FullProf:
 ------------------------------------------------------------------

 => Total approximate array memory (dynamic + static): 115719821 bytes

    MaxPOINT=    70000 Max.num. of points(+int. Inten.)/diffraction pattern       
    MaxREFLT=    20000 Max.num. of reflections/diffraction pattern               
    MaxPARAM=      800 Max.num. of refinable parameters                          
    MaxOVERL=     2024 Max.num. of overlapping reflections                       

 ----------------------------------------------------------
 => Number of bytes for floating point arrays: 4
 => Dimensions of fixed arrays in this release of FullProf:
 ----------------------------------------------------------

    NPATT   =       80 Max.num. of powder diffraction patterns                    
    NATS    =      830 Max.num. of atoms (all kind) in asymmetric unit            
    MPAR    =     1800 Max.num. of non atomic parameters/phase                    
    IEXCL   =       30 Max.num. of excluded regions                               
    IBACP   =      377 Max.num. of background points for interpolation            
    NPHT    =       16 Max.num. of phases                                         
    NMAGM   =        8 Max.num. of rotation-matrices sets for magnetic structure  
    NBASIS  =       12 Max.num. of basis functions associated to a single atom    
    NIREPS  =        9 Max.num. of irreducible representations to be combined     
    N_EQ    =      384 Max.num. of user-supplied symmetry operators/propagation vectors
    NGL     =      400 Max.num. of global parameters/diffraction pattern          
    N_LINC  =       50 Max.num. of global linear restraints                        
    NAT_P   =       80 Max.num. of atomic parameters per atom                     
    NCONST  =      500 Max.num. of slack constraints per phase                    
    N_SPE   =       30 Max.num. of different chemical species                     
    N_FORM  =       60 Max.num. of scattering factor values in a table            
    NPR     =      150 Max.num. of points defining a numerical profile            
    INPR    =       25 Max.num. of different numerical peak shapes                
    NPRC    =      150 Max.num. of terms in the table for correcting intensities  
    NSOL    =       10 Max.num. of solutions to be stored in Montecarlo searchs   

 
              CPU Time:     0.156 seconds
                            0.003 minutes

 => Run finished at:     Date: 19/01/2023  Time: 12:53:47.288                              
