

        **********************************************************
        ** PROGRAM FullProf.2k (Version 7.40 - Jan2021-ILL JRC) **
        **********************************************************
                       M U L T I -- P A T T E R N                 
            Rietveld, Profile Matching & Integrated Intensity     
                 Refinement of X-ray and/or Neutron Data


    Date: 19/01/2023  Time: 12:53:47.344                              

 => PCR file code: /home/gallo/work/models_cic/ref-fp/files/simulations/4_FP_INPUT
 => DAT file code: EXP_PATTERN          -> Relative contribution: 1.0000                                                            

 ==> CONDITIONS OF THIS RUN FOR PATTERN No.:  1

 => Pattern calculation, X-ray
    Bragg-Brentano(X-rays) or Debye-Scherrer geometry(Neutrons)
 => Title:    Phases    extracted    from    file:    14LFPka_f00003.xye.buf

 => Number of phases:    2
 => Number of excluded regions:    1
 => Number of scattering factors supplied:    0
 => March-Dollase model for preferred orientation
 => Conventional weights: w=1.0/Variance(yobs)
 => Asymmetry correction as in J.Appl.Cryst. 26,128(1993)
 => Background linearly interpolated between the   30 points given
 => The    7th default profile function was selected
 => T-C-H Pseudo-Voigt function 
    This function is convoluted with asymmetry due to axial 
    divergence as formulated by: 
    van Laar and Yelon, J. Appl. Cryst. 17, 47(1984).
    and using the method of:
    Finger, Cox and Jephcoat, J. Appl. Cryst. 27, 892 (1994).
    Fortran 90 module adapted from function PROFVAL (in F77) : 
    L.W. Finger, J. Appl. Cryst. 31, 111 (1998).


 ==> INPUT/OUTPUT OPTIONS:

 => Output Obs and Calc intensities on last cycle
 => Generate bacground file *.bac
 => Generate file *.PRF for plot
 => Output Integrated Intensities
 => Generate new input file *.PCR

 => X-Y type of data: 2theta/TOF/E(Kev) Intens sigma for pattern:  1
 => Plot pattern at each cycle
 => Wavelengths:  1.12698 1.12698
 => Alpha2/Alpha1 ratio:   0.0000
 => Cos(Monochromator angle)=   0.7999
 => Asymmetry correction for angles lower than  180.000 degrees
 => Absorption correction (AC), muR-eff =   0.0000  0.0000
 => Base of peaks: 2.0*HW*   15.00

 => Number of cycles:    1
 => Relaxation factors ==>    for coordinates:  1.00
 => for anisotropic temperature factors:  1.00
 => for halfwidth/strain/size parameters:  1.00
 => for lattice constants and propagation vectors:  1.00
 => EPS-value for convergence:    0.1
 => Background ==> 
    Position   Intensity
       12.72     2666.42       41.00
       14.32     3422.09       51.00
       15.91     3705.88       61.00
       17.51     2583.33       71.00
       19.11     2146.87       81.00
       20.70     1878.33       91.00
       22.30     1570.07      101.00
       23.89     1340.87      111.00
       25.49     1302.41      121.00
       27.09     1261.41      131.00
       28.68     1104.20      141.00
       30.28     1165.65      151.00
       31.87     1182.72      161.00
       33.47     1026.15      171.00
       35.07      975.22      181.00
       36.66      989.01      191.00
       38.26      861.81      201.00
       39.85      883.65      211.00
       41.45      890.44      221.00
       43.05      841.15      231.00

       44.64      815.30      241.00
       46.24      901.48      251.00
       47.83      757.88      261.00
       49.43      736.41      271.00
       51.03      675.19      281.00
       52.62      589.72      291.00
       54.22      519.21      301.00
       55.81      482.29      311.00
       57.41      389.98      321.00
       59.01      319.54      331.00

 

 => Excluded regions for Pattern#  1
    From     to
      0.0000     11.5000

 => Instrumental Resolution read from file: /home/gallo/work/models_cic/ref-fp/files/IRF_NOTOS_July2022_MR.irf
 => Title of data: !Instrument Resolution Function of the diffractometer ALBA NOTOS July2022 Si_11keV_f00009.dat MR20220827

 => The resolution function is IRESOL:   1 for profile function #   7
    Input resolution parameters:

     U-inst     V-inst     W-inst     X-inst     Y-inst     Z-inst
    0.00500   -0.00011    0.00077    0.02372    0.00000    0.00000
    0.00500   -0.00011    0.00077    0.02372    0.00000    0.00000

 => Number of Least-Squares parameters varied:    58

 =>--------------------------->
 =>------->  PATTERN number:  1
 =>--------------------------->
 => Global parameters and codes ==>
 => Zero-point:     0.0437   31.0000
 => Displacement peak-shift parameter and code:     0.03    0.00
 => Transparency peak-shift parameter and code:    -0.04    0.00
 --------------------------------------------------------------------------------
 => Phase  No. 1
      cod-1101111.cif                                                       
 --------------------------------------------------------------------------------
 =>-------> Pattern#  1
 => Crystal Structure Refinement
 => Preferred orientation vector:   0.0000  0.0000  1.0000

 =>-------> Data for PHASE: 1
 => Number of atoms:    6
 => Number of distance  constraints:    0
 => Number of angle     constraints:    0

 => Symmetry information on space group: P n m a             
 -> The multiplicity of the general position is:   8
 -> The space group is Centric (-1 at origin)   
 -> Lattice type  P: { 000 }                                       
 -> Reduced set of symmetry operators:

  No.  IT   Symmetry symbol    Rotation part     Associated Translation
   1: ( 1)   1            -->     ( x, y, z) + {  0.0000  0.0000  0.0000}
   2: ( 4)   2 ( x, 0, 0) -->     ( x,-y,-z) + {  0.5000  0.5000  0.5000}
   3: ( 3)   2 ( 0, y, 0) -->     (-x, y,-z) + {  0.0000  0.5000  0.0000}
   4: ( 2)   2 ( 0, 0, z) -->     (-x,-y, z) + {  0.5000  0.0000  0.5000}


        Information on Space Group: 
        --------------------------- 

 =>   Number of Space group:  62
 =>  Hermann-Mauguin Symbol: P n m a
 =>             Hall Symbol: -P 2ac 2n
 =>            Setting Type: IT (Generated from Hermann-Mauguin symbol)
 =>          Crystal System: Orthorhombic
 =>              Laue Class: mmm
 =>             Point Group: mmm
 =>         Bravais Lattice: P
 =>          Lattice Symbol: oP
 =>  Reduced Number of S.O.:   4
 =>    General multiplicity:   8
 =>          Centrosymmetry: Centric (-1 at origin)
 =>  Generators (exc. -1&L):   2
 =>         Asymmetric unit:  0.000 <= x <=  0.500
                              0.000 <= y <=  0.250
                              0.000 <= z <=  1.000

 => List of S.O. without inversion and lattice centring translations
 => SYMM(  1): x,y,z                               => SYMM(  2): x+1/2,-y+1/2,-z+1/2
 => SYMM(  3): -x,y+1/2,-z                         => SYMM(  4): -x+1/2,-y,z+1/2


 => Initial parameters ==>
 Atom    Ntyp                  X         Y         Z         B         occ.         in  fin  Spc  Mult
                             B11       B22       B33       B12       B13       B23
 Fe1    Fe                 0.02135   0.25000   0.00636   0.18137   0.50000           0    0    0    4
                 Codes:  421.00000   0.00000 441.00000 531.00000   0.00000
 Li1    Li                 0.00000   0.00000   0.00000   1.00000   0.50000           0    0    0    4
                 Codes:    0.00000   0.00000   0.00000   0.00000   0.00000
 P1     P                 -0.04681   0.25000  -0.00439   0.70664   0.50000           0    0    0    4
                 Codes:  451.00000   0.00000 471.00000 561.00000   0.00000
 O1     O                  0.01668   0.25000  -0.04717   0.72980   0.50000           0    0    0    4
                 Codes:  481.00000   0.00000 501.00000 581.00000   0.00000
 O2     O                 -0.02930   0.25000   0.01611   0.69499   0.50000           0    0    0    4
                 Codes:  511.00000   0.00000 521.00000 571.00000   0.00000
 O3     O                  0.03636  -0.04767   0.00518   0.98931   1.00000           0    0    0    8
                 Codes:  491.00000 461.00000 431.00000 551.00000   0.00000

 => IT IS ASSUMED THAT THE FIRST GIVEN SITE IS FULLY OCCUPIED 
    OR THE FIRST AND SECOND ATOMS ARE IN THE SAME SITE WITH TOTAL FULL OCCUPATION
  (If this is not the case, change the order of atoms to obtain correct values for the content of the unit cell)
    The given occupation factors have been obtained mutiplying m/M by   1.0000
      -> Atom: Fe  ,  Chemical element: FE  Atomic Mass:    55.8470
      -> Atom: Li  ,  Chemical element: LI  Atomic Mass:     6.9410
      -> Atom: P   ,  Chemical element: P   Atomic Mass:    30.9738
      -> Atom: O   ,  Chemical element: O   Atomic Mass:    15.9994
      -> Atom: O   ,  Chemical element: O   Atomic Mass:    15.9994
      -> Atom: O   ,  Chemical element: O   Atomic Mass:    15.9994
 => The given value of ATZ is        631.04 the program has calculated:         631.04
    The value of ATZ given in the input PCR file will be used for quantitative analysis
 => The chemical content of the unit cell is: 
       4.0000 Fe   +   4.0000 Li   +   4.0000 P    +   4.0000 O    +   4.0000 O    +   8.0000 O      
 => The normalized site occupation numbers in % are: 
     100.0000 Fe1    :      100.0000 Li1    :      100.0000 P1     :      100.0000 O1     :      100.0000 O2     :      100.0000 O3       
 => The density (volumic mass) of the compound is:    3.920 g/cm3

 =>-------> PROFILE PARAMETERS FOR PATTERN:  1

 => Overall scale factor:   0.773637E-07
 => ETA (p-Voigt) OR M (Pearson VII):   0.0000
 => Overall temperature factor:      0.00000
 => Halfwidth U,V,W:      0.49010     0.00000     0.00000
 => X and Y parameters:       0.0000      0.1761
 => Direct cell parameters:    9.6027   5.4427   5.1142  90.0000  90.0000  90.0000
 => Preferred orientation parameters:   1.0000  0.0000
 => Asymmetry parameters     :      0.00000     0.00000     0.00000     0.00000
 => Strain parameters        :      0.00000     0.00000     0.00000
 => Size   parameters        :      0.00000     0.00000
 => Further shape parameters (S_L and D_L):   0.00000   0.00000
    S_L is source width/detector distance
    D_L is detector width/detector distance

 ==> CODEWORDS FOR PROFILE PARAMETERS of PATTERN#  1

 => Overall scale factor:   11.000
 => ETA (p-Voigt) OR M (Pearson VII):    0.000
 => Overall temperature factor:    0.000
 => Halfwidth U,V,W:  381.000   0.000   0.000
 => X and Y parameters:    0.000 401.000
 => Direct cell parameters:  341.000 361.000 371.000   0.000   0.000   0.000
 => Preferred orientation parameters:    0.000   0.000
 => Asymmetry parameters     :    0.000   0.000   0.000   0.000
 => Strain parameters        :    0.000   0.000   0.000
 => Size   parameters        :    0.000   0.000

 => Cell constraints according to Laue symmetry: mmm  

        Metric information:
        -------------------

 => Direct cell parameters:

         a =       9.6027      b =       5.4427      c =       5.1142
     alpha =       90.000   beta =       90.000  gamma =       90.000
                        Direct Cell Volume =     267.2893

 => Reciprocal cell parameters:

         a*=     0.104138      b*=     0.183732      c*=     0.195535
     alpha*=       90.000   beta*=       90.000  gamma*=       90.000
                    Reciprocal Cell Volume =   0.00374127

 => Direct and Reciprocal Metric Tensors:

                   GD                                       GR
     92.2113      0.0000      0.0000          0.010845    0.000000    0.000000
      0.0000     29.6230      0.0000          0.000000    0.033758    0.000000
      0.0000      0.0000     26.1547          0.000000    0.000000    0.038234

 =>  Cartesian frame: z // c; y is in the bc-plane; x is y ^ z = a*  

     Crystal_to_Orthonormal_Matrix              Orthonormal_to_Crystal Matrix
              Cr_Orth_cel                               Orth_Cr_cel  
      9.6027      0.0000      0.0000          0.104138   -0.000000   -0.000000
      0.0000      5.4427      0.0000          0.000000    0.183732   -0.000000
      0.0000      0.0000      5.1142          0.000000    0.000000    0.195535

     Busing-Levy B-matrix: Hc=B.H            Inverse of the Busing-Levy B-matrix
                BL_M                                      BL_Minv  
    0.104138    0.000000    0.000000            9.6027     -0.0000     -0.0000
    0.000000    0.183732   -0.000000            0.0000      5.4427      0.0000
    0.000000    0.000000    0.195535            0.0000      0.0000      5.1142

 => Laue symmetry mmm   will be used to generate HKL for pattern#   1
 => Reflections generated between S(1/d)min:  0.1720 A-1 and S(1/d)max:  1.0495 A-1
 =>                                    dmax:  5.8125 A   and      dmin:  0.9529 A
 => The number of reflections generated is:    182
 => The max. scatt. variable (gen.ref.) is:        72.5068
 => Scattering coefficients from internal table


 => X-ray scattering coeff. (A1, B1, A2,...C, f(0), Z, Dfp,Dfpp)

 FE     11.7695   4.7611   7.3573   0.3072   3.5222  15.3535   2.3045  76.8805   1.0369  25.9904  26.0000   0.3010   0.8450
 LI      1.1282   3.9546   0.7508   1.0524   0.6175  85.3905   0.4653 168.2610   0.0377   2.9995   3.0000   0.0000   0.0000
 P       6.4345   1.9067   4.1791  27.1570   1.7800   0.5260   1.4908  68.1645   1.1149  14.9993  15.0000   0.0900   0.0950
 O       3.0485  13.2771   2.2868   5.7011   1.5463   0.3239   0.8670  32.9089   0.2508   7.9994   8.0000   0.0080   0.0060
 --------------------------------------------------------------------------------
 => Phase  No. 2
      cod-4313206.cif                                                       
 --------------------------------------------------------------------------------
 =>-------> Pattern#  1
 => Crystal Structure Refinement
 => Preferred orientation vector:   0.0000  0.0000  1.0000

 =>-------> Data for PHASE: 2
 => Number of atoms:    1
 => Number of distance  constraints:    0
 => Number of angle     constraints:    0

 => Symmetry information on space group: F m -3 m            
 -> The multiplicity of the general position is: 192
 -> The space group is Centric (-1 at origin)   
 -> Lattice type  F: { 000;  0  1/2 1/2; 1/2  0  1/2; 1/2 1/2  0 }+
 -> Reduced set of symmetry operators:

  No.  IT   Symmetry symbol    Rotation part     Associated Translation
   1: ( 1)   1            -->     ( x, y, z) + {  0.0000  0.0000  0.0000}
   2: ( 4)   2 ( x, 0, 0) -->     ( x,-y,-z) + {  0.0000  0.0000  0.0000}
   3: ( 3)   2 ( 0, y, 0) -->     (-x, y,-z) + {  0.0000  0.0000  0.0000}
   4: ( 2)   2 ( 0, 0, z) -->     (-x,-y, z) + {  0.0000  0.0000  0.0000}
   5: ( 9)  3- ( x, x, x) -->     ( y, z, x) + {  0.0000  0.0000  0.0000}
   6: (12)  3- (-x, x,-x) -->     (-y,-z, x) + {  0.0000  0.0000  0.0000}
   7: (11)  3- (-x,-x, x) -->     ( y,-z,-x) + {  0.0000  0.0000  0.0000}
   8: (10)  3- ( x,-x,-x) -->     (-y, z,-x) + {  0.0000  0.0000  0.0000}
   9: ( 5)  3+ ( x, x, x) -->     ( z, x, y) + {  0.0000  0.0000  0.0000}
  10: ( 8)  3+ (-x,-x, x) -->     (-z, x,-y) + {  0.0000  0.0000  0.0000}
  11: ( 7)  3+ ( x,-x,-x) -->     (-z,-x, y) + {  0.0000  0.0000  0.0000}
  12: ( 6)  3+ (-x, x,-x) -->     ( z,-x,-y) + {  0.0000  0.0000  0.0000}
  13: (14)   2 ( x,-x, 0) -->     (-y,-x,-z) + {  0.0000  0.0000  0.0000}
  14: (15)  4- ( 0, 0, z) -->     ( y,-x, z) + {  0.0000  0.0000  0.0000}
  15: (16)  4+ ( 0, 0, z) -->     (-y, x, z) + {  0.0000  0.0000  0.0000}
  16: (13)   2 ( x, x, 0) -->     ( y, x,-z) + {  0.0000  0.0000  0.0000}
  17: (24)   2 (-x, 0, x) -->     (-z,-y,-x) + {  0.0000  0.0000  0.0000}
  18: (21)  4+ ( 0, y, 0) -->     ( z, y,-x) + {  0.0000  0.0000  0.0000}
  19: (22)   2 ( x, 0, x) -->     ( z,-y, x) + {  0.0000  0.0000  0.0000}
  20: (23)  4- ( 0, y, 0) -->     (-z, y, x) + {  0.0000  0.0000  0.0000}
  21: (19)   2 ( 0, y,-y) -->     (-x,-z,-y) + {  0.0000  0.0000  0.0000}
  22: (18)   2 ( 0, y, y) -->     (-x, z, y) + {  0.0000  0.0000  0.0000}
  23: (17)  4- ( x, 0, 0) -->     ( x, z,-y) + {  0.0000  0.0000  0.0000}
  24: (20)  4+ ( x, 0, 0) -->     ( x,-z, y) + {  0.0000  0.0000  0.0000}


        Information on Space Group: 
        --------------------------- 

 =>   Number of Space group: 225
 =>  Hermann-Mauguin Symbol: F m -3 m
 =>             Hall Symbol: -F 4 2 3
 =>            Setting Type: IT (Generated from Hermann-Mauguin symbol)
 =>          Crystal System: Cubic
 =>              Laue Class: m-3m
 =>             Point Group: m-3m
 =>         Bravais Lattice: F
 =>          Lattice Symbol: cF
 =>  Reduced Number of S.O.:  24
 =>    General multiplicity: 192
 =>          Centrosymmetry: Centric (-1 at origin)
 =>  Generators (exc. -1&L):   3
 =>         Asymmetric unit:  0.000 <= x <=  0.500
                              0.000 <= y <=  0.250
                              0.000 <= z <=  0.250

 => List of S.O. without inversion and lattice centring translations
 => SYMM(  1): x,y,z                               => SYMM(  2): x,-y,-z
 => SYMM(  3): -x,y,-z                             => SYMM(  4): -x,-y,z
 => SYMM(  5): y,z,x                               => SYMM(  6): -y,-z,x
 => SYMM(  7): y,-z,-x                             => SYMM(  8): -y,z,-x
 => SYMM(  9): z,x,y                               => SYMM( 10): -z,x,-y
 => SYMM( 11): -z,-x,y                             => SYMM( 12): z,-x,-y
 => SYMM( 13): y,x,z                               => SYMM( 14): -y,x,-z
 => SYMM( 15): y,-x,-z                             => SYMM( 16): -y,-x,z
 => SYMM( 17): z,y,x                               => SYMM( 18): -z,-y,x
 => SYMM( 19): -z,y,-x                             => SYMM( 20): z,-y,-x
 => SYMM( 21): x,z,y                               => SYMM( 22): x,-z,-y
 => SYMM( 23): -x,-z,y                             => SYMM( 24): -x,z,-y


 => Initial parameters ==>
 Atom    Ntyp                  X         Y         Z         B         occ.         in  fin  Spc  Mult
                             B11       B22       B33       B12       B13       B23
 AL1    Al                 0.00000   0.00000   0.00000   0.88825   0.02083           0    0    0    4
                 Codes:    0.00000   0.00000   0.00000 541.00000   0.00000

 => IT IS ASSUMED THAT THE FIRST GIVEN SITE IS FULLY OCCUPIED 
    OR THE FIRST AND SECOND ATOMS ARE IN THE SAME SITE WITH TOTAL FULL OCCUPATION
  (If this is not the case, change the order of atoms to obtain correct values for the content of the unit cell)
    The phase contains sites partially occupied
      -> Atom: Al  ,  Chemical element: AL  Atomic Mass:    26.9815
 => The given value of ATZ is        107.89 the program has calculated:         107.89
    The value of ATZ given in the input PCR file will be used for quantitative analysis
 => The chemical content of the unit cell is: 
       4.0000 Al     
 => The normalized site occupation numbers in % are: 
     100.0000 AL1      
 => The density (volumic mass) of the compound is:    2.295 g/cm3

 =>-------> PROFILE PARAMETERS FOR PATTERN:  1

 => Overall scale factor:   0.434835E-07
 => ETA (p-Voigt) OR M (Pearson VII):   0.0000
 => Overall temperature factor:      0.00000
 => Halfwidth U,V,W:      0.47634     0.00000     0.00000
 => X and Y parameters:       0.0000      0.3234
 => Direct cell parameters:    4.2745   4.2745   4.2745  90.0000  90.0000  90.0000
 => Preferred orientation parameters:   1.0000  0.0000
 => Asymmetry parameters     :      0.00000     0.00000     0.00000     0.00000
 => Strain parameters        :      0.00000     0.00000     0.00000
 => Size   parameters        :      0.00000     0.00000
 => Further shape parameters (S_L and D_L):   0.00000   0.00000
    S_L is source width/detector distance
    D_L is detector width/detector distance

 ==> CODEWORDS FOR PROFILE PARAMETERS of PATTERN#  1

 => Overall scale factor:   21.000
 => ETA (p-Voigt) OR M (Pearson VII):    0.000
 => Overall temperature factor:    0.000
 => Halfwidth U,V,W:  391.000   0.000   0.000
 => X and Y parameters:    0.000 410.010
 => Direct cell parameters:  351.000 351.000 351.000   0.000   0.000   0.000
 => Preferred orientation parameters:    0.000   0.000
 => Asymmetry parameters     :    0.000   0.000   0.000   0.000
 => Strain parameters        :    0.000   0.000   0.000
 => Size   parameters        :    0.000   0.000

 => Cell constraints according to Laue symmetry: m-3m 

        Metric information:
        -------------------

 => Direct cell parameters:

         a =       4.2745      b =       4.2745      c =       4.2745
     alpha =       90.000   beta =       90.000  gamma =       90.000
                        Direct Cell Volume =      78.1031

 => Reciprocal cell parameters:

         a*=     0.233943      b*=     0.233943      c*=     0.233943
     alpha*=       90.000   beta*=       90.000  gamma*=       90.000
                    Reciprocal Cell Volume =   0.01280359

 => Direct and Reciprocal Metric Tensors:

                   GD                                       GR
     18.2717      0.0000      0.0000          0.054729    0.000000    0.000000
      0.0000     18.2717      0.0000          0.000000    0.054729    0.000000
      0.0000      0.0000     18.2717          0.000000    0.000000    0.054729

 =>  Cartesian frame: z // c; y is in the bc-plane; x is y ^ z = a*  

     Crystal_to_Orthonormal_Matrix              Orthonormal_to_Crystal Matrix
              Cr_Orth_cel                               Orth_Cr_cel  
      4.2745      0.0000      0.0000          0.233943   -0.000000   -0.000000
      0.0000      4.2745      0.0000          0.000000    0.233943   -0.000000
      0.0000      0.0000      4.2745          0.000000    0.000000    0.233943

     Busing-Levy B-matrix: Hc=B.H            Inverse of the Busing-Levy B-matrix
                BL_M                                      BL_Minv  
    0.233943    0.000000    0.000000            4.2745     -0.0000     -0.0000
    0.000000    0.233943   -0.000000            0.0000      4.2745      0.0000
    0.000000    0.000000    0.233943            0.0000      0.0000      4.2745

 => Laue symmetry m-3m  will be used to generate HKL for pattern#   1
 => Reflections generated between S(1/d)min:  0.1720 A-1 and S(1/d)max:  1.1146 A-1
 =>                                    dmax:  5.8125 A   and      dmin:  0.8972 A
 => The number of reflections generated is:      8
 => The max. scatt. variable (gen.ref.) is:        77.8117
 => Scattering coefficients from internal table


 => X-ray scattering coeff. (A1, B1, A2,...C, f(0), Z, Dfp,Dfpp)

 AL      6.4202   3.0387   1.9002   0.7426   1.5936  31.5472   1.9646  85.0886   1.1151  12.9937  13.0000   0.0560   0.0520

     --------------------------------------------------------------
      SYMBOLIC NAMES AND INITIAL VALUES OF PARAMETERS TO BE VARIED:
     --------------------------------------------------------------

      ->  Parameter number    1   -> Symbolic Name:                                     Scale_ph1_pat1    0.77363694E-07
      ->  Parameter number    2   -> Symbolic Name:                                     Scale_ph2_pat1    0.43483510E-07
      ->  Parameter number    3   -> Symbolic Name:                                          Zero_pat1    0.43729998E-01
      ->  Parameter number    4   -> Symbolic Name:                                         Bck_0_pat1     2666.4236    
      ->  Parameter number    5   -> Symbolic Name:                                         Bck_1_pat1     3422.0898    
      ->  Parameter number    6   -> Symbolic Name:                                         Bck_2_pat1     3705.8818    
      ->  Parameter number    7   -> Symbolic Name:                                         Bck_3_pat1     2583.3335    
      ->  Parameter number    8   -> Symbolic Name:                                         Bck_4_pat1     2146.8662    
      ->  Parameter number    9   -> Symbolic Name:                                         Bck_5_pat1     1878.3262    
      ->  Parameter number   10   -> Symbolic Name:                                         Bck_6_pat1     1570.0688    
      ->  Parameter number   11   -> Symbolic Name:                                         Bck_7_pat1     1340.8730    
      ->  Parameter number   12   -> Symbolic Name:                                         Bck_8_pat1     1302.4128    
      ->  Parameter number   13   -> Symbolic Name:                                         Bck_9_pat1     1261.4105    
      ->  Parameter number   14   -> Symbolic Name:                                        Bck_10_pat1     1104.2013    
      ->  Parameter number   15   -> Symbolic Name:                                        Bck_11_pat1     1165.6482    
      ->  Parameter number   16   -> Symbolic Name:                                        Bck_12_pat1     1182.7152    
      ->  Parameter number   17   -> Symbolic Name:                                        Bck_13_pat1     1026.1451    
      ->  Parameter number   18   -> Symbolic Name:                                        Bck_14_pat1     975.21552    
      ->  Parameter number   19   -> Symbolic Name:                                        Bck_15_pat1     989.01141    
      ->  Parameter number   20   -> Symbolic Name:                                        Bck_16_pat1     861.81488    
      ->  Parameter number   21   -> Symbolic Name:                                        Bck_17_pat1     883.65143    
      ->  Parameter number   22   -> Symbolic Name:                                        Bck_18_pat1     890.44269    
      ->  Parameter number   23   -> Symbolic Name:                                        Bck_19_pat1     841.14771    
      ->  Parameter number   24   -> Symbolic Name:                                        Bck_20_pat1     815.29852    
      ->  Parameter number   25   -> Symbolic Name:                                        Bck_21_pat1     901.48242    
      ->  Parameter number   26   -> Symbolic Name:                                        Bck_22_pat1     757.87671    
      ->  Parameter number   27   -> Symbolic Name:                                        Bck_23_pat1     736.40649    
      ->  Parameter number   28   -> Symbolic Name:                                        Bck_24_pat1     675.19019    
      ->  Parameter number   29   -> Symbolic Name:                                        Bck_25_pat1     589.72491    
      ->  Parameter number   30   -> Symbolic Name:                                        Bck_26_pat1     519.20972    
      ->  Parameter number   31   -> Symbolic Name:                                        Bck_27_pat1     482.28891    
      ->  Parameter number   32   -> Symbolic Name:                                        Bck_28_pat1     389.97739    
      ->  Parameter number   33   -> Symbolic Name:                                        Bck_29_pat1     319.54019    
      ->  Parameter number   34   -> Symbolic Name:                                    Cell_A_ph1_pat1     9.6026697    
      ->  Parameter number   35   -> Symbolic Name:                                    Cell_A_ph2_pat1     4.2745399    
      ->  Parameter number   36   -> Symbolic Name:                                    Cell_B_ph1_pat1     5.4426999    
      ->  Parameter number   37   -> Symbolic Name:                                    Cell_C_ph1_pat1     5.1141701    
      ->  Parameter number   38   -> Symbolic Name:                                    U-Cagl_ph1_pat1    0.49010000    
      ->  Parameter number   39   -> Symbolic Name:                                    U-Cagl_ph2_pat1    0.47634000    
      ->  Parameter number   40   -> Symbolic Name:                                     Y-cos_ph1_pat1    0.17613000    
      ->  Parameter number   41   -> Symbolic Name:                                     Y-cos_ph2_pat1    0.32343000    
      ->  Parameter number   42   -> Symbolic Name:                                          X_Fe1_ph1    0.21350000E-01
      ->  Parameter number   43   -> Symbolic Name:                                           Z_O3_ph1    0.51799999E-02
      ->  Parameter number   44   -> Symbolic Name:                                          Z_Fe1_ph1    0.63600000E-02
      ->  Parameter number   45   -> Symbolic Name:                                           X_P1_ph1   -0.46810001E-01
      ->  Parameter number   46   -> Symbolic Name:                                           Y_O3_ph1   -0.47669999E-01
      ->  Parameter number   47   -> Symbolic Name:                                           Z_P1_ph1   -0.43899999E-02
      ->  Parameter number   48   -> Symbolic Name:                                           X_O1_ph1    0.16680000E-01
      ->  Parameter number   49   -> Symbolic Name:                                           X_O3_ph1    0.36359999E-01
      ->  Parameter number   50   -> Symbolic Name:                                           Z_O1_ph1   -0.47169998E-01
      ->  Parameter number   51   -> Symbolic Name:                                           X_O2_ph1   -0.29300001E-01
      ->  Parameter number   52   -> Symbolic Name:                                           Z_O2_ph1    0.16109999E-01
      ->  Parameter number   53   -> Symbolic Name:                                       Biso_Fe1_ph1    0.18137001    
      ->  Parameter number   54   -> Symbolic Name:                                       Biso_AL1_ph2    0.88824999    
      ->  Parameter number   55   -> Symbolic Name:                                        Biso_O3_ph1    0.98931003    
      ->  Parameter number   56   -> Symbolic Name:                                        Biso_P1_ph1    0.70664001    
      ->  Parameter number   57   -> Symbolic Name:                                        Biso_O2_ph1    0.69498998    
      ->  Parameter number   58   -> Symbolic Name:                                        Biso_O1_ph1    0.72979999    
  

 --------------------------------------------------------------------------------------------------------------
 Pattern#  1 Phase No.:   1 Phase name: cod-1101111.cif               
 --------------------------------------------------------------------------------------------------------------

   No.  Code     H   K   L  Mult     Hw         2theta      Icalc       Iobs      Sigma      HwG     HwL       ETA       d-hkl        CORR

      1   1      2   0   0     2  0.217272      13.480        0.6        0.6      0.000  0.087576  0.180158  0.867972  4.801335    128.409103
      2   1      1   0   1     4  0.221319      14.342        1.2        1.2      0.000  0.092692  0.180503  0.856995  4.513918    226.472717
      3   1      0   1   1     4  0.236563      17.392        0.0        0.0      0.000  0.111056  0.181806  0.818446  3.726998    152.985321
      4   1      2   1   0     4  0.239795      18.008        0.0        0.0      0.000  0.114810  0.182085  0.810802  3.600566    142.489746
      5   1      2   0   1     4  0.242559      18.527        0.0        0.0      0.000  0.117989  0.182326  0.804403  3.500429    134.434723
      6   1      1   1   1     8  0.243307      18.667        0.0        0.0      0.000  0.118844  0.182391  0.802692  3.474480    264.769104
      7   1      2   1   1     8  0.262171      22.069        0.0        0.0      0.000  0.139904  0.184072  0.762340  2.944104    187.676086
      8   1      0   2   0     2  0.272787      23.901        0.0        0.0      0.000  0.151404  0.185051  0.741783  2.721350     39.779930
      9   1      3   0   1     4  0.273211      23.973        0.2        0.2      0.000  0.151859  0.185091  0.740990  2.713268     79.063103
     10   1      0   0   2     2  0.282051      25.461        0.1        0.1      0.000  0.161284  0.185927  0.724965  2.557085     34.878353
     11   1      1   0   2     4  0.287501      26.364        0.0        0.0      0.000  0.167038  0.186451  0.715526  2.470977     64.864571
     12   1      3   1   1     8  0.290376      26.836        0.0        0.0      0.000  0.170059  0.186731  0.710673  2.428261    125.001534
     13   1      4   0   0     2  0.292299      27.150        0.1        0.1      0.000  0.172073  0.186919  0.707476  2.400667     30.498030
     14   1      2   2   0     4  0.294681      27.538        0.1        0.1      0.000  0.174562  0.187153  0.703569  2.367509     59.211033
     15   1      1   2   1     8  0.297431      27.983        0.1        0.1      0.000  0.177427  0.187425  0.699129  2.330572    114.504608
     16   1      2   0   2     4  0.303234      28.916        0.1        0.1      0.000  0.183447  0.188005  0.689999  2.256959     53.442287
     17   1      1   1   2     8  0.303810      29.008        0.0        0.0      0.000  0.184043  0.188063  0.689111  2.249958    106.172890
     18   1      4   1   0     4  0.308353      29.730        0.0        0.0      0.000  0.188729  0.188524  0.682207  2.196491     50.406071
     19   1      4   0   1     4  0.310421      30.057        0.0        0.0      0.000  0.190855  0.188735  0.679127  2.173150     49.256618
     20   1      2   2   1     8  0.312668      30.410        0.0        0.0      0.000  0.193161  0.188966  0.675822  2.148462     96.109032
     21   1      2   1   2     8  0.318758      31.362        0.0        0.0      0.000  0.199389  0.189597  0.667082  2.084817     90.041229
     22   1      4   1   1     8  0.325633      32.425        0.0        0.0      0.000  0.206382  0.190320  0.657580  2.018221     83.893303
     23   1      3   0   2     4  0.327848      32.765        0.0        0.0      0.000  0.208627  0.190556  0.654599  1.997852     41.026989
     24   1      3   2   1     8  0.336673      34.107        0.0        0.0      0.000  0.217538  0.191506  0.643085  1.921421     75.325058
     25   1      3   1   2     8  0.342404      34.969        0.0        0.0      0.000  0.223295  0.192133  0.635908  1.875491     71.412796
     26   1      0   2   2     4  0.343957      35.202        0.0        0.0      0.000  0.224852  0.192304  0.634002  1.863499     35.203827
     27   1      1   2   2     8  0.348518      35.880        0.0        0.0      0.000  0.229414  0.192810  0.628499  1.829371     67.584023
     28   1      4   2   0     4  0.352575      36.480        0.0        0.0      0.000  0.233462  0.193264  0.623718  1.800283     32.610416
     29   1      5   0   1     4  0.352909      36.530        0.0        0.0      0.000  0.233795  0.193302  0.623329  1.797937     32.515987
     30   1      4   0   2     4  0.359954      37.562        0.0        0.0      0.000  0.240800  0.194101  0.615288  1.750215     30.623358
     31   1      2   2   2     8  0.361954      37.854        0.0        0.0      0.000  0.242783  0.194329  0.613060  1.737240     60.236259
     32   1      0   3   1     4  0.366303      38.484        0.0        0.0      0.000  0.247090  0.194830  0.608297  1.709833     29.064137
     33   1      5   1   1     8  0.366731      38.546        0.0        0.0      0.000  0.247512  0.194880  0.607835  1.707200     57.927616
     34   1      4   2   1     8  0.368213      38.759        0.0        0.0      0.000  0.248978  0.195052  0.606240  1.698141     57.239819
     35   1      2   3   0     4  0.368382      38.784        0.0        0.0      0.000  0.249144  0.195071  0.606059  1.697118     28.581221
     36   1      1   3   1     8  0.370676      39.114        0.0        0.0      0.000  0.251409  0.195338  0.603617  1.683357     56.125828
     37   1      1   0   3     4  0.371500      39.232        0.1        0.1      0.000  0.252223  0.195434  0.602747  1.678479     27.880310
     38   1      4   1   2     8  0.373606      39.533        0.0        0.0      0.000  0.254299  0.195681  0.600541  1.666185     54.845108
     39   1      0   1   3     4  0.380627      40.532        0.0        0.0      0.000  0.261205  0.196510  0.593359  1.626794     25.980349
     40   1      2   3   1     8  0.383614      40.954        0.0        0.0      0.000  0.264136  0.196866  0.590381  1.610745     50.807007
     41   1      3   2   2     8  0.383668      40.962        0.0        0.0      0.000  0.264189  0.196873  0.590328  1.610458     50.786476
     42   1      2   0   3     4  0.384422      41.068        0.0        0.0      0.000  0.264929  0.196963  0.589583  1.606471     25.250919
     43   1      1   1   3     8  0.384904      41.136        0.0        0.0      0.000  0.265400  0.197021  0.589110  1.603940     50.321590
     44   1      6   0   0     2  0.385571      41.230        0.0        0.0      0.000  0.266055  0.197101  0.588455  1.600445     12.518290
     45   1      2   1   3     8  0.397587      42.904        0.0        0.0      0.000  0.277796  0.198559  0.577039  1.540757     45.922237
     46   1      5   0   2     4  0.398673      43.054        0.0        0.0      0.000  0.278855  0.198693  0.576041  1.535643     22.787354
     47   1      6   1   0     4  0.398717      43.060        0.0        0.0      0.000  0.278897  0.198698  0.576001  1.535438     22.780424
     48   1      6   0   1     4  0.400444      43.298        0.0        0.0      0.000  0.280579  0.198911  0.574425  1.527400     22.508627
     49   1      3   3   1     8  0.404679      43.879        0.0        0.0      0.000  0.284698  0.199435  0.570619  1.508150     43.728447
     50   1      3   0   3     4  0.405466      43.987        0.0        0.0      0.000  0.285464  0.199533  0.569919  1.504639     21.747700
     51   1      5   2   1     8  0.406490      44.127        0.0        0.0      0.000  0.286458  0.199660  0.569014  1.500107     43.195454
     52   1      5   1   2     8  0.411618      44.824        0.0        0.0      0.000  0.291434  0.200302  0.564550  1.477942     41.743065
     53   1      4   2   2     8  0.413015      45.013        0.0        0.0      0.000  0.292788  0.200478  0.563353  1.472052     41.361263
     54   1      6   1   1     8  0.413365      45.061        0.0        0.0      0.000  0.293126  0.200522  0.563055  1.470589     41.266712
     55   1      1   3   2     8  0.415340      45.327        0.0        0.0      0.000  0.295038  0.200772  0.561379  1.462390     40.738712
     56   1      3   1   3     8  0.418321      45.728        0.0        0.0      0.000  0.297922  0.201150  0.558881  1.450242     39.962570
     57   1      4   3   0     4  0.419027      45.823        0.0        0.0      0.000  0.298605  0.201240  0.558294  1.447403     19.891121
     58   1      1   2   3     8  0.423801      46.462        0.0        0.0      0.000  0.303216  0.201850  0.554381  1.428599     38.598267
     59   1      2   3   2     8  0.427619      46.969        0.0        0.0      0.000  0.306897  0.202342  0.551315  1.414026     37.692978
     60   1      4   3   1     8  0.433401      47.732        0.0        0.0      0.000  0.312464  0.203092  0.546776  1.392700     36.387737

   No.  Code     H   K   L  Mult     Hw         2theta      Icalc       Iobs      Sigma      HwG     HwL       ETA       d-hkl        CORR

     61   1      4   0   3     4  0.434169      47.833        0.0        0.0      0.000  0.313203  0.203192  0.546182  1.389934     18.110083
     62   1      2   2   3     8  0.435996      48.073        0.0        0.0      0.000  0.314959  0.203431  0.544779  1.383409     35.826393
     63   1      6   2   0     4  0.437087      48.216        0.0        0.0      0.000  0.316007  0.203574  0.543947  1.379556     17.797436
     64   1      0   4   0     2  0.442553      48.928        0.0        0.0      0.000  0.321253  0.204293  0.539840  1.360675      8.617904
     65   1      6   0   2     4  0.443750      49.084        0.0        0.0      0.000  0.322401  0.204452  0.538955  1.356634     17.116802
     66   1      4   1   3     8  0.446731      49.470        0.0        0.0      0.000  0.325257  0.204847  0.536771  1.346714     33.652931
     67   1      3   3   2     8  0.447834      49.612        0.0        0.0      0.000  0.326314  0.204994  0.535970  1.343091     33.442207
     68   1      5   2   2     8  0.449585      49.837        0.0        0.0      0.000  0.327989  0.205228  0.534709  1.337402     33.112587
     69   1      6   2   1     8  0.451283      50.056        0.0        0.0      0.000  0.329614  0.205455  0.533494  1.331946     32.798115
     70   1      7   0   1     4  0.453482      50.337        0.0        0.0      0.000  0.331716  0.205751  0.531935  1.324971     16.199179
     71   1      3   2   3     8  0.456109      50.673        0.0        0.0      0.000  0.334226  0.206104  0.530094  1.316772     31.931717
     72   1      6   1   2     8  0.456243      50.690        0.0        0.0      0.000  0.334354  0.206122  0.530001  1.316358     31.908239
     73   1      2   4   0     4  0.458602      50.990        0.0        0.0      0.000  0.336606  0.206441  0.528366  1.309120     15.749739
     74   1      1   4   1     8  0.460702      51.257        0.0        0.0      0.000  0.338610  0.206726  0.526926  1.302773     31.143263
     75   1      7   1   1     8  0.465918      51.915        0.0        0.0      0.000  0.343581  0.207438  0.523409  1.287374     30.288082
     76   1      0   0   4     2  0.468990      52.301        0.0        0.0      0.000  0.346505  0.207859  0.521375  1.278543      7.450858
     77   1      5   3   1     8  0.469513      52.366        0.0        0.0      0.000  0.347003  0.207931  0.521031  1.277056     29.722288
     78   1      5   0   3     4  0.470267      52.461        0.0        0.0      0.000  0.347720  0.208035  0.520538  1.274923     14.803008
     79   1      2   4   1     8  0.472655      52.759        0.0        0.0      0.000  0.349991  0.208364  0.518985  1.268229     29.242811
     80   1      1   0   4     4  0.472969      52.798        0.0        0.0      0.000  0.350289  0.208408  0.518782  1.267358     14.597870
     81   1      4   3   2     8  0.475783      53.148        0.0        0.0      0.000  0.352964  0.208798  0.516976  1.259613     28.778898
     82   1      0   3   3     4  0.482247      53.946        0.0        0.0      0.000  0.359097  0.209699  0.512911  1.242333     13.930405
     83   1      5   1   3     8  0.482633      53.994        0.0        0.0      0.000  0.359464  0.209753  0.512672  1.241322     27.807606
     84   1      4   2   3     8  0.483976      54.159        0.0        0.0      0.000  0.360737  0.209941  0.511843  1.237826     27.624090
     85   1      2   0   4     4  0.484880      54.270        0.0        0.0      0.000  0.361593  0.210068  0.511288  1.235489     13.750885
     86   1      1   1   4     8  0.485327      54.325        0.0        0.0      0.000  0.362017  0.210131  0.511014  1.234336     27.441591
     87   1      1   3   3     8  0.486213      54.433        0.0        0.0      0.000  0.362856  0.210256  0.510474  1.232065     27.323137
     88   1      3   4   1     8  0.492494      55.198        0.0        0.0      0.000  0.368801  0.211144  0.506699  1.216299     26.509132
     89   1      6   2   2     8  0.493377      55.305        0.0        0.0      0.000  0.369636  0.211269  0.506177  1.214131     26.398260
     90   1      7   0   2     4  0.495550      55.568        0.0        0.0      0.000  0.371690  0.211578  0.504899  1.208840     13.064466
     91   1      2   1   4     8  0.497213      55.769        0.0        0.0      0.000  0.373262  0.211816  0.503929  1.204837     25.926138
     92   1      2   3   3     8  0.498098      55.875        0.0        0.0      0.000  0.374097  0.211942  0.503417  1.202724     25.819494
     93   1      0   4   2     4  0.498738      55.953        0.0        0.0      0.000  0.374702  0.212034  0.503047  1.201200     12.871388
     94   1      8   0   0     2  0.499104      55.996        0.0        0.0      0.000  0.375047  0.212086  0.502836  1.200334      6.424795
     95   1      6   3   0     4  0.499165      56.004        0.0        0.0      0.000  0.375105  0.212095  0.502800  1.200189     12.845948
     96   1      1   4   2     8  0.502697      56.427        0.0        0.0      0.000  0.378439  0.212602  0.500781  1.191911     25.277792
     97   1      7   2   1     8  0.502971      56.460        0.0        0.0      0.000  0.378698  0.212641  0.500626  1.191276     25.246180
     98   1      3   0   4     4  0.504684      56.665        0.0        0.0      0.000  0.380314  0.212888  0.499658  1.187329     12.525120
     99   1      4   4   0     4  0.506250      56.851        0.0        0.0      0.000  0.381790  0.213114  0.498780  1.183755     12.436809
    100   1      7   1   2     8  0.507873      57.044        0.0        0.0      0.000  0.383320  0.213349  0.497876  1.180084     24.693010
    101   1      8   1   0     4  0.511427      57.466        0.0        0.0      0.000  0.386667  0.213864  0.495918  1.172166     12.153049
    102   1      5   3   2     8  0.511447      57.468        0.0        0.0      0.000  0.386686  0.213867  0.495907  1.172122     24.303946
    103   1      8   0   1     4  0.513061      57.659        0.0        0.0      0.000  0.388206  0.214102  0.495028  1.168578     12.065984
    104   1      6   3   1     8  0.513123      57.666        0.0        0.0      0.000  0.388263  0.214111  0.494995  1.168444     24.125490
    105   1      6   0   3     4  0.513872      57.754        0.0        0.0      0.000  0.388969  0.214220  0.494588  1.166810     12.023216
    106   1      2   4   2     8  0.514574      57.837        0.0        0.0      0.000  0.389630  0.214323  0.494209  1.165286     23.972883
    107   1      3   1   4     8  0.517009      58.123        0.0        0.0      0.000  0.391920  0.214679  0.492902  1.160046     23.721014
    108   1      3   3   3     8  0.517894      58.227        0.0        0.0      0.000  0.392752  0.214808  0.492430  1.158160     23.630739
    109   1      0   2   4     4  0.518350      58.280        0.0        0.0      0.000  0.393181  0.214875  0.492187  1.157192     11.792242
    110   1      5   2   3     8  0.519621      58.429        0.0        0.0      0.000  0.394376  0.215062  0.491514  1.154506     23.456482
    111   1      4   4   1     8  0.520212      58.498        0.0        0.0      0.000  0.394931  0.215149  0.491203  1.153264     23.397427
    112   1      1   2   4     8  0.522313      58.743        0.0        0.0      0.000  0.396905  0.215458  0.490100  1.148880     23.189735

 --------------------------------------------------------------------------------------------------------------
 Pattern#  1 Phase No.:   2 Phase name: cod-4313206.cif               
 --------------------------------------------------------------------------------------------------------------

   No.  Code     H   K   L  Mult     Hw         2theta      Icalc       Iobs      Sigma      HwG     HwL       ETA       d-hkl        CORR

      1   1      1   1   1     8  0.407917      26.397        0.0        0.0      0.000  0.164974  0.337768  0.867045  2.467907    129.386597
      2   1      2   0   0     6  0.431220      30.573        0.0        0.0      0.000  0.191562  0.341775  0.838268  2.137270     71.271309
      3   1      2   2   0    12  0.516776      43.784        0.0        0.0      0.000  0.280081  0.358096  0.754434  1.511278     65.904991
      4   1      3   1   1    24  0.577444      51.852        0.0        0.0      0.000  0.338334  0.371153  0.710394  1.288822     91.103996
      5   1      2   2   2     8  0.597527      54.343        0.0        0.0      0.000  0.357118  0.375724  0.697919  1.233953     27.421608

     -----------------------------------------------------
     BRAGG R-Factors and weight fractions for Pattern #  1
     -----------------------------------------------------

 => Phase:  1     cod-1101111.cif
 => Bragg R-factor:   0.00       Vol:  267.289( 0.000)  Fract(%):   97.27( 0.00)
 => Rf-factor=  0.00             ATZ:         631.037   Brindley:  1.0000

 => Phase:  2     cod-4313206.cif
 => Bragg R-factor:   0.00       Vol:   78.103( 0.000)  Fract(%):    2.73( 0.00)
 => Rf-factor=  0.00             ATZ:         107.892   Brindley:  1.0000

     -----------------------------------------------------------------
      SYMBOLIC NAMES AND FINAL VALUES AND SIGMA OF REFINED PARAMETERS:
     -----------------------------------------------------------------

      ->  Parameter number    1 :                                     Scale_ph1_pat1    0.77363694E-07( +/-     0.0000000     )
      ->  Parameter number    2 :                                     Scale_ph2_pat1    0.43483510E-07( +/-     0.0000000     )
      ->  Parameter number    3 :                                          Zero_pat1    0.43729998E-01( +/-     0.0000000     )
      ->  Parameter number    4 :                                         Bck_0_pat1     2666.4236    ( +/-     0.0000000     )
      ->  Parameter number    5 :                                         Bck_1_pat1     3422.0898    ( +/-     0.0000000     )
      ->  Parameter number    6 :                                         Bck_2_pat1     3705.8818    ( +/-     0.0000000     )
      ->  Parameter number    7 :                                         Bck_3_pat1     2583.3335    ( +/-     0.0000000     )
      ->  Parameter number    8 :                                         Bck_4_pat1     2146.8662    ( +/-     0.0000000     )
      ->  Parameter number    9 :                                         Bck_5_pat1     1878.3262    ( +/-     0.0000000     )
      ->  Parameter number   10 :                                         Bck_6_pat1     1570.0688    ( +/-     0.0000000     )
      ->  Parameter number   11 :                                         Bck_7_pat1     1340.8730    ( +/-     0.0000000     )
      ->  Parameter number   12 :                                         Bck_8_pat1     1302.4128    ( +/-     0.0000000     )
      ->  Parameter number   13 :                                         Bck_9_pat1     1261.4105    ( +/-     0.0000000     )
      ->  Parameter number   14 :                                        Bck_10_pat1     1104.2013    ( +/-     0.0000000     )
      ->  Parameter number   15 :                                        Bck_11_pat1     1165.6482    ( +/-     0.0000000     )
      ->  Parameter number   16 :                                        Bck_12_pat1     1182.7152    ( +/-     0.0000000     )
      ->  Parameter number   17 :                                        Bck_13_pat1     1026.1451    ( +/-     0.0000000     )
      ->  Parameter number   18 :                                        Bck_14_pat1     975.21552    ( +/-     0.0000000     )
      ->  Parameter number   19 :                                        Bck_15_pat1     989.01141    ( +/-     0.0000000     )
      ->  Parameter number   20 :                                        Bck_16_pat1     861.81488    ( +/-     0.0000000     )
      ->  Parameter number   21 :                                        Bck_17_pat1     883.65143    ( +/-     0.0000000     )
      ->  Parameter number   22 :                                        Bck_18_pat1     890.44269    ( +/-     0.0000000     )
      ->  Parameter number   23 :                                        Bck_19_pat1     841.14771    ( +/-     0.0000000     )
      ->  Parameter number   24 :                                        Bck_20_pat1     815.29852    ( +/-     0.0000000     )
      ->  Parameter number   25 :                                        Bck_21_pat1     901.48242    ( +/-     0.0000000     )
      ->  Parameter number   26 :                                        Bck_22_pat1     757.87671    ( +/-     0.0000000     )
      ->  Parameter number   27 :                                        Bck_23_pat1     736.40649    ( +/-     0.0000000     )
      ->  Parameter number   28 :                                        Bck_24_pat1     675.19019    ( +/-     0.0000000     )
      ->  Parameter number   29 :                                        Bck_25_pat1     589.72491    ( +/-     0.0000000     )
      ->  Parameter number   30 :                                        Bck_26_pat1     519.20972    ( +/-     0.0000000     )
      ->  Parameter number   31 :                                        Bck_27_pat1     482.28891    ( +/-     0.0000000     )
      ->  Parameter number   32 :                                        Bck_28_pat1     389.97739    ( +/-     0.0000000     )
      ->  Parameter number   33 :                                        Bck_29_pat1     319.54019    ( +/-     0.0000000     )
      ->  Parameter number   34 :                                    Cell_A_ph1_pat1     9.6026697    ( +/-     0.0000000     )
      ->  Parameter number   35 :                                    Cell_A_ph2_pat1     4.2745399    ( +/-     0.0000000     )
      ->  Parameter number   36 :                                    Cell_B_ph1_pat1     5.4426999    ( +/-     0.0000000     )
      ->  Parameter number   37 :                                    Cell_C_ph1_pat1     5.1141701    ( +/-     0.0000000     )
      ->  Parameter number   38 :                                    U-Cagl_ph1_pat1    0.49010000    ( +/-     0.0000000     )
      ->  Parameter number   39 :                                    U-Cagl_ph2_pat1    0.47634000    ( +/-     0.0000000     )
      ->  Parameter number   40 :                                     Y-cos_ph1_pat1    0.17613000    ( +/-     0.0000000     )
      ->  Parameter number   41 :                                     Y-cos_ph2_pat1    0.32343000    ( +/-     0.0000000     )
      ->  Parameter number   42 :                                          X_Fe1_ph1    0.21350000E-01( +/-     0.0000000     )
      ->  Parameter number   43 :                                           Z_O3_ph1    0.51799999E-02( +/-     0.0000000     )
      ->  Parameter number   44 :                                          Z_Fe1_ph1    0.63600000E-02( +/-     0.0000000     )
      ->  Parameter number   45 :                                           X_P1_ph1   -0.46810001E-01( +/-     0.0000000     )
      ->  Parameter number   46 :                                           Y_O3_ph1   -0.47669999E-01( +/-     0.0000000     )
      ->  Parameter number   47 :                                           Z_P1_ph1   -0.43899999E-02( +/-     0.0000000     )
      ->  Parameter number   48 :                                           X_O1_ph1    0.16680000E-01( +/-     0.0000000     )
      ->  Parameter number   49 :                                           X_O3_ph1    0.36359999E-01( +/-     0.0000000     )
      ->  Parameter number   50 :                                           Z_O1_ph1   -0.47169998E-01( +/-     0.0000000     )
      ->  Parameter number   51 :                                           X_O2_ph1   -0.29300001E-01( +/-     0.0000000     )
      ->  Parameter number   52 :                                           Z_O2_ph1    0.16109999E-01( +/-     0.0000000     )
      ->  Parameter number   53 :                                       Biso_Fe1_ph1    0.18137001    ( +/-     0.0000000     )
      ->  Parameter number   54 :                                       Biso_AL1_ph2    0.88824999    ( +/-     0.0000000     )
      ->  Parameter number   55 :                                        Biso_O3_ph1    0.98931003    ( +/-     0.0000000     )
      ->  Parameter number   56 :                                        Biso_P1_ph1    0.70664001    ( +/-     0.0000000     )
      ->  Parameter number   57 :                                        Biso_O2_ph1    0.69498998    ( +/-     0.0000000     )
      ->  Parameter number   58 :                                        Biso_O1_ph1    0.72979999    ( +/-     0.0000000     )

 ------------------------------------------------------------------
 => Number of bytes for floating point variables: 4
 => Dimensions of dynamic allocated arrays in this run of FullProf:
 ------------------------------------------------------------------

 => Total approximate array memory (dynamic + static): 115719821 bytes

    MaxPOINT=    70000 Max.num. of points(+int. Inten.)/diffraction pattern       
    MaxREFLT=    20000 Max.num. of reflections/diffraction pattern               
    MaxPARAM=      800 Max.num. of refinable parameters                          
    MaxOVERL=     2024 Max.num. of overlapping reflections                       

 ----------------------------------------------------------
 => Number of bytes for floating point arrays: 4
 => Dimensions of fixed arrays in this release of FullProf:
 ----------------------------------------------------------

    NPATT   =       80 Max.num. of powder diffraction patterns                    
    NATS    =      830 Max.num. of atoms (all kind) in asymmetric unit            
    MPAR    =     1800 Max.num. of non atomic parameters/phase                    
    IEXCL   =       30 Max.num. of excluded regions                               
    IBACP   =      377 Max.num. of background points for interpolation            
    NPHT    =       16 Max.num. of phases                                         
    NMAGM   =        8 Max.num. of rotation-matrices sets for magnetic structure  
    NBASIS  =       12 Max.num. of basis functions associated to a single atom    
    NIREPS  =        9 Max.num. of irreducible representations to be combined     
    N_EQ    =      384 Max.num. of user-supplied symmetry operators/propagation vectors
    NGL     =      400 Max.num. of global parameters/diffraction pattern          
    N_LINC  =       50 Max.num. of global linear restraints                        
    NAT_P   =       80 Max.num. of atomic parameters per atom                     
    NCONST  =      500 Max.num. of slack constraints per phase                    
    N_SPE   =       30 Max.num. of different chemical species                     
    N_FORM  =       60 Max.num. of scattering factor values in a table            
    NPR     =      150 Max.num. of points defining a numerical profile            
    INPR    =       25 Max.num. of different numerical peak shapes                
    NPRC    =      150 Max.num. of terms in the table for correcting intensities  
    NSOL    =       10 Max.num. of solutions to be stored in Montecarlo searchs   

 
              CPU Time:     0.203 seconds
                            0.003 minutes

 => Run finished at:     Date: 19/01/2023  Time: 12:53:47.533                              
