

        **********************************************************
        ** PROGRAM FullProf.2k (Version 7.40 - Jan2021-ILL JRC) **
        **********************************************************
                       M U L T I -- P A T T E R N                 
            Rietveld, Profile Matching & Integrated Intensity     
                 Refinement of X-ray and/or Neutron Data


    Date: 19/01/2023  Time: 12:53:47.589                              

 => PCR file code: /home/gallo/work/models_cic/ref-fp/files/simulations/5_FP_INPUT
 => DAT file code: EXP_PATTERN          -> Relative contribution: 1.0000                                                            

 ==> CONDITIONS OF THIS RUN FOR PATTERN No.:  1

 => Pattern calculation, X-ray
    Bragg-Brentano(X-rays) or Debye-Scherrer geometry(Neutrons)
 => Title:    Phases    extracted    from    file:    14LFPka_f00003.xye.buf

 => Number of phases:    2
 => Number of excluded regions:    1
 => Number of scattering factors supplied:    0
 => March-Dollase model for preferred orientation
 => Conventional weights: w=1.0/Variance(yobs)
 => Asymmetry correction as in J.Appl.Cryst. 26,128(1993)
 => Background linearly interpolated between the   30 points given
 => The    7th default profile function was selected
 => T-C-H Pseudo-Voigt function 
    This function is convoluted with asymmetry due to axial 
    divergence as formulated by: 
    van Laar and Yelon, J. Appl. Cryst. 17, 47(1984).
    and using the method of:
    Finger, Cox and Jephcoat, J. Appl. Cryst. 27, 892 (1994).
    Fortran 90 module adapted from function PROFVAL (in F77) : 
    L.W. Finger, J. Appl. Cryst. 31, 111 (1998).


 ==> INPUT/OUTPUT OPTIONS:

 => Output Obs and Calc intensities on last cycle
 => Generate bacground file *.bac
 => Generate file *.PRF for plot
 => Output Integrated Intensities
 => Generate new input file *.PCR

 => X-Y type of data: 2theta/TOF/E(Kev) Intens sigma for pattern:  1
 => Plot pattern at each cycle
 => Wavelengths:  1.12698 1.12698
 => Alpha2/Alpha1 ratio:   0.0000
 => Cos(Monochromator angle)=   0.7999
 => Asymmetry correction for angles lower than  180.000 degrees
 => Absorption correction (AC), muR-eff =   0.0000  0.0000
 => Base of peaks: 2.0*HW*   15.00

 => Number of cycles:    1
 => Relaxation factors ==>    for coordinates:  1.00
 => for anisotropic temperature factors:  1.00
 => for halfwidth/strain/size parameters:  1.00
 => for lattice constants and propagation vectors:  1.00
 => EPS-value for convergence:    0.1
 => Background ==> 
    Position   Intensity
       12.72     2666.42       41.00
       14.32     3422.09       51.00
       15.91     3705.88       61.00
       17.51     2583.33       71.00
       19.11     2146.87       81.00
       20.70     1878.33       91.00
       22.30     1570.07      101.00
       23.89     1340.87      111.00
       25.49     1302.41      121.00
       27.09     1261.41      131.00
       28.68     1104.20      141.00
       30.28     1165.65      151.00
       31.87     1182.72      161.00
       33.47     1026.15      171.00
       35.07      975.22      181.00
       36.66      989.01      191.00
       38.26      861.81      201.00
       39.85      883.65      211.00
       41.45      890.44      221.00
       43.05      841.15      231.00

       44.64      815.30      241.00
       46.24      901.48      251.00
       47.83      757.88      261.00
       49.43      736.41      271.00
       51.03      675.19      281.00
       52.62      589.72      291.00
       54.22      519.21      301.00
       55.81      482.29      311.00
       57.41      389.98      321.00
       59.01      319.54      331.00

 

 => Excluded regions for Pattern#  1
    From     to
      0.0000     11.5000

 => Instrumental Resolution read from file: /home/gallo/work/models_cic/ref-fp/files/IRF_NOTOS_July2022_MR.irf
 => Title of data: !Instrument Resolution Function of the diffractometer ALBA NOTOS July2022 Si_11keV_f00009.dat MR20220827

 => The resolution function is IRESOL:   1 for profile function #   7
    Input resolution parameters:

     U-inst     V-inst     W-inst     X-inst     Y-inst     Z-inst
    0.00500   -0.00011    0.00077    0.02372    0.00000    0.00000
    0.00500   -0.00011    0.00077    0.02372    0.00000    0.00000

 => Number of Least-Squares parameters varied:    58

 =>--------------------------->
 =>------->  PATTERN number:  1
 =>--------------------------->
 => Global parameters and codes ==>
 => Zero-point:    -0.0488   31.0000
 => Displacement peak-shift parameter and code:    -0.02    0.00
 => Transparency peak-shift parameter and code:    -0.01    0.00
 --------------------------------------------------------------------------------
 => Phase  No. 1
      cod-1101111.cif                                                       
 --------------------------------------------------------------------------------
 =>-------> Pattern#  1
 => Crystal Structure Refinement
 => Preferred orientation vector:   0.0000  0.0000  1.0000

 =>-------> Data for PHASE: 1
 => Number of atoms:    6
 => Number of distance  constraints:    0
 => Number of angle     constraints:    0

 => Symmetry information on space group: P n m a             
 -> The multiplicity of the general position is:   8
 -> The space group is Centric (-1 at origin)   
 -> Lattice type  P: { 000 }                                       
 -> Reduced set of symmetry operators:

  No.  IT   Symmetry symbol    Rotation part     Associated Translation
   1: ( 1)   1            -->     ( x, y, z) + {  0.0000  0.0000  0.0000}
   2: ( 4)   2 ( x, 0, 0) -->     ( x,-y,-z) + {  0.5000  0.5000  0.5000}
   3: ( 3)   2 ( 0, y, 0) -->     (-x, y,-z) + {  0.0000  0.5000  0.0000}
   4: ( 2)   2 ( 0, 0, z) -->     (-x,-y, z) + {  0.5000  0.0000  0.5000}


        Information on Space Group: 
        --------------------------- 

 =>   Number of Space group:  62
 =>  Hermann-Mauguin Symbol: P n m a
 =>             Hall Symbol: -P 2ac 2n
 =>            Setting Type: IT (Generated from Hermann-Mauguin symbol)
 =>          Crystal System: Orthorhombic
 =>              Laue Class: mmm
 =>             Point Group: mmm
 =>         Bravais Lattice: P
 =>          Lattice Symbol: oP
 =>  Reduced Number of S.O.:   4
 =>    General multiplicity:   8
 =>          Centrosymmetry: Centric (-1 at origin)
 =>  Generators (exc. -1&L):   2
 =>         Asymmetric unit:  0.000 <= x <=  0.500
                              0.000 <= y <=  0.250
                              0.000 <= z <=  1.000

 => List of S.O. without inversion and lattice centring translations
 => SYMM(  1): x,y,z                               => SYMM(  2): x+1/2,-y+1/2,-z+1/2
 => SYMM(  3): -x,y+1/2,-z                         => SYMM(  4): -x+1/2,-y,z+1/2


 => Initial parameters ==>
 Atom    Ntyp                  X         Y         Z         B         occ.         in  fin  Spc  Mult
                             B11       B22       B33       B12       B13       B23
 Fe1    Fe                 0.03250   0.25000   0.03628   0.19079   0.50000           0    0    0    4
                 Codes:  421.00000   0.00000 441.00000 531.00000   0.00000
 Li1    Li                 0.00000   0.00000   0.00000   1.00000   0.50000           0    0    0    4
                 Codes:    0.00000   0.00000   0.00000   0.00000   0.00000
 P1     P                 -0.00146   0.25000   0.03778   0.38869   0.50000           0    0    0    4
                 Codes:  451.00000   0.00000 471.00000 561.00000   0.00000
 O1     O                 -0.02709   0.25000  -0.00429   0.09982   0.50000           0    0    0    4
                 Codes:  481.00000   0.00000 501.00000 581.00000   0.00000
 O2     O                  0.04961   0.25000  -0.00727   0.13264   0.50000           0    0    0    4
                 Codes:  511.00000   0.00000 521.00000 571.00000   0.00000
 O3     O                 -0.00165   0.04471  -0.03413   0.90308   1.00000           0    0    0    8
                 Codes:  491.00000 461.00000 431.00000 551.00000   0.00000

 => IT IS ASSUMED THAT THE FIRST GIVEN SITE IS FULLY OCCUPIED 
    OR THE FIRST AND SECOND ATOMS ARE IN THE SAME SITE WITH TOTAL FULL OCCUPATION
  (If this is not the case, change the order of atoms to obtain correct values for the content of the unit cell)
    The given occupation factors have been obtained mutiplying m/M by   1.0000
      -> Atom: Fe  ,  Chemical element: FE  Atomic Mass:    55.8470
      -> Atom: Li  ,  Chemical element: LI  Atomic Mass:     6.9410
      -> Atom: P   ,  Chemical element: P   Atomic Mass:    30.9738
      -> Atom: O   ,  Chemical element: O   Atomic Mass:    15.9994
      -> Atom: O   ,  Chemical element: O   Atomic Mass:    15.9994
      -> Atom: O   ,  Chemical element: O   Atomic Mass:    15.9994
 => The given value of ATZ is        631.04 the program has calculated:         631.04
    The value of ATZ given in the input PCR file will be used for quantitative analysis
 => The chemical content of the unit cell is: 
       4.0000 Fe   +   4.0000 Li   +   4.0000 P    +   4.0000 O    +   4.0000 O    +   8.0000 O      
 => The normalized site occupation numbers in % are: 
     100.0000 Fe1    :      100.0000 Li1    :      100.0000 P1     :      100.0000 O1     :      100.0000 O2     :      100.0000 O3       
 => The density (volumic mass) of the compound is:    3.167 g/cm3

 =>-------> PROFILE PARAMETERS FOR PATTERN:  1

 => Overall scale factor:   0.605113E-08
 => ETA (p-Voigt) OR M (Pearson VII):   0.0000
 => Overall temperature factor:      0.00000
 => Halfwidth U,V,W:      0.12232     0.00000     0.00000
 => X and Y parameters:       0.0000      0.3891
 => Direct cell parameters:   10.2613   6.2859   5.1305  90.0000  90.0000  90.0000
 => Preferred orientation parameters:   1.0000  0.0000
 => Asymmetry parameters     :      0.00000     0.00000     0.00000     0.00000
 => Strain parameters        :      0.00000     0.00000     0.00000
 => Size   parameters        :      0.00000     0.00000
 => Further shape parameters (S_L and D_L):   0.00000   0.00000
    S_L is source width/detector distance
    D_L is detector width/detector distance

 ==> CODEWORDS FOR PROFILE PARAMETERS of PATTERN#  1

 => Overall scale factor:   11.000
 => ETA (p-Voigt) OR M (Pearson VII):    0.000
 => Overall temperature factor:    0.000
 => Halfwidth U,V,W:  381.000   0.000   0.000
 => X and Y parameters:    0.000 401.000
 => Direct cell parameters:  341.000 361.000 371.000   0.000   0.000   0.000
 => Preferred orientation parameters:    0.000   0.000
 => Asymmetry parameters     :    0.000   0.000   0.000   0.000
 => Strain parameters        :    0.000   0.000   0.000
 => Size   parameters        :    0.000   0.000

 => Cell constraints according to Laue symmetry: mmm  

        Metric information:
        -------------------

 => Direct cell parameters:

         a =      10.2613      b =       6.2859      c =       5.1305
     alpha =       90.000   beta =       90.000  gamma =       90.000
                        Direct Cell Volume =     330.9257

 => Reciprocal cell parameters:

         a*=     0.097454      b*=     0.159087      c*=     0.194911
     alpha*=       90.000   beta*=       90.000  gamma*=       90.000
                    Reciprocal Cell Volume =   0.00302183

 => Direct and Reciprocal Metric Tensors:

                   GD                                       GR
    105.2941      0.0000      0.0000          0.009497    0.000000    0.000000
      0.0000     39.5122      0.0000          0.000000    0.025309    0.000000
      0.0000      0.0000     26.3224          0.000000    0.000000    0.037990

 =>  Cartesian frame: z // c; y is in the bc-plane; x is y ^ z = a*  

     Crystal_to_Orthonormal_Matrix              Orthonormal_to_Crystal Matrix
              Cr_Orth_cel                               Orth_Cr_cel  
     10.2613      0.0000      0.0000          0.097454   -0.000000   -0.000000
      0.0000      6.2859      0.0000          0.000000    0.159087   -0.000000
      0.0000      0.0000      5.1305          0.000000    0.000000    0.194911

     Busing-Levy B-matrix: Hc=B.H            Inverse of the Busing-Levy B-matrix
                BL_M                                      BL_Minv  
    0.097454    0.000000    0.000000           10.2613     -0.0000     -0.0000
    0.000000    0.159087   -0.000000            0.0000      6.2859      0.0000
    0.000000    0.000000    0.194911            0.0000      0.0000      5.1305

 => Laue symmetry mmm   will be used to generate HKL for pattern#   1
 => Reflections generated between S(1/d)min:  0.1720 A-1 and S(1/d)max:  1.1177 A-1
 =>                                    dmax:  5.8125 A   and      dmin:  0.8947 A
 => The number of reflections generated is:    264
 => The max. scatt. variable (gen.ref.) is:        78.0716
 => Scattering coefficients from internal table


 => X-ray scattering coeff. (A1, B1, A2,...C, f(0), Z, Dfp,Dfpp)

 FE     11.7695   4.7611   7.3573   0.3072   3.5222  15.3535   2.3045  76.8805   1.0369  25.9904  26.0000   0.3010   0.8450
 LI      1.1282   3.9546   0.7508   1.0524   0.6175  85.3905   0.4653 168.2610   0.0377   2.9995   3.0000   0.0000   0.0000
 P       6.4345   1.9067   4.1791  27.1570   1.7800   0.5260   1.4908  68.1645   1.1149  14.9993  15.0000   0.0900   0.0950
 O       3.0485  13.2771   2.2868   5.7011   1.5463   0.3239   0.8670  32.9089   0.2508   7.9994   8.0000   0.0080   0.0060
 --------------------------------------------------------------------------------
 => Phase  No. 2
      cod-4313206.cif                                                       
 --------------------------------------------------------------------------------
 =>-------> Pattern#  1
 => Crystal Structure Refinement
 => Preferred orientation vector:   0.0000  0.0000  1.0000

 =>-------> Data for PHASE: 2
 => Number of atoms:    1
 => Number of distance  constraints:    0
 => Number of angle     constraints:    0

 => Symmetry information on space group: F m -3 m            
 -> The multiplicity of the general position is: 192
 -> The space group is Centric (-1 at origin)   
 -> Lattice type  F: { 000;  0  1/2 1/2; 1/2  0  1/2; 1/2 1/2  0 }+
 -> Reduced set of symmetry operators:

  No.  IT   Symmetry symbol    Rotation part     Associated Translation
   1: ( 1)   1            -->     ( x, y, z) + {  0.0000  0.0000  0.0000}
   2: ( 4)   2 ( x, 0, 0) -->     ( x,-y,-z) + {  0.0000  0.0000  0.0000}
   3: ( 3)   2 ( 0, y, 0) -->     (-x, y,-z) + {  0.0000  0.0000  0.0000}
   4: ( 2)   2 ( 0, 0, z) -->     (-x,-y, z) + {  0.0000  0.0000  0.0000}
   5: ( 9)  3- ( x, x, x) -->     ( y, z, x) + {  0.0000  0.0000  0.0000}
   6: (12)  3- (-x, x,-x) -->     (-y,-z, x) + {  0.0000  0.0000  0.0000}
   7: (11)  3- (-x,-x, x) -->     ( y,-z,-x) + {  0.0000  0.0000  0.0000}
   8: (10)  3- ( x,-x,-x) -->     (-y, z,-x) + {  0.0000  0.0000  0.0000}
   9: ( 5)  3+ ( x, x, x) -->     ( z, x, y) + {  0.0000  0.0000  0.0000}
  10: ( 8)  3+ (-x,-x, x) -->     (-z, x,-y) + {  0.0000  0.0000  0.0000}
  11: ( 7)  3+ ( x,-x,-x) -->     (-z,-x, y) + {  0.0000  0.0000  0.0000}
  12: ( 6)  3+ (-x, x,-x) -->     ( z,-x,-y) + {  0.0000  0.0000  0.0000}
  13: (14)   2 ( x,-x, 0) -->     (-y,-x,-z) + {  0.0000  0.0000  0.0000}
  14: (15)  4- ( 0, 0, z) -->     ( y,-x, z) + {  0.0000  0.0000  0.0000}
  15: (16)  4+ ( 0, 0, z) -->     (-y, x, z) + {  0.0000  0.0000  0.0000}
  16: (13)   2 ( x, x, 0) -->     ( y, x,-z) + {  0.0000  0.0000  0.0000}
  17: (24)   2 (-x, 0, x) -->     (-z,-y,-x) + {  0.0000  0.0000  0.0000}
  18: (21)  4+ ( 0, y, 0) -->     ( z, y,-x) + {  0.0000  0.0000  0.0000}
  19: (22)   2 ( x, 0, x) -->     ( z,-y, x) + {  0.0000  0.0000  0.0000}
  20: (23)  4- ( 0, y, 0) -->     (-z, y, x) + {  0.0000  0.0000  0.0000}
  21: (19)   2 ( 0, y,-y) -->     (-x,-z,-y) + {  0.0000  0.0000  0.0000}
  22: (18)   2 ( 0, y, y) -->     (-x, z, y) + {  0.0000  0.0000  0.0000}
  23: (17)  4- ( x, 0, 0) -->     ( x, z,-y) + {  0.0000  0.0000  0.0000}
  24: (20)  4+ ( x, 0, 0) -->     ( x,-z, y) + {  0.0000  0.0000  0.0000}


        Information on Space Group: 
        --------------------------- 

 =>   Number of Space group: 225
 =>  Hermann-Mauguin Symbol: F m -3 m
 =>             Hall Symbol: -F 4 2 3
 =>            Setting Type: IT (Generated from Hermann-Mauguin symbol)
 =>          Crystal System: Cubic
 =>              Laue Class: m-3m
 =>             Point Group: m-3m
 =>         Bravais Lattice: F
 =>          Lattice Symbol: cF
 =>  Reduced Number of S.O.:  24
 =>    General multiplicity: 192
 =>          Centrosymmetry: Centric (-1 at origin)
 =>  Generators (exc. -1&L):   3
 =>         Asymmetric unit:  0.000 <= x <=  0.500
                              0.000 <= y <=  0.250
                              0.000 <= z <=  0.250

 => List of S.O. without inversion and lattice centring translations
 => SYMM(  1): x,y,z                               => SYMM(  2): x,-y,-z
 => SYMM(  3): -x,y,-z                             => SYMM(  4): -x,-y,z
 => SYMM(  5): y,z,x                               => SYMM(  6): -y,-z,x
 => SYMM(  7): y,-z,-x                             => SYMM(  8): -y,z,-x
 => SYMM(  9): z,x,y                               => SYMM( 10): -z,x,-y
 => SYMM( 11): -z,-x,y                             => SYMM( 12): z,-x,-y
 => SYMM( 13): y,x,z                               => SYMM( 14): -y,x,-z
 => SYMM( 15): y,-x,-z                             => SYMM( 16): -y,-x,z
 => SYMM( 17): z,y,x                               => SYMM( 18): -z,-y,x
 => SYMM( 19): -z,y,-x                             => SYMM( 20): z,-y,-x
 => SYMM( 21): x,z,y                               => SYMM( 22): x,-z,-y
 => SYMM( 23): -x,-z,y                             => SYMM( 24): -x,z,-y


 => Initial parameters ==>
 Atom    Ntyp                  X         Y         Z         B         occ.         in  fin  Spc  Mult
                             B11       B22       B33       B12       B13       B23
 AL1    Al                 0.00000   0.00000   0.00000   0.23086   0.02083           0    0    0    4
                 Codes:    0.00000   0.00000   0.00000 541.00000   0.00000

 => IT IS ASSUMED THAT THE FIRST GIVEN SITE IS FULLY OCCUPIED 
    OR THE FIRST AND SECOND ATOMS ARE IN THE SAME SITE WITH TOTAL FULL OCCUPATION
  (If this is not the case, change the order of atoms to obtain correct values for the content of the unit cell)
    The phase contains sites partially occupied
      -> Atom: Al  ,  Chemical element: AL  Atomic Mass:    26.9815
 => The given value of ATZ is        107.89 the program has calculated:         107.89
    The value of ATZ given in the input PCR file will be used for quantitative analysis
 => The chemical content of the unit cell is: 
       4.0000 Al     
 => The normalized site occupation numbers in % are: 
     100.0000 AL1      
 => The density (volumic mass) of the compound is:    2.133 g/cm3

 =>-------> PROFILE PARAMETERS FOR PATTERN:  1

 => Overall scale factor:   0.868877E-07
 => ETA (p-Voigt) OR M (Pearson VII):   0.0000
 => Overall temperature factor:      0.00000
 => Halfwidth U,V,W:      0.27951     0.00000     0.00000
 => X and Y parameters:       0.0000      0.0976
 => Direct cell parameters:    4.3802   4.3802   4.3802  90.0000  90.0000  90.0000
 => Preferred orientation parameters:   1.0000  0.0000
 => Asymmetry parameters     :      0.00000     0.00000     0.00000     0.00000
 => Strain parameters        :      0.00000     0.00000     0.00000
 => Size   parameters        :      0.00000     0.00000
 => Further shape parameters (S_L and D_L):   0.00000   0.00000
    S_L is source width/detector distance
    D_L is detector width/detector distance

 ==> CODEWORDS FOR PROFILE PARAMETERS of PATTERN#  1

 => Overall scale factor:   21.000
 => ETA (p-Voigt) OR M (Pearson VII):    0.000
 => Overall temperature factor:    0.000
 => Halfwidth U,V,W:  391.000   0.000   0.000
 => X and Y parameters:    0.000 410.010
 => Direct cell parameters:  351.000 351.000 351.000   0.000   0.000   0.000
 => Preferred orientation parameters:    0.000   0.000
 => Asymmetry parameters     :    0.000   0.000   0.000   0.000
 => Strain parameters        :    0.000   0.000   0.000
 => Size   parameters        :    0.000   0.000

 => Cell constraints according to Laue symmetry: m-3m 

        Metric information:
        -------------------

 => Direct cell parameters:

         a =       4.3802      b =       4.3802      c =       4.3802
     alpha =       90.000   beta =       90.000  gamma =       90.000
                        Direct Cell Volume =      84.0403

 => Reciprocal cell parameters:

         a*=     0.228299      b*=     0.228299      c*=     0.228299
     alpha*=       90.000   beta*=       90.000  gamma*=       90.000
                    Reciprocal Cell Volume =   0.01189905

 => Direct and Reciprocal Metric Tensors:

                   GD                                       GR
     19.1863      0.0000      0.0000          0.052120    0.000000    0.000000
      0.0000     19.1863      0.0000          0.000000    0.052120    0.000000
      0.0000      0.0000     19.1863          0.000000    0.000000    0.052120

 =>  Cartesian frame: z // c; y is in the bc-plane; x is y ^ z = a*  

     Crystal_to_Orthonormal_Matrix              Orthonormal_to_Crystal Matrix
              Cr_Orth_cel                               Orth_Cr_cel  
      4.3802      0.0000      0.0000          0.228299   -0.000000   -0.000000
      0.0000      4.3802      0.0000          0.000000    0.228299   -0.000000
      0.0000      0.0000      4.3802          0.000000    0.000000    0.228299

     Busing-Levy B-matrix: Hc=B.H            Inverse of the Busing-Levy B-matrix
                BL_M                                      BL_Minv  
    0.228299    0.000000    0.000000            4.3802     -0.0000     -0.0000
    0.000000    0.228299   -0.000000            0.0000      4.3802      0.0000
    0.000000    0.000000    0.228299            0.0000      0.0000      4.3802

 => Laue symmetry m-3m  will be used to generate HKL for pattern#   1
 => Reflections generated between S(1/d)min:  0.1720 A-1 and S(1/d)max:  0.9928 A-1
 =>                                    dmax:  5.8125 A   and      dmin:  1.0073 A
 => The number of reflections generated is:      6
 => The max. scatt. variable (gen.ref.) is:        68.0297
 => Scattering coefficients from internal table


 => X-ray scattering coeff. (A1, B1, A2,...C, f(0), Z, Dfp,Dfpp)

 AL      6.4202   3.0387   1.9002   0.7426   1.5936  31.5472   1.9646  85.0886   1.1151  12.9937  13.0000   0.0560   0.0520

     --------------------------------------------------------------
      SYMBOLIC NAMES AND INITIAL VALUES OF PARAMETERS TO BE VARIED:
     --------------------------------------------------------------

      ->  Parameter number    1   -> Symbolic Name:                                     Scale_ph1_pat1    0.60511329E-08
      ->  Parameter number    2   -> Symbolic Name:                                     Scale_ph2_pat1    0.86887667E-07
      ->  Parameter number    3   -> Symbolic Name:                                          Zero_pat1   -0.48829999E-01
      ->  Parameter number    4   -> Symbolic Name:                                         Bck_0_pat1     2666.4236    
      ->  Parameter number    5   -> Symbolic Name:                                         Bck_1_pat1     3422.0898    
      ->  Parameter number    6   -> Symbolic Name:                                         Bck_2_pat1     3705.8818    
      ->  Parameter number    7   -> Symbolic Name:                                         Bck_3_pat1     2583.3335    
      ->  Parameter number    8   -> Symbolic Name:                                         Bck_4_pat1     2146.8662    
      ->  Parameter number    9   -> Symbolic Name:                                         Bck_5_pat1     1878.3262    
      ->  Parameter number   10   -> Symbolic Name:                                         Bck_6_pat1     1570.0688    
      ->  Parameter number   11   -> Symbolic Name:                                         Bck_7_pat1     1340.8730    
      ->  Parameter number   12   -> Symbolic Name:                                         Bck_8_pat1     1302.4128    
      ->  Parameter number   13   -> Symbolic Name:                                         Bck_9_pat1     1261.4105    
      ->  Parameter number   14   -> Symbolic Name:                                        Bck_10_pat1     1104.2013    
      ->  Parameter number   15   -> Symbolic Name:                                        Bck_11_pat1     1165.6482    
      ->  Parameter number   16   -> Symbolic Name:                                        Bck_12_pat1     1182.7152    
      ->  Parameter number   17   -> Symbolic Name:                                        Bck_13_pat1     1026.1451    
      ->  Parameter number   18   -> Symbolic Name:                                        Bck_14_pat1     975.21552    
      ->  Parameter number   19   -> Symbolic Name:                                        Bck_15_pat1     989.01141    
      ->  Parameter number   20   -> Symbolic Name:                                        Bck_16_pat1     861.81488    
      ->  Parameter number   21   -> Symbolic Name:                                        Bck_17_pat1     883.65143    
      ->  Parameter number   22   -> Symbolic Name:                                        Bck_18_pat1     890.44269    
      ->  Parameter number   23   -> Symbolic Name:                                        Bck_19_pat1     841.14771    
      ->  Parameter number   24   -> Symbolic Name:                                        Bck_20_pat1     815.29852    
      ->  Parameter number   25   -> Symbolic Name:                                        Bck_21_pat1     901.48242    
      ->  Parameter number   26   -> Symbolic Name:                                        Bck_22_pat1     757.87671    
      ->  Parameter number   27   -> Symbolic Name:                                        Bck_23_pat1     736.40649    
      ->  Parameter number   28   -> Symbolic Name:                                        Bck_24_pat1     675.19019    
      ->  Parameter number   29   -> Symbolic Name:                                        Bck_25_pat1     589.72491    
      ->  Parameter number   30   -> Symbolic Name:                                        Bck_26_pat1     519.20972    
      ->  Parameter number   31   -> Symbolic Name:                                        Bck_27_pat1     482.28891    
      ->  Parameter number   32   -> Symbolic Name:                                        Bck_28_pat1     389.97739    
      ->  Parameter number   33   -> Symbolic Name:                                        Bck_29_pat1     319.54019    
      ->  Parameter number   34   -> Symbolic Name:                                    Cell_A_ph1_pat1     10.261290    
      ->  Parameter number   35   -> Symbolic Name:                                    Cell_A_ph2_pat1     4.3802199    
      ->  Parameter number   36   -> Symbolic Name:                                    Cell_B_ph1_pat1     6.2858701    
      ->  Parameter number   37   -> Symbolic Name:                                    Cell_C_ph1_pat1     5.1305399    
      ->  Parameter number   38   -> Symbolic Name:                                    U-Cagl_ph1_pat1    0.12232000    
      ->  Parameter number   39   -> Symbolic Name:                                    U-Cagl_ph2_pat1    0.27950999    
      ->  Parameter number   40   -> Symbolic Name:                                     Y-cos_ph1_pat1    0.38914999    
      ->  Parameter number   41   -> Symbolic Name:                                     Y-cos_ph2_pat1    0.97599998E-01
      ->  Parameter number   42   -> Symbolic Name:                                          X_Fe1_ph1    0.32499999E-01
      ->  Parameter number   43   -> Symbolic Name:                                           Z_O3_ph1   -0.34130000E-01
      ->  Parameter number   44   -> Symbolic Name:                                          Z_Fe1_ph1    0.36279999E-01
      ->  Parameter number   45   -> Symbolic Name:                                           X_P1_ph1   -0.14600001E-02
      ->  Parameter number   46   -> Symbolic Name:                                           Y_O3_ph1    0.44709999E-01
      ->  Parameter number   47   -> Symbolic Name:                                           Z_P1_ph1    0.37780002E-01
      ->  Parameter number   48   -> Symbolic Name:                                           X_O1_ph1   -0.27090000E-01
      ->  Parameter number   49   -> Symbolic Name:                                           X_O3_ph1   -0.16500000E-02
      ->  Parameter number   50   -> Symbolic Name:                                           Z_O1_ph1   -0.42900001E-02
      ->  Parameter number   51   -> Symbolic Name:                                           X_O2_ph1    0.49610000E-01
      ->  Parameter number   52   -> Symbolic Name:                                           Z_O2_ph1   -0.72699999E-02
      ->  Parameter number   53   -> Symbolic Name:                                       Biso_Fe1_ph1    0.19079000    
      ->  Parameter number   54   -> Symbolic Name:                                       Biso_AL1_ph2    0.23085999    
      ->  Parameter number   55   -> Symbolic Name:                                        Biso_O3_ph1    0.90307999    
      ->  Parameter number   56   -> Symbolic Name:                                        Biso_P1_ph1    0.38868999    
      ->  Parameter number   57   -> Symbolic Name:                                        Biso_O2_ph1    0.13264000    
      ->  Parameter number   58   -> Symbolic Name:                                        Biso_O1_ph1    0.99820003E-01
  

 --------------------------------------------------------------------------------------------------------------
 Pattern#  1 Phase No.:   1 Phase name: cod-1101111.cif               
 --------------------------------------------------------------------------------------------------------------

   No.  Code     H   K   L  Mult     Hw         2theta      Icalc       Iobs      Sigma      HwG     HwL       ETA       d-hkl        CORR

      1   1      2   0   0     2  0.400334      12.611        0.1        0.1      0.000  0.048067  0.394139  0.988435  5.130645    146.945465
      2   1      1   0   1     4  0.402227      14.107        0.1        0.1      0.000  0.051996  0.395052  0.986662  4.588913    234.209991
      3   1      2   1   0     4  0.405320      16.300        0.0        0.0      0.000  0.057998  0.396517  0.983749  3.974721    174.602768
      4   1      0   1   1     4  0.405320      16.301        0.0        0.0      0.000  0.057998  0.396517  0.983748  3.974673    174.598282
      5   1      1   1   1     8  0.407153      17.490        0.0        0.0      0.000  0.061349  0.397375  0.982020  3.706342    302.491333
      6   1      2   0   1     4  0.407765      17.871        0.0        0.0      0.000  0.062437  0.397660  0.981445  3.627877    144.726074
      7   1      0   2   0     2  0.412575      20.657        0.0        0.0      0.000  0.070545  0.399882  0.976936  3.142935     53.769184
      8   1      2   1   1     8  0.412585      20.662        0.0        0.0      0.000  0.070561  0.399886  0.976927  3.142109    214.959076
      9   1      3   0   1     4  0.416767      22.840        0.0        0.0      0.000  0.077077  0.401801  0.973052  2.845952     87.407112
     10   1      2   2   0     4  0.419723      24.274        0.0        0.0      0.000  0.081444  0.403148  0.970344  2.680055     77.037392
     11   1      1   2   1     8  0.421501      25.102        0.0        0.0      0.000  0.083988  0.403957  0.968729  2.593057    143.701401
     12   1      3   1   1     8  0.421511      25.106        0.0        0.0      0.000  0.084001  0.403962  0.968720  2.592606    143.648590
     13   1      4   0   0     2  0.422105      25.378        0.0        0.0      0.000  0.084840  0.404232  0.968182  2.565323     35.116814
     14   1      0   0   2     2  0.422107      25.378        0.0        0.0      0.000  0.084841  0.404233  0.968181  2.565270     35.115284
     15   1      1   0   2     4  0.423881      26.173        0.0        0.0      0.000  0.087307  0.405039  0.966584  2.488680     65.856499
     16   1      2   2   1     8  0.426821      27.444        0.0        0.0      0.000  0.091283  0.406375  0.963963  2.375479    119.275505
     17   1      4   1   0     4  0.426830      27.448        0.0        0.0      0.000  0.091295  0.406379  0.963955  2.375143     59.619724
     18   1      1   1   2     8  0.428602      28.189        0.0        0.0      0.000  0.093631  0.407184  0.962390  2.313926    112.759613
     19   1      4   0   1     4  0.429195      28.433        0.0        0.0      0.000  0.094403  0.407453  0.961870  2.294485     55.368950
     20   1      2   0   2     4  0.429196      28.433        0.0        0.0      0.000  0.094404  0.407453  0.961869  2.294457     55.367485
     21   1      4   1   1     8  0.433911      30.310        0.0        0.0      0.000  0.100393  0.409596  0.957774  2.155380     96.779922
     22   1      2   1   2     8  0.433912      30.311        0.0        0.0      0.000  0.100394  0.409596  0.957773  2.155357     96.777649
     23   1      3   2   1     8  0.435671      30.985        0.0        0.0      0.000  0.102564  0.410396  0.956267  2.109592     92.380997
     24   1      3   0   2     4  0.438045      31.873        0.0        0.0      0.000  0.105442  0.411477  0.954253  2.052231     43.503620
     25   1      4   2   0     4  0.440983      32.943        0.0        0.0      0.000  0.108931  0.412816  0.951791  1.987361     40.557117
     26   1      0   2   2     4  0.440984      32.943        0.0        0.0      0.000  0.108932  0.412817  0.951790  1.987336     40.556011
     27   1      1   2   2     8  0.442757      33.573        0.0        0.0      0.000  0.111000  0.413626  0.950320  1.951081     77.903938
     28   1      3   1   2     8  0.442767      33.577        0.0        0.0      0.000  0.111012  0.413630  0.950312  1.950889     77.887138
     29   1      2   3   0     4  0.443331      33.775        0.0        0.0      0.000  0.111664  0.413888  0.949847  1.939767     38.457706
     30   1      0   3   1     4  0.443331      33.775        0.0        0.0      0.000  0.111665  0.413888  0.949847  1.939762     38.457436
     31   1      1   3   1     8  0.445106      34.392        0.0        0.0      0.000  0.113701  0.414699  0.948391  1.906005     74.000916
     32   1      5   0   1     4  0.445135      34.402        0.0        0.0      0.000  0.113734  0.414712  0.948368  1.905468     36.977516
     33   1      4   2   1     8  0.448082      35.404        0.0        0.0      0.000  0.117062  0.416062  0.945977  1.853186     69.548592
     34   1      2   2   2     8  0.448083      35.404        0.0        0.0      0.000  0.117063  0.416062  0.945977  1.853171     69.547340
     35   1      5   1   1     8  0.449871      35.999        0.0        0.0      0.000  0.119051  0.416882  0.944543  1.823527     67.106026
     36   1      2   3   1     8  0.450438      36.186        0.0        0.0      0.000  0.119678  0.417142  0.944090  1.814415     66.364006
     37   1      4   0   2     4  0.450468      36.196        0.0        0.0      0.000  0.119711  0.417156  0.944067  1.813938     33.162621
     38   1      4   1   2     8  0.455219      37.728        0.0        0.0      0.000  0.124875  0.419341  0.940325  1.742823     60.670052
     39   1      3   2   2     8  0.456997      38.286        0.0        0.0      0.000  0.126771  0.420161  0.938948  1.718347     58.779266
     40   1      6   0   0     2  0.457605      38.475        0.0        0.0      0.000  0.127416  0.420441  0.938479  1.710215     14.539342
     41   1      3   3   1     8  0.459366      39.018        0.0        0.0      0.000  0.129271  0.421255  0.937129  1.687315     56.423027
     42   1      1   0   3     4  0.459397      39.028        0.0        0.0      0.000  0.129304  0.421270  0.937105  1.686912     28.196388
     43   1      6   1   0     4  0.462381      39.932        0.0        0.0      0.000  0.132410  0.422652  0.934844  1.650227     26.833797
     44   1      0   1   3     4  0.462384      39.933        0.0        0.0      0.000  0.132413  0.422653  0.934842  1.650196     26.832636
     45   1      5   2   1     8  0.464169      40.465        0.0        0.0      0.000  0.134249  0.423481  0.933505  1.629401     52.149292
     46   1      1   1   3     8  0.464181      40.468        0.0        0.0      0.000  0.134262  0.423487  0.933496  1.629262     52.139233
     47   1      4   3   0     4  0.464752      40.637        0.0        0.0      0.000  0.134846  0.423752  0.933071  1.622784     25.835632
     48   1      6   0   1     4  0.464782      40.646        0.0        0.0      0.000  0.134876  0.423766  0.933048  1.622449     25.823576
     49   1      2   0   3     4  0.464784      40.646        0.0        0.0      0.000  0.134878  0.423767  0.933047  1.622423     25.822607
     50   1      1   3   2     8  0.466555      41.165        0.0        0.0      0.000  0.136679  0.424591  0.931736  1.602851     50.244095
     51   1      5   0   2     4  0.466584      41.173        0.0        0.0      0.000  0.136709  0.424604  0.931714  1.602531     25.110697
     52   1      0   4   0     2  0.469540      42.025        0.0        0.0      0.000  0.139683  0.425982  0.929551  1.571468     12.009060
     53   1      4   2   2     8  0.469580      42.037        0.0        0.0      0.000  0.139724  0.426001  0.929522  1.571054     48.007492
     54   1      6   1   1     8  0.469589      42.040        0.0        0.0      0.000  0.139733  0.426005  0.929515  1.570963     48.001160
     55   1      2   1   3     8  0.469592      42.040        0.0        0.0      0.000  0.139735  0.426006  0.929513  1.570939     47.999462
     56   1      5   1   2     8  0.471400      42.553        0.0        0.0      0.000  0.141536  0.426851  0.928205  1.552861     46.749958
     57   1      4   3   1     8  0.471977      42.716        0.0        0.0      0.000  0.142107  0.427121  0.927790  1.547232     46.364124
     58   1      2   3   2     8  0.471978      42.716        0.0        0.0      0.000  0.142108  0.427121  0.927790  1.547223     46.363541
     59   1      3   0   3     4  0.473823      43.232        0.0        0.0      0.000  0.143927  0.427985  0.926470  1.529638     22.584129
     60   1      2   4   0     4  0.476799      44.051        0.0        0.0      0.000  0.146833  0.429382  0.924367  1.502567     21.679050

   No.  Code     H   K   L  Mult     Hw         2theta      Icalc       Iobs      Sigma      HwG     HwL       ETA       d-hkl        CORR

     61   1      6   2   0     4  0.476839      44.062        0.0        0.0      0.000  0.146872  0.429400  0.924339  1.502216     21.667444
     62   1      1   4   1     8  0.478623      44.546        0.0        0.0      0.000  0.148597  0.430240  0.923093  1.486710     42.314648
     63   1      1   2   3     8  0.478665      44.557        0.0        0.0      0.000  0.148638  0.430260  0.923063  1.486349     42.291096
     64   1      3   1   3     8  0.478675      44.560        0.0        0.0      0.000  0.148648  0.430264  0.923056  1.486265     42.285534
     65   1      3   3   2     8  0.481085      45.205        0.0        0.0      0.000  0.150960  0.431400  0.921390  1.466133     40.979321
     66   1      2   4   1     8  0.484117      46.005        0.0        0.0      0.000  0.153841  0.432833  0.919321  1.441998     39.440083
     67   1      6   2   1     8  0.484157      46.015        0.0        0.0      0.000  0.153879  0.432852  0.919294  1.441688     39.420506
     68   1      2   2   3     8  0.484160      46.016        0.0        0.0      0.000  0.153881  0.432853  0.919293  1.441669     39.419327
     69   1      5   2   2     8  0.485998      46.494        0.0        0.0      0.000  0.155612  0.433724  0.918053  1.427659     38.539536
     70   1      6   0   2     4  0.486625      46.656        0.0        0.0      0.000  0.156201  0.434022  0.917633  1.422976     19.123835
     71   1      4   0   3     4  0.486627      46.656        0.0        0.0      0.000  0.156202  0.434022  0.917632  1.422965     19.123489
     72   1      5   3   1     8  0.488439      47.121        0.0        0.0      0.000  0.157895  0.434883  0.916424  1.409712     37.427059
     73   1      7   0   1     4  0.488469      47.129        0.0        0.0      0.000  0.157923  0.434898  0.916404  1.409494     18.706844
     74   1      6   1   2     8  0.491552      47.909        0.0        0.0      0.000  0.160780  0.436365  0.914375  1.387859     36.094692
     75   1      4   1   3     8  0.491554      47.910        0.0        0.0      0.000  0.160781  0.436366  0.914374  1.387848     36.094055
     76   1      3   4   1     8  0.493357      48.361        0.0        0.0      0.000  0.162440  0.437226  0.913200  1.375679     35.362713
     77   1      3   2   3     8  0.493400      48.371        0.0        0.0      0.000  0.162479  0.437247  0.913172  1.375393     35.345654
     78   1      7   1   1     8  0.493408      48.373        0.0        0.0      0.000  0.162486  0.437251  0.913167  1.375342     35.342613
     79   1      4   3   2     8  0.494002      48.521        0.0        0.0      0.000  0.163030  0.437534  0.912783  1.371415     35.108265
     80   1      4   4   0     4  0.498955      49.733        0.0        0.0      0.000  0.167530  0.439907  0.909621  1.340028     16.632246
     81   1      0   4   2     4  0.498957      49.733        0.0        0.0      0.000  0.167531  0.439908  0.909621  1.340020     16.632030
     82   1      1   4   2     8  0.500832      50.185        0.0        0.0      0.000  0.169218  0.440809  0.908443  1.328738     32.613922
     83   1      6   3   0     4  0.501481      50.340        0.0        0.0      0.000  0.169800  0.441121  0.908038  1.324907     16.197350
     84   1      0   3   3     4  0.501484      50.341        0.0        0.0      0.000  0.169803  0.441123  0.908036  1.324891     16.196877
     85   1      1   3   3     8  0.503367      50.788        0.0        0.0      0.000  0.171484  0.442030  0.906868  1.313984     31.773836
     86   1      5   0   3     4  0.503397      50.795        0.0        0.0      0.000  0.171511  0.442045  0.906849  1.313808     15.881942
     87   1      4   4   1     8  0.506489      51.521        0.0        0.0      0.000  0.174254  0.443538  0.904954  1.296533     30.795238
     88   1      2   4   2     8  0.506490      51.522        0.0        0.0      0.000  0.174255  0.443538  0.904954  1.296528     30.794954
     89   1      6   2   2     8  0.506531      51.531        0.0        0.0      0.000  0.174291  0.443558  0.904929  1.296303     30.782431
     90   1      4   2   3     8  0.506533      51.532        0.0        0.0      0.000  0.174293  0.443559  0.904928  1.296295     30.781942
     91   1      7   2   1     8  0.508427      51.971        0.0        0.0      0.000  0.175962  0.444476  0.903781  1.286086     30.217173
     92   1      5   1   3     8  0.508439      51.974        0.0        0.0      0.000  0.175973  0.444482  0.903773  1.286018     30.213411
     93   1      6   3   1     8  0.509043      52.113        0.0        0.0      0.000  0.176503  0.444774  0.903410  1.282823     30.037842
     94   1      2   3   3     8  0.509045      52.114        0.0        0.0      0.000  0.176505  0.444775  0.903409  1.282810     30.037121
     95   1      8   0   0     2  0.509073      52.120        0.0        0.0      0.000  0.176530  0.444789  0.903392  1.282661      7.507238
     96   1      0   0   4     2  0.509078      52.121        0.0        0.0      0.000  0.176534  0.444792  0.903389  1.282635      7.506876
     97   1      5   3   2     8  0.510947      52.550        0.0        0.0      0.000  0.178170  0.445698  0.902271  1.272910     29.496540
     98   1      7   0   2     4  0.510978      52.557        0.0        0.0      0.000  0.178197  0.445714  0.902252  1.272750     14.743920
     99   1      1   0   4     4  0.510982      52.558        0.0        0.0      0.000  0.178201  0.445715  0.902250  1.272731     14.743399
    100   1      8   1   0     4  0.514158      53.278        0.0        0.0      0.000  0.180964  0.447261  0.900372  1.256763     14.313181
    101   1      3   4   2     8  0.516026      53.696        0.0        0.0      0.000  0.182580  0.448171  0.899282  1.247687     28.143517
    102   1      7   1   2     8  0.516078      53.708        0.0        0.0      0.000  0.182625  0.448197  0.899251  1.247436     28.130234
    103   1      1   1   4     8  0.516082      53.709        0.0        0.0      0.000  0.182628  0.448199  0.899249  1.247418     28.129269
    104   1      8   0   1     4  0.516721      53.851        0.0        0.0      0.000  0.183179  0.448511  0.898878  1.244363     13.983905
    105   1      2   0   4     4  0.516726      53.852        0.0        0.0      0.000  0.183183  0.448513  0.898875  1.244340     13.983309
    106   1      3   3   3     8  0.518619      54.272        0.0        0.0      0.000  0.184810  0.449438  0.897783  1.235447     27.499609
    107   1      2   5   0     4  0.521783      54.965        0.0        0.0      0.000  0.187515  0.450988  0.895979  1.221052     13.376525
    108   1      0   5   1     4  0.521783      54.965        0.0        0.0      0.000  0.187515  0.450989  0.895979  1.221051     13.376489
    109   1      8   1   1     8  0.521868      54.984        0.0        0.0      0.000  0.187587  0.451030  0.895931  1.220674     26.733614
    110   1      2   1   4     8  0.521873      54.985        0.0        0.0      0.000  0.187591  0.451032  0.895928  1.220653     26.732519
    111   1      1   5   1     8  0.523725      55.386        0.0        0.0      0.000  0.189165  0.451942  0.894885  1.212496     26.314882
    112   1      5   4   1     8  0.523757      55.393        0.0        0.0      0.000  0.189192  0.451958  0.894867  1.212358     26.307838
    113   1      5   2   3     8  0.523802      55.403        0.0        0.0      0.000  0.189231  0.451980  0.894842  1.212163     26.297880
    114   1      6   0   3     4  0.524465      55.546        0.0        0.0      0.000  0.189792  0.452306  0.894471  1.209292     13.075929
    115   1      3   0   4     4  0.526418      55.964        0.0        0.0      0.000  0.191442  0.453267  0.893384  1.200972     12.865626
    116   1      2   5   1     8  0.529589      56.637        0.0        0.0      0.000  0.194107  0.454832  0.891641  1.187873     25.077213
    117   1      4   4   2     8  0.529622      56.643        0.0        0.0      0.000  0.194135  0.454848  0.891623  1.187739     25.070583
    118   1      8   2   0     4  0.529663      56.652        0.0        0.0      0.000  0.194170  0.454869  0.891601  1.187571     12.531127
    119   1      0   2   4     4  0.529668      56.653        0.0        0.0      0.000  0.194174  0.454871  0.891598  1.187551     12.530615
    120   1      6   1   3     8  0.529677      56.655        0.0        0.0      0.000  0.194181  0.454876  0.891593  1.187516     25.059528

   No.  Code     H   K   L  Mult     Hw         2theta      Icalc       Iobs      Sigma      HwG     HwL       ETA       d-hkl        CORR

    121   1      7   2   2     8  0.531632      57.065        0.0        0.0      0.000  0.195816  0.455843  0.890532  1.179692     24.673756
    122   1      1   2   4     8  0.531636      57.066        0.0        0.0      0.000  0.195819  0.455845  0.890530  1.179677     24.673004
    123   1      3   1   4     8  0.531647      57.068        0.0        0.0      0.000  0.195828  0.455850  0.890524  1.179634     24.670916
    124   1      6   3   2     8  0.532271      57.199        0.0        0.0      0.000  0.196349  0.456159  0.890187  1.177172     24.550282
    125   1      4   3   3     8  0.532273      57.199        0.0        0.0      0.000  0.196350  0.456160  0.890186  1.177166     24.549971
    126   1      7   3   1     8  0.534247      57.609        0.0        0.0      0.000  0.197992  0.457139  0.889127  1.169505     24.176888
    127   1      6   4   0     4  0.537530      58.283        0.0        0.0      0.000  0.200708  0.458770  0.887388  1.157142     11.791062
    128   1      8   2   1     8  0.537574      58.292        0.0        0.0      0.000  0.200744  0.458792  0.887365  1.156981     23.574425
    129   1      2   2   4     8  0.537578      58.293        0.0        0.0      0.000  0.200748  0.458794  0.887362  1.156963     23.573557
    130   1      3   5   1     8  0.539492      58.682        0.0        0.0      0.000  0.202324  0.459748  0.886361  1.149971     23.241325
    131   1      1   4   3     8  0.539527      58.689        0.0        0.0      0.000  0.202353  0.459765  0.886342  1.149844     23.235298
    132   1      8   0   2     4  0.540250      58.835        0.0        0.0      0.000  0.202946  0.460126  0.885966  1.147242     11.556234
    133   1      4   0   4     4  0.540254      58.836        0.0        0.0      0.000  0.202950  0.460128  0.885964  1.147228     11.555900

 --------------------------------------------------------------------------------------------------------------
 Pattern#  1 Phase No.:   2 Phase name: cod-4313206.cif               
 --------------------------------------------------------------------------------------------------------------

   No.  Code     H   K   L  Mult     Hw         2theta      Icalc       Iobs      Sigma      HwG     HwL       ETA       d-hkl        CORR

      1   1      1   1   1     8  0.190169      25.749        0.0        0.0      0.000  0.124925  0.105538  0.630133  2.528921    136.275848
      2   1      2   0   0     6  0.209685      29.818        0.0        0.0      0.000  0.144595  0.107315  0.589033  2.190110     75.135803
      3   1      2   2   0    12  0.276478      42.675        0.0        0.0      0.000  0.210097  0.114047  0.490093  1.548641     69.690872
      4   1      3   1   1    24  0.321274      50.512        0.0        0.0      0.000  0.253053  0.119104  0.446502  1.320686     96.462074
      5   1      2   2   2     8  0.335794      52.928        0.0        0.0      0.000  0.266863  0.120831  0.434938  1.264461     29.039400

     -----------------------------------------------------
     BRAGG R-Factors and weight fractions for Pattern #  1
     -----------------------------------------------------

 => Phase:  1     cod-1101111.cif
 => Bragg R-factor:   0.00       Vol:  330.926( 0.000)  Fract(%):   61.60( 0.00)
 => Rf-factor=  0.00             ATZ:         631.037   Brindley:  1.0000

 => Phase:  2     cod-4313206.cif
 => Bragg R-factor:   0.00       Vol:   84.040( 0.000)  Fract(%):   38.40( 0.00)
 => Rf-factor=  0.00             ATZ:         107.892   Brindley:  1.0000

     -----------------------------------------------------------------
      SYMBOLIC NAMES AND FINAL VALUES AND SIGMA OF REFINED PARAMETERS:
     -----------------------------------------------------------------

      ->  Parameter number    1 :                                     Scale_ph1_pat1    0.60511329E-08( +/-     0.0000000     )
      ->  Parameter number    2 :                                     Scale_ph2_pat1    0.86887667E-07( +/-     0.0000000     )
      ->  Parameter number    3 :                                          Zero_pat1   -0.48829999E-01( +/-     0.0000000     )
      ->  Parameter number    4 :                                         Bck_0_pat1     2666.4236    ( +/-     0.0000000     )
      ->  Parameter number    5 :                                         Bck_1_pat1     3422.0898    ( +/-     0.0000000     )
      ->  Parameter number    6 :                                         Bck_2_pat1     3705.8818    ( +/-     0.0000000     )
      ->  Parameter number    7 :                                         Bck_3_pat1     2583.3335    ( +/-     0.0000000     )
      ->  Parameter number    8 :                                         Bck_4_pat1     2146.8662    ( +/-     0.0000000     )
      ->  Parameter number    9 :                                         Bck_5_pat1     1878.3262    ( +/-     0.0000000     )
      ->  Parameter number   10 :                                         Bck_6_pat1     1570.0688    ( +/-     0.0000000     )
      ->  Parameter number   11 :                                         Bck_7_pat1     1340.8730    ( +/-     0.0000000     )
      ->  Parameter number   12 :                                         Bck_8_pat1     1302.4128    ( +/-     0.0000000     )
      ->  Parameter number   13 :                                         Bck_9_pat1     1261.4105    ( +/-     0.0000000     )
      ->  Parameter number   14 :                                        Bck_10_pat1     1104.2013    ( +/-     0.0000000     )
      ->  Parameter number   15 :                                        Bck_11_pat1     1165.6482    ( +/-     0.0000000     )
      ->  Parameter number   16 :                                        Bck_12_pat1     1182.7152    ( +/-     0.0000000     )
      ->  Parameter number   17 :                                        Bck_13_pat1     1026.1451    ( +/-     0.0000000     )
      ->  Parameter number   18 :                                        Bck_14_pat1     975.21552    ( +/-     0.0000000     )
      ->  Parameter number   19 :                                        Bck_15_pat1     989.01141    ( +/-     0.0000000     )
      ->  Parameter number   20 :                                        Bck_16_pat1     861.81488    ( +/-     0.0000000     )
      ->  Parameter number   21 :                                        Bck_17_pat1     883.65143    ( +/-     0.0000000     )
      ->  Parameter number   22 :                                        Bck_18_pat1     890.44269    ( +/-     0.0000000     )
      ->  Parameter number   23 :                                        Bck_19_pat1     841.14771    ( +/-     0.0000000     )
      ->  Parameter number   24 :                                        Bck_20_pat1     815.29852    ( +/-     0.0000000     )
      ->  Parameter number   25 :                                        Bck_21_pat1     901.48242    ( +/-     0.0000000     )
      ->  Parameter number   26 :                                        Bck_22_pat1     757.87671    ( +/-     0.0000000     )
      ->  Parameter number   27 :                                        Bck_23_pat1     736.40649    ( +/-     0.0000000     )
      ->  Parameter number   28 :                                        Bck_24_pat1     675.19019    ( +/-     0.0000000     )
      ->  Parameter number   29 :                                        Bck_25_pat1     589.72491    ( +/-     0.0000000     )
      ->  Parameter number   30 :                                        Bck_26_pat1     519.20972    ( +/-     0.0000000     )
      ->  Parameter number   31 :                                        Bck_27_pat1     482.28891    ( +/-     0.0000000     )
      ->  Parameter number   32 :                                        Bck_28_pat1     389.97739    ( +/-     0.0000000     )
      ->  Parameter number   33 :                                        Bck_29_pat1     319.54019    ( +/-     0.0000000     )
      ->  Parameter number   34 :                                    Cell_A_ph1_pat1     10.261290    ( +/-     0.0000000     )
      ->  Parameter number   35 :                                    Cell_A_ph2_pat1     4.3802199    ( +/-     0.0000000     )
      ->  Parameter number   36 :                                    Cell_B_ph1_pat1     6.2858701    ( +/-     0.0000000     )
      ->  Parameter number   37 :                                    Cell_C_ph1_pat1     5.1305399    ( +/-     0.0000000     )
      ->  Parameter number   38 :                                    U-Cagl_ph1_pat1    0.12232000    ( +/-     0.0000000     )
      ->  Parameter number   39 :                                    U-Cagl_ph2_pat1    0.27950999    ( +/-     0.0000000     )
      ->  Parameter number   40 :                                     Y-cos_ph1_pat1    0.38914999    ( +/-     0.0000000     )
      ->  Parameter number   41 :                                     Y-cos_ph2_pat1    0.97599998E-01( +/-     0.0000000     )
      ->  Parameter number   42 :                                          X_Fe1_ph1    0.32499999E-01( +/-     0.0000000     )
      ->  Parameter number   43 :                                           Z_O3_ph1   -0.34130000E-01( +/-     0.0000000     )
      ->  Parameter number   44 :                                          Z_Fe1_ph1    0.36279999E-01( +/-     0.0000000     )
      ->  Parameter number   45 :                                           X_P1_ph1   -0.14600001E-02( +/-     0.0000000     )
      ->  Parameter number   46 :                                           Y_O3_ph1    0.44709999E-01( +/-     0.0000000     )
      ->  Parameter number   47 :                                           Z_P1_ph1    0.37780002E-01( +/-     0.0000000     )
      ->  Parameter number   48 :                                           X_O1_ph1   -0.27090000E-01( +/-     0.0000000     )
      ->  Parameter number   49 :                                           X_O3_ph1   -0.16500000E-02( +/-     0.0000000     )
      ->  Parameter number   50 :                                           Z_O1_ph1   -0.42900001E-02( +/-     0.0000000     )
      ->  Parameter number   51 :                                           X_O2_ph1    0.49610000E-01( +/-     0.0000000     )
      ->  Parameter number   52 :                                           Z_O2_ph1   -0.72699999E-02( +/-     0.0000000     )
      ->  Parameter number   53 :                                       Biso_Fe1_ph1    0.19079000    ( +/-     0.0000000     )
      ->  Parameter number   54 :                                       Biso_AL1_ph2    0.23085999    ( +/-     0.0000000     )
      ->  Parameter number   55 :                                        Biso_O3_ph1    0.90307999    ( +/-     0.0000000     )
      ->  Parameter number   56 :                                        Biso_P1_ph1    0.38868999    ( +/-     0.0000000     )
      ->  Parameter number   57 :                                        Biso_O2_ph1    0.13264000    ( +/-     0.0000000     )
      ->  Parameter number   58 :                                        Biso_O1_ph1    0.99820003E-01( +/-     0.0000000     )

 ------------------------------------------------------------------
 => Number of bytes for floating point variables: 4
 => Dimensions of dynamic allocated arrays in this run of FullProf:
 ------------------------------------------------------------------

 => Total approximate array memory (dynamic + static): 115719821 bytes

    MaxPOINT=    70000 Max.num. of points(+int. Inten.)/diffraction pattern       
    MaxREFLT=    20000 Max.num. of reflections/diffraction pattern               
    MaxPARAM=      800 Max.num. of refinable parameters                          
    MaxOVERL=     2024 Max.num. of overlapping reflections                       

 ----------------------------------------------------------
 => Number of bytes for floating point arrays: 4
 => Dimensions of fixed arrays in this release of FullProf:
 ----------------------------------------------------------

    NPATT   =       80 Max.num. of powder diffraction patterns                    
    NATS    =      830 Max.num. of atoms (all kind) in asymmetric unit            
    MPAR    =     1800 Max.num. of non atomic parameters/phase                    
    IEXCL   =       30 Max.num. of excluded regions                               
    IBACP   =      377 Max.num. of background points for interpolation            
    NPHT    =       16 Max.num. of phases                                         
    NMAGM   =        8 Max.num. of rotation-matrices sets for magnetic structure  
    NBASIS  =       12 Max.num. of basis functions associated to a single atom    
    NIREPS  =        9 Max.num. of irreducible representations to be combined     
    N_EQ    =      384 Max.num. of user-supplied symmetry operators/propagation vectors
    NGL     =      400 Max.num. of global parameters/diffraction pattern          
    N_LINC  =       50 Max.num. of global linear restraints                        
    NAT_P   =       80 Max.num. of atomic parameters per atom                     
    NCONST  =      500 Max.num. of slack constraints per phase                    
    N_SPE   =       30 Max.num. of different chemical species                     
    N_FORM  =       60 Max.num. of scattering factor values in a table            
    NPR     =      150 Max.num. of points defining a numerical profile            
    INPR    =       25 Max.num. of different numerical peak shapes                
    NPRC    =      150 Max.num. of terms in the table for correcting intensities  
    NSOL    =       10 Max.num. of solutions to be stored in Montecarlo searchs   

 
              CPU Time:     0.234 seconds
                            0.004 minutes

 => Run finished at:     Date: 19/01/2023  Time: 12:53:47.833                              
