

        **********************************************************
        ** PROGRAM FullProf.2k (Version 7.40 - Jan2021-ILL JRC) **
        **********************************************************
                       M U L T I -- P A T T E R N                 
            Rietveld, Profile Matching & Integrated Intensity     
                 Refinement of X-ray and/or Neutron Data


    Date: 19/01/2023  Time: 12:53:47.890                              

 => PCR file code: /home/gallo/work/models_cic/ref-fp/files/simulations/6_FP_INPUT
 => DAT file code: EXP_PATTERN          -> Relative contribution: 1.0000                                                            

 ==> CONDITIONS OF THIS RUN FOR PATTERN No.:  1

 => Pattern calculation, X-ray
    Bragg-Brentano(X-rays) or Debye-Scherrer geometry(Neutrons)
 => Title:    Phases    extracted    from    file:    14LFPka_f00003.xye.buf

 => Number of phases:    2
 => Number of excluded regions:    1
 => Number of scattering factors supplied:    0
 => March-Dollase model for preferred orientation
 => Conventional weights: w=1.0/Variance(yobs)
 => Asymmetry correction as in J.Appl.Cryst. 26,128(1993)
 => Background linearly interpolated between the   30 points given
 => The    7th default profile function was selected
 => T-C-H Pseudo-Voigt function 
    This function is convoluted with asymmetry due to axial 
    divergence as formulated by: 
    van Laar and Yelon, J. Appl. Cryst. 17, 47(1984).
    and using the method of:
    Finger, Cox and Jephcoat, J. Appl. Cryst. 27, 892 (1994).
    Fortran 90 module adapted from function PROFVAL (in F77) : 
    L.W. Finger, J. Appl. Cryst. 31, 111 (1998).


 ==> INPUT/OUTPUT OPTIONS:

 => Output Obs and Calc intensities on last cycle
 => Generate bacground file *.bac
 => Generate file *.PRF for plot
 => Output Integrated Intensities
 => Generate new input file *.PCR

 => X-Y type of data: 2theta/TOF/E(Kev) Intens sigma for pattern:  1
 => Plot pattern at each cycle
 => Wavelengths:  1.12698 1.12698
 => Alpha2/Alpha1 ratio:   0.0000
 => Cos(Monochromator angle)=   0.7999
 => Asymmetry correction for angles lower than  180.000 degrees
 => Absorption correction (AC), muR-eff =   0.0000  0.0000
 => Base of peaks: 2.0*HW*   15.00

 => Number of cycles:    1
 => Relaxation factors ==>    for coordinates:  1.00
 => for anisotropic temperature factors:  1.00
 => for halfwidth/strain/size parameters:  1.00
 => for lattice constants and propagation vectors:  1.00
 => EPS-value for convergence:    0.1
 => Background ==> 
    Position   Intensity
       12.72     2666.42       41.00
       14.32     3422.09       51.00
       15.91     3705.88       61.00
       17.51     2583.33       71.00
       19.11     2146.87       81.00
       20.70     1878.33       91.00
       22.30     1570.07      101.00
       23.89     1340.87      111.00
       25.49     1302.41      121.00
       27.09     1261.41      131.00
       28.68     1104.20      141.00
       30.28     1165.65      151.00
       31.87     1182.72      161.00
       33.47     1026.15      171.00
       35.07      975.22      181.00
       36.66      989.01      191.00
       38.26      861.81      201.00
       39.85      883.65      211.00
       41.45      890.44      221.00
       43.05      841.15      231.00

       44.64      815.30      241.00
       46.24      901.48      251.00
       47.83      757.88      261.00
       49.43      736.41      271.00
       51.03      675.19      281.00
       52.62      589.72      291.00
       54.22      519.21      301.00
       55.81      482.29      311.00
       57.41      389.98      321.00
       59.01      319.54      331.00

 

 => Excluded regions for Pattern#  1
    From     to
      0.0000     11.5000

 => Instrumental Resolution read from file: /home/gallo/work/models_cic/ref-fp/files/IRF_NOTOS_July2022_MR.irf
 => Title of data: !Instrument Resolution Function of the diffractometer ALBA NOTOS July2022 Si_11keV_f00009.dat MR20220827

 => The resolution function is IRESOL:   1 for profile function #   7
    Input resolution parameters:

     U-inst     V-inst     W-inst     X-inst     Y-inst     Z-inst
    0.00500   -0.00011    0.00077    0.02372    0.00000    0.00000
    0.00500   -0.00011    0.00077    0.02372    0.00000    0.00000

 => Number of Least-Squares parameters varied:    58

 =>--------------------------->
 =>------->  PATTERN number:  1
 =>--------------------------->
 => Global parameters and codes ==>
 => Zero-point:     0.0130   31.0000
 => Displacement peak-shift parameter and code:     0.04    0.00
 => Transparency peak-shift parameter and code:    -0.03    0.00
 --------------------------------------------------------------------------------
 => Phase  No. 1
      cod-1101111.cif                                                       
 --------------------------------------------------------------------------------
 =>-------> Pattern#  1
 => Crystal Structure Refinement
 => Preferred orientation vector:   0.0000  0.0000  1.0000

 =>-------> Data for PHASE: 1
 => Number of atoms:    6
 => Number of distance  constraints:    0
 => Number of angle     constraints:    0

 => Symmetry information on space group: P n m a             
 -> The multiplicity of the general position is:   8
 -> The space group is Centric (-1 at origin)   
 -> Lattice type  P: { 000 }                                       
 -> Reduced set of symmetry operators:

  No.  IT   Symmetry symbol    Rotation part     Associated Translation
   1: ( 1)   1            -->     ( x, y, z) + {  0.0000  0.0000  0.0000}
   2: ( 4)   2 ( x, 0, 0) -->     ( x,-y,-z) + {  0.5000  0.5000  0.5000}
   3: ( 3)   2 ( 0, y, 0) -->     (-x, y,-z) + {  0.0000  0.5000  0.0000}
   4: ( 2)   2 ( 0, 0, z) -->     (-x,-y, z) + {  0.5000  0.0000  0.5000}


        Information on Space Group: 
        --------------------------- 

 =>   Number of Space group:  62
 =>  Hermann-Mauguin Symbol: P n m a
 =>             Hall Symbol: -P 2ac 2n
 =>            Setting Type: IT (Generated from Hermann-Mauguin symbol)
 =>          Crystal System: Orthorhombic
 =>              Laue Class: mmm
 =>             Point Group: mmm
 =>         Bravais Lattice: P
 =>          Lattice Symbol: oP
 =>  Reduced Number of S.O.:   4
 =>    General multiplicity:   8
 =>          Centrosymmetry: Centric (-1 at origin)
 =>  Generators (exc. -1&L):   2
 =>         Asymmetric unit:  0.000 <= x <=  0.500
                              0.000 <= y <=  0.250
                              0.000 <= z <=  1.000

 => List of S.O. without inversion and lattice centring translations
 => SYMM(  1): x,y,z                               => SYMM(  2): x+1/2,-y+1/2,-z+1/2
 => SYMM(  3): -x,y+1/2,-z                         => SYMM(  4): -x+1/2,-y,z+1/2


 => Initial parameters ==>
 Atom    Ntyp                  X         Y         Z         B         occ.         in  fin  Spc  Mult
                             B11       B22       B33       B12       B13       B23
 Fe1    Fe                -0.04882   0.25000  -0.04720   0.61261   0.50000           0    0    0    4
                 Codes:  421.00000   0.00000 441.00000 531.00000   0.00000
 Li1    Li                 0.00000   0.00000   0.00000   1.00000   0.50000           0    0    0    4
                 Codes:    0.00000   0.00000   0.00000   0.00000   0.00000
 P1     P                 -0.00664   0.25000  -0.02483   0.34747   0.50000           0    0    0    4
                 Codes:  451.00000   0.00000 471.00000 561.00000   0.00000
 O1     O                  0.01602   0.25000   0.03649   0.20182   0.50000           0    0    0    4
                 Codes:  481.00000   0.00000 501.00000 581.00000   0.00000
 O2     O                 -0.01430   0.25000  -0.03608   1.33754   0.50000           0    0    0    4
                 Codes:  511.00000   0.00000 521.00000 571.00000   0.00000
 O3     O                  0.03231  -0.00906  -0.02064   0.19445   1.00000           0    0    0    8
                 Codes:  491.00000 461.00000 431.00000 551.00000   0.00000

 => IT IS ASSUMED THAT THE FIRST GIVEN SITE IS FULLY OCCUPIED 
    OR THE FIRST AND SECOND ATOMS ARE IN THE SAME SITE WITH TOTAL FULL OCCUPATION
  (If this is not the case, change the order of atoms to obtain correct values for the content of the unit cell)
    The given occupation factors have been obtained mutiplying m/M by   1.0000
      -> Atom: Fe  ,  Chemical element: FE  Atomic Mass:    55.8470
      -> Atom: Li  ,  Chemical element: LI  Atomic Mass:     6.9410
      -> Atom: P   ,  Chemical element: P   Atomic Mass:    30.9738
      -> Atom: O   ,  Chemical element: O   Atomic Mass:    15.9994
      -> Atom: O   ,  Chemical element: O   Atomic Mass:    15.9994
      -> Atom: O   ,  Chemical element: O   Atomic Mass:    15.9994
 => The given value of ATZ is        631.04 the program has calculated:         631.04
    The value of ATZ given in the input PCR file will be used for quantitative analysis
 => The chemical content of the unit cell is: 
       4.0000 Fe   +   4.0000 Li   +   4.0000 P    +   4.0000 O    +   4.0000 O    +   8.0000 O      
 => The normalized site occupation numbers in % are: 
     100.0000 Fe1    :      100.0000 Li1    :      100.0000 P1     :      100.0000 O1     :      100.0000 O2     :      100.0000 O3       
 => The density (volumic mass) of the compound is:    3.134 g/cm3

 =>-------> PROFILE PARAMETERS FOR PATTERN:  1

 => Overall scale factor:   0.716971E-07
 => ETA (p-Voigt) OR M (Pearson VII):   0.0000
 => Overall temperature factor:      0.00000
 => Halfwidth U,V,W:      0.24718     0.00000     0.00000
 => X and Y parameters:       0.0000      0.2201
 => Direct cell parameters:   11.3135   5.9841   4.9394  90.0000  90.0000  90.0000
 => Preferred orientation parameters:   1.0000  0.0000
 => Asymmetry parameters     :      0.00000     0.00000     0.00000     0.00000
 => Strain parameters        :      0.00000     0.00000     0.00000
 => Size   parameters        :      0.00000     0.00000
 => Further shape parameters (S_L and D_L):   0.00000   0.00000
    S_L is source width/detector distance
    D_L is detector width/detector distance

 ==> CODEWORDS FOR PROFILE PARAMETERS of PATTERN#  1

 => Overall scale factor:   11.000
 => ETA (p-Voigt) OR M (Pearson VII):    0.000
 => Overall temperature factor:    0.000
 => Halfwidth U,V,W:  381.000   0.000   0.000
 => X and Y parameters:    0.000 401.000
 => Direct cell parameters:  341.000 361.000 371.000   0.000   0.000   0.000
 => Preferred orientation parameters:    0.000   0.000
 => Asymmetry parameters     :    0.000   0.000   0.000   0.000
 => Strain parameters        :    0.000   0.000   0.000
 => Size   parameters        :    0.000   0.000

 => Cell constraints according to Laue symmetry: mmm  

        Metric information:
        -------------------

 => Direct cell parameters:

         a =      11.3135      b =       5.9841      c =       4.9394
     alpha =       90.000   beta =       90.000  gamma =       90.000
                        Direct Cell Volume =     334.4044

 => Reciprocal cell parameters:

         a*=     0.088390      b*=     0.167109      c*=     0.202455
     alpha*=       90.000   beta*=       90.000  gamma*=       90.000
                    Reciprocal Cell Volume =   0.00299039

 => Direct and Reciprocal Metric Tensors:

                   GD                                       GR
    127.9962      0.0000      0.0000          0.007813    0.000000    0.000000
      0.0000     35.8098      0.0000          0.000000    0.027925    0.000000
      0.0000      0.0000     24.3975          0.000000    0.000000    0.040988

 =>  Cartesian frame: z // c; y is in the bc-plane; x is y ^ z = a*  

     Crystal_to_Orthonormal_Matrix              Orthonormal_to_Crystal Matrix
              Cr_Orth_cel                               Orth_Cr_cel  
     11.3135      0.0000      0.0000          0.088390   -0.000000   -0.000000
      0.0000      5.9841      0.0000          0.000000    0.167109   -0.000000
      0.0000      0.0000      4.9394          0.000000    0.000000    0.202455

     Busing-Levy B-matrix: Hc=B.H            Inverse of the Busing-Levy B-matrix
                BL_M                                      BL_Minv  
    0.088390    0.000000    0.000000           11.3135     -0.0000     -0.0000
    0.000000    0.167109   -0.000000            0.0000      5.9841      0.0000
    0.000000    0.000000    0.202455            0.0000      0.0000      4.9394

 => Laue symmetry mmm   will be used to generate HKL for pattern#   1
 => Reflections generated between S(1/d)min:  0.1720 A-1 and S(1/d)max:  1.0439 A-1
 =>                                    dmax:  5.8125 A   and      dmin:  0.9580 A
 => The number of reflections generated is:    219
 => The max. scatt. variable (gen.ref.) is:        72.0590
 => Scattering coefficients from internal table


 => X-ray scattering coeff. (A1, B1, A2,...C, f(0), Z, Dfp,Dfpp)

 FE     11.7695   4.7611   7.3573   0.3072   3.5222  15.3535   2.3045  76.8805   1.0369  25.9904  26.0000   0.3010   0.8450
 LI      1.1282   3.9546   0.7508   1.0524   0.6175  85.3905   0.4653 168.2610   0.0377   2.9995   3.0000   0.0000   0.0000
 P       6.4345   1.9067   4.1791  27.1570   1.7800   0.5260   1.4908  68.1645   1.1149  14.9993  15.0000   0.0900   0.0950
 O       3.0485  13.2771   2.2868   5.7011   1.5463   0.3239   0.8670  32.9089   0.2508   7.9994   8.0000   0.0080   0.0060
 --------------------------------------------------------------------------------
 => Phase  No. 2
      cod-4313206.cif                                                       
 --------------------------------------------------------------------------------
 =>-------> Pattern#  1
 => Crystal Structure Refinement
 => Preferred orientation vector:   0.0000  0.0000  1.0000

 =>-------> Data for PHASE: 2
 => Number of atoms:    1
 => Number of distance  constraints:    0
 => Number of angle     constraints:    0

 => Symmetry information on space group: F m -3 m            
 -> The multiplicity of the general position is: 192
 -> The space group is Centric (-1 at origin)   
 -> Lattice type  F: { 000;  0  1/2 1/2; 1/2  0  1/2; 1/2 1/2  0 }+
 -> Reduced set of symmetry operators:

  No.  IT   Symmetry symbol    Rotation part     Associated Translation
   1: ( 1)   1            -->     ( x, y, z) + {  0.0000  0.0000  0.0000}
   2: ( 4)   2 ( x, 0, 0) -->     ( x,-y,-z) + {  0.0000  0.0000  0.0000}
   3: ( 3)   2 ( 0, y, 0) -->     (-x, y,-z) + {  0.0000  0.0000  0.0000}
   4: ( 2)   2 ( 0, 0, z) -->     (-x,-y, z) + {  0.0000  0.0000  0.0000}
   5: ( 9)  3- ( x, x, x) -->     ( y, z, x) + {  0.0000  0.0000  0.0000}
   6: (12)  3- (-x, x,-x) -->     (-y,-z, x) + {  0.0000  0.0000  0.0000}
   7: (11)  3- (-x,-x, x) -->     ( y,-z,-x) + {  0.0000  0.0000  0.0000}
   8: (10)  3- ( x,-x,-x) -->     (-y, z,-x) + {  0.0000  0.0000  0.0000}
   9: ( 5)  3+ ( x, x, x) -->     ( z, x, y) + {  0.0000  0.0000  0.0000}
  10: ( 8)  3+ (-x,-x, x) -->     (-z, x,-y) + {  0.0000  0.0000  0.0000}
  11: ( 7)  3+ ( x,-x,-x) -->     (-z,-x, y) + {  0.0000  0.0000  0.0000}
  12: ( 6)  3+ (-x, x,-x) -->     ( z,-x,-y) + {  0.0000  0.0000  0.0000}
  13: (14)   2 ( x,-x, 0) -->     (-y,-x,-z) + {  0.0000  0.0000  0.0000}
  14: (15)  4- ( 0, 0, z) -->     ( y,-x, z) + {  0.0000  0.0000  0.0000}
  15: (16)  4+ ( 0, 0, z) -->     (-y, x, z) + {  0.0000  0.0000  0.0000}
  16: (13)   2 ( x, x, 0) -->     ( y, x,-z) + {  0.0000  0.0000  0.0000}
  17: (24)   2 (-x, 0, x) -->     (-z,-y,-x) + {  0.0000  0.0000  0.0000}
  18: (21)  4+ ( 0, y, 0) -->     ( z, y,-x) + {  0.0000  0.0000  0.0000}
  19: (22)   2 ( x, 0, x) -->     ( z,-y, x) + {  0.0000  0.0000  0.0000}
  20: (23)  4- ( 0, y, 0) -->     (-z, y, x) + {  0.0000  0.0000  0.0000}
  21: (19)   2 ( 0, y,-y) -->     (-x,-z,-y) + {  0.0000  0.0000  0.0000}
  22: (18)   2 ( 0, y, y) -->     (-x, z, y) + {  0.0000  0.0000  0.0000}
  23: (17)  4- ( x, 0, 0) -->     ( x, z,-y) + {  0.0000  0.0000  0.0000}
  24: (20)  4+ ( x, 0, 0) -->     ( x,-z, y) + {  0.0000  0.0000  0.0000}


        Information on Space Group: 
        --------------------------- 

 =>   Number of Space group: 225
 =>  Hermann-Mauguin Symbol: F m -3 m
 =>             Hall Symbol: -F 4 2 3
 =>            Setting Type: IT (Generated from Hermann-Mauguin symbol)
 =>          Crystal System: Cubic
 =>              Laue Class: m-3m
 =>             Point Group: m-3m
 =>         Bravais Lattice: F
 =>          Lattice Symbol: cF
 =>  Reduced Number of S.O.:  24
 =>    General multiplicity: 192
 =>          Centrosymmetry: Centric (-1 at origin)
 =>  Generators (exc. -1&L):   3
 =>         Asymmetric unit:  0.000 <= x <=  0.500
                              0.000 <= y <=  0.250
                              0.000 <= z <=  0.250

 => List of S.O. without inversion and lattice centring translations
 => SYMM(  1): x,y,z                               => SYMM(  2): x,-y,-z
 => SYMM(  3): -x,y,-z                             => SYMM(  4): -x,-y,z
 => SYMM(  5): y,z,x                               => SYMM(  6): -y,-z,x
 => SYMM(  7): y,-z,-x                             => SYMM(  8): -y,z,-x
 => SYMM(  9): z,x,y                               => SYMM( 10): -z,x,-y
 => SYMM( 11): -z,-x,y                             => SYMM( 12): z,-x,-y
 => SYMM( 13): y,x,z                               => SYMM( 14): -y,x,-z
 => SYMM( 15): y,-x,-z                             => SYMM( 16): -y,-x,z
 => SYMM( 17): z,y,x                               => SYMM( 18): -z,-y,x
 => SYMM( 19): -z,y,-x                             => SYMM( 20): z,-y,-x
 => SYMM( 21): x,z,y                               => SYMM( 22): x,-z,-y
 => SYMM( 23): -x,-z,y                             => SYMM( 24): -x,z,-y


 => Initial parameters ==>
 Atom    Ntyp                  X         Y         Z         B         occ.         in  fin  Spc  Mult
                             B11       B22       B33       B12       B13       B23
 AL1    Al                 0.00000   0.00000   0.00000   0.17959   0.02083           0    0    0    4
                 Codes:    0.00000   0.00000   0.00000 541.00000   0.00000

 => IT IS ASSUMED THAT THE FIRST GIVEN SITE IS FULLY OCCUPIED 
    OR THE FIRST AND SECOND ATOMS ARE IN THE SAME SITE WITH TOTAL FULL OCCUPATION
  (If this is not the case, change the order of atoms to obtain correct values for the content of the unit cell)
    The phase contains sites partially occupied
      -> Atom: Al  ,  Chemical element: AL  Atomic Mass:    26.9815
 => The given value of ATZ is        107.89 the program has calculated:         107.89
    The value of ATZ given in the input PCR file will be used for quantitative analysis
 => The chemical content of the unit cell is: 
       4.0000 Al     
 => The normalized site occupation numbers in % are: 
     100.0000 AL1      
 => The density (volumic mass) of the compound is:    2.285 g/cm3

 =>-------> PROFILE PARAMETERS FOR PATTERN:  1

 => Overall scale factor:   0.347042E-07
 => ETA (p-Voigt) OR M (Pearson VII):   0.0000
 => Overall temperature factor:      0.00000
 => Halfwidth U,V,W:      0.09685     0.00000     0.00000
 => X and Y parameters:       0.0000      0.4636
 => Direct cell parameters:    4.2804   4.2804   4.2804  90.0000  90.0000  90.0000
 => Preferred orientation parameters:   1.0000  0.0000
 => Asymmetry parameters     :      0.00000     0.00000     0.00000     0.00000
 => Strain parameters        :      0.00000     0.00000     0.00000
 => Size   parameters        :      0.00000     0.00000
 => Further shape parameters (S_L and D_L):   0.00000   0.00000
    S_L is source width/detector distance
    D_L is detector width/detector distance

 ==> CODEWORDS FOR PROFILE PARAMETERS of PATTERN#  1

 => Overall scale factor:   21.000
 => ETA (p-Voigt) OR M (Pearson VII):    0.000
 => Overall temperature factor:    0.000
 => Halfwidth U,V,W:  391.000   0.000   0.000
 => X and Y parameters:    0.000 410.010
 => Direct cell parameters:  351.000 351.000 351.000   0.000   0.000   0.000
 => Preferred orientation parameters:    0.000   0.000
 => Asymmetry parameters     :    0.000   0.000   0.000   0.000
 => Strain parameters        :    0.000   0.000   0.000
 => Size   parameters        :    0.000   0.000

 => Cell constraints according to Laue symmetry: m-3m 

        Metric information:
        -------------------

 => Direct cell parameters:

         a =       4.2804      b =       4.2804      c =       4.2804
     alpha =       90.000   beta =       90.000  gamma =       90.000
                        Direct Cell Volume =      78.4225

 => Reciprocal cell parameters:

         a*=     0.233625      b*=     0.233625      c*=     0.233625
     alpha*=       90.000   beta*=       90.000  gamma*=       90.000
                    Reciprocal Cell Volume =   0.01275143

 => Direct and Reciprocal Metric Tensors:

                   GD                                       GR
     18.3215      0.0000      0.0000          0.054581    0.000000    0.000000
      0.0000     18.3215      0.0000          0.000000    0.054581    0.000000
      0.0000      0.0000     18.3215          0.000000    0.000000    0.054581

 =>  Cartesian frame: z // c; y is in the bc-plane; x is y ^ z = a*  

     Crystal_to_Orthonormal_Matrix              Orthonormal_to_Crystal Matrix
              Cr_Orth_cel                               Orth_Cr_cel  
      4.2804      0.0000      0.0000          0.233625   -0.000000   -0.000000
      0.0000      4.2804      0.0000          0.000000    0.233625   -0.000000
      0.0000      0.0000      4.2804          0.000000    0.000000    0.233625

     Busing-Levy B-matrix: Hc=B.H            Inverse of the Busing-Levy B-matrix
                BL_M                                      BL_Minv  
    0.233625    0.000000    0.000000            4.2804     -0.0000     -0.0000
    0.000000    0.233625   -0.000000            0.0000      4.2804      0.0000
    0.000000    0.000000    0.233625            0.0000      0.0000      4.2804

 => Laue symmetry m-3m  will be used to generate HKL for pattern#   1
 => Reflections generated between S(1/d)min:  0.1720 A-1 and S(1/d)max:  1.1553 A-1
 =>                                    dmax:  5.8125 A   and      dmin:  0.8655 A
 => The number of reflections generated is:      9
 => The max. scatt. variable (gen.ref.) is:        81.2382
 => Scattering coefficients from internal table


 => X-ray scattering coeff. (A1, B1, A2,...C, f(0), Z, Dfp,Dfpp)

 AL      6.4202   3.0387   1.9002   0.7426   1.5936  31.5472   1.9646  85.0886   1.1151  12.9937  13.0000   0.0560   0.0520

     --------------------------------------------------------------
      SYMBOLIC NAMES AND INITIAL VALUES OF PARAMETERS TO BE VARIED:
     --------------------------------------------------------------

      ->  Parameter number    1   -> Symbolic Name:                                     Scale_ph1_pat1    0.71697080E-07
      ->  Parameter number    2   -> Symbolic Name:                                     Scale_ph2_pat1    0.34704183E-07
      ->  Parameter number    3   -> Symbolic Name:                                          Zero_pat1    0.12970000E-01
      ->  Parameter number    4   -> Symbolic Name:                                         Bck_0_pat1     2666.4236    
      ->  Parameter number    5   -> Symbolic Name:                                         Bck_1_pat1     3422.0898    
      ->  Parameter number    6   -> Symbolic Name:                                         Bck_2_pat1     3705.8818    
      ->  Parameter number    7   -> Symbolic Name:                                         Bck_3_pat1     2583.3335    
      ->  Parameter number    8   -> Symbolic Name:                                         Bck_4_pat1     2146.8662    
      ->  Parameter number    9   -> Symbolic Name:                                         Bck_5_pat1     1878.3262    
      ->  Parameter number   10   -> Symbolic Name:                                         Bck_6_pat1     1570.0688    
      ->  Parameter number   11   -> Symbolic Name:                                         Bck_7_pat1     1340.8730    
      ->  Parameter number   12   -> Symbolic Name:                                         Bck_8_pat1     1302.4128    
      ->  Parameter number   13   -> Symbolic Name:                                         Bck_9_pat1     1261.4105    
      ->  Parameter number   14   -> Symbolic Name:                                        Bck_10_pat1     1104.2013    
      ->  Parameter number   15   -> Symbolic Name:                                        Bck_11_pat1     1165.6482    
      ->  Parameter number   16   -> Symbolic Name:                                        Bck_12_pat1     1182.7152    
      ->  Parameter number   17   -> Symbolic Name:                                        Bck_13_pat1     1026.1451    
      ->  Parameter number   18   -> Symbolic Name:                                        Bck_14_pat1     975.21552    
      ->  Parameter number   19   -> Symbolic Name:                                        Bck_15_pat1     989.01141    
      ->  Parameter number   20   -> Symbolic Name:                                        Bck_16_pat1     861.81488    
      ->  Parameter number   21   -> Symbolic Name:                                        Bck_17_pat1     883.65143    
      ->  Parameter number   22   -> Symbolic Name:                                        Bck_18_pat1     890.44269    
      ->  Parameter number   23   -> Symbolic Name:                                        Bck_19_pat1     841.14771    
      ->  Parameter number   24   -> Symbolic Name:                                        Bck_20_pat1     815.29852    
      ->  Parameter number   25   -> Symbolic Name:                                        Bck_21_pat1     901.48242    
      ->  Parameter number   26   -> Symbolic Name:                                        Bck_22_pat1     757.87671    
      ->  Parameter number   27   -> Symbolic Name:                                        Bck_23_pat1     736.40649    
      ->  Parameter number   28   -> Symbolic Name:                                        Bck_24_pat1     675.19019    
      ->  Parameter number   29   -> Symbolic Name:                                        Bck_25_pat1     589.72491    
      ->  Parameter number   30   -> Symbolic Name:                                        Bck_26_pat1     519.20972    
      ->  Parameter number   31   -> Symbolic Name:                                        Bck_27_pat1     482.28891    
      ->  Parameter number   32   -> Symbolic Name:                                        Bck_28_pat1     389.97739    
      ->  Parameter number   33   -> Symbolic Name:                                        Bck_29_pat1     319.54019    
      ->  Parameter number   34   -> Symbolic Name:                                    Cell_A_ph1_pat1     11.313540    
      ->  Parameter number   35   -> Symbolic Name:                                    Cell_A_ph2_pat1     4.2803602    
      ->  Parameter number   36   -> Symbolic Name:                                    Cell_B_ph1_pat1     5.9841299    
      ->  Parameter number   37   -> Symbolic Name:                                    Cell_C_ph1_pat1     4.9393802    
      ->  Parameter number   38   -> Symbolic Name:                                    U-Cagl_ph1_pat1    0.24718000    
      ->  Parameter number   39   -> Symbolic Name:                                    U-Cagl_ph2_pat1    0.96850000E-01
      ->  Parameter number   40   -> Symbolic Name:                                     Y-cos_ph1_pat1    0.22011000    
      ->  Parameter number   41   -> Symbolic Name:                                     Y-cos_ph2_pat1    0.46362999    
      ->  Parameter number   42   -> Symbolic Name:                                          X_Fe1_ph1   -0.48820000E-01
      ->  Parameter number   43   -> Symbolic Name:                                           Z_O3_ph1   -0.20640001E-01
      ->  Parameter number   44   -> Symbolic Name:                                          Z_Fe1_ph1   -0.47200002E-01
      ->  Parameter number   45   -> Symbolic Name:                                           X_P1_ph1   -0.66399998E-02
      ->  Parameter number   46   -> Symbolic Name:                                           Y_O3_ph1   -0.90600001E-02
      ->  Parameter number   47   -> Symbolic Name:                                           Z_P1_ph1   -0.24830000E-01
      ->  Parameter number   48   -> Symbolic Name:                                           X_O1_ph1    0.16020000E-01
      ->  Parameter number   49   -> Symbolic Name:                                           X_O3_ph1    0.32310002E-01
      ->  Parameter number   50   -> Symbolic Name:                                           Z_O1_ph1    0.36490001E-01
      ->  Parameter number   51   -> Symbolic Name:                                           X_O2_ph1   -0.14300000E-01
      ->  Parameter number   52   -> Symbolic Name:                                           Z_O2_ph1   -0.36079999E-01
      ->  Parameter number   53   -> Symbolic Name:                                       Biso_Fe1_ph1    0.61260998    
      ->  Parameter number   54   -> Symbolic Name:                                       Biso_AL1_ph2    0.17959000    
      ->  Parameter number   55   -> Symbolic Name:                                        Biso_O3_ph1    0.19445001    
      ->  Parameter number   56   -> Symbolic Name:                                        Biso_P1_ph1    0.34746999    
      ->  Parameter number   57   -> Symbolic Name:                                        Biso_O2_ph1     1.3375400    
      ->  Parameter number   58   -> Symbolic Name:                                        Biso_O1_ph1    0.20182000    
  

 --------------------------------------------------------------------------------------------------------------
 Pattern#  1 Phase No.:   1 Phase name: cod-1101111.cif               
 --------------------------------------------------------------------------------------------------------------

   No.  Code     H   K   L  Mult     Hw         2theta      Icalc       Iobs      Sigma      HwG     HwL       ETA       d-hkl        CORR

      1   1      1   0   1     4  0.245007      14.301        1.1        1.1      0.000  0.068727  0.224811  0.937541  4.526761    227.788620
      2   1      2   1   0     4  0.248991      15.757        0.0        0.0      0.000  0.074713  0.225489  0.928296  4.110800    187.070633
      3   1      0   1   1     4  0.252649      17.013        0.0        0.0      0.000  0.079957  0.226106  0.920000  3.809333    160.015533
      4   1      2   0   1     4  0.253883      17.422        0.0        0.0      0.000  0.081678  0.226313  0.917247  3.720616    152.446747
      5   1      1   1   1     8  0.255534      17.959        0.0        0.0      0.000  0.083951  0.226589  0.913592  3.610182    286.550232
      6   1      2   1   1     8  0.263944      20.546        0.0        0.0      0.000  0.095037  0.227995  0.895564  3.159687    217.467438
      7   1      3   0   1     4  0.267828      21.671        0.2        0.2      0.000  0.099929  0.228645  0.887564  2.997421     97.423401
      8   1      0   2   0     2  0.267966      21.710        0.1        0.1      0.000  0.100100  0.228668  0.887284  2.992065     48.530170
      9   1      4   0   0     2  0.272517      22.983        0.1        0.1      0.000  0.105682  0.229434  0.878170  2.828385     43.139660
     10   1      3   1   1     8  0.277291      24.275        0.1        0.1      0.000  0.111393  0.230243  0.868895  2.680014    154.069824
     11   1      2   2   0     4  0.278526      24.602        0.1        0.1      0.000  0.112849  0.230454  0.866541  2.644872     74.918991
     12   1      4   1   0     4  0.281807      25.460        0.0        0.0      0.000  0.116677  0.231015  0.860380  2.557143     69.760101
     13   1      1   2   1     8  0.284271      26.094        0.1        0.1      0.000  0.119518  0.231439  0.855838  2.496089    132.547455
     14   1      0   0   2     2  0.285386      26.378        0.1        0.1      0.000  0.120794  0.231631  0.853806  2.469690     32.396370
     15   1      4   0   1     4  0.286044      26.544        0.0        0.0      0.000  0.121544  0.231745  0.852615  2.454466     63.945930
     16   1      1   0   2     4  0.287896      27.011        0.0        0.0      0.000  0.123647  0.232066  0.849285  2.412869     61.659267
     17   1      2   2   1     8  0.291766      27.970        0.0        0.0      0.000  0.127995  0.232741  0.842456  2.331642    114.617210
     18   1      4   1   1     8  0.294900      28.735        0.0        0.0      0.000  0.131477  0.233291  0.837046  2.270870    108.305420
     19   1      2   0   2     4  0.295302      28.832        0.1        0.1      0.000  0.131920  0.233362  0.836361  2.263380     53.769669
     20   1      1   1   2     8  0.296700      29.169        0.0        0.0      0.000  0.133460  0.233609  0.833988  2.237806    104.942902
     21   1      3   2   1     8  0.303872      30.864        0.0        0.0      0.000  0.141262  0.234890  0.822141  2.117600     93.143341
     22   1      2   1   2     8  0.303910      30.873        0.0        0.0      0.000  0.141302  0.234897  0.822079  2.117012     93.087219
     23   1      3   0   2     4  0.307286      31.654        0.0        0.0      0.000  0.144923  0.235507  0.816686  2.066072     44.144955
     24   1      5   0   1     4  0.307901      31.795        0.0        0.0      0.000  0.145579  0.235618  0.815716  2.057134     43.730286
     25   1      4   2   0     4  0.308021      31.823        0.0        0.0      0.000  0.145707  0.235640  0.815527  2.055400     43.650078
     26   1      3   1   2     8  0.315622      33.540        0.0        0.0      0.000  0.153739  0.237034  0.803841  1.952949     78.067696
     27   1      5   1   1     8  0.316225      33.674        0.0        0.0      0.000  0.154370  0.237146  0.802938  1.945395     77.406342
     28   1      0   2   2     4  0.319582      34.417        0.0        0.0      0.000  0.157871  0.237770  0.797967  1.904667     36.943233
     29   1      4   2   1     8  0.320179      34.548        0.0        0.0      0.000  0.158491  0.237882  0.797093  1.897657     73.288490
     30   1      6   0   0     2  0.321221      34.776        0.0        0.0      0.000  0.159572  0.238077  0.795577  1.885590     18.066141
     31   1      2   3   0     4  0.321606      34.860        0.0        0.0      0.000  0.159970  0.238149  0.795019  1.881180     35.946014
     32   1      1   2   2     8  0.321864      34.916        0.0        0.0      0.000  0.160238  0.238198  0.794645  1.878235     71.643768
     33   1      4   0   2     4  0.323461      35.264        0.0        0.0      0.000  0.161888  0.238498  0.792347  1.860308     35.070648
     34   1      0   3   1     4  0.324436      35.475        0.0        0.0      0.000  0.162893  0.238682  0.790956  1.849584     34.624874
     35   1      1   3   1     8  0.326696      35.962        0.0        0.0      0.000  0.165214  0.239110  0.787763  1.825351     67.255119
     36   1      2   2   2     8  0.328647      36.380        0.0        0.0      0.000  0.167211  0.239481  0.785040  1.805091     65.608635
     37   1      6   1   0     4  0.329301      36.519        0.0        0.0      0.000  0.167880  0.239606  0.784133  1.798422     32.535500
     38   1      4   1   2     8  0.331506      36.987        0.0        0.0      0.000  0.170127  0.240028  0.781106  1.776447     63.314053
     39   1      6   0   1     4  0.333038      37.311        0.0        0.0      0.000  0.171683  0.240323  0.779026  1.761595     31.069790
     40   1      2   3   1     8  0.333414      37.390        0.0        0.0      0.000  0.172064  0.240396  0.778518  1.757997     61.856636
     41   1      3   2   2     8  0.339761      38.712        0.0        0.0      0.000  0.178467  0.241628  0.770119  1.700132     57.390633
     42   1      5   2   1     8  0.340335      38.831        0.0        0.0      0.000  0.179044  0.241741  0.769374  1.695141     57.012932
     43   1      6   1   1     8  0.340944      38.956        0.0        0.0      0.000  0.179654  0.241860  0.768587  1.689894     56.617180
     44   1      5   0   2     4  0.343499      39.480        0.0        0.0      0.000  0.182210  0.242363  0.765317  1.668360     27.503256
     45   1      3   3   1     8  0.344440      39.672        0.0        0.0      0.000  0.183149  0.242549  0.764125  1.660611     54.432438
     46   1      4   3   0     4  0.348262      40.446        0.0        0.0      0.000  0.186951  0.243308  0.759347  1.630102     26.100029
     47   1      1   0   3     4  0.348366      40.467        0.0        0.0      0.000  0.187054  0.243328  0.759220  1.629297     26.070881
     48   1      5   1   2     8  0.351279      41.052        0.0        0.0      0.000  0.189938  0.243911  0.755652  1.607071     50.544659
     49   1      6   2   0     4  0.352875      41.370        0.0        0.0      0.000  0.191513  0.244232  0.753722  1.595240     24.852140
     50   1      0   1   3     4  0.353941      41.582        0.0        0.0      0.000  0.192564  0.244447  0.752444  1.587470     24.578009
     51   1      2   0   3     4  0.354859      41.764        0.0        0.0      0.000  0.193467  0.244632  0.751349  1.580859     24.345959
     52   1      4   2   2     8  0.355001      41.792        0.0        0.0      0.000  0.193607  0.244661  0.751180  1.579843     48.620792
     53   1      1   1   3     8  0.356096      42.009        0.0        0.0      0.000  0.194683  0.244883  0.749882  1.572069     48.078102
     54   1      4   3   1     8  0.359586      42.694        0.0        0.0      0.000  0.198103  0.245593  0.745801  1.547982     46.415401
     55   1      1   3   2     8  0.361168      43.003        0.0        0.0      0.000  0.199650  0.245917  0.743977  1.537385     45.692959
     56   1      7   0   1     4  0.361366      43.041        0.0        0.0      0.000  0.199842  0.245957  0.743751  1.536079     22.802141
     57   1      2   1   3     8  0.362530      43.268        0.0        0.0      0.000  0.200978  0.246196  0.742420  1.528425     45.086399
     58   1      6   2   1     8  0.364138      43.579        0.0        0.0      0.000  0.202544  0.246527  0.740598  1.518034     44.387909
     59   1      3   0   3     4  0.365573      43.856        0.0        0.0      0.000  0.203939  0.246823  0.738985  1.508920     21.889847
     60   1      6   0   2     4  0.367209      44.170        0.0        0.0      0.000  0.205527  0.247162  0.737162  1.498710     21.551594

   No.  Code     H   K   L  Mult     Hw         2theta      Icalc       Iobs      Sigma      HwG     HwL       ETA       d-hkl        CORR

     61   1      2   3   2     8  0.367568      44.239        0.0        0.0      0.000  0.205876  0.247237  0.736764  1.496493     42.956936
     62   1      0   4   0     2  0.367643      44.253        0.0        0.0      0.000  0.205948  0.247253  0.736681  1.496032     10.731655
     63   1      7   1   1     8  0.368985      44.510        0.0        0.0      0.000  0.207248  0.247532  0.735202  1.487843     42.388836
     64   1      3   1   3     8  0.373162      45.303        0.0        0.0      0.000  0.211283  0.248405  0.730668  1.463123     40.785763
     65   1      5   2   2     8  0.374202      45.500        0.0        0.0      0.000  0.212285  0.248624  0.729556  1.457146     40.402721
     66   1      6   1   2     8  0.374788      45.610        0.0        0.0      0.000  0.212848  0.248747  0.728932  1.453809     40.189713
     67   1      2   4   0     4  0.376119      45.860        0.0        0.0      0.000  0.214128  0.249028  0.727523  1.446308     19.856403
     68   1      3   3   2     8  0.378155      46.241        0.0        0.0      0.000  0.216082  0.249459  0.725386  1.435038     39.001698
     69   1      5   3   1     8  0.378706      46.344        0.0        0.0      0.000  0.216610  0.249576  0.724813  1.432033     38.813156
     70   1      1   2   3     8  0.378914      46.382        0.0        0.0      0.000  0.216810  0.249620  0.724597  1.430903     38.742352
     71   1      4   0   3     4  0.380394      46.658        0.0        0.0      0.000  0.218227  0.249935  0.723065  1.422928     19.122351
     72   1      1   4   1     8  0.380855      46.743        0.1        0.1      0.000  0.218668  0.250033  0.722590  1.420470     38.091927
     73   1      8   0   0     2  0.382043      46.963        0.0        0.0      0.000  0.219804  0.250287  0.721373  1.414193      9.425818
     74   1      2   2   3     8  0.385224      47.549        0.0        0.0      0.000  0.222839  0.250969  0.718152  1.397757     36.695148
     75   1      2   4   1     8  0.387159      47.903        0.0        0.0      0.000  0.224680  0.251385  0.716221  1.388027     36.104877
     76   1      4   1   3     8  0.387904      48.039        0.0        0.0      0.000  0.225389  0.251546  0.715482  1.384331     35.881863
     77   1      8   1   0     4  0.389546      48.338        0.0        0.0      0.000  0.226948  0.251902  0.713866  1.376283     17.699415
     78   1      6   3   0     4  0.390791      48.564        0.0        0.0      0.000  0.228130  0.252172  0.712649  1.370267     17.519970
     79   1      7   2   1     8  0.391575      48.706        0.0        0.0      0.000  0.228873  0.252342  0.711887  1.366517     34.817192
     80   1      4   3   2     8  0.392853      48.936        0.0        0.0      0.000  0.230083  0.252621  0.710652  1.360471     34.459606
     81   1      8   0   1     4  0.393046      48.971        0.0        0.0      0.000  0.230265  0.252663  0.710466  1.359566     17.203106
     82   1      7   0   2     4  0.394591      49.249        0.0        0.0      0.000  0.231726  0.253000  0.708986  1.352370     16.991703
     83   1      3   2   3     8  0.395696      49.447        0.0        0.0      0.000  0.232770  0.253242  0.707935  1.347290     33.686531
     84   1      6   2   2     8  0.397302      49.734        0.0        0.0      0.000  0.234285  0.253595  0.706419  1.340007     33.263302
     85   1      3   4   1     8  0.397622      49.791        0.0        0.0      0.000  0.234586  0.253665  0.706118  1.338570     33.180134
     86   1      5   0   3     4  0.399252      50.081        0.0        0.0      0.000  0.236123  0.254025  0.704594  1.331313     16.380838
     87   1      8   1   1     8  0.400513      50.305        0.0        0.0      0.000  0.237309  0.254303  0.703425  1.325780     32.444557
     88   1      4   4   0     4  0.401282      50.441        0.0        0.0      0.000  0.238032  0.254473  0.702716  1.322436     16.126841
     89   1      6   3   1     8  0.401754      50.524        0.0        0.0      0.000  0.238475  0.254578  0.702282  1.320399     32.137714
     90   1      7   1   2     8  0.402055      50.577        0.0        0.0      0.000  0.238758  0.254644  0.702007  1.319104     32.064095
     91   1      5   1   3     8  0.406707      51.393        0.0        0.0      0.000  0.243119  0.255680  0.697794  1.299541     30.962717
     92   1      4   2   3     8  0.410297      52.017        0.0        0.0      0.000  0.246475  0.256485  0.694614  1.285016     30.158304
     93   1      5   3   2     8  0.411630      52.248        0.0        0.0      0.000  0.247719  0.256785  0.693448  1.279742     29.869034
     94   1      0   4   2     4  0.411672      52.255        0.0        0.0      0.000  0.247758  0.256795  0.693411  1.279576     14.929968
     95   1      8   2   0     4  0.411928      52.299        0.0        0.0      0.000  0.247997  0.256853  0.693188  1.278572     14.902518
     96   1      4   4   1     8  0.412216      52.349        0.0        0.0      0.000  0.248266  0.256918  0.692938  1.277444     29.743454
     97   1      1   4   2     8  0.413755      52.614        0.0        0.0      0.000  0.249699  0.257265  0.691606  1.271469     29.418322
     98   1      0   3   3     4  0.414195      52.689        0.0        0.0      0.000  0.250108  0.257365  0.691228  1.269778     14.663304
     99   1      1   3   3     8  0.416277      53.046        0.0        0.0      0.000  0.252045  0.257837  0.689447  1.261855     28.899210
    100   1      2   4   2     8  0.420002      53.680        0.0        0.0      0.000  0.255503  0.258686  0.686309  1.248044     28.162441
    101   1      6   0   3     4  0.422172      54.047        0.0        0.0      0.000  0.257513  0.259183  0.684509  1.240205     13.874464
    102   1      2   3   3     8  0.422524      54.106        0.0        0.0      0.000  0.257839  0.259264  0.684218  1.238948     27.682911
    103   1      8   2   1     8  0.422853      54.161        0.0        0.0      0.000  0.258144  0.259339  0.683948  1.237775     27.621466
    104   1      0   0   4     2  0.423680      54.300        0.0        0.0      0.000  0.258909  0.259529  0.683269  1.234845      6.867038
    105   1      7   2   2     8  0.424392      54.420        0.0        0.0      0.000  0.259567  0.259693  0.682687  1.232338     27.337378
    106   1      1   0   4     4  0.425763      54.650        0.0        0.0      0.000  0.260834  0.260009  0.681573  1.227555     13.544420
    107   1      8   0   2     4  0.425856      54.665        0.0        0.0      0.000  0.260920  0.260031  0.681498  1.227233     13.536090
    108   1      9   0   1     4  0.428484      55.103        0.0        0.0      0.000  0.263344  0.260638  0.679385  1.218227     13.303968
    109   1      7   3   1     8  0.428836      55.162        0.0        0.0      0.000  0.263669  0.260720  0.679103  1.217036     26.546835
    110   1      5   2   3     8  0.429042      55.196        0.0        0.0      0.000  0.263859  0.260768  0.678940  1.216341     26.511297
    111   1      6   1   3     8  0.429620      55.292        0.0        0.0      0.000  0.264391  0.260902  0.678480  1.214399     26.411961
    112   1      3   4   2     8  0.430419      55.425        0.0        0.0      0.000  0.265127  0.261087  0.677847  1.211724     26.275557
    113   1      5   4   1     8  0.430964      55.515        0.0        0.0      0.000  0.265628  0.261214  0.677417  1.209913     26.183434
    114   1      2   0   4     4  0.432017      55.689        0.0        0.0      0.000  0.266598  0.261459  0.676588  1.206435     13.003481
    115   1      3   3   3     8  0.432945      55.842        0.0        0.0      0.000  0.267451  0.261676  0.675862  1.203394     25.853287
    116   1      1   1   4     8  0.433215      55.886        0.0        0.0      0.000  0.267699  0.261739  0.675651  1.202514     25.808937
    117   1      8   1   2     8  0.433308      55.901        0.0        0.0      0.000  0.267785  0.261760  0.675579  1.202212     25.793701
    118   1      6   3   2     8  0.434549      56.105        0.0        0.0      0.000  0.268925  0.262050  0.674615  1.198196     25.591822
    119   1      9   1   1     8  0.435940      56.333        0.0        0.0      0.000  0.270202  0.262376  0.673541  1.193742     25.369043
    120   1      2   1   4     8  0.439479      56.910        0.0        0.0      0.000  0.273446  0.263208  0.670843  1.182640     24.818678

   No.  Code     H   K   L  Mult     Hw         2theta      Icalc       Iobs      Sigma      HwG     HwL       ETA       d-hkl        CORR

    121   1      3   0   4     4  0.442460      57.392        0.0        0.0      0.000  0.276173  0.263912  0.668608  1.173534     12.186334
    122   1      6   4   0     4  0.442980      57.476        0.0        0.0      0.000  0.276649  0.264035  0.668222  1.171967     12.148205
    123   1      2   5   0     4  0.443334      57.533        0.0        0.0      0.000  0.276972  0.264119  0.667959  1.170906     12.122424
    124   1      4   4   2     8  0.445043      57.808        0.0        0.0      0.000  0.278532  0.264525  0.666699  1.165821     23.998697
    125   1      0   5   1     4  0.445943      57.952        0.0        0.0      0.000  0.279354  0.264739  0.666038  1.163168     11.935433
    126   1      4   3   3     8  0.447580      58.214        0.0        0.0      0.000  0.280846  0.265129  0.664846  1.158396     23.642038
    127   1      1   5   1     8  0.448039      58.287        0.0        0.0      0.000  0.281265  0.265238  0.664513  1.157069     23.578611
    128   1      8   3   0     4  0.449223      58.475        0.0        0.0      0.000  0.282343  0.265521  0.663659  1.153668     11.708325
    129   1      7   0   3     4  0.449323      58.491        0.0        0.0      0.000  0.282434  0.265545  0.663587  1.153383     11.701541
    130   1      3   1   4     8  0.449949      58.591        0.0        0.0      0.000  0.283003  0.265695  0.663138  1.151599     23.318411
    131   1      6   2   3     8  0.452046      58.923        0.0        0.0      0.000  0.284911  0.266198  0.661642  1.145685     23.039112

 --------------------------------------------------------------------------------------------------------------
 Pattern#  1 Phase No.:   2 Phase name: cod-4313206.cif               
 --------------------------------------------------------------------------------------------------------------

   No.  Code     H   K   L  Mult     Hw         2theta      Icalc       Iobs      Sigma      HwG     HwL       ETA       d-hkl        CORR

      1   1      1   1   1     8  0.495206      26.361        0.0        0.0      0.000  0.079549  0.481728  0.979611  2.471267    129.761566
      2   1      2   0   0     6  0.504397      30.531        0.0        0.0      0.000  0.091238  0.487060  0.974214  2.140180     71.481636
      3   1      2   2   0    12  0.542119      43.721        0.0        0.0      0.000  0.130834  0.509067  0.954011  1.513336     66.110786
      4   1      3   1   1    24  0.572086      51.777        0.0        0.0      0.000  0.157175  0.526857  0.940138  1.290577     91.394829
      5   1      2   2   2     8  0.582489      54.263        0.0        0.0      0.000  0.165694  0.533107  0.935729  1.235633     27.509359

     -----------------------------------------------------
     BRAGG R-Factors and weight fractions for Pattern #  1
     -----------------------------------------------------

 => Phase:  1     cod-1101111.cif
 => Bragg R-factor:   0.00       Vol:  334.404( 0.000)  Fract(%):   98.10( 0.00)
 => Rf-factor=  0.00             ATZ:         631.037   Brindley:  1.0000

 => Phase:  2     cod-4313206.cif
 => Bragg R-factor:   0.00       Vol:   78.423( 0.000)  Fract(%):    1.90( 0.00)
 => Rf-factor=  0.00             ATZ:         107.892   Brindley:  1.0000

     -----------------------------------------------------------------
      SYMBOLIC NAMES AND FINAL VALUES AND SIGMA OF REFINED PARAMETERS:
     -----------------------------------------------------------------

      ->  Parameter number    1 :                                     Scale_ph1_pat1    0.71697080E-07( +/-     0.0000000     )
      ->  Parameter number    2 :                                     Scale_ph2_pat1    0.34704183E-07( +/-     0.0000000     )
      ->  Parameter number    3 :                                          Zero_pat1    0.12970000E-01( +/-     0.0000000     )
      ->  Parameter number    4 :                                         Bck_0_pat1     2666.4236    ( +/-     0.0000000     )
      ->  Parameter number    5 :                                         Bck_1_pat1     3422.0898    ( +/-     0.0000000     )
      ->  Parameter number    6 :                                         Bck_2_pat1     3705.8818    ( +/-     0.0000000     )
      ->  Parameter number    7 :                                         Bck_3_pat1     2583.3335    ( +/-     0.0000000     )
      ->  Parameter number    8 :                                         Bck_4_pat1     2146.8662    ( +/-     0.0000000     )
      ->  Parameter number    9 :                                         Bck_5_pat1     1878.3262    ( +/-     0.0000000     )
      ->  Parameter number   10 :                                         Bck_6_pat1     1570.0688    ( +/-     0.0000000     )
      ->  Parameter number   11 :                                         Bck_7_pat1     1340.8730    ( +/-     0.0000000     )
      ->  Parameter number   12 :                                         Bck_8_pat1     1302.4128    ( +/-     0.0000000     )
      ->  Parameter number   13 :                                         Bck_9_pat1     1261.4105    ( +/-     0.0000000     )
      ->  Parameter number   14 :                                        Bck_10_pat1     1104.2013    ( +/-     0.0000000     )
      ->  Parameter number   15 :                                        Bck_11_pat1     1165.6482    ( +/-     0.0000000     )
      ->  Parameter number   16 :                                        Bck_12_pat1     1182.7152    ( +/-     0.0000000     )
      ->  Parameter number   17 :                                        Bck_13_pat1     1026.1451    ( +/-     0.0000000     )
      ->  Parameter number   18 :                                        Bck_14_pat1     975.21552    ( +/-     0.0000000     )
      ->  Parameter number   19 :                                        Bck_15_pat1     989.01141    ( +/-     0.0000000     )
      ->  Parameter number   20 :                                        Bck_16_pat1     861.81488    ( +/-     0.0000000     )
      ->  Parameter number   21 :                                        Bck_17_pat1     883.65143    ( +/-     0.0000000     )
      ->  Parameter number   22 :                                        Bck_18_pat1     890.44269    ( +/-     0.0000000     )
      ->  Parameter number   23 :                                        Bck_19_pat1     841.14771    ( +/-     0.0000000     )
      ->  Parameter number   24 :                                        Bck_20_pat1     815.29852    ( +/-     0.0000000     )
      ->  Parameter number   25 :                                        Bck_21_pat1     901.48242    ( +/-     0.0000000     )
      ->  Parameter number   26 :                                        Bck_22_pat1     757.87671    ( +/-     0.0000000     )
      ->  Parameter number   27 :                                        Bck_23_pat1     736.40649    ( +/-     0.0000000     )
      ->  Parameter number   28 :                                        Bck_24_pat1     675.19019    ( +/-     0.0000000     )
      ->  Parameter number   29 :                                        Bck_25_pat1     589.72491    ( +/-     0.0000000     )
      ->  Parameter number   30 :                                        Bck_26_pat1     519.20972    ( +/-     0.0000000     )
      ->  Parameter number   31 :                                        Bck_27_pat1     482.28891    ( +/-     0.0000000     )
      ->  Parameter number   32 :                                        Bck_28_pat1     389.97739    ( +/-     0.0000000     )
      ->  Parameter number   33 :                                        Bck_29_pat1     319.54019    ( +/-     0.0000000     )
      ->  Parameter number   34 :                                    Cell_A_ph1_pat1     11.313540    ( +/-     0.0000000     )
      ->  Parameter number   35 :                                    Cell_A_ph2_pat1     4.2803602    ( +/-     0.0000000     )
      ->  Parameter number   36 :                                    Cell_B_ph1_pat1     5.9841299    ( +/-     0.0000000     )
      ->  Parameter number   37 :                                    Cell_C_ph1_pat1     4.9393802    ( +/-     0.0000000     )
      ->  Parameter number   38 :                                    U-Cagl_ph1_pat1    0.24718000    ( +/-     0.0000000     )
      ->  Parameter number   39 :                                    U-Cagl_ph2_pat1    0.96850000E-01( +/-     0.0000000     )
      ->  Parameter number   40 :                                     Y-cos_ph1_pat1    0.22011000    ( +/-     0.0000000     )
      ->  Parameter number   41 :                                     Y-cos_ph2_pat1    0.46362999    ( +/-     0.0000000     )
      ->  Parameter number   42 :                                          X_Fe1_ph1   -0.48820000E-01( +/-     0.0000000     )
      ->  Parameter number   43 :                                           Z_O3_ph1   -0.20640001E-01( +/-     0.0000000     )
      ->  Parameter number   44 :                                          Z_Fe1_ph1   -0.47200002E-01( +/-     0.0000000     )
      ->  Parameter number   45 :                                           X_P1_ph1   -0.66399998E-02( +/-     0.0000000     )
      ->  Parameter number   46 :                                           Y_O3_ph1   -0.90600001E-02( +/-     0.0000000     )
      ->  Parameter number   47 :                                           Z_P1_ph1   -0.24830000E-01( +/-     0.0000000     )
      ->  Parameter number   48 :                                           X_O1_ph1    0.16020000E-01( +/-     0.0000000     )
      ->  Parameter number   49 :                                           X_O3_ph1    0.32310002E-01( +/-     0.0000000     )
      ->  Parameter number   50 :                                           Z_O1_ph1    0.36490001E-01( +/-     0.0000000     )
      ->  Parameter number   51 :                                           X_O2_ph1   -0.14300000E-01( +/-     0.0000000     )
      ->  Parameter number   52 :                                           Z_O2_ph1   -0.36079999E-01( +/-     0.0000000     )
      ->  Parameter number   53 :                                       Biso_Fe1_ph1    0.61260998    ( +/-     0.0000000     )
      ->  Parameter number   54 :                                       Biso_AL1_ph2    0.17959000    ( +/-     0.0000000     )
      ->  Parameter number   55 :                                        Biso_O3_ph1    0.19445001    ( +/-     0.0000000     )
      ->  Parameter number   56 :                                        Biso_P1_ph1    0.34746999    ( +/-     0.0000000     )
      ->  Parameter number   57 :                                        Biso_O2_ph1     1.3375400    ( +/-     0.0000000     )
      ->  Parameter number   58 :                                        Biso_O1_ph1    0.20182000    ( +/-     0.0000000     )

 ------------------------------------------------------------------
 => Number of bytes for floating point variables: 4
 => Dimensions of dynamic allocated arrays in this run of FullProf:
 ------------------------------------------------------------------

 => Total approximate array memory (dynamic + static): 115719821 bytes

    MaxPOINT=    70000 Max.num. of points(+int. Inten.)/diffraction pattern       
    MaxREFLT=    20000 Max.num. of reflections/diffraction pattern               
    MaxPARAM=      800 Max.num. of refinable parameters                          
    MaxOVERL=     2024 Max.num. of overlapping reflections                       

 ----------------------------------------------------------
 => Number of bytes for floating point arrays: 4
 => Dimensions of fixed arrays in this release of FullProf:
 ----------------------------------------------------------

    NPATT   =       80 Max.num. of powder diffraction patterns                    
    NATS    =      830 Max.num. of atoms (all kind) in asymmetric unit            
    MPAR    =     1800 Max.num. of non atomic parameters/phase                    
    IEXCL   =       30 Max.num. of excluded regions                               
    IBACP   =      377 Max.num. of background points for interpolation            
    NPHT    =       16 Max.num. of phases                                         
    NMAGM   =        8 Max.num. of rotation-matrices sets for magnetic structure  
    NBASIS  =       12 Max.num. of basis functions associated to a single atom    
    NIREPS  =        9 Max.num. of irreducible representations to be combined     
    N_EQ    =      384 Max.num. of user-supplied symmetry operators/propagation vectors
    NGL     =      400 Max.num. of global parameters/diffraction pattern          
    N_LINC  =       50 Max.num. of global linear restraints                        
    NAT_P   =       80 Max.num. of atomic parameters per atom                     
    NCONST  =      500 Max.num. of slack constraints per phase                    
    N_SPE   =       30 Max.num. of different chemical species                     
    N_FORM  =       60 Max.num. of scattering factor values in a table            
    NPR     =      150 Max.num. of points defining a numerical profile            
    INPR    =       25 Max.num. of different numerical peak shapes                
    NPRC    =      150 Max.num. of terms in the table for correcting intensities  
    NSOL    =       10 Max.num. of solutions to be stored in Montecarlo searchs   

 
              CPU Time:     0.203 seconds
                            0.003 minutes

 => Run finished at:     Date: 19/01/2023  Time: 12:53:48.091                              
