

        **********************************************************
        ** PROGRAM FullProf.2k (Version 7.40 - Jan2021-ILL JRC) **
        **********************************************************
                       M U L T I -- P A T T E R N                 
            Rietveld, Profile Matching & Integrated Intensity     
                 Refinement of X-ray and/or Neutron Data


    Date: 19/01/2023  Time: 12:53:48.147                              

 => PCR file code: /home/gallo/work/models_cic/ref-fp/files/simulations/7_FP_INPUT
 => DAT file code: EXP_PATTERN          -> Relative contribution: 1.0000                                                            

 ==> CONDITIONS OF THIS RUN FOR PATTERN No.:  1

 => Pattern calculation, X-ray
    Bragg-Brentano(X-rays) or Debye-Scherrer geometry(Neutrons)
 => Title:    Phases    extracted    from    file:    14LFPka_f00003.xye.buf

 => Number of phases:    2
 => Number of excluded regions:    1
 => Number of scattering factors supplied:    0
 => March-Dollase model for preferred orientation
 => Conventional weights: w=1.0/Variance(yobs)
 => Asymmetry correction as in J.Appl.Cryst. 26,128(1993)
 => Background linearly interpolated between the   30 points given
 => The    7th default profile function was selected
 => T-C-H Pseudo-Voigt function 
    This function is convoluted with asymmetry due to axial 
    divergence as formulated by: 
    van Laar and Yelon, J. Appl. Cryst. 17, 47(1984).
    and using the method of:
    Finger, Cox and Jephcoat, J. Appl. Cryst. 27, 892 (1994).
    Fortran 90 module adapted from function PROFVAL (in F77) : 
    L.W. Finger, J. Appl. Cryst. 31, 111 (1998).


 ==> INPUT/OUTPUT OPTIONS:

 => Output Obs and Calc intensities on last cycle
 => Generate bacground file *.bac
 => Generate file *.PRF for plot
 => Output Integrated Intensities
 => Generate new input file *.PCR

 => X-Y type of data: 2theta/TOF/E(Kev) Intens sigma for pattern:  1
 => Plot pattern at each cycle
 => Wavelengths:  1.12698 1.12698
 => Alpha2/Alpha1 ratio:   0.0000
 => Cos(Monochromator angle)=   0.7999
 => Asymmetry correction for angles lower than  180.000 degrees
 => Absorption correction (AC), muR-eff =   0.0000  0.0000
 => Base of peaks: 2.0*HW*   15.00

 => Number of cycles:    1
 => Relaxation factors ==>    for coordinates:  1.00
 => for anisotropic temperature factors:  1.00
 => for halfwidth/strain/size parameters:  1.00
 => for lattice constants and propagation vectors:  1.00
 => EPS-value for convergence:    0.1
 => Background ==> 
    Position   Intensity
       12.72     2666.42       41.00
       14.32     3422.09       51.00
       15.91     3705.88       61.00
       17.51     2583.33       71.00
       19.11     2146.87       81.00
       20.70     1878.33       91.00
       22.30     1570.07      101.00
       23.89     1340.87      111.00
       25.49     1302.41      121.00
       27.09     1261.41      131.00
       28.68     1104.20      141.00
       30.28     1165.65      151.00
       31.87     1182.72      161.00
       33.47     1026.15      171.00
       35.07      975.22      181.00
       36.66      989.01      191.00
       38.26      861.81      201.00
       39.85      883.65      211.00
       41.45      890.44      221.00
       43.05      841.15      231.00

       44.64      815.30      241.00
       46.24      901.48      251.00
       47.83      757.88      261.00
       49.43      736.41      271.00
       51.03      675.19      281.00
       52.62      589.72      291.00
       54.22      519.21      301.00
       55.81      482.29      311.00
       57.41      389.98      321.00
       59.01      319.54      331.00

 

 => Excluded regions for Pattern#  1
    From     to
      0.0000     11.5000

 => Instrumental Resolution read from file: /home/gallo/work/models_cic/ref-fp/files/IRF_NOTOS_July2022_MR.irf
 => Title of data: !Instrument Resolution Function of the diffractometer ALBA NOTOS July2022 Si_11keV_f00009.dat MR20220827

 => The resolution function is IRESOL:   1 for profile function #   7
    Input resolution parameters:

     U-inst     V-inst     W-inst     X-inst     Y-inst     Z-inst
    0.00500   -0.00011    0.00077    0.02372    0.00000    0.00000
    0.00500   -0.00011    0.00077    0.02372    0.00000    0.00000

 => Number of Least-Squares parameters varied:    55

 =>--------------------------->
 =>------->  PATTERN number:  1
 =>--------------------------->
 => Global parameters and codes ==>
 => Zero-point:    -0.0207   31.0000
 => Displacement peak-shift parameter and code:    -0.05    0.00
 => Transparency peak-shift parameter and code:    -0.01    0.00
 --------------------------------------------------------------------------------
 => Phase  No. 1
      cod-1101111.cif                                                       
 --------------------------------------------------------------------------------
 =>-------> Pattern#  1
 => Crystal Structure Refinement
 => Preferred orientation vector:   0.0000  0.0000  1.0000

 =>-------> Data for PHASE: 1
 => Number of atoms:    6
 => Number of distance  constraints:    0
 => Number of angle     constraints:    0

 => Symmetry information on space group: P n m a             
 -> The multiplicity of the general position is:   8
 -> The space group is Centric (-1 at origin)   
 -> Lattice type  P: { 000 }                                       
 -> Reduced set of symmetry operators:

  No.  IT   Symmetry symbol    Rotation part     Associated Translation
   1: ( 1)   1            -->     ( x, y, z) + {  0.0000  0.0000  0.0000}
   2: ( 4)   2 ( x, 0, 0) -->     ( x,-y,-z) + {  0.5000  0.5000  0.5000}
   3: ( 3)   2 ( 0, y, 0) -->     (-x, y,-z) + {  0.0000  0.5000  0.0000}
   4: ( 2)   2 ( 0, 0, z) -->     (-x,-y, z) + {  0.5000  0.0000  0.5000}


        Information on Space Group: 
        --------------------------- 

 =>   Number of Space group:  62
 =>  Hermann-Mauguin Symbol: P n m a
 =>             Hall Symbol: -P 2ac 2n
 =>            Setting Type: IT (Generated from Hermann-Mauguin symbol)
 =>          Crystal System: Orthorhombic
 =>              Laue Class: mmm
 =>             Point Group: mmm
 =>         Bravais Lattice: P
 =>          Lattice Symbol: oP
 =>  Reduced Number of S.O.:   4
 =>    General multiplicity:   8
 =>          Centrosymmetry: Centric (-1 at origin)
 =>  Generators (exc. -1&L):   2
 =>         Asymmetric unit:  0.000 <= x <=  0.500
                              0.000 <= y <=  0.250
                              0.000 <= z <=  1.000

 => List of S.O. without inversion and lattice centring translations
 => SYMM(  1): x,y,z                               => SYMM(  2): x+1/2,-y+1/2,-z+1/2
 => SYMM(  3): -x,y+1/2,-z                         => SYMM(  4): -x+1/2,-y,z+1/2


 => Initial parameters ==>
 Atom    Ntyp                  X         Y         Z         B         occ.         in  fin  Spc  Mult
                             B11       B22       B33       B12       B13       B23
 Fe1    Fe                -0.03573   0.25000  -0.01900   0.02327   0.50000           0    0    0    4
                 Codes:  421.00000   0.00000 441.00000 531.00000   0.00000
 Li1    Li                 0.00000   0.00000   0.00000   1.00000   0.50000           0    0    0    4
                 Codes:    0.00000   0.00000   0.00000   0.00000   0.00000
 P1     P                 -0.04984   0.25000  -0.02364   0.06909   0.50000           0    0    0    4
                 Codes:  451.00000   0.00000 471.00000 521.00000   0.00000
 O1     O                 -0.04796   0.25000  -0.04511   1.35816   0.50000           0    0    0    4
                 Codes:  481.00000   0.00000 501.00000 511.00000   0.00000
 O2     O                 -0.03573   0.25000  -0.01900   0.47841   0.50000           0    0    0    4
                 Codes:  421.00000   0.00000 441.00000 531.00000   0.00000
 O3     O                 -0.02932  -0.01394  -0.00913   0.23385   1.00000           0    0    0    8
                 Codes:  491.00000 461.00000 431.00000 551.00000   0.00000

 => IT IS ASSUMED THAT THE FIRST GIVEN SITE IS FULLY OCCUPIED 
    OR THE FIRST AND SECOND ATOMS ARE IN THE SAME SITE WITH TOTAL FULL OCCUPATION
  (If this is not the case, change the order of atoms to obtain correct values for the content of the unit cell)
    The given occupation factors have been obtained mutiplying m/M by   1.0000
      -> Atom: Fe  ,  Chemical element: FE  Atomic Mass:    55.8470
      -> Atom: Li  ,  Chemical element: LI  Atomic Mass:     6.9410
      -> Atom: P   ,  Chemical element: P   Atomic Mass:    30.9738
      -> Atom: O   ,  Chemical element: O   Atomic Mass:    15.9994
      -> Atom: O   ,  Chemical element: O   Atomic Mass:    15.9994
      -> Atom: O   ,  Chemical element: O   Atomic Mass:    15.9994
 => The given value of ATZ is        631.04 the program has calculated:         631.04
    The value of ATZ given in the input PCR file will be used for quantitative analysis
 => The chemical content of the unit cell is: 
       4.0000 Fe   +   4.0000 Li   +   4.0000 P    +   4.0000 O    +   4.0000 O    +   8.0000 O      
 => The normalized site occupation numbers in % are: 
     100.0000 Fe1    :      100.0000 Li1    :      100.0000 P1     :      100.0000 O1     :      100.0000 O2     :      100.0000 O3       
 => The density (volumic mass) of the compound is:    3.610 g/cm3

 =>-------> PROFILE PARAMETERS FOR PATTERN:  1

 => Overall scale factor:   0.449198E-07
 => ETA (p-Voigt) OR M (Pearson VII):   0.0000
 => Overall temperature factor:      0.00000
 => Halfwidth U,V,W:      0.18396     0.00000     0.00000
 => X and Y parameters:       0.0000      0.1211
 => Direct cell parameters:    9.8731   6.1671   4.7668  90.0000  90.0000  90.0000
 => Preferred orientation parameters:   1.0000  0.0000
 => Asymmetry parameters     :      0.00000     0.00000     0.00000     0.00000
 => Strain parameters        :      0.00000     0.00000     0.00000
 => Size   parameters        :      0.00000     0.00000
 => Further shape parameters (S_L and D_L):   0.00000   0.00000
    S_L is source width/detector distance
    D_L is detector width/detector distance

 ==> CODEWORDS FOR PROFILE PARAMETERS of PATTERN#  1

 => Overall scale factor:   11.000
 => ETA (p-Voigt) OR M (Pearson VII):    0.000
 => Overall temperature factor:    0.000
 => Halfwidth U,V,W:  381.000   0.000   0.000
 => X and Y parameters:    0.000 401.000
 => Direct cell parameters:  341.000 361.000 371.000   0.000   0.000   0.000
 => Preferred orientation parameters:    0.000   0.000
 => Asymmetry parameters     :    0.000   0.000   0.000   0.000
 => Strain parameters        :    0.000   0.000   0.000
 => Size   parameters        :    0.000   0.000

 => Cell constraints according to Laue symmetry: mmm  

        Metric information:
        -------------------

 => Direct cell parameters:

         a =       9.8731      b =       6.1671      c =       4.7668
     alpha =       90.000   beta =       90.000  gamma =       90.000
                        Direct Cell Volume =     290.2400

 => Reciprocal cell parameters:

         a*=     0.101285      b*=     0.162151      c*=     0.209786
     alpha*=       90.000   beta*=       90.000  gamma*=       90.000
                    Reciprocal Cell Volume =   0.00344542

 => Direct and Reciprocal Metric Tensors:

                   GD                                       GR
     97.4781      0.0000      0.0000          0.010259    0.000000    0.000000
      0.0000     38.0329      0.0000          0.000000    0.026293    0.000000
      0.0000      0.0000     22.7221          0.000000    0.000000    0.044010

 =>  Cartesian frame: z // c; y is in the bc-plane; x is y ^ z = a*  

     Crystal_to_Orthonormal_Matrix              Orthonormal_to_Crystal Matrix
              Cr_Orth_cel                               Orth_Cr_cel  
      9.8731      0.0000      0.0000          0.101285   -0.000000   -0.000000
      0.0000      6.1671      0.0000          0.000000    0.162151   -0.000000
      0.0000      0.0000      4.7668          0.000000    0.000000    0.209786

     Busing-Levy B-matrix: Hc=B.H            Inverse of the Busing-Levy B-matrix
                BL_M                                      BL_Minv  
    0.101285    0.000000    0.000000            9.8731     -0.0000     -0.0000
    0.000000    0.162151   -0.000000            0.0000      6.1671      0.0000
    0.000000    0.000000    0.209786            0.0000      0.0000      4.7668

 => Laue symmetry mmm   will be used to generate HKL for pattern#   1
 => Reflections generated between S(1/d)min:  0.1720 A-1 and S(1/d)max:  0.9890 A-1
 =>                                    dmax:  5.8125 A   and      dmin:  1.0111 A
 => The number of reflections generated is:    162
 => The max. scatt. variable (gen.ref.) is:        67.7381
 => Scattering coefficients from internal table


 => X-ray scattering coeff. (A1, B1, A2,...C, f(0), Z, Dfp,Dfpp)

 FE     11.7695   4.7611   7.3573   0.3072   3.5222  15.3535   2.3045  76.8805   1.0369  25.9904  26.0000   0.3010   0.8450
 LI      1.1282   3.9546   0.7508   1.0524   0.6175  85.3905   0.4653 168.2610   0.0377   2.9995   3.0000   0.0000   0.0000
 P       6.4345   1.9067   4.1791  27.1570   1.7800   0.5260   1.4908  68.1645   1.1149  14.9993  15.0000   0.0900   0.0950
 O       3.0485  13.2771   2.2868   5.7011   1.5463   0.3239   0.8670  32.9089   0.2508   7.9994   8.0000   0.0080   0.0060
 --------------------------------------------------------------------------------
 => Phase  No. 2
      cod-4313206.cif                                                       
 --------------------------------------------------------------------------------
 =>-------> Pattern#  1
 => Crystal Structure Refinement
 => Preferred orientation vector:   0.0000  0.0000  1.0000

 =>-------> Data for PHASE: 2
 => Number of atoms:    1
 => Number of distance  constraints:    0
 => Number of angle     constraints:    0

 => Symmetry information on space group: F m -3 m            
 -> The multiplicity of the general position is: 192
 -> The space group is Centric (-1 at origin)   
 -> Lattice type  F: { 000;  0  1/2 1/2; 1/2  0  1/2; 1/2 1/2  0 }+
 -> Reduced set of symmetry operators:

  No.  IT   Symmetry symbol    Rotation part     Associated Translation
   1: ( 1)   1            -->     ( x, y, z) + {  0.0000  0.0000  0.0000}
   2: ( 4)   2 ( x, 0, 0) -->     ( x,-y,-z) + {  0.0000  0.0000  0.0000}
   3: ( 3)   2 ( 0, y, 0) -->     (-x, y,-z) + {  0.0000  0.0000  0.0000}
   4: ( 2)   2 ( 0, 0, z) -->     (-x,-y, z) + {  0.0000  0.0000  0.0000}
   5: ( 9)  3- ( x, x, x) -->     ( y, z, x) + {  0.0000  0.0000  0.0000}
   6: (12)  3- (-x, x,-x) -->     (-y,-z, x) + {  0.0000  0.0000  0.0000}
   7: (11)  3- (-x,-x, x) -->     ( y,-z,-x) + {  0.0000  0.0000  0.0000}
   8: (10)  3- ( x,-x,-x) -->     (-y, z,-x) + {  0.0000  0.0000  0.0000}
   9: ( 5)  3+ ( x, x, x) -->     ( z, x, y) + {  0.0000  0.0000  0.0000}
  10: ( 8)  3+ (-x,-x, x) -->     (-z, x,-y) + {  0.0000  0.0000  0.0000}
  11: ( 7)  3+ ( x,-x,-x) -->     (-z,-x, y) + {  0.0000  0.0000  0.0000}
  12: ( 6)  3+ (-x, x,-x) -->     ( z,-x,-y) + {  0.0000  0.0000  0.0000}
  13: (14)   2 ( x,-x, 0) -->     (-y,-x,-z) + {  0.0000  0.0000  0.0000}
  14: (15)  4- ( 0, 0, z) -->     ( y,-x, z) + {  0.0000  0.0000  0.0000}
  15: (16)  4+ ( 0, 0, z) -->     (-y, x, z) + {  0.0000  0.0000  0.0000}
  16: (13)   2 ( x, x, 0) -->     ( y, x,-z) + {  0.0000  0.0000  0.0000}
  17: (24)   2 (-x, 0, x) -->     (-z,-y,-x) + {  0.0000  0.0000  0.0000}
  18: (21)  4+ ( 0, y, 0) -->     ( z, y,-x) + {  0.0000  0.0000  0.0000}
  19: (22)   2 ( x, 0, x) -->     ( z,-y, x) + {  0.0000  0.0000  0.0000}
  20: (23)  4- ( 0, y, 0) -->     (-z, y, x) + {  0.0000  0.0000  0.0000}
  21: (19)   2 ( 0, y,-y) -->     (-x,-z,-y) + {  0.0000  0.0000  0.0000}
  22: (18)   2 ( 0, y, y) -->     (-x, z, y) + {  0.0000  0.0000  0.0000}
  23: (17)  4- ( x, 0, 0) -->     ( x, z,-y) + {  0.0000  0.0000  0.0000}
  24: (20)  4+ ( x, 0, 0) -->     ( x,-z, y) + {  0.0000  0.0000  0.0000}


        Information on Space Group: 
        --------------------------- 

 =>   Number of Space group: 225
 =>  Hermann-Mauguin Symbol: F m -3 m
 =>             Hall Symbol: -F 4 2 3
 =>            Setting Type: IT (Generated from Hermann-Mauguin symbol)
 =>          Crystal System: Cubic
 =>              Laue Class: m-3m
 =>             Point Group: m-3m
 =>         Bravais Lattice: F
 =>          Lattice Symbol: cF
 =>  Reduced Number of S.O.:  24
 =>    General multiplicity: 192
 =>          Centrosymmetry: Centric (-1 at origin)
 =>  Generators (exc. -1&L):   3
 =>         Asymmetric unit:  0.000 <= x <=  0.500
                              0.000 <= y <=  0.250
                              0.000 <= z <=  0.250

 => List of S.O. without inversion and lattice centring translations
 => SYMM(  1): x,y,z                               => SYMM(  2): x,-y,-z
 => SYMM(  3): -x,y,-z                             => SYMM(  4): -x,-y,z
 => SYMM(  5): y,z,x                               => SYMM(  6): -y,-z,x
 => SYMM(  7): y,-z,-x                             => SYMM(  8): -y,z,-x
 => SYMM(  9): z,x,y                               => SYMM( 10): -z,x,-y
 => SYMM( 11): -z,-x,y                             => SYMM( 12): z,-x,-y
 => SYMM( 13): y,x,z                               => SYMM( 14): -y,x,-z
 => SYMM( 15): y,-x,-z                             => SYMM( 16): -y,-x,z
 => SYMM( 17): z,y,x                               => SYMM( 18): -z,-y,x
 => SYMM( 19): -z,y,-x                             => SYMM( 20): z,-y,-x
 => SYMM( 21): x,z,y                               => SYMM( 22): x,-z,-y
 => SYMM( 23): -x,-z,y                             => SYMM( 24): -x,z,-y


 => Initial parameters ==>
 Atom    Ntyp                  X         Y         Z         B         occ.         in  fin  Spc  Mult
                             B11       B22       B33       B12       B13       B23
 AL1    Al                 0.00000   0.00000   0.00000   0.03507   0.02083           0    0    0    4
                 Codes:    0.00000   0.00000   0.00000 541.00000   0.00000

 => IT IS ASSUMED THAT THE FIRST GIVEN SITE IS FULLY OCCUPIED 
    OR THE FIRST AND SECOND ATOMS ARE IN THE SAME SITE WITH TOTAL FULL OCCUPATION
  (If this is not the case, change the order of atoms to obtain correct values for the content of the unit cell)
    The phase contains sites partially occupied
      -> Atom: Al  ,  Chemical element: AL  Atomic Mass:    26.9815
 => The given value of ATZ is        107.89 the program has calculated:         107.89
    The value of ATZ given in the input PCR file will be used for quantitative analysis
 => The chemical content of the unit cell is: 
       4.0000 Al     
 => The normalized site occupation numbers in % are: 
     100.0000 AL1      
 => The density (volumic mass) of the compound is:    2.521 g/cm3

 =>-------> PROFILE PARAMETERS FOR PATTERN:  1

 => Overall scale factor:   0.522446E-07
 => ETA (p-Voigt) OR M (Pearson VII):   0.0000
 => Overall temperature factor:      0.00000
 => Halfwidth U,V,W:      0.43398     0.00000     0.00000
 => X and Y parameters:       0.0000      0.0492
 => Direct cell parameters:    4.1425   4.1425   4.1425  90.0000  90.0000  90.0000
 => Preferred orientation parameters:   1.0000  0.0000
 => Asymmetry parameters     :      0.00000     0.00000     0.00000     0.00000
 => Strain parameters        :      0.00000     0.00000     0.00000
 => Size   parameters        :      0.00000     0.00000
 => Further shape parameters (S_L and D_L):   0.00000   0.00000
    S_L is source width/detector distance
    D_L is detector width/detector distance

 ==> CODEWORDS FOR PROFILE PARAMETERS of PATTERN#  1

 => Overall scale factor:   21.000
 => ETA (p-Voigt) OR M (Pearson VII):    0.000
 => Overall temperature factor:    0.000
 => Halfwidth U,V,W:  391.000   0.000   0.000
 => X and Y parameters:    0.000 410.010
 => Direct cell parameters:  351.000 351.000 351.000   0.000   0.000   0.000
 => Preferred orientation parameters:    0.000   0.000
 => Asymmetry parameters     :    0.000   0.000   0.000   0.000
 => Strain parameters        :    0.000   0.000   0.000
 => Size   parameters        :    0.000   0.000

 => Cell constraints according to Laue symmetry: m-3m 

        Metric information:
        -------------------

 => Direct cell parameters:

         a =       4.1425      b =       4.1425      c =       4.1425
     alpha =       90.000   beta =       90.000  gamma =       90.000
                        Direct Cell Volume =      71.0876

 => Reciprocal cell parameters:

         a*=     0.241399      b*=     0.241399      c*=     0.241399
     alpha*=       90.000   beta*=       90.000  gamma*=       90.000
                    Reciprocal Cell Volume =   0.01406715

 => Direct and Reciprocal Metric Tensors:

                   GD                                       GR
     17.1605      0.0000      0.0000          0.058273    0.000000    0.000000
      0.0000     17.1605      0.0000          0.000000    0.058273    0.000000
      0.0000      0.0000     17.1605          0.000000    0.000000    0.058273

 =>  Cartesian frame: z // c; y is in the bc-plane; x is y ^ z = a*  

     Crystal_to_Orthonormal_Matrix              Orthonormal_to_Crystal Matrix
              Cr_Orth_cel                               Orth_Cr_cel  
      4.1425      0.0000      0.0000          0.241399   -0.000000   -0.000000
      0.0000      4.1425      0.0000          0.000000    0.241399   -0.000000
      0.0000      0.0000      4.1425          0.000000    0.000000    0.241399

     Busing-Levy B-matrix: Hc=B.H            Inverse of the Busing-Levy B-matrix
                BL_M                                      BL_Minv  
    0.241399    0.000000    0.000000            4.1425     -0.0000     -0.0000
    0.000000    0.241399   -0.000000            0.0000      4.1425      0.0000
    0.000000    0.000000    0.241399            0.0000      0.0000      4.1425

 => Laue symmetry m-3m  will be used to generate HKL for pattern#   1
 => Reflections generated between S(1/d)min:  0.1720 A-1 and S(1/d)max:  0.9935 A-1
 =>                                    dmax:  5.8125 A   and      dmin:  1.0065 A
 => The number of reflections generated is:      6
 => The max. scatt. variable (gen.ref.) is:        68.0876
 => Scattering coefficients from internal table


 => X-ray scattering coeff. (A1, B1, A2,...C, f(0), Z, Dfp,Dfpp)

 AL      6.4202   3.0387   1.9002   0.7426   1.5936  31.5472   1.9646  85.0886   1.1151  12.9937  13.0000   0.0560   0.0520

     --------------------------------------------------------------
      SYMBOLIC NAMES AND INITIAL VALUES OF PARAMETERS TO BE VARIED:
     --------------------------------------------------------------

      ->  Parameter number    1   -> Symbolic Name:                                     Scale_ph1_pat1    0.44919769E-07
      ->  Parameter number    2   -> Symbolic Name:                                     Scale_ph2_pat1    0.52244630E-07
      ->  Parameter number    3   -> Symbolic Name:                                          Zero_pat1   -0.20679999E-01
      ->  Parameter number    4   -> Symbolic Name:                                         Bck_0_pat1     2666.4236    
      ->  Parameter number    5   -> Symbolic Name:                                         Bck_1_pat1     3422.0898    
      ->  Parameter number    6   -> Symbolic Name:                                         Bck_2_pat1     3705.8818    
      ->  Parameter number    7   -> Symbolic Name:                                         Bck_3_pat1     2583.3335    
      ->  Parameter number    8   -> Symbolic Name:                                         Bck_4_pat1     2146.8662    
      ->  Parameter number    9   -> Symbolic Name:                                         Bck_5_pat1     1878.3262    
      ->  Parameter number   10   -> Symbolic Name:                                         Bck_6_pat1     1570.0688    
      ->  Parameter number   11   -> Symbolic Name:                                         Bck_7_pat1     1340.8730    
      ->  Parameter number   12   -> Symbolic Name:                                         Bck_8_pat1     1302.4128    
      ->  Parameter number   13   -> Symbolic Name:                                         Bck_9_pat1     1261.4105    
      ->  Parameter number   14   -> Symbolic Name:                                        Bck_10_pat1     1104.2013    
      ->  Parameter number   15   -> Symbolic Name:                                        Bck_11_pat1     1165.6482    
      ->  Parameter number   16   -> Symbolic Name:                                        Bck_12_pat1     1182.7152    
      ->  Parameter number   17   -> Symbolic Name:                                        Bck_13_pat1     1026.1451    
      ->  Parameter number   18   -> Symbolic Name:                                        Bck_14_pat1     975.21552    
      ->  Parameter number   19   -> Symbolic Name:                                        Bck_15_pat1     989.01141    
      ->  Parameter number   20   -> Symbolic Name:                                        Bck_16_pat1     861.81488    
      ->  Parameter number   21   -> Symbolic Name:                                        Bck_17_pat1     883.65143    
      ->  Parameter number   22   -> Symbolic Name:                                        Bck_18_pat1     890.44269    
      ->  Parameter number   23   -> Symbolic Name:                                        Bck_19_pat1     841.14771    
      ->  Parameter number   24   -> Symbolic Name:                                        Bck_20_pat1     815.29852    
      ->  Parameter number   25   -> Symbolic Name:                                        Bck_21_pat1     901.48242    
      ->  Parameter number   26   -> Symbolic Name:                                        Bck_22_pat1     757.87671    
      ->  Parameter number   27   -> Symbolic Name:                                        Bck_23_pat1     736.40649    
      ->  Parameter number   28   -> Symbolic Name:                                        Bck_24_pat1     675.19019    
      ->  Parameter number   29   -> Symbolic Name:                                        Bck_25_pat1     589.72491    
      ->  Parameter number   30   -> Symbolic Name:                                        Bck_26_pat1     519.20972    
      ->  Parameter number   31   -> Symbolic Name:                                        Bck_27_pat1     482.28891    
      ->  Parameter number   32   -> Symbolic Name:                                        Bck_28_pat1     389.97739    
      ->  Parameter number   33   -> Symbolic Name:                                        Bck_29_pat1     319.54019    
      ->  Parameter number   34   -> Symbolic Name:                                    Cell_A_ph1_pat1     9.8731003    
      ->  Parameter number   35   -> Symbolic Name:                                    Cell_A_ph2_pat1     4.1425200    
      ->  Parameter number   36   -> Symbolic Name:                                    Cell_B_ph1_pat1     6.1670799    
      ->  Parameter number   37   -> Symbolic Name:                                    Cell_C_ph1_pat1     4.7667699    
      ->  Parameter number   38   -> Symbolic Name:                                    U-Cagl_ph1_pat1    0.18396001    
      ->  Parameter number   39   -> Symbolic Name:                                    U-Cagl_ph2_pat1    0.43397999    
      ->  Parameter number   40   -> Symbolic Name:                                     Y-cos_ph1_pat1    0.12109000    
      ->  Parameter number   41   -> Symbolic Name:                                     Y-cos_ph2_pat1    0.49229998E-01
      ->  Parameter number   42   -> Symbolic Name:                                          X_Fe1_ph1   -0.35730001E-01
      ->  Parameter number   43   -> Symbolic Name:                                           Z_O3_ph1   -0.91300001E-02
      ->  Parameter number   44   -> Symbolic Name:                                          Z_Fe1_ph1   -0.18999999E-01
      ->  Parameter number   45   -> Symbolic Name:                                           X_P1_ph1   -0.49840000E-01
      ->  Parameter number   46   -> Symbolic Name:                                           Y_O3_ph1   -0.13940000E-01
      ->  Parameter number   47   -> Symbolic Name:                                           Z_P1_ph1   -0.23639999E-01
      ->  Parameter number   48   -> Symbolic Name:                                           X_O1_ph1   -0.47959998E-01
      ->  Parameter number   49   -> Symbolic Name:                                           X_O3_ph1   -0.29320000E-01
      ->  Parameter number   50   -> Symbolic Name:                                           Z_O1_ph1   -0.45109998E-01
      ->  Parameter number   51   -> Symbolic Name:                                        Biso_O1_ph1     1.3581600    
      ->  Parameter number   52   -> Symbolic Name:                                        Biso_P1_ph1    0.69090001E-01
      ->  Parameter number   53   -> Symbolic Name:                                       Biso_Fe1_ph1    0.23270000E-01
      ->  Parameter number   54   -> Symbolic Name:                                       Biso_AL1_ph2    0.35069998E-01
      ->  Parameter number   55   -> Symbolic Name:                                        Biso_O3_ph1    0.23385000    
  

 --------------------------------------------------------------------------------------------------------------
 Pattern#  1 Phase No.:   1 Phase name: cod-1101111.cif               
 --------------------------------------------------------------------------------------------------------------

   No.  Code     H   K   L  Mult     Hw         2theta      Icalc       Iobs      Sigma      HwG     HwL       ETA       d-hkl        CORR

      1   1      2   0   0     2  0.147736      13.109        0.4        0.4      0.000  0.057009  0.124612  0.879421  4.936550    135.871292
      2   1      1   0   1     4  0.153198      15.086        0.6        0.6      0.000  0.063770  0.125287  0.858807  4.292646    204.388199
      3   1      2   1   0     4  0.158311      16.815        0.1        0.1      0.000  0.069855  0.125911  0.840530  3.853918    163.886749
      4   1      0   1   1     4  0.159442      17.185        0.0        0.0      0.000  0.071175  0.126048  0.836613  3.771489    156.765091
      5   1      1   1   1     8  0.163259      18.407        0.0        0.0      0.000  0.075570  0.126512  0.823733  3.523185    272.490326
      6   1      2   0   1     4  0.164889      18.916        0.0        0.0      0.000  0.077421  0.126710  0.818384  3.429066    128.833466
      7   1      0   2   0     2  0.171955      21.059        0.0        0.0      0.000  0.085299  0.127572  0.796193  3.083540     51.675716
      8   1      2   1   1     8  0.174045      21.675        0.0        0.0      0.000  0.087590  0.127829  0.789922  2.996943    194.781937
      9   1      3   0   1     4  0.182224      24.018        0.1        0.1      0.000  0.096410  0.128844  0.766599  2.708263     78.756233
     10   1      2   2   0     4  0.185336      24.885        0.0        0.0      0.000  0.099715  0.129236  0.758200  2.615266     73.158325
     11   1      1   2   1     8  0.189420      26.006        0.1        0.1      0.000  0.104015  0.129753  0.747552  2.504379    133.484268
     12   1      3   1   1     8  0.190391      26.269        0.1        0.1      0.000  0.105030  0.129877  0.745082  2.479692    130.703934
     13   1      4   0   0     2  0.190847      26.393        0.0        0.0      0.000  0.105508  0.129936  0.743928  2.468275     32.356911
     14   1      0   0   2     2  0.194412      27.351        0.1        0.1      0.000  0.109219  0.130394  0.735082  2.383385     30.031256
     15   1      1   0   2     4  0.197432      28.153        0.0        0.0      0.000  0.112343  0.130786  0.727816  2.316834     56.531780
     16   1      2   2   1     8  0.198574      28.453        0.0        0.0      0.000  0.113519  0.130934  0.725122  2.292848    110.568443
     17   1      4   1   0     4  0.198636      28.470        0.0        0.0      0.000  0.113583  0.130943  0.724975  2.291551     55.217148
     18   1      4   0   1     4  0.203718      29.794        0.0        0.0      0.000  0.118791  0.131611  0.713324  2.191858     50.176876
     19   1      1   1   2     8  0.204973      30.118        0.0        0.0      0.000  0.120071  0.131777  0.710527  2.168836     98.091042
     20   1      2   0   2     4  0.206233      30.441        0.1        0.1      0.000  0.121353  0.131945  0.707753  2.146323     47.951038
     21   1      4   1   1     8  0.211048      31.666        0.0        0.0      0.000  0.126232  0.132591  0.697427  2.065294     88.217567
     22   1      3   2   1     8  0.212981      32.153        0.0        0.0      0.000  0.128180  0.132853  0.693406  2.034847     85.408875
     23   1      2   1   2     8  0.213486      32.280        0.0        0.0      0.000  0.128689  0.132922  0.692366  2.027068     84.698090
     24   1      3   0   2     4  0.220196      33.945        0.0        0.0      0.000  0.135411  0.133843  0.678981  1.930342     38.048172
     25   1      4   2   0     4  0.220445      34.006        0.0        0.0      0.000  0.135660  0.133877  0.678497  1.926959     37.901714
     26   1      2   3   0     4  0.222651      34.546        0.0        0.0      0.000  0.137857  0.134184  0.674273  1.897727     36.647247
     27   1      0   3   1     4  0.223432      34.737        0.0        0.0      0.000  0.138634  0.134293  0.672796  1.887641     36.219067
     28   1      0   2   2     4  0.223580      34.773        0.0        0.0      0.000  0.138781  0.134314  0.672517  1.885744     36.138805
     29   1      1   3   1     8  0.226109      35.387        0.0        0.0      0.000  0.141291  0.134668  0.667807  1.854059     69.621147
     30   1      1   2   2     8  0.226256      35.422        0.0        0.0      0.000  0.141437  0.134689  0.667537  1.852262     69.471855
     31   1      3   1   2     8  0.227083      35.622        0.0        0.0      0.000  0.142256  0.134806  0.666019  1.842206     68.639557
     32   1      5   0   1     4  0.228586      35.984        0.0        0.0      0.000  0.143743  0.135018  0.663290  1.824290     33.584167
     33   1      4   2   1     8  0.231880      36.772        0.0        0.0      0.000  0.146994  0.135487  0.657427  1.786507     64.115524
     34   1      2   3   1     8  0.234008      37.277        0.0        0.0      0.000  0.149087  0.135792  0.653724  1.763139     62.261131
     35   1      2   2   2     8  0.234151      37.311        0.0        0.0      0.000  0.149228  0.135812  0.653477  1.761593     62.139378
     36   1      5   1   1     8  0.235296      37.581        0.0        0.0      0.000  0.150353  0.135977  0.651513  1.749356     61.179630
     37   1      4   0   2     4  0.238670      38.374        0.0        0.0      0.000  0.153661  0.136465  0.645834  1.714533     29.243607
     38   1      4   1   2     8  0.245202      39.890        0.0        0.0      0.000  0.160036  0.137423  0.635271  1.651883     53.789181
     39   1      6   0   0     2  0.245902      40.051        0.0        0.0      0.000  0.160717  0.137526  0.634172  1.645517     13.330587
     40   1      3   3   1     8  0.246802      40.258        0.0        0.0      0.000  0.161592  0.137660  0.632767  1.637418     52.731304
     41   1      3   2   2     8  0.246941      40.290        0.0        0.0      0.000  0.161727  0.137681  0.632551  1.636180     52.641201
     42   1      6   1   0     4  0.252327      41.516        0.0        0.0      0.000  0.166949  0.138485  0.624362  1.589894     24.663378
     43   1      4   3   0     4  0.253580      41.799        0.0        0.0      0.000  0.168161  0.138674  0.622505  1.579606     24.302080
     44   1      5   2   1     8  0.254758      42.064        0.0        0.0      0.000  0.169300  0.138852  0.620776  1.570089     47.940342
     45   1      1   0   3     4  0.254927      42.102        0.0        0.0      0.000  0.169463  0.138878  0.620530  1.568738     23.923241
     46   1      6   0   1     4  0.256609      42.479        0.0        0.0      0.000  0.171086  0.139133  0.618093  1.555446     23.463791
     47   1      0   4   0     2  0.258379      42.875        0.0        0.0      0.000  0.172792  0.139402  0.615563  1.541770     11.497811
     48   1      0   1   3     4  0.258785      42.965        0.0        0.0      0.000  0.173183  0.139464  0.614987  1.538674     22.890272
     49   1      1   3   2     8  0.258918      42.995        0.0        0.0      0.000  0.173311  0.139485  0.614799  1.537668     45.712177
     50   1      5   0   2     4  0.261207      43.503        0.0        0.0      0.000  0.175514  0.139835  0.611590  1.520558     22.278542
     51   1      1   1   3     8  0.261239      43.510        0.0        0.0      0.000  0.175544  0.139840  0.611545  1.520322     44.541267
     52   1      2   0   3     4  0.262309      43.746        0.0        0.0      0.000  0.176572  0.140005  0.610066  1.512506     22.009253
     53   1      6   1   1     8  0.262902      43.877        0.0        0.0      0.000  0.177142  0.140096  0.609250  1.508214     43.732704
     54   1      4   3   1     8  0.264132      44.148        0.0        0.0      0.000  0.178322  0.140286  0.607572  1.499423     43.150204
     55   1      4   2   2     8  0.264266      44.178        0.0        0.0      0.000  0.178451  0.140307  0.607389  1.498471     43.087410
     56   1      2   3   2     8  0.266249      44.612        0.0        0.0      0.000  0.180352  0.140614  0.604718  1.484601     42.176826
     57   1      5   1   2     8  0.267453      44.875        0.0        0.0      0.000  0.181505  0.140802  0.603115  1.476345     41.639381
     58   1      2   4   0     4  0.268144      45.026        0.0        0.0      0.000  0.182166  0.140909  0.602203  1.471665     20.668118
     59   1      2   1   3     8  0.268544      45.113        0.0        0.0      0.000  0.182548  0.140972  0.601676  1.468972     41.162281
     60   1      6   2   0     4  0.271152      45.679        0.0        0.0      0.000  0.185040  0.141380  0.598283  1.451738     20.028885

   No.  Code     H   K   L  Mult     Hw         2theta      Icalc       Iobs      Sigma      HwG     HwL       ETA       d-hkl        CORR

     61   1      1   4   1     8  0.271263      45.703        0.0        0.0      0.000  0.185146  0.141398  0.598140  1.451017     40.011887
     62   1      3   0   3     4  0.274422      46.383        0.0        0.0      0.000  0.188160  0.141896  0.594121  1.430882     19.370527
     63   1      3   3   2     8  0.278298      47.211        0.0        0.0      0.000  0.191849  0.142512  0.589316  1.407187     37.271866
     64   1      2   4   1     8  0.278467      47.247        0.0        0.0      0.000  0.192010  0.142539  0.589109  1.406174     37.209705
     65   1      1   2   3     8  0.279815      47.533        0.0        0.0      0.000  0.193291  0.142755  0.587472  1.398196     36.721909
     66   1      3   1   3     8  0.280558      47.690        0.0        0.0      0.000  0.193996  0.142874  0.586577  1.393856     36.457905
     67   1      6   2   1     8  0.281437      47.876        0.0        0.0      0.000  0.194831  0.143015  0.585523  1.388760     36.149185
     68   1      5   3   1     8  0.285755      48.783        0.0        0.0      0.000  0.198923  0.143712  0.580448  1.364477     34.696327
     69   1      5   2   2     8  0.285886      48.811        0.0        0.0      0.000  0.199047  0.143733  0.580297  1.363760     34.653893
     70   1      2   2   3     8  0.286953      49.033        0.0        0.0      0.000  0.200057  0.143906  0.579067  1.357942     34.310566
     71   1      6   0   2     4  0.287660      49.181        0.0        0.0      0.000  0.200725  0.144021  0.578258  1.354131     17.043322
     72   1      7   0   1     4  0.287968      49.245        0.0        0.0      0.000  0.201016  0.144071  0.577907  1.352479     16.994896
     73   1      3   4   1     8  0.290354      49.739        0.0        0.0      0.000  0.203271  0.144461  0.575213  1.339867     33.255207
     74   1      4   0   3     4  0.291092      49.892        0.0        0.0      0.000  0.203968  0.144582  0.574388  1.336032     16.516743
     75   1      6   1   2     8  0.293720      50.433        0.0        0.0      0.000  0.206446  0.145014  0.571489  1.322623     32.264347
     76   1      7   1   1     8  0.294026      50.496        0.0        0.0      0.000  0.206735  0.145064  0.571154  1.321083     32.176647
     77   1      4   3   2     8  0.294908      50.677        0.0        0.0      0.000  0.207566  0.145210  0.570195  1.316682     31.926636
     78   1      4   4   0     4  0.296748      51.052        0.0        0.0      0.000  0.209299  0.145514  0.568213  1.307633     15.707908
     79   1      4   1   3     8  0.297137      51.132        0.0        0.0      0.000  0.209665  0.145579  0.567798  1.305743     31.309654
     80   1      3   2   3     8  0.298759      51.461        0.0        0.0      0.000  0.211190  0.145848  0.566077  1.297945     30.873804
     81   1      0   4   2     4  0.299478      51.607        0.0        0.0      0.000  0.211866  0.145968  0.565320  1.294528     15.341910
     82   1      6   3   0     4  0.301591      52.034        0.0        0.0      0.000  0.213850  0.146321  0.563119  1.284639     15.068790
     83   1      1   4   2     8  0.301828      52.082        0.0        0.0      0.000  0.214073  0.146360  0.562874  1.283542     30.077301
     84   1      4   4   1     8  0.306825      53.083        0.0        0.0      0.000  0.218758  0.147201  0.557803  1.261045     28.855715
     85   1      0   3   3     4  0.307713      53.260        0.0        0.0      0.000  0.219590  0.147351  0.556919  1.257163     14.323861
     86   1      2   4   2     8  0.308863      53.488        0.0        0.0      0.000  0.220667  0.147546  0.555784  1.252190     28.382481
     87   1      1   3   3     8  0.310056      53.724        0.0        0.0      0.000  0.221782  0.147749  0.554616  1.247094     28.112108
     88   1      6   3   1     8  0.311648      54.038        0.0        0.0      0.000  0.223270  0.148020  0.553071  1.240384     27.758348
     89   1      6   2   2     8  0.311776      54.063        0.0        0.0      0.000  0.223390  0.148042  0.552947  1.239846     27.730055
     90   1      7   2   1     8  0.312081      54.123        0.0        0.0      0.000  0.223674  0.148094  0.552654  1.238577     27.663490
     91   1      5   0   3     4  0.312240      54.155        0.0        0.0      0.000  0.223823  0.148121  0.552501  1.237914     13.814354
     92   1      8   0   0     2  0.313152      54.334        0.0        0.0      0.000  0.224675  0.148277  0.551626  1.234138      6.857803
     93   1      4   2   3     8  0.315169      54.729        0.0        0.0      0.000  0.226558  0.148622  0.549713  1.225908     27.003611
     94   1      5   3   2     8  0.316023      54.896        0.0        0.0      0.000  0.227354  0.148769  0.548911  1.222474     26.826302
     95   1      2   3   3     8  0.317075      55.101        0.0        0.0      0.000  0.228336  0.148950  0.547929  1.218278     26.610556
     96   1      7   0   2     4  0.318205      55.320        0.0        0.0      0.000  0.229388  0.149145  0.546882  1.213824     13.191298
     97   1      5   1   3     8  0.318235      55.326        0.0        0.0      0.000  0.229417  0.149150  0.546854  1.213704     26.376471
     98   1      8   1   0     4  0.319147      55.503        0.0        0.0      0.000  0.230266  0.149308  0.546015  1.210144     13.097577
     99   1      3   4   2     8  0.320562      55.777        0.0        0.0      0.000  0.231583  0.149553  0.544724  1.204682     25.918322
    100   1      2   5   0     4  0.322682      56.185        0.0        0.0      0.000  0.233556  0.149921  0.542811  1.196630     12.756696
    101   1      8   0   1     4  0.323185      56.282        0.0        0.0      0.000  0.234023  0.150008  0.542361  1.194744     12.709535
    102   1      0   5   1     4  0.323360      56.315        0.0        0.0      0.000  0.234186  0.150039  0.542205  1.194090     12.693190
    103   1      0   0   4     2  0.324004      56.439        0.0        0.0      0.000  0.234785  0.150151  0.541632  1.191692      6.316722
    104   1      7   1   2     8  0.324197      56.476        0.0        0.0      0.000  0.234965  0.150185  0.541460  1.190974     25.231163
    105   1      1   5   1     8  0.325698      56.763        0.0        0.0      0.000  0.236359  0.150447  0.540135  1.185451     24.957359
    106   1      1   0   4     4  0.326342      56.886        0.0        0.0      0.000  0.236957  0.150559  0.539571  1.183105     12.420806
    107   1      5   4   1     8  0.327880      57.178        0.0        0.0      0.000  0.238385  0.150829  0.538233  1.177558     24.569153
    108   1      3   3   3     8  0.328767      57.346        0.0        0.0      0.000  0.239208  0.150985  0.537468  1.174395     24.414623
    109   1      8   1   1     8  0.329178      57.424        0.0        0.0      0.000  0.239590  0.151057  0.537114  1.172936     24.343550
    110   1      1   1   4     8  0.332338      58.020        0.0        0.0      0.000  0.242518  0.151615  0.534431  1.161917     23.810764
    111   1      2   5   1     8  0.332716      58.092        0.0        0.0      0.000  0.242869  0.151681  0.534113  1.160619     23.748442
    112   1      2   0   4     4  0.333361      58.213        0.0        0.0      0.000  0.243466  0.151796  0.533574  1.158417     11.821512
    113   1      5   2   3     8  0.336222      58.748        0.0        0.0      0.000  0.246114  0.152304  0.531207  1.148795     23.185749
    114   1      4   4   2     8  0.336939      58.881        0.0        0.0      0.000  0.246777  0.152431  0.530621  1.146424     23.073902
    115   1      8   2   0     4  0.337136      58.918        0.0        0.0      0.000  0.246959  0.152466  0.530460  1.145775     11.521687
    116   1      6   0   3     4  0.337975      59.074        0.0        0.0      0.000  0.247735  0.152616  0.529778  1.143022     11.457026

 --------------------------------------------------------------------------------------------------------------
 Pattern#  1 Phase No.:   2 Phase name: cod-4313206.cif               
 --------------------------------------------------------------------------------------------------------------

   No.  Code     H   K   L  Mult     Hw         2theta      Icalc       Iobs      Sigma      HwG     HwL       ETA       d-hkl        CORR

      1   1      1   1   1     8  0.194332      27.254        0.0        0.0      0.000  0.162914  0.056406  0.359012  2.391685    121.020020
      2   1      2   0   0     6  0.221222      31.573        0.0        0.0      0.000  0.189271  0.057865  0.326651  2.071260     66.579750
      3   1      2   2   0    12  0.311855      45.255        0.0        0.0      0.000  0.277473  0.063221  0.258245  1.464602     61.321194
      4   1      3   1   1    24  0.372342      53.635        0.0        0.0      0.000  0.335993  0.067152  0.231495  1.249017     84.641945
      5   1      2   2   2     8  0.391991      56.225        0.0        0.0      0.000  0.354961  0.068485  0.224688  1.195843     25.473969

     -----------------------------------------------------
     BRAGG R-Factors and weight fractions for Pattern #  1
     -----------------------------------------------------

 => Phase:  1     cod-1101111.cif
 => Bragg R-factor:   0.00       Vol:  290.240( 0.000)  Fract(%):   95.36( 0.00)
 => Rf-factor=  0.00             ATZ:         631.037   Brindley:  1.0000

 => Phase:  2     cod-4313206.cif
 => Bragg R-factor:   0.00       Vol:   71.088( 0.000)  Fract(%):    4.64( 0.00)
 => Rf-factor=  0.00             ATZ:         107.892   Brindley:  1.0000

     -----------------------------------------------------------------
      SYMBOLIC NAMES AND FINAL VALUES AND SIGMA OF REFINED PARAMETERS:
     -----------------------------------------------------------------

      ->  Parameter number    1 :                                     Scale_ph1_pat1    0.44919769E-07( +/-     0.0000000     )
      ->  Parameter number    2 :                                     Scale_ph2_pat1    0.52244630E-07( +/-     0.0000000     )
      ->  Parameter number    3 :                                          Zero_pat1   -0.20679999E-01( +/-     0.0000000     )
      ->  Parameter number    4 :                                         Bck_0_pat1     2666.4236    ( +/-     0.0000000     )
      ->  Parameter number    5 :                                         Bck_1_pat1     3422.0898    ( +/-     0.0000000     )
      ->  Parameter number    6 :                                         Bck_2_pat1     3705.8818    ( +/-     0.0000000     )
      ->  Parameter number    7 :                                         Bck_3_pat1     2583.3335    ( +/-     0.0000000     )
      ->  Parameter number    8 :                                         Bck_4_pat1     2146.8662    ( +/-     0.0000000     )
      ->  Parameter number    9 :                                         Bck_5_pat1     1878.3262    ( +/-     0.0000000     )
      ->  Parameter number   10 :                                         Bck_6_pat1     1570.0688    ( +/-     0.0000000     )
      ->  Parameter number   11 :                                         Bck_7_pat1     1340.8730    ( +/-     0.0000000     )
      ->  Parameter number   12 :                                         Bck_8_pat1     1302.4128    ( +/-     0.0000000     )
      ->  Parameter number   13 :                                         Bck_9_pat1     1261.4105    ( +/-     0.0000000     )
      ->  Parameter number   14 :                                        Bck_10_pat1     1104.2013    ( +/-     0.0000000     )
      ->  Parameter number   15 :                                        Bck_11_pat1     1165.6482    ( +/-     0.0000000     )
      ->  Parameter number   16 :                                        Bck_12_pat1     1182.7152    ( +/-     0.0000000     )
      ->  Parameter number   17 :                                        Bck_13_pat1     1026.1451    ( +/-     0.0000000     )
      ->  Parameter number   18 :                                        Bck_14_pat1     975.21552    ( +/-     0.0000000     )
      ->  Parameter number   19 :                                        Bck_15_pat1     989.01141    ( +/-     0.0000000     )
      ->  Parameter number   20 :                                        Bck_16_pat1     861.81488    ( +/-     0.0000000     )
      ->  Parameter number   21 :                                        Bck_17_pat1     883.65143    ( +/-     0.0000000     )
      ->  Parameter number   22 :                                        Bck_18_pat1     890.44269    ( +/-     0.0000000     )
      ->  Parameter number   23 :                                        Bck_19_pat1     841.14771    ( +/-     0.0000000     )
      ->  Parameter number   24 :                                        Bck_20_pat1     815.29852    ( +/-     0.0000000     )
      ->  Parameter number   25 :                                        Bck_21_pat1     901.48242    ( +/-     0.0000000     )
      ->  Parameter number   26 :                                        Bck_22_pat1     757.87671    ( +/-     0.0000000     )
      ->  Parameter number   27 :                                        Bck_23_pat1     736.40649    ( +/-     0.0000000     )
      ->  Parameter number   28 :                                        Bck_24_pat1     675.19019    ( +/-     0.0000000     )
      ->  Parameter number   29 :                                        Bck_25_pat1     589.72491    ( +/-     0.0000000     )
      ->  Parameter number   30 :                                        Bck_26_pat1     519.20972    ( +/-     0.0000000     )
      ->  Parameter number   31 :                                        Bck_27_pat1     482.28891    ( +/-     0.0000000     )
      ->  Parameter number   32 :                                        Bck_28_pat1     389.97739    ( +/-     0.0000000     )
      ->  Parameter number   33 :                                        Bck_29_pat1     319.54019    ( +/-     0.0000000     )
      ->  Parameter number   34 :                                    Cell_A_ph1_pat1     9.8731003    ( +/-     0.0000000     )
      ->  Parameter number   35 :                                    Cell_A_ph2_pat1     4.1425200    ( +/-     0.0000000     )
      ->  Parameter number   36 :                                    Cell_B_ph1_pat1     6.1670799    ( +/-     0.0000000     )
      ->  Parameter number   37 :                                    Cell_C_ph1_pat1     4.7667699    ( +/-     0.0000000     )
      ->  Parameter number   38 :                                    U-Cagl_ph1_pat1    0.18396001    ( +/-     0.0000000     )
      ->  Parameter number   39 :                                    U-Cagl_ph2_pat1    0.43397999    ( +/-     0.0000000     )
      ->  Parameter number   40 :                                     Y-cos_ph1_pat1    0.12109000    ( +/-     0.0000000     )
      ->  Parameter number   41 :                                     Y-cos_ph2_pat1    0.49229998E-01( +/-     0.0000000     )
      ->  Parameter number   42 :                                          X_Fe1_ph1   -0.35730001E-01( +/-     0.0000000     )
      ->  Parameter number   43 :                                           Z_O3_ph1   -0.91300001E-02( +/-     0.0000000     )
      ->  Parameter number   44 :                                          Z_Fe1_ph1   -0.18999999E-01( +/-     0.0000000     )
      ->  Parameter number   45 :                                           X_P1_ph1   -0.49840000E-01( +/-     0.0000000     )
      ->  Parameter number   46 :                                           Y_O3_ph1   -0.13940000E-01( +/-     0.0000000     )
      ->  Parameter number   47 :                                           Z_P1_ph1   -0.23639999E-01( +/-     0.0000000     )
      ->  Parameter number   48 :                                           X_O1_ph1   -0.47959998E-01( +/-     0.0000000     )
      ->  Parameter number   49 :                                           X_O3_ph1   -0.29320000E-01( +/-     0.0000000     )
      ->  Parameter number   50 :                                           Z_O1_ph1   -0.45109998E-01( +/-     0.0000000     )
      ->  Parameter number   51 :                                        Biso_O1_ph1     1.3581600    ( +/-     0.0000000     )
      ->  Parameter number   52 :                                        Biso_P1_ph1    0.69090001E-01( +/-     0.0000000     )
      ->  Parameter number   53 :                                       Biso_Fe1_ph1    0.23270000E-01( +/-     0.0000000     )
      ->  Parameter number   54 :                                       Biso_AL1_ph2    0.35069998E-01( +/-     0.0000000     )
      ->  Parameter number   55 :                                        Biso_O3_ph1    0.23385000    ( +/-     0.0000000     )

 ------------------------------------------------------------------
 => Number of bytes for floating point variables: 4
 => Dimensions of dynamic allocated arrays in this run of FullProf:
 ------------------------------------------------------------------

 => Total approximate array memory (dynamic + static): 115719821 bytes

    MaxPOINT=    70000 Max.num. of points(+int. Inten.)/diffraction pattern       
    MaxREFLT=    20000 Max.num. of reflections/diffraction pattern               
    MaxPARAM=      800 Max.num. of refinable parameters                          
    MaxOVERL=     2024 Max.num. of overlapping reflections                       

 ----------------------------------------------------------
 => Number of bytes for floating point arrays: 4
 => Dimensions of fixed arrays in this release of FullProf:
 ----------------------------------------------------------

    NPATT   =       80 Max.num. of powder diffraction patterns                    
    NATS    =      830 Max.num. of atoms (all kind) in asymmetric unit            
    MPAR    =     1800 Max.num. of non atomic parameters/phase                    
    IEXCL   =       30 Max.num. of excluded regions                               
    IBACP   =      377 Max.num. of background points for interpolation            
    NPHT    =       16 Max.num. of phases                                         
    NMAGM   =        8 Max.num. of rotation-matrices sets for magnetic structure  
    NBASIS  =       12 Max.num. of basis functions associated to a single atom    
    NIREPS  =        9 Max.num. of irreducible representations to be combined     
    N_EQ    =      384 Max.num. of user-supplied symmetry operators/propagation vectors
    NGL     =      400 Max.num. of global parameters/diffraction pattern          
    N_LINC  =       50 Max.num. of global linear restraints                        
    NAT_P   =       80 Max.num. of atomic parameters per atom                     
    NCONST  =      500 Max.num. of slack constraints per phase                    
    N_SPE   =       30 Max.num. of different chemical species                     
    N_FORM  =       60 Max.num. of scattering factor values in a table            
    NPR     =      150 Max.num. of points defining a numerical profile            
    INPR    =       25 Max.num. of different numerical peak shapes                
    NPRC    =      150 Max.num. of terms in the table for correcting intensities  
    NSOL    =       10 Max.num. of solutions to be stored in Montecarlo searchs   

 
              CPU Time:     0.141 seconds
                            0.002 minutes

 => Run finished at:     Date: 19/01/2023  Time: 12:53:48.296                              
