

        **********************************************************
        ** PROGRAM FullProf.2k (Version 7.40 - Jan2021-ILL JRC) **
        **********************************************************
                       M U L T I -- P A T T E R N                 
            Rietveld, Profile Matching & Integrated Intensity     
                 Refinement of X-ray and/or Neutron Data


    Date: 19/01/2023  Time: 12:53:48.352                              

 => PCR file code: /home/gallo/work/models_cic/ref-fp/files/simulations/8_FP_INPUT
 => DAT file code: EXP_PATTERN          -> Relative contribution: 1.0000                                                            

 ==> CONDITIONS OF THIS RUN FOR PATTERN No.:  1

 => Pattern calculation, X-ray
    Bragg-Brentano(X-rays) or Debye-Scherrer geometry(Neutrons)
 => Title:    Phases    extracted    from    file:    14LFPka_f00003.xye.buf

 => Number of phases:    2
 => Number of excluded regions:    1
 => Number of scattering factors supplied:    0
 => March-Dollase model for preferred orientation
 => Conventional weights: w=1.0/Variance(yobs)
 => Asymmetry correction as in J.Appl.Cryst. 26,128(1993)
 => Background linearly interpolated between the   30 points given
 => The    7th default profile function was selected
 => T-C-H Pseudo-Voigt function 
    This function is convoluted with asymmetry due to axial 
    divergence as formulated by: 
    van Laar and Yelon, J. Appl. Cryst. 17, 47(1984).
    and using the method of:
    Finger, Cox and Jephcoat, J. Appl. Cryst. 27, 892 (1994).
    Fortran 90 module adapted from function PROFVAL (in F77) : 
    L.W. Finger, J. Appl. Cryst. 31, 111 (1998).


 ==> INPUT/OUTPUT OPTIONS:

 => Output Obs and Calc intensities on last cycle
 => Generate bacground file *.bac
 => Generate file *.PRF for plot
 => Output Integrated Intensities
 => Generate new input file *.PCR

 => X-Y type of data: 2theta/TOF/E(Kev) Intens sigma for pattern:  1
 => Plot pattern at each cycle
 => Wavelengths:  1.12698 1.12698
 => Alpha2/Alpha1 ratio:   0.0000
 => Cos(Monochromator angle)=   0.7999
 => Asymmetry correction for angles lower than  180.000 degrees
 => Absorption correction (AC), muR-eff =   0.0000  0.0000
 => Base of peaks: 2.0*HW*   15.00

 => Number of cycles:    1
 => Relaxation factors ==>    for coordinates:  1.00
 => for anisotropic temperature factors:  1.00
 => for halfwidth/strain/size parameters:  1.00
 => for lattice constants and propagation vectors:  1.00
 => EPS-value for convergence:    0.1
 => Background ==> 
    Position   Intensity
       12.72     2666.42       41.00
       14.32     3422.09       51.00
       15.91     3705.88       61.00
       17.51     2583.33       71.00
       19.11     2146.87       81.00
       20.70     1878.33       91.00
       22.30     1570.07      101.00
       23.89     1340.87      111.00
       25.49     1302.41      121.00
       27.09     1261.41      131.00
       28.68     1104.20      141.00
       30.28     1165.65      151.00
       31.87     1182.72      161.00
       33.47     1026.15      171.00
       35.07      975.22      181.00
       36.66      989.01      191.00
       38.26      861.81      201.00
       39.85      883.65      211.00
       41.45      890.44      221.00
       43.05      841.15      231.00

       44.64      815.30      241.00
       46.24      901.48      251.00
       47.83      757.88      261.00
       49.43      736.41      271.00
       51.03      675.19      281.00
       52.62      589.72      291.00
       54.22      519.21      301.00
       55.81      482.29      311.00
       57.41      389.98      321.00
       59.01      319.54      331.00

 

 => Excluded regions for Pattern#  1
    From     to
      0.0000     11.5000

 => Instrumental Resolution read from file: /home/gallo/work/models_cic/ref-fp/files/IRF_NOTOS_July2022_MR.irf
 => Title of data: !Instrument Resolution Function of the diffractometer ALBA NOTOS July2022 Si_11keV_f00009.dat MR20220827

 => The resolution function is IRESOL:   1 for profile function #   7
    Input resolution parameters:

     U-inst     V-inst     W-inst     X-inst     Y-inst     Z-inst
    0.00500   -0.00011    0.00077    0.02372    0.00000    0.00000
    0.00500   -0.00011    0.00077    0.02372    0.00000    0.00000

 => Number of Least-Squares parameters varied:    58

 =>--------------------------->
 =>------->  PATTERN number:  1
 =>--------------------------->
 => Global parameters and codes ==>
 => Zero-point:     0.0397   31.0000
 => Displacement peak-shift parameter and code:    -0.01    0.00
 => Transparency peak-shift parameter and code:     0.04    0.00
 --------------------------------------------------------------------------------
 => Phase  No. 1
      cod-1101111.cif                                                       
 --------------------------------------------------------------------------------
 =>-------> Pattern#  1
 => Crystal Structure Refinement
 => Preferred orientation vector:   0.0000  0.0000  1.0000

 =>-------> Data for PHASE: 1
 => Number of atoms:    6
 => Number of distance  constraints:    0
 => Number of angle     constraints:    0

 => Symmetry information on space group: P n m a             
 -> The multiplicity of the general position is:   8
 -> The space group is Centric (-1 at origin)   
 -> Lattice type  P: { 000 }                                       
 -> Reduced set of symmetry operators:

  No.  IT   Symmetry symbol    Rotation part     Associated Translation
   1: ( 1)   1            -->     ( x, y, z) + {  0.0000  0.0000  0.0000}
   2: ( 4)   2 ( x, 0, 0) -->     ( x,-y,-z) + {  0.5000  0.5000  0.5000}
   3: ( 3)   2 ( 0, y, 0) -->     (-x, y,-z) + {  0.0000  0.5000  0.0000}
   4: ( 2)   2 ( 0, 0, z) -->     (-x,-y, z) + {  0.5000  0.0000  0.5000}


        Information on Space Group: 
        --------------------------- 

 =>   Number of Space group:  62
 =>  Hermann-Mauguin Symbol: P n m a
 =>             Hall Symbol: -P 2ac 2n
 =>            Setting Type: IT (Generated from Hermann-Mauguin symbol)
 =>          Crystal System: Orthorhombic
 =>              Laue Class: mmm
 =>             Point Group: mmm
 =>         Bravais Lattice: P
 =>          Lattice Symbol: oP
 =>  Reduced Number of S.O.:   4
 =>    General multiplicity:   8
 =>          Centrosymmetry: Centric (-1 at origin)
 =>  Generators (exc. -1&L):   2
 =>         Asymmetric unit:  0.000 <= x <=  0.500
                              0.000 <= y <=  0.250
                              0.000 <= z <=  1.000

 => List of S.O. without inversion and lattice centring translations
 => SYMM(  1): x,y,z                               => SYMM(  2): x+1/2,-y+1/2,-z+1/2
 => SYMM(  3): -x,y+1/2,-z                         => SYMM(  4): -x+1/2,-y,z+1/2


 => Initial parameters ==>
 Atom    Ntyp                  X         Y         Z         B         occ.         in  fin  Spc  Mult
                             B11       B22       B33       B12       B13       B23
 Fe1    Fe                 0.00574   0.25000   0.03018   0.60626   0.50000           0    0    0    4
                 Codes:  421.00000   0.00000 441.00000 531.00000   0.00000
 Li1    Li                 0.00000   0.00000   0.00000   1.00000   0.50000           0    0    0    4
                 Codes:    0.00000   0.00000   0.00000   0.00000   0.00000
 P1     P                 -0.03095   0.25000  -0.00551   0.26300   0.50000           0    0    0    4
                 Codes:  451.00000   0.00000 471.00000 561.00000   0.00000
 O1     O                  0.04769   0.25000   0.00754   0.13592   0.50000           0    0    0    4
                 Codes:  481.00000   0.00000 501.00000 581.00000   0.00000
 O2     O                 -0.02398   0.25000  -0.00341   1.09229   0.50000           0    0    0    4
                 Codes:  511.00000   0.00000 521.00000 571.00000   0.00000
 O3     O                 -0.01841   0.03903  -0.01520   0.94316   1.00000           0    0    0    8
                 Codes:  491.00000 461.00000 431.00000 551.00000   0.00000

 => IT IS ASSUMED THAT THE FIRST GIVEN SITE IS FULLY OCCUPIED 
    OR THE FIRST AND SECOND ATOMS ARE IN THE SAME SITE WITH TOTAL FULL OCCUPATION
  (If this is not the case, change the order of atoms to obtain correct values for the content of the unit cell)
    The given occupation factors have been obtained mutiplying m/M by   1.0000
      -> Atom: Fe  ,  Chemical element: FE  Atomic Mass:    55.8470
      -> Atom: Li  ,  Chemical element: LI  Atomic Mass:     6.9410
      -> Atom: P   ,  Chemical element: P   Atomic Mass:    30.9738
      -> Atom: O   ,  Chemical element: O   Atomic Mass:    15.9994
      -> Atom: O   ,  Chemical element: O   Atomic Mass:    15.9994
      -> Atom: O   ,  Chemical element: O   Atomic Mass:    15.9994
 => The given value of ATZ is        631.04 the program has calculated:         631.04
    The value of ATZ given in the input PCR file will be used for quantitative analysis
 => The chemical content of the unit cell is: 
       4.0000 Fe   +   4.0000 Li   +   4.0000 P    +   4.0000 O    +   4.0000 O    +   8.0000 O      
 => The normalized site occupation numbers in % are: 
     100.0000 Fe1    :      100.0000 Li1    :      100.0000 P1     :      100.0000 O1     :      100.0000 O2     :      100.0000 O3       
 => The density (volumic mass) of the compound is:    3.472 g/cm3

 =>-------> PROFILE PARAMETERS FOR PATTERN:  1

 => Overall scale factor:   0.694211E-07
 => ETA (p-Voigt) OR M (Pearson VII):   0.0000
 => Overall temperature factor:      0.00000
 => Halfwidth U,V,W:      0.02377     0.00000     0.00000
 => X and Y parameters:       0.0000      0.0412
 => Direct cell parameters:   10.3011   6.0025   4.8817  90.0000  90.0000  90.0000
 => Preferred orientation parameters:   1.0000  0.0000
 => Asymmetry parameters     :      0.00000     0.00000     0.00000     0.00000
 => Strain parameters        :      0.00000     0.00000     0.00000
 => Size   parameters        :      0.00000     0.00000
 => Further shape parameters (S_L and D_L):   0.00000   0.00000
    S_L is source width/detector distance
    D_L is detector width/detector distance

 ==> CODEWORDS FOR PROFILE PARAMETERS of PATTERN#  1

 => Overall scale factor:   11.000
 => ETA (p-Voigt) OR M (Pearson VII):    0.000
 => Overall temperature factor:    0.000
 => Halfwidth U,V,W:  381.000   0.000   0.000
 => X and Y parameters:    0.000 401.000
 => Direct cell parameters:  341.000 361.000 371.000   0.000   0.000   0.000
 => Preferred orientation parameters:    0.000   0.000
 => Asymmetry parameters     :    0.000   0.000   0.000   0.000
 => Strain parameters        :    0.000   0.000   0.000
 => Size   parameters        :    0.000   0.000

 => Cell constraints according to Laue symmetry: mmm  

        Metric information:
        -------------------

 => Direct cell parameters:

         a =      10.3011      b =       6.0025      c =       4.8817
     alpha =       90.000   beta =       90.000  gamma =       90.000
                        Direct Cell Volume =     301.8480

 => Reciprocal cell parameters:

         a*=     0.097077      b*=     0.166597      c*=     0.204845
     alpha*=       90.000   beta*=       90.000  gamma*=       90.000
                    Reciprocal Cell Volume =   0.00331293

 => Direct and Reciprocal Metric Tensors:

                   GD                                       GR
    106.1120      0.0000      0.0000          0.009424    0.000000    0.000000
      0.0000     36.0300      0.0000          0.000000    0.027755    0.000000
      0.0000      0.0000     23.8313          0.000000    0.000000    0.041962

 =>  Cartesian frame: z // c; y is in the bc-plane; x is y ^ z = a*  

     Crystal_to_Orthonormal_Matrix              Orthonormal_to_Crystal Matrix
              Cr_Orth_cel                               Orth_Cr_cel  
     10.3011      0.0000      0.0000          0.097077   -0.000000   -0.000000
      0.0000      6.0025      0.0000          0.000000    0.166597   -0.000000
      0.0000      0.0000      4.8817          0.000000    0.000000    0.204845

     Busing-Levy B-matrix: Hc=B.H            Inverse of the Busing-Levy B-matrix
                BL_M                                      BL_Minv  
    0.097077    0.000000    0.000000           10.3011     -0.0000     -0.0000
    0.000000    0.166597   -0.000000            0.0000      6.0025      0.0000
    0.000000    0.000000    0.204845            0.0000      0.0000      4.8817

 => Laue symmetry mmm   will be used to generate HKL for pattern#   1
 => Reflections generated between S(1/d)min:  0.1720 A-1 and S(1/d)max:  0.9150 A-1
 =>                                    dmax:  5.8125 A   and      dmin:  1.0929 A
 => The number of reflections generated is:    138
 => The max. scatt. variable (gen.ref.) is:        62.0733
 => Scattering coefficients from internal table


 => X-ray scattering coeff. (A1, B1, A2,...C, f(0), Z, Dfp,Dfpp)

 FE     11.7695   4.7611   7.3573   0.3072   3.5222  15.3535   2.3045  76.8805   1.0369  25.9904  26.0000   0.3010   0.8450
 LI      1.1282   3.9546   0.7508   1.0524   0.6175  85.3905   0.4653 168.2610   0.0377   2.9995   3.0000   0.0000   0.0000
 P       6.4345   1.9067   4.1791  27.1570   1.7800   0.5260   1.4908  68.1645   1.1149  14.9993  15.0000   0.0900   0.0950
 O       3.0485  13.2771   2.2868   5.7011   1.5463   0.3239   0.8670  32.9089   0.2508   7.9994   8.0000   0.0080   0.0060
 --------------------------------------------------------------------------------
 => Phase  No. 2
      cod-4313206.cif                                                       
 --------------------------------------------------------------------------------
 =>-------> Pattern#  1
 => Crystal Structure Refinement
 => Preferred orientation vector:   0.0000  0.0000  1.0000

 =>-------> Data for PHASE: 2
 => Number of atoms:    1
 => Number of distance  constraints:    0
 => Number of angle     constraints:    0

 => Symmetry information on space group: F m -3 m            
 -> The multiplicity of the general position is: 192
 -> The space group is Centric (-1 at origin)   
 -> Lattice type  F: { 000;  0  1/2 1/2; 1/2  0  1/2; 1/2 1/2  0 }+
 -> Reduced set of symmetry operators:

  No.  IT   Symmetry symbol    Rotation part     Associated Translation
   1: ( 1)   1            -->     ( x, y, z) + {  0.0000  0.0000  0.0000}
   2: ( 4)   2 ( x, 0, 0) -->     ( x,-y,-z) + {  0.0000  0.0000  0.0000}
   3: ( 3)   2 ( 0, y, 0) -->     (-x, y,-z) + {  0.0000  0.0000  0.0000}
   4: ( 2)   2 ( 0, 0, z) -->     (-x,-y, z) + {  0.0000  0.0000  0.0000}
   5: ( 9)  3- ( x, x, x) -->     ( y, z, x) + {  0.0000  0.0000  0.0000}
   6: (12)  3- (-x, x,-x) -->     (-y,-z, x) + {  0.0000  0.0000  0.0000}
   7: (11)  3- (-x,-x, x) -->     ( y,-z,-x) + {  0.0000  0.0000  0.0000}
   8: (10)  3- ( x,-x,-x) -->     (-y, z,-x) + {  0.0000  0.0000  0.0000}
   9: ( 5)  3+ ( x, x, x) -->     ( z, x, y) + {  0.0000  0.0000  0.0000}
  10: ( 8)  3+ (-x,-x, x) -->     (-z, x,-y) + {  0.0000  0.0000  0.0000}
  11: ( 7)  3+ ( x,-x,-x) -->     (-z,-x, y) + {  0.0000  0.0000  0.0000}
  12: ( 6)  3+ (-x, x,-x) -->     ( z,-x,-y) + {  0.0000  0.0000  0.0000}
  13: (14)   2 ( x,-x, 0) -->     (-y,-x,-z) + {  0.0000  0.0000  0.0000}
  14: (15)  4- ( 0, 0, z) -->     ( y,-x, z) + {  0.0000  0.0000  0.0000}
  15: (16)  4+ ( 0, 0, z) -->     (-y, x, z) + {  0.0000  0.0000  0.0000}
  16: (13)   2 ( x, x, 0) -->     ( y, x,-z) + {  0.0000  0.0000  0.0000}
  17: (24)   2 (-x, 0, x) -->     (-z,-y,-x) + {  0.0000  0.0000  0.0000}
  18: (21)  4+ ( 0, y, 0) -->     ( z, y,-x) + {  0.0000  0.0000  0.0000}
  19: (22)   2 ( x, 0, x) -->     ( z,-y, x) + {  0.0000  0.0000  0.0000}
  20: (23)  4- ( 0, y, 0) -->     (-z, y, x) + {  0.0000  0.0000  0.0000}
  21: (19)   2 ( 0, y,-y) -->     (-x,-z,-y) + {  0.0000  0.0000  0.0000}
  22: (18)   2 ( 0, y, y) -->     (-x, z, y) + {  0.0000  0.0000  0.0000}
  23: (17)  4- ( x, 0, 0) -->     ( x, z,-y) + {  0.0000  0.0000  0.0000}
  24: (20)  4+ ( x, 0, 0) -->     ( x,-z, y) + {  0.0000  0.0000  0.0000}


        Information on Space Group: 
        --------------------------- 

 =>   Number of Space group: 225
 =>  Hermann-Mauguin Symbol: F m -3 m
 =>             Hall Symbol: -F 4 2 3
 =>            Setting Type: IT (Generated from Hermann-Mauguin symbol)
 =>          Crystal System: Cubic
 =>              Laue Class: m-3m
 =>             Point Group: m-3m
 =>         Bravais Lattice: F
 =>          Lattice Symbol: cF
 =>  Reduced Number of S.O.:  24
 =>    General multiplicity: 192
 =>          Centrosymmetry: Centric (-1 at origin)
 =>  Generators (exc. -1&L):   3
 =>         Asymmetric unit:  0.000 <= x <=  0.500
                              0.000 <= y <=  0.250
                              0.000 <= z <=  0.250

 => List of S.O. without inversion and lattice centring translations
 => SYMM(  1): x,y,z                               => SYMM(  2): x,-y,-z
 => SYMM(  3): -x,y,-z                             => SYMM(  4): -x,-y,z
 => SYMM(  5): y,z,x                               => SYMM(  6): -y,-z,x
 => SYMM(  7): y,-z,-x                             => SYMM(  8): -y,z,-x
 => SYMM(  9): z,x,y                               => SYMM( 10): -z,x,-y
 => SYMM( 11): -z,-x,y                             => SYMM( 12): z,-x,-y
 => SYMM( 13): y,x,z                               => SYMM( 14): -y,x,-z
 => SYMM( 15): y,-x,-z                             => SYMM( 16): -y,-x,z
 => SYMM( 17): z,y,x                               => SYMM( 18): -z,-y,x
 => SYMM( 19): -z,y,-x                             => SYMM( 20): z,-y,-x
 => SYMM( 21): x,z,y                               => SYMM( 22): x,-z,-y
 => SYMM( 23): -x,-z,y                             => SYMM( 24): -x,z,-y


 => Initial parameters ==>
 Atom    Ntyp                  X         Y         Z         B         occ.         in  fin  Spc  Mult
                             B11       B22       B33       B12       B13       B23
 AL1    Al                 0.00000   0.00000   0.00000   1.01039   0.02083           0    0    0    4
                 Codes:    0.00000   0.00000   0.00000 541.00000   0.00000

 => IT IS ASSUMED THAT THE FIRST GIVEN SITE IS FULLY OCCUPIED 
    OR THE FIRST AND SECOND ATOMS ARE IN THE SAME SITE WITH TOTAL FULL OCCUPATION
  (If this is not the case, change the order of atoms to obtain correct values for the content of the unit cell)
    The phase contains sites partially occupied
      -> Atom: Al  ,  Chemical element: AL  Atomic Mass:    26.9815
 => The given value of ATZ is        107.89 the program has calculated:         107.89
    The value of ATZ given in the input PCR file will be used for quantitative analysis
 => The chemical content of the unit cell is: 
       4.0000 Al     
 => The normalized site occupation numbers in % are: 
     100.0000 AL1      
 => The density (volumic mass) of the compound is:    3.441 g/cm3

 =>-------> PROFILE PARAMETERS FOR PATTERN:  1

 => Overall scale factor:   0.112427E-07
 => ETA (p-Voigt) OR M (Pearson VII):   0.0000
 => Overall temperature factor:      0.00000
 => Halfwidth U,V,W:      0.49037     0.00000     0.00000
 => X and Y parameters:       0.0000      0.1575
 => Direct cell parameters:    3.7347   3.7347   3.7347  90.0000  90.0000  90.0000
 => Preferred orientation parameters:   1.0000  0.0000
 => Asymmetry parameters     :      0.00000     0.00000     0.00000     0.00000
 => Strain parameters        :      0.00000     0.00000     0.00000
 => Size   parameters        :      0.00000     0.00000
 => Further shape parameters (S_L and D_L):   0.00000   0.00000
    S_L is source width/detector distance
    D_L is detector width/detector distance

 ==> CODEWORDS FOR PROFILE PARAMETERS of PATTERN#  1

 => Overall scale factor:   21.000
 => ETA (p-Voigt) OR M (Pearson VII):    0.000
 => Overall temperature factor:    0.000
 => Halfwidth U,V,W:  391.000   0.000   0.000
 => X and Y parameters:    0.000 410.010
 => Direct cell parameters:  351.000 351.000 351.000   0.000   0.000   0.000
 => Preferred orientation parameters:    0.000   0.000
 => Asymmetry parameters     :    0.000   0.000   0.000   0.000
 => Strain parameters        :    0.000   0.000   0.000
 => Size   parameters        :    0.000   0.000

 => Cell constraints according to Laue symmetry: m-3m 

        Metric information:
        -------------------

 => Direct cell parameters:

         a =       3.7347      b =       3.7347      c =       3.7347
     alpha =       90.000   beta =       90.000  gamma =       90.000
                        Direct Cell Volume =      52.0903

 => Reciprocal cell parameters:

         a*=     0.267761      b*=     0.267761      c*=     0.267761
     alpha*=       90.000   beta*=       90.000  gamma*=       90.000
                    Reciprocal Cell Volume =   0.01919744

 => Direct and Reciprocal Metric Tensors:

                   GD                                       GR
     13.9478      0.0000      0.0000          0.071696    0.000000    0.000000
      0.0000     13.9478      0.0000          0.000000    0.071696    0.000000
      0.0000      0.0000     13.9478          0.000000    0.000000    0.071696

 =>  Cartesian frame: z // c; y is in the bc-plane; x is y ^ z = a*  

     Crystal_to_Orthonormal_Matrix              Orthonormal_to_Crystal Matrix
              Cr_Orth_cel                               Orth_Cr_cel  
      3.7347      0.0000      0.0000          0.267761   -0.000000   -0.000000
      0.0000      3.7347      0.0000          0.000000    0.267761   -0.000000
      0.0000      0.0000      3.7347          0.000000    0.000000    0.267761

     Busing-Levy B-matrix: Hc=B.H            Inverse of the Busing-Levy B-matrix
                BL_M                                      BL_Minv  
    0.267761    0.000000    0.000000            3.7347     -0.0000     -0.0000
    0.000000    0.267761   -0.000000            0.0000      3.7347      0.0000
    0.000000    0.000000    0.267761            0.0000      0.0000      3.7347

 => Laue symmetry m-3m  will be used to generate HKL for pattern#   1
 => Reflections generated between S(1/d)min:  0.1720 A-1 and S(1/d)max:  1.0416 A-1
 =>                                    dmax:  5.8125 A   and      dmin:  0.9601 A
 => The number of reflections generated is:      5
 => The max. scatt. variable (gen.ref.) is:        71.8800
 => Scattering coefficients from internal table


 => X-ray scattering coeff. (A1, B1, A2,...C, f(0), Z, Dfp,Dfpp)

 AL      6.4202   3.0387   1.9002   0.7426   1.5936  31.5472   1.9646  85.0886   1.1151  12.9937  13.0000   0.0560   0.0520

     --------------------------------------------------------------
      SYMBOLIC NAMES AND INITIAL VALUES OF PARAMETERS TO BE VARIED:
     --------------------------------------------------------------

      ->  Parameter number    1   -> Symbolic Name:                                     Scale_ph1_pat1    0.69421112E-07
      ->  Parameter number    2   -> Symbolic Name:                                     Scale_ph2_pat1    0.11242740E-07
      ->  Parameter number    3   -> Symbolic Name:                                          Zero_pat1    0.39700001E-01
      ->  Parameter number    4   -> Symbolic Name:                                         Bck_0_pat1     2666.4236    
      ->  Parameter number    5   -> Symbolic Name:                                         Bck_1_pat1     3422.0898    
      ->  Parameter number    6   -> Symbolic Name:                                         Bck_2_pat1     3705.8818    
      ->  Parameter number    7   -> Symbolic Name:                                         Bck_3_pat1     2583.3335    
      ->  Parameter number    8   -> Symbolic Name:                                         Bck_4_pat1     2146.8662    
      ->  Parameter number    9   -> Symbolic Name:                                         Bck_5_pat1     1878.3262    
      ->  Parameter number   10   -> Symbolic Name:                                         Bck_6_pat1     1570.0688    
      ->  Parameter number   11   -> Symbolic Name:                                         Bck_7_pat1     1340.8730    
      ->  Parameter number   12   -> Symbolic Name:                                         Bck_8_pat1     1302.4128    
      ->  Parameter number   13   -> Symbolic Name:                                         Bck_9_pat1     1261.4105    
      ->  Parameter number   14   -> Symbolic Name:                                        Bck_10_pat1     1104.2013    
      ->  Parameter number   15   -> Symbolic Name:                                        Bck_11_pat1     1165.6482    
      ->  Parameter number   16   -> Symbolic Name:                                        Bck_12_pat1     1182.7152    
      ->  Parameter number   17   -> Symbolic Name:                                        Bck_13_pat1     1026.1451    
      ->  Parameter number   18   -> Symbolic Name:                                        Bck_14_pat1     975.21552    
      ->  Parameter number   19   -> Symbolic Name:                                        Bck_15_pat1     989.01141    
      ->  Parameter number   20   -> Symbolic Name:                                        Bck_16_pat1     861.81488    
      ->  Parameter number   21   -> Symbolic Name:                                        Bck_17_pat1     883.65143    
      ->  Parameter number   22   -> Symbolic Name:                                        Bck_18_pat1     890.44269    
      ->  Parameter number   23   -> Symbolic Name:                                        Bck_19_pat1     841.14771    
      ->  Parameter number   24   -> Symbolic Name:                                        Bck_20_pat1     815.29852    
      ->  Parameter number   25   -> Symbolic Name:                                        Bck_21_pat1     901.48242    
      ->  Parameter number   26   -> Symbolic Name:                                        Bck_22_pat1     757.87671    
      ->  Parameter number   27   -> Symbolic Name:                                        Bck_23_pat1     736.40649    
      ->  Parameter number   28   -> Symbolic Name:                                        Bck_24_pat1     675.19019    
      ->  Parameter number   29   -> Symbolic Name:                                        Bck_25_pat1     589.72491    
      ->  Parameter number   30   -> Symbolic Name:                                        Bck_26_pat1     519.20972    
      ->  Parameter number   31   -> Symbolic Name:                                        Bck_27_pat1     482.28891    
      ->  Parameter number   32   -> Symbolic Name:                                        Bck_28_pat1     389.97739    
      ->  Parameter number   33   -> Symbolic Name:                                        Bck_29_pat1     319.54019    
      ->  Parameter number   34   -> Symbolic Name:                                    Cell_A_ph1_pat1     10.301070    
      ->  Parameter number   35   -> Symbolic Name:                                    Cell_A_ph2_pat1     3.7346699    
      ->  Parameter number   36   -> Symbolic Name:                                    Cell_B_ph1_pat1     6.0025001    
      ->  Parameter number   37   -> Symbolic Name:                                    Cell_C_ph1_pat1     4.8817301    
      ->  Parameter number   38   -> Symbolic Name:                                    U-Cagl_ph1_pat1    0.23770001E-01
      ->  Parameter number   39   -> Symbolic Name:                                    U-Cagl_ph2_pat1    0.49037001    
      ->  Parameter number   40   -> Symbolic Name:                                     Y-cos_ph1_pat1    0.41239999E-01
      ->  Parameter number   41   -> Symbolic Name:                                     Y-cos_ph2_pat1    0.15752000    
      ->  Parameter number   42   -> Symbolic Name:                                          X_Fe1_ph1    0.57399999E-02
      ->  Parameter number   43   -> Symbolic Name:                                           Z_O3_ph1   -0.15200000E-01
      ->  Parameter number   44   -> Symbolic Name:                                          Z_Fe1_ph1    0.30180000E-01
      ->  Parameter number   45   -> Symbolic Name:                                           X_P1_ph1   -0.30950001E-01
      ->  Parameter number   46   -> Symbolic Name:                                           Y_O3_ph1    0.39030001E-01
      ->  Parameter number   47   -> Symbolic Name:                                           Z_P1_ph1   -0.55100000E-02
      ->  Parameter number   48   -> Symbolic Name:                                           X_O1_ph1    0.47690000E-01
      ->  Parameter number   49   -> Symbolic Name:                                           X_O3_ph1   -0.18409999E-01
      ->  Parameter number   50   -> Symbolic Name:                                           Z_O1_ph1    0.75400001E-02
      ->  Parameter number   51   -> Symbolic Name:                                           X_O2_ph1   -0.23979999E-01
      ->  Parameter number   52   -> Symbolic Name:                                           Z_O2_ph1   -0.34099999E-02
      ->  Parameter number   53   -> Symbolic Name:                                       Biso_Fe1_ph1    0.60626000    
      ->  Parameter number   54   -> Symbolic Name:                                       Biso_AL1_ph2     1.0103900    
      ->  Parameter number   55   -> Symbolic Name:                                        Biso_O3_ph1    0.94316000    
      ->  Parameter number   56   -> Symbolic Name:                                        Biso_P1_ph1    0.26300001    
      ->  Parameter number   57   -> Symbolic Name:                                        Biso_O2_ph1     1.0922900    
      ->  Parameter number   58   -> Symbolic Name:                                        Biso_O1_ph1    0.13592000    
  

 --------------------------------------------------------------------------------------------------------------
 Pattern#  1 Phase No.:   1 Phase name: cod-1101111.cif               
 --------------------------------------------------------------------------------------------------------------

   No.  Code     H   K   L  Mult     Hw         2theta      Icalc       Iobs      Sigma      HwG     HwL       ETA       d-hkl        CORR

      1   1      2   0   0     2  0.062569      12.562        0.7        0.7      0.000  0.033234  0.044099  0.764663  5.150535    148.104477
      2   1      1   0   1     4  0.064565      14.677        1.0        1.0      0.000  0.035087  0.044635  0.753033  4.411427    216.105209
      3   1      2   1   0     4  0.066518      16.577        0.0        0.0      0.000  0.036914  0.045130  0.741863  3.908796    168.713699
      4   1      0   1   1     4  0.067095      17.113        0.0        0.0      0.000  0.037454  0.045273  0.738624  3.787328    158.121521
      5   1      1   1   1     8  0.068345      18.242        0.0        0.0      0.000  0.038627  0.045576  0.731700  3.554686    277.541504
      6   1      2   0   1     4  0.068413      18.302        0.0        0.0      0.000  0.038690  0.045592  0.731329  3.543123    137.841125
      7   1      2   1   1     8  0.071933      21.285        0.0        0.0      0.000  0.041991  0.046418  0.712659  3.051216    202.213303
      8   1      0   2   0     2  0.072376      21.643        0.1        0.1      0.000  0.042406  0.046520  0.710398  3.001250     48.841709
      9   1      3   0   1     4  0.074276      23.148        0.2        0.2      0.000  0.044184  0.046953  0.700918  2.808527     85.012955
     10   1      2   2   0     4  0.076839      25.101        0.1        0.1      0.000  0.046577  0.047529  0.688695  2.593124     71.854637
     11   1      4   0   0     2  0.077077      25.278        0.1        0.1      0.000  0.046798  0.047582  0.687595  2.575268     35.405735
     12   1      3   1   1     8  0.077505      25.596        0.0        0.0      0.000  0.047197  0.047678  0.685625  2.543843    137.986725
     13   1      1   2   1     8  0.078397      26.251        0.1        0.1      0.000  0.048028  0.047876  0.681577  2.481426    130.898361
     14   1      0   0   2     2  0.079008      26.695        0.1        0.1      0.000  0.048596  0.048012  0.678846  2.440865     31.596945
     15   1      1   0   2     4  0.080056      27.448        0.0        0.0      0.000  0.049570  0.048244  0.674243  2.375099     59.617371
     16   1      4   1   0     4  0.080196      27.548        0.0        0.0      0.000  0.049700  0.048275  0.673635  2.366649     59.165058
     17   1      2   2   1     8  0.081526      28.489        0.0        0.0      0.000  0.050934  0.048569  0.667952  2.290086    110.282791
     18   1      4   0   1     4  0.081751      28.646        0.0        0.0      0.000  0.051142  0.048619  0.667006  2.277759     54.506184
     19   1      1   1   2     8  0.083075      29.565        0.0        0.0      0.000  0.052368  0.048910  0.661529  2.208495    102.004135
     20   1      2   0   2     4  0.083130      29.603        0.1        0.1      0.000  0.052419  0.048922  0.661303  2.205714     50.863678
     21   1      4   1   1     8  0.084719      30.686        0.0        0.0      0.000  0.053887  0.049272  0.654931  2.129587     94.289986
     22   1      2   1   2     8  0.086059      31.587        0.0        0.0      0.000  0.055124  0.049566  0.649714  2.070357     88.688820
     23   1      3   2   1     8  0.086527      31.898        0.1        0.1      0.000  0.055555  0.049669  0.647927  2.050678     86.863922
     24   1      3   0   2     4  0.088059      32.908        0.0        0.0      0.000  0.056965  0.050005  0.642193  1.989434     40.649765
     25   1      4   2   0     4  0.088992      33.515        0.0        0.0      0.000  0.057822  0.050210  0.638790  1.954398     39.097450
     26   1      5   0   1     4  0.090584      34.539        0.0        0.0      0.000  0.059283  0.050560  0.633125  1.898105     36.663342
     27   1      0   2   2     4  0.090715      34.623        0.0        0.0      0.000  0.059403  0.050589  0.632667  1.893664     36.474453
     28   1      3   1   2     8  0.090871      34.722        0.0        0.0      0.000  0.059545  0.050623  0.632125  1.888416     72.503716
     29   1      2   3   0     4  0.091578      35.171        0.0        0.0      0.000  0.060193  0.050779  0.629681  1.865049     35.268597
     30   1      1   2   2     8  0.091658      35.222        0.0        0.0      0.000  0.060266  0.050796  0.629407  1.862455     70.320473
     31   1      0   3   1     4  0.092003      35.440        0.0        0.0      0.000  0.060582  0.050872  0.628229  1.851365     34.698734
     32   1      1   3   1     8  0.092937      36.027        0.0        0.0      0.000  0.061437  0.051078  0.625080  1.822170     66.995262
     33   1      4   2   1     8  0.093193      36.187        0.0        0.0      0.000  0.061670  0.051134  0.624229  1.814394     66.362282
     34   1      5   1   1     8  0.093346      36.282        0.0        0.0      0.000  0.061810  0.051168  0.623721  1.809777     65.987732
     35   1      2   2   2     8  0.094451      36.968        0.0        0.0      0.000  0.062819  0.051411  0.620102  1.777343     63.385208
     36   1      4   0   2     4  0.094653      37.093        0.0        0.0      0.000  0.063003  0.051456  0.619448  1.771562     31.463282
     37   1      2   3   1     8  0.095708      37.741        0.0        0.0      0.000  0.063965  0.051689  0.616079  1.742231     60.623989
     38   1      6   0   0     2  0.096659      38.321        0.0        0.0      0.000  0.064832  0.051899  0.613101  1.716845     14.666043
     39   1      4   1   2     8  0.097346      38.737        0.0        0.0      0.000  0.065457  0.052051  0.610983  1.699105     57.312862
     40   1      3   2   2     8  0.099004      39.732        0.0        0.0      0.000  0.066964  0.052419  0.605988  1.658210     54.255119
     41   1      6   1   0     4  0.099323      39.921        0.0        0.0      0.000  0.067253  0.052490  0.605047  1.650653     26.849442
     42   1      3   3   1     8  0.100231      40.460        0.0        0.0      0.000  0.068078  0.052691  0.602394  1.629587     52.162735
     43   1      6   0   1     4  0.100673      40.720        0.0        0.0      0.000  0.068478  0.052790  0.601121  1.619604     25.721170
     44   1      1   0   3     4  0.101227      41.045        0.0        0.0      0.000  0.068980  0.052913  0.599540  1.607312     25.280931
     45   1      5   2   1     8  0.101368      41.129        0.0        0.0      0.000  0.069109  0.052944  0.599137  1.604204     50.340393
     46   1      4   3   0     4  0.102499      41.788        0.0        0.0      0.000  0.070132  0.053196  0.595970  1.580002     24.315954
     47   1      5   0   2     4  0.102768      41.944        0.0        0.0      0.000  0.070376  0.053257  0.595225  1.574371     24.119226
     48   1      0   1   3     4  0.102953      42.051        0.0        0.0      0.000  0.070543  0.053298  0.594717  1.570555     23.986368
     49   1      6   1   1     8  0.103287      42.245        0.0        0.0      0.000  0.070845  0.053373  0.593800  1.563683     47.496033
     50   1      1   1   3     8  0.103835      42.561        0.0        0.0      0.000  0.071341  0.053495  0.592312  1.552613     46.732861
     51   1      2   0   3     4  0.103883      42.588        0.0        0.0      0.000  0.071384  0.053506  0.592181  1.551645     23.333237
     52   1      1   3   2     8  0.104976      43.214        0.0        0.0      0.000  0.072371  0.053751  0.589261  1.530222     45.207706
     53   1      4   2   2     8  0.105217      43.352        0.0        0.0      0.000  0.072589  0.053805  0.588625  1.525608     44.896526
     54   1      5   1   2     8  0.105361      43.434        0.0        0.0      0.000  0.072719  0.053837  0.588246  1.522860     44.711658
     55   1      4   3   1     8  0.106413      44.030        0.0        0.0      0.000  0.073668  0.054073  0.585509  1.503228     43.401920
     56   1      2   1   3     8  0.106466      44.060        0.0        0.0      0.000  0.073715  0.054085  0.585374  1.502265     43.338116
     57   1      0   4   0     2  0.106556      44.111        0.0        0.0      0.000  0.073796  0.054105  0.585143  1.500625     10.807415
     58   1      6   2   0     4  0.107130      44.434        0.0        0.0      0.000  0.074314  0.054234  0.583675  1.490244     21.273077
     59   1      2   3   2     8  0.107597      44.696        0.0        0.0      0.000  0.074734  0.054339  0.582494  1.481954     42.004162
     60   1      3   0   3     4  0.108255      45.064        0.0        0.0      0.000  0.075327  0.054488  0.580846  1.470476     20.629683

   No.  Code     H   K   L  Mult     Hw         2theta      Icalc       Iobs      Sigma      HwG     HwL       ETA       d-hkl        CORR

     61   1      2   4   0     4  0.110028      46.048        0.0        0.0      0.000  0.076922  0.054888  0.576502  1.440721     19.679752
     62   1      3   1   3     8  0.110803      46.474        0.0        0.0      0.000  0.077617  0.055064  0.574649  1.428243     38.576008
     63   1      6   2   1     8  0.110987      46.575        0.0        0.0      0.000  0.077783  0.055106  0.574211  1.425311     38.393089
     64   1      1   4   1     8  0.111281      46.736        0.0        0.0      0.000  0.078047  0.055172  0.573517  1.420678     38.104893
     65   1      1   2   3     8  0.111522      46.868        0.0        0.0      0.000  0.078264  0.055227  0.572950  1.416912     37.871403
     66   1      3   3   2     8  0.111920      47.084        0.0        0.0      0.000  0.078621  0.055317  0.572021  1.410755     37.491295
     67   1      7   0   1     4  0.112037      47.148        0.0        0.0      0.000  0.078726  0.055344  0.571748  1.408957     18.690323
     68   1      6   0   2     4  0.112345      47.315        0.0        0.0      0.000  0.079002  0.055414  0.571035  1.404264     18.546307
     69   1      5   2   2     8  0.113015      47.678        0.0        0.0      0.000  0.079602  0.055566  0.569496  1.394190     36.478172
     70   1      2   4   1     8  0.113858      48.133        0.0        0.0      0.000  0.080358  0.055759  0.567586  1.381801     35.729679
     71   1      2   2   3     8  0.114097      48.261        0.0        0.0      0.000  0.080572  0.055813  0.567048  1.378335     35.521683
     72   1      5   3   1     8  0.114187      48.309        0.0        0.0      0.000  0.080652  0.055834  0.566848  1.377048     35.444630
     73   1      4   0   3     4  0.114285      48.362        0.0        0.0      0.000  0.080741  0.055856  0.566628  1.375633     17.679998
     74   1      7   1   1     8  0.114563      48.511        0.0        0.0      0.000  0.080989  0.055919  0.566010  1.371676     35.123848
     75   1      6   1   2     8  0.114869      48.674        0.0        0.0      0.000  0.081263  0.055989  0.565332  1.367344     34.866261
     76   1      4   1   3     8  0.116801      49.700        0.0        0.0      0.000  0.082991  0.056432  0.561137  1.340871     33.313362
     77   1      4   3   2     8  0.117906      50.281        0.0        0.0      0.000  0.083978  0.056686  0.558800  1.326369     32.478268
     78   1      3   4   1     8  0.118126      50.395        0.0        0.0      0.000  0.084174  0.056736  0.558341  1.323544     32.316856
     79   1      3   2   3     8  0.118364      50.520        0.0        0.0      0.000  0.084387  0.056791  0.557845  1.320497     32.143253
     80   1      6   3   0     4  0.119768      51.250        0.0        0.0      0.000  0.085639  0.057115  0.554964  1.302932     15.576090
     81   1      4   4   0     4  0.120291      51.520        0.0        0.0      0.000  0.086106  0.057235  0.553909  1.296562     15.398410
     82   1      8   0   0     2  0.121037      51.904        0.0        0.0      0.000  0.086770  0.057408  0.552421  1.287634      7.575609
     83   1      0   4   2     4  0.121828      52.309        0.0        0.0      0.000  0.087474  0.057591  0.550863  1.278358     14.896673
     84   1      5   0   3     4  0.121948      52.370        0.0        0.0      0.000  0.087581  0.057619  0.550628  1.276967     14.858697
     85   1      7   2   1     8  0.122083      52.439        0.0        0.0      0.000  0.087701  0.057650  0.550365  1.275406     29.632336
     86   1      6   2   2     8  0.122386      52.594        0.0        0.0      0.000  0.087971  0.057721  0.549775  1.271922     29.442873
     87   1      1   4   2     8  0.122676      52.741        0.0        0.0      0.000  0.088229  0.057788  0.549216  1.268626     29.264292
     88   1      0   3   3     4  0.123224      53.019        0.0        0.0      0.000  0.088717  0.057915  0.548163  1.262443     14.465401
     89   1      7   0   2     4  0.123420      53.118        0.0        0.0      0.000  0.088891  0.057961  0.547789  1.260259     14.406773
     90   1      8   1   0     4  0.123534      53.176        0.0        0.0      0.000  0.088992  0.057987  0.547573  1.258992     14.372808
     91   1      6   3   1     8  0.123546      53.182        0.0        0.0      0.000  0.089002  0.057990  0.547551  1.258865     28.738840
     92   1      4   4   1     8  0.124067      53.445        0.0        0.0      0.000  0.089466  0.058111  0.546564  1.253117     28.431841
     93   1      1   3   3     8  0.124072      53.447        0.0        0.0      0.000  0.089470  0.058113  0.546556  1.253067     28.429197
     94   1      4   2   3     8  0.124304      53.564        0.0        0.0      0.000  0.089677  0.058167  0.546118  1.250530     28.294285
     95   1      5   1   3     8  0.124444      53.635        0.0        0.0      0.000  0.089801  0.058199  0.545857  1.249015     28.213900
     96   1      8   0   1     4  0.124811      53.819        0.0        0.0      0.000  0.090127  0.058285  0.545172  1.245051     14.002079
     97   1      2   4   2     8  0.125218      54.023        0.0        0.0      0.000  0.090488  0.058380  0.544419  1.240713     27.775616
     98   1      5   3   2     8  0.125543      54.185        0.0        0.0      0.000  0.090777  0.058456  0.543819  1.237269     27.594929
     99   1      7   1   2     8  0.125915      54.371        0.0        0.0      0.000  0.091107  0.058543  0.543138  1.233368     27.391064
    100   1      2   3   3     8  0.126613      54.718        0.0        0.0      0.000  0.091727  0.058706  0.541872  1.226147     27.015970
    101   1      0   0   4     2  0.127174      54.995        0.0        0.0      0.000  0.092224  0.058837  0.540864  1.220433      6.680296
    102   1      8   1   1     8  0.127306      55.061        0.0        0.0      0.000  0.092341  0.058868  0.540629  1.219102     26.652836
    103   1      1   0   4     4  0.128021      55.413        0.0        0.0      0.000  0.092975  0.059036  0.539361  1.211956     13.143681
    104   1      3   4   2     8  0.129453      56.114        0.0        0.0      0.000  0.094244  0.059373  0.536867  1.198024     25.583229
    105   1      1   1   4     8  0.130516      56.631        0.0        0.0      0.000  0.095185  0.059624  0.535052  1.187983     25.082644
    106   1      2   0   4     4  0.130563      56.653        0.0        0.0      0.000  0.095226  0.059635  0.534974  1.187549     12.530586
    107   1      3   3   3     8  0.130849      56.792        0.0        0.0      0.000  0.095480  0.059702  0.534491  1.184895     24.929899
    108   1      8   2   0     4  0.131019      56.874        0.0        0.0      0.000  0.095630  0.059742  0.534205  1.183325     12.426207
    109   1      6   0   3     4  0.131268      56.994        0.0        0.0      0.000  0.095850  0.059801  0.533789  1.181041     12.370008
    110   1      5   4   1     8  0.131693      57.198        0.0        0.0      0.000  0.096226  0.059901  0.533082  1.177175     24.550402
    111   1      5   2   3     8  0.131930      57.313        0.0        0.0      0.000  0.096436  0.059958  0.532689  1.175029     24.445576
    112   1      2   5   0     4  0.132587      57.627        0.0        0.0      0.000  0.097016  0.060113  0.531610  1.169161     12.080106
    113   1      0   5   1     4  0.132971      57.811        0.0        0.0      0.000  0.097355  0.060204  0.530983  1.165767     11.998055
    114   1      2   1   4     8  0.133062      57.854        0.0        0.0      0.000  0.097436  0.060226  0.530836  1.164969     23.957594
    115   1      7   2   2     8  0.133405      58.017        0.0        0.0      0.000  0.097738  0.060307  0.530281  1.161973     23.813437
    116   1      6   1   3     8  0.133768      58.190        0.0        0.0      0.000  0.098059  0.060393  0.529696  1.158823     23.662439
    117   1      1   5   1     8  0.133820      58.215        0.0        0.0      0.000  0.098105  0.060406  0.529612  1.158373     23.640940
    118   1      7   3   1     8  0.134567      58.569        0.0        0.0      0.000  0.098765  0.060583  0.528423  1.151993     23.337111
    119   1      8   2   1     8  0.134800      58.679        0.0        0.0      0.000  0.098971  0.060639  0.528054  1.150021     23.243679
    120   1      3   0   4     4  0.134808      58.683        0.0        0.0      0.000  0.098977  0.060641  0.528042  1.149955     11.620293

   No.  Code     H   K   L  Mult     Hw         2theta      Icalc       Iobs      Sigma      HwG     HwL       ETA       d-hkl        CORR

    121   1      6   3   2     8  0.134871      58.712        0.0        0.0      0.000  0.099033  0.060656  0.527942  1.149423     23.215425

 --------------------------------------------------------------------------------------------------------------
 Pattern#  1 Phase No.:   2 Phase name: cod-4313206.cif               
 --------------------------------------------------------------------------------------------------------------

   No.  Code     H   K   L  Mult     Hw         2theta      Icalc       Iobs      Sigma      HwG     HwL       ETA       d-hkl        CORR

      1   1      1   1   1     8  0.298013      30.298        0.0        0.0      0.000  0.192482  0.169612  0.643387  2.156213     96.860764
      2   1      2   0   0     6  0.329729      35.127        0.0        0.0      0.000  0.224412  0.172729  0.600625  1.867335     53.046314
      3   1      2   2   0    12  0.441412      50.524        0.0        0.0      0.000  0.333199  0.185369  0.497735  1.320405     48.207077

     -----------------------------------------------------
     BRAGG R-Factors and weight fractions for Pattern #  1
     -----------------------------------------------------

 => Phase:  1     cod-1101111.cif
 => Bragg R-factor:   0.00       Vol:  301.848( 0.000)  Fract(%):   99.52( 0.00)
 => Rf-factor=  0.00             ATZ:         631.037   Brindley:  1.0000

 => Phase:  2     cod-4313206.cif
 => Bragg R-factor:   0.00       Vol:   52.090( 0.000)  Fract(%):    0.48( 0.00)
 => Rf-factor=  0.00             ATZ:         107.892   Brindley:  1.0000

     -----------------------------------------------------------------
      SYMBOLIC NAMES AND FINAL VALUES AND SIGMA OF REFINED PARAMETERS:
     -----------------------------------------------------------------

      ->  Parameter number    1 :                                     Scale_ph1_pat1    0.69421112E-07( +/-     0.0000000     )
      ->  Parameter number    2 :                                     Scale_ph2_pat1    0.11242740E-07( +/-     0.0000000     )
      ->  Parameter number    3 :                                          Zero_pat1    0.39700001E-01( +/-     0.0000000     )
      ->  Parameter number    4 :                                         Bck_0_pat1     2666.4236    ( +/-     0.0000000     )
      ->  Parameter number    5 :                                         Bck_1_pat1     3422.0898    ( +/-     0.0000000     )
      ->  Parameter number    6 :                                         Bck_2_pat1     3705.8818    ( +/-     0.0000000     )
      ->  Parameter number    7 :                                         Bck_3_pat1     2583.3335    ( +/-     0.0000000     )
      ->  Parameter number    8 :                                         Bck_4_pat1     2146.8662    ( +/-     0.0000000     )
      ->  Parameter number    9 :                                         Bck_5_pat1     1878.3262    ( +/-     0.0000000     )
      ->  Parameter number   10 :                                         Bck_6_pat1     1570.0688    ( +/-     0.0000000     )
      ->  Parameter number   11 :                                         Bck_7_pat1     1340.8730    ( +/-     0.0000000     )
      ->  Parameter number   12 :                                         Bck_8_pat1     1302.4128    ( +/-     0.0000000     )
      ->  Parameter number   13 :                                         Bck_9_pat1     1261.4105    ( +/-     0.0000000     )
      ->  Parameter number   14 :                                        Bck_10_pat1     1104.2013    ( +/-     0.0000000     )
      ->  Parameter number   15 :                                        Bck_11_pat1     1165.6482    ( +/-     0.0000000     )
      ->  Parameter number   16 :                                        Bck_12_pat1     1182.7152    ( +/-     0.0000000     )
      ->  Parameter number   17 :                                        Bck_13_pat1     1026.1451    ( +/-     0.0000000     )
      ->  Parameter number   18 :                                        Bck_14_pat1     975.21552    ( +/-     0.0000000     )
      ->  Parameter number   19 :                                        Bck_15_pat1     989.01141    ( +/-     0.0000000     )
      ->  Parameter number   20 :                                        Bck_16_pat1     861.81488    ( +/-     0.0000000     )
      ->  Parameter number   21 :                                        Bck_17_pat1     883.65143    ( +/-     0.0000000     )
      ->  Parameter number   22 :                                        Bck_18_pat1     890.44269    ( +/-     0.0000000     )
      ->  Parameter number   23 :                                        Bck_19_pat1     841.14771    ( +/-     0.0000000     )
      ->  Parameter number   24 :                                        Bck_20_pat1     815.29852    ( +/-     0.0000000     )
      ->  Parameter number   25 :                                        Bck_21_pat1     901.48242    ( +/-     0.0000000     )
      ->  Parameter number   26 :                                        Bck_22_pat1     757.87671    ( +/-     0.0000000     )
      ->  Parameter number   27 :                                        Bck_23_pat1     736.40649    ( +/-     0.0000000     )
      ->  Parameter number   28 :                                        Bck_24_pat1     675.19019    ( +/-     0.0000000     )
      ->  Parameter number   29 :                                        Bck_25_pat1     589.72491    ( +/-     0.0000000     )
      ->  Parameter number   30 :                                        Bck_26_pat1     519.20972    ( +/-     0.0000000     )
      ->  Parameter number   31 :                                        Bck_27_pat1     482.28891    ( +/-     0.0000000     )
      ->  Parameter number   32 :                                        Bck_28_pat1     389.97739    ( +/-     0.0000000     )
      ->  Parameter number   33 :                                        Bck_29_pat1     319.54019    ( +/-     0.0000000     )
      ->  Parameter number   34 :                                    Cell_A_ph1_pat1     10.301070    ( +/-     0.0000000     )
      ->  Parameter number   35 :                                    Cell_A_ph2_pat1     3.7346699    ( +/-     0.0000000     )
      ->  Parameter number   36 :                                    Cell_B_ph1_pat1     6.0025001    ( +/-     0.0000000     )
      ->  Parameter number   37 :                                    Cell_C_ph1_pat1     4.8817301    ( +/-     0.0000000     )
      ->  Parameter number   38 :                                    U-Cagl_ph1_pat1    0.23770001E-01( +/-     0.0000000     )
      ->  Parameter number   39 :                                    U-Cagl_ph2_pat1    0.49037001    ( +/-     0.0000000     )
      ->  Parameter number   40 :                                     Y-cos_ph1_pat1    0.41239999E-01( +/-     0.0000000     )
      ->  Parameter number   41 :                                     Y-cos_ph2_pat1    0.15752000    ( +/-     0.0000000     )
      ->  Parameter number   42 :                                          X_Fe1_ph1    0.57399999E-02( +/-     0.0000000     )
      ->  Parameter number   43 :                                           Z_O3_ph1   -0.15200000E-01( +/-     0.0000000     )
      ->  Parameter number   44 :                                          Z_Fe1_ph1    0.30180000E-01( +/-     0.0000000     )
      ->  Parameter number   45 :                                           X_P1_ph1   -0.30950001E-01( +/-     0.0000000     )
      ->  Parameter number   46 :                                           Y_O3_ph1    0.39030001E-01( +/-     0.0000000     )
      ->  Parameter number   47 :                                           Z_P1_ph1   -0.55100000E-02( +/-     0.0000000     )
      ->  Parameter number   48 :                                           X_O1_ph1    0.47690000E-01( +/-     0.0000000     )
      ->  Parameter number   49 :                                           X_O3_ph1   -0.18409999E-01( +/-     0.0000000     )
      ->  Parameter number   50 :                                           Z_O1_ph1    0.75400001E-02( +/-     0.0000000     )
      ->  Parameter number   51 :                                           X_O2_ph1   -0.23979999E-01( +/-     0.0000000     )
      ->  Parameter number   52 :                                           Z_O2_ph1   -0.34099999E-02( +/-     0.0000000     )
      ->  Parameter number   53 :                                       Biso_Fe1_ph1    0.60626000    ( +/-     0.0000000     )
      ->  Parameter number   54 :                                       Biso_AL1_ph2     1.0103900    ( +/-     0.0000000     )
      ->  Parameter number   55 :                                        Biso_O3_ph1    0.94316000    ( +/-     0.0000000     )
      ->  Parameter number   56 :                                        Biso_P1_ph1    0.26300001    ( +/-     0.0000000     )
      ->  Parameter number   57 :                                        Biso_O2_ph1     1.0922900    ( +/-     0.0000000     )
      ->  Parameter number   58 :                                        Biso_O1_ph1    0.13592000    ( +/-     0.0000000     )

 ------------------------------------------------------------------
 => Number of bytes for floating point variables: 4
 => Dimensions of dynamic allocated arrays in this run of FullProf:
 ------------------------------------------------------------------

 => Total approximate array memory (dynamic + static): 115719821 bytes

    MaxPOINT=    70000 Max.num. of points(+int. Inten.)/diffraction pattern       
    MaxREFLT=    20000 Max.num. of reflections/diffraction pattern               
    MaxPARAM=      800 Max.num. of refinable parameters                          
    MaxOVERL=     2024 Max.num. of overlapping reflections                       

 ----------------------------------------------------------
 => Number of bytes for floating point arrays: 4
 => Dimensions of fixed arrays in this release of FullProf:
 ----------------------------------------------------------

    NPATT   =       80 Max.num. of powder diffraction patterns                    
    NATS    =      830 Max.num. of atoms (all kind) in asymmetric unit            
    MPAR    =     1800 Max.num. of non atomic parameters/phase                    
    IEXCL   =       30 Max.num. of excluded regions                               
    IBACP   =      377 Max.num. of background points for interpolation            
    NPHT    =       16 Max.num. of phases                                         
    NMAGM   =        8 Max.num. of rotation-matrices sets for magnetic structure  
    NBASIS  =       12 Max.num. of basis functions associated to a single atom    
    NIREPS  =        9 Max.num. of irreducible representations to be combined     
    N_EQ    =      384 Max.num. of user-supplied symmetry operators/propagation vectors
    NGL     =      400 Max.num. of global parameters/diffraction pattern          
    N_LINC  =       50 Max.num. of global linear restraints                        
    NAT_P   =       80 Max.num. of atomic parameters per atom                     
    NCONST  =      500 Max.num. of slack constraints per phase                    
    N_SPE   =       30 Max.num. of different chemical species                     
    N_FORM  =       60 Max.num. of scattering factor values in a table            
    NPR     =      150 Max.num. of points defining a numerical profile            
    INPR    =       25 Max.num. of different numerical peak shapes                
    NPRC    =      150 Max.num. of terms in the table for correcting intensities  
    NSOL    =       10 Max.num. of solutions to be stored in Montecarlo searchs   

 
              CPU Time:     0.094 seconds
                            0.002 minutes

 => Run finished at:     Date: 19/01/2023  Time: 12:53:48.457                              
