

        **********************************************************
        ** PROGRAM FullProf.2k (Version 7.40 - Jan2021-ILL JRC) **
        **********************************************************
                       M U L T I -- P A T T E R N                 
            Rietveld, Profile Matching & Integrated Intensity     
                 Refinement of X-ray and/or Neutron Data


    Date: 19/01/2023  Time: 12:53:48.514                              

 => PCR file code: /home/gallo/work/models_cic/ref-fp/files/simulations/9_FP_INPUT
 => DAT file code: EXP_PATTERN          -> Relative contribution: 1.0000                                                            

 ==> CONDITIONS OF THIS RUN FOR PATTERN No.:  1

 => Pattern calculation, X-ray
    Bragg-Brentano(X-rays) or Debye-Scherrer geometry(Neutrons)
 => Title:    Phases    extracted    from    file:    14LFPka_f00003.xye.buf

 => Number of phases:    2
 => Number of excluded regions:    1
 => Number of scattering factors supplied:    0
 => March-Dollase model for preferred orientation
 => Conventional weights: w=1.0/Variance(yobs)
 => Asymmetry correction as in J.Appl.Cryst. 26,128(1993)
 => Background linearly interpolated between the   30 points given
 => The    7th default profile function was selected
 => T-C-H Pseudo-Voigt function 
    This function is convoluted with asymmetry due to axial 
    divergence as formulated by: 
    van Laar and Yelon, J. Appl. Cryst. 17, 47(1984).
    and using the method of:
    Finger, Cox and Jephcoat, J. Appl. Cryst. 27, 892 (1994).
    Fortran 90 module adapted from function PROFVAL (in F77) : 
    L.W. Finger, J. Appl. Cryst. 31, 111 (1998).


 ==> INPUT/OUTPUT OPTIONS:

 => Output Obs and Calc intensities on last cycle
 => Generate bacground file *.bac
 => Generate file *.PRF for plot
 => Output Integrated Intensities
 => Generate new input file *.PCR

 => X-Y type of data: 2theta/TOF/E(Kev) Intens sigma for pattern:  1
 => Plot pattern at each cycle
 => Wavelengths:  1.12698 1.12698
 => Alpha2/Alpha1 ratio:   0.0000
 => Cos(Monochromator angle)=   0.7999
 => Asymmetry correction for angles lower than  180.000 degrees
 => Absorption correction (AC), muR-eff =   0.0000  0.0000
 => Base of peaks: 2.0*HW*   15.00

 => Number of cycles:    1
 => Relaxation factors ==>    for coordinates:  1.00
 => for anisotropic temperature factors:  1.00
 => for halfwidth/strain/size parameters:  1.00
 => for lattice constants and propagation vectors:  1.00
 => EPS-value for convergence:    0.1
 => Background ==> 
    Position   Intensity
       12.72     2666.42       41.00
       14.32     3422.09       51.00
       15.91     3705.88       61.00
       17.51     2583.33       71.00
       19.11     2146.87       81.00
       20.70     1878.33       91.00
       22.30     1570.07      101.00
       23.89     1340.87      111.00
       25.49     1302.41      121.00
       27.09     1261.41      131.00
       28.68     1104.20      141.00
       30.28     1165.65      151.00
       31.87     1182.72      161.00
       33.47     1026.15      171.00
       35.07      975.22      181.00
       36.66      989.01      191.00
       38.26      861.81      201.00
       39.85      883.65      211.00
       41.45      890.44      221.00
       43.05      841.15      231.00

       44.64      815.30      241.00
       46.24      901.48      251.00
       47.83      757.88      261.00
       49.43      736.41      271.00
       51.03      675.19      281.00
       52.62      589.72      291.00
       54.22      519.21      301.00
       55.81      482.29      311.00
       57.41      389.98      321.00
       59.01      319.54      331.00

 

 => Excluded regions for Pattern#  1
    From     to
      0.0000     11.5000

 => Instrumental Resolution read from file: /home/gallo/work/models_cic/ref-fp/files/IRF_NOTOS_July2022_MR.irf
 => Title of data: !Instrument Resolution Function of the diffractometer ALBA NOTOS July2022 Si_11keV_f00009.dat MR20220827

 => The resolution function is IRESOL:   1 for profile function #   7
    Input resolution parameters:

     U-inst     V-inst     W-inst     X-inst     Y-inst     Z-inst
    0.00500   -0.00011    0.00077    0.02372    0.00000    0.00000
    0.00500   -0.00011    0.00077    0.02372    0.00000    0.00000

 => Number of Least-Squares parameters varied:    58

 =>--------------------------->
 =>------->  PATTERN number:  1
 =>--------------------------->
 => Global parameters and codes ==>
 => Zero-point:     0.0097   31.0000
 => Displacement peak-shift parameter and code:     0.01    0.00
 => Transparency peak-shift parameter and code:    -0.03    0.00
 --------------------------------------------------------------------------------
 => Phase  No. 1
      cod-1101111.cif                                                       
 --------------------------------------------------------------------------------
 =>-------> Pattern#  1
 => Crystal Structure Refinement
 => Preferred orientation vector:   0.0000  0.0000  1.0000

 =>-------> Data for PHASE: 1
 => Number of atoms:    6
 => Number of distance  constraints:    0
 => Number of angle     constraints:    0

 => Symmetry information on space group: P n m a             
 -> The multiplicity of the general position is:   8
 -> The space group is Centric (-1 at origin)   
 -> Lattice type  P: { 000 }                                       
 -> Reduced set of symmetry operators:

  No.  IT   Symmetry symbol    Rotation part     Associated Translation
   1: ( 1)   1            -->     ( x, y, z) + {  0.0000  0.0000  0.0000}
   2: ( 4)   2 ( x, 0, 0) -->     ( x,-y,-z) + {  0.5000  0.5000  0.5000}
   3: ( 3)   2 ( 0, y, 0) -->     (-x, y,-z) + {  0.0000  0.5000  0.0000}
   4: ( 2)   2 ( 0, 0, z) -->     (-x,-y, z) + {  0.5000  0.0000  0.5000}


        Information on Space Group: 
        --------------------------- 

 =>   Number of Space group:  62
 =>  Hermann-Mauguin Symbol: P n m a
 =>             Hall Symbol: -P 2ac 2n
 =>            Setting Type: IT (Generated from Hermann-Mauguin symbol)
 =>          Crystal System: Orthorhombic
 =>              Laue Class: mmm
 =>             Point Group: mmm
 =>         Bravais Lattice: P
 =>          Lattice Symbol: oP
 =>  Reduced Number of S.O.:   4
 =>    General multiplicity:   8
 =>          Centrosymmetry: Centric (-1 at origin)
 =>  Generators (exc. -1&L):   2
 =>         Asymmetric unit:  0.000 <= x <=  0.500
                              0.000 <= y <=  0.250
                              0.000 <= z <=  1.000

 => List of S.O. without inversion and lattice centring translations
 => SYMM(  1): x,y,z                               => SYMM(  2): x+1/2,-y+1/2,-z+1/2
 => SYMM(  3): -x,y+1/2,-z                         => SYMM(  4): -x+1/2,-y,z+1/2


 => Initial parameters ==>
 Atom    Ntyp                  X         Y         Z         B         occ.         in  fin  Spc  Mult
                             B11       B22       B33       B12       B13       B23
 Fe1    Fe                -0.00555   0.25000  -0.01353   1.28666   0.50000           0    0    0    4
                 Codes:  421.00000   0.00000 441.00000 531.00000   0.00000
 Li1    Li                 0.00000   0.00000   0.00000   1.00000   0.50000           0    0    0    4
                 Codes:    0.00000   0.00000   0.00000   0.00000   0.00000
 P1     P                 -0.02925   0.25000  -0.03568   0.45587   0.50000           0    0    0    4
                 Codes:  451.00000   0.00000 471.00000 561.00000   0.00000
 O1     O                  0.00702   0.25000  -0.02299   0.07704   0.50000           0    0    0    4
                 Codes:  481.00000   0.00000 501.00000 581.00000   0.00000
 O2     O                 -0.04954   0.25000   0.01245   0.86567   0.50000           0    0    0    4
                 Codes:  511.00000   0.00000 521.00000 571.00000   0.00000
 O3     O                 -0.04445   0.01491   0.03260   0.13815   1.00000           0    0    0    8
                 Codes:  491.00000 461.00000 431.00000 551.00000   0.00000

 => IT IS ASSUMED THAT THE FIRST GIVEN SITE IS FULLY OCCUPIED 
    OR THE FIRST AND SECOND ATOMS ARE IN THE SAME SITE WITH TOTAL FULL OCCUPATION
  (If this is not the case, change the order of atoms to obtain correct values for the content of the unit cell)
    The given occupation factors have been obtained mutiplying m/M by   1.0000
      -> Atom: Fe  ,  Chemical element: FE  Atomic Mass:    55.8470
      -> Atom: Li  ,  Chemical element: LI  Atomic Mass:     6.9410
      -> Atom: P   ,  Chemical element: P   Atomic Mass:    30.9738
      -> Atom: O   ,  Chemical element: O   Atomic Mass:    15.9994
      -> Atom: O   ,  Chemical element: O   Atomic Mass:    15.9994
      -> Atom: O   ,  Chemical element: O   Atomic Mass:    15.9994
 => The given value of ATZ is        631.04 the program has calculated:         631.04
    The value of ATZ given in the input PCR file will be used for quantitative analysis
 => The chemical content of the unit cell is: 
       4.0000 Fe   +   4.0000 Li   +   4.0000 P    +   4.0000 O    +   4.0000 O    +   8.0000 O      
 => The normalized site occupation numbers in % are: 
     100.0000 Fe1    :      100.0000 Li1    :      100.0000 P1     :      100.0000 O1     :      100.0000 O2     :      100.0000 O3       
 => The density (volumic mass) of the compound is:    3.613 g/cm3

 =>-------> PROFILE PARAMETERS FOR PATTERN:  1

 => Overall scale factor:   0.998619E-07
 => ETA (p-Voigt) OR M (Pearson VII):   0.0000
 => Overall temperature factor:      0.00000
 => Halfwidth U,V,W:      0.04328     0.00000     0.00000
 => X and Y parameters:       0.0000      0.3094
 => Direct cell parameters:    9.5788   6.0071   5.0403  90.0000  90.0000  90.0000
 => Preferred orientation parameters:   1.0000  0.0000
 => Asymmetry parameters     :      0.00000     0.00000     0.00000     0.00000
 => Strain parameters        :      0.00000     0.00000     0.00000
 => Size   parameters        :      0.00000     0.00000
 => Further shape parameters (S_L and D_L):   0.00000   0.00000
    S_L is source width/detector distance
    D_L is detector width/detector distance

 ==> CODEWORDS FOR PROFILE PARAMETERS of PATTERN#  1

 => Overall scale factor:   11.000
 => ETA (p-Voigt) OR M (Pearson VII):    0.000
 => Overall temperature factor:    0.000
 => Halfwidth U,V,W:  381.000   0.000   0.000
 => X and Y parameters:    0.000 401.000
 => Direct cell parameters:  341.000 361.000 371.000   0.000   0.000   0.000
 => Preferred orientation parameters:    0.000   0.000
 => Asymmetry parameters     :    0.000   0.000   0.000   0.000
 => Strain parameters        :    0.000   0.000   0.000
 => Size   parameters        :    0.000   0.000

 => Cell constraints according to Laue symmetry: mmm  

        Metric information:
        -------------------

 => Direct cell parameters:

         a =       9.5788      b =       6.0071      c =       5.0403
     alpha =       90.000   beta =       90.000  gamma =       90.000
                        Direct Cell Volume =     290.0196

 => Reciprocal cell parameters:

         a*=     0.104398      b*=     0.166470      c*=     0.198402
     alpha*=       90.000   beta*=       90.000  gamma*=       90.000
                    Reciprocal Cell Volume =   0.00344804

 => Direct and Reciprocal Metric Tensors:

                   GD                                       GR
     91.7526      0.0000      0.0000          0.010899    0.000000    0.000000
      0.0000     36.0850      0.0000          0.000000    0.027712    0.000000
      0.0000      0.0000     25.4044          0.000000    0.000000    0.039363

 =>  Cartesian frame: z // c; y is in the bc-plane; x is y ^ z = a*  

     Crystal_to_Orthonormal_Matrix              Orthonormal_to_Crystal Matrix
              Cr_Orth_cel                               Orth_Cr_cel  
      9.5788      0.0000      0.0000          0.104398   -0.000000   -0.000000
      0.0000      6.0071      0.0000          0.000000    0.166470   -0.000000
      0.0000      0.0000      5.0403          0.000000    0.000000    0.198402

     Busing-Levy B-matrix: Hc=B.H            Inverse of the Busing-Levy B-matrix
                BL_M                                      BL_Minv  
    0.104398    0.000000    0.000000            9.5788     -0.0000     -0.0000
    0.000000    0.166470   -0.000000            0.0000      6.0071      0.0000
    0.000000    0.000000    0.198402            0.0000      0.0000      5.0403

 => Laue symmetry mmm   will be used to generate HKL for pattern#   1
 => Reflections generated between S(1/d)min:  0.1720 A-1 and S(1/d)max:  1.0662 A-1
 =>                                    dmax:  5.8125 A   and      dmin:  0.9380 A
 => The number of reflections generated is:    206
 => The max. scatt. variable (gen.ref.) is:        73.8494
 => Scattering coefficients from internal table


 => X-ray scattering coeff. (A1, B1, A2,...C, f(0), Z, Dfp,Dfpp)

 FE     11.7695   4.7611   7.3573   0.3072   3.5222  15.3535   2.3045  76.8805   1.0369  25.9904  26.0000   0.3010   0.8450
 LI      1.1282   3.9546   0.7508   1.0524   0.6175  85.3905   0.4653 168.2610   0.0377   2.9995   3.0000   0.0000   0.0000
 P       6.4345   1.9067   4.1791  27.1570   1.7800   0.5260   1.4908  68.1645   1.1149  14.9993  15.0000   0.0900   0.0950
 O       3.0485  13.2771   2.2868   5.7011   1.5463   0.3239   0.8670  32.9089   0.2508   7.9994   8.0000   0.0080   0.0060
 --------------------------------------------------------------------------------
 => Phase  No. 2
      cod-4313206.cif                                                       
 --------------------------------------------------------------------------------
 =>-------> Pattern#  1
 => Crystal Structure Refinement
 => Preferred orientation vector:   0.0000  0.0000  1.0000

 =>-------> Data for PHASE: 2
 => Number of atoms:    1
 => Number of distance  constraints:    0
 => Number of angle     constraints:    0

 => Symmetry information on space group: F m -3 m            
 -> The multiplicity of the general position is: 192
 -> The space group is Centric (-1 at origin)   
 -> Lattice type  F: { 000;  0  1/2 1/2; 1/2  0  1/2; 1/2 1/2  0 }+
 -> Reduced set of symmetry operators:

  No.  IT   Symmetry symbol    Rotation part     Associated Translation
   1: ( 1)   1            -->     ( x, y, z) + {  0.0000  0.0000  0.0000}
   2: ( 4)   2 ( x, 0, 0) -->     ( x,-y,-z) + {  0.0000  0.0000  0.0000}
   3: ( 3)   2 ( 0, y, 0) -->     (-x, y,-z) + {  0.0000  0.0000  0.0000}
   4: ( 2)   2 ( 0, 0, z) -->     (-x,-y, z) + {  0.0000  0.0000  0.0000}
   5: ( 9)  3- ( x, x, x) -->     ( y, z, x) + {  0.0000  0.0000  0.0000}
   6: (12)  3- (-x, x,-x) -->     (-y,-z, x) + {  0.0000  0.0000  0.0000}
   7: (11)  3- (-x,-x, x) -->     ( y,-z,-x) + {  0.0000  0.0000  0.0000}
   8: (10)  3- ( x,-x,-x) -->     (-y, z,-x) + {  0.0000  0.0000  0.0000}
   9: ( 5)  3+ ( x, x, x) -->     ( z, x, y) + {  0.0000  0.0000  0.0000}
  10: ( 8)  3+ (-x,-x, x) -->     (-z, x,-y) + {  0.0000  0.0000  0.0000}
  11: ( 7)  3+ ( x,-x,-x) -->     (-z,-x, y) + {  0.0000  0.0000  0.0000}
  12: ( 6)  3+ (-x, x,-x) -->     ( z,-x,-y) + {  0.0000  0.0000  0.0000}
  13: (14)   2 ( x,-x, 0) -->     (-y,-x,-z) + {  0.0000  0.0000  0.0000}
  14: (15)  4- ( 0, 0, z) -->     ( y,-x, z) + {  0.0000  0.0000  0.0000}
  15: (16)  4+ ( 0, 0, z) -->     (-y, x, z) + {  0.0000  0.0000  0.0000}
  16: (13)   2 ( x, x, 0) -->     ( y, x,-z) + {  0.0000  0.0000  0.0000}
  17: (24)   2 (-x, 0, x) -->     (-z,-y,-x) + {  0.0000  0.0000  0.0000}
  18: (21)  4+ ( 0, y, 0) -->     ( z, y,-x) + {  0.0000  0.0000  0.0000}
  19: (22)   2 ( x, 0, x) -->     ( z,-y, x) + {  0.0000  0.0000  0.0000}
  20: (23)  4- ( 0, y, 0) -->     (-z, y, x) + {  0.0000  0.0000  0.0000}
  21: (19)   2 ( 0, y,-y) -->     (-x,-z,-y) + {  0.0000  0.0000  0.0000}
  22: (18)   2 ( 0, y, y) -->     (-x, z, y) + {  0.0000  0.0000  0.0000}
  23: (17)  4- ( x, 0, 0) -->     ( x, z,-y) + {  0.0000  0.0000  0.0000}
  24: (20)  4+ ( x, 0, 0) -->     ( x,-z, y) + {  0.0000  0.0000  0.0000}


        Information on Space Group: 
        --------------------------- 

 =>   Number of Space group: 225
 =>  Hermann-Mauguin Symbol: F m -3 m
 =>             Hall Symbol: -F 4 2 3
 =>            Setting Type: IT (Generated from Hermann-Mauguin symbol)
 =>          Crystal System: Cubic
 =>              Laue Class: m-3m
 =>             Point Group: m-3m
 =>         Bravais Lattice: F
 =>          Lattice Symbol: cF
 =>  Reduced Number of S.O.:  24
 =>    General multiplicity: 192
 =>          Centrosymmetry: Centric (-1 at origin)
 =>  Generators (exc. -1&L):   3
 =>         Asymmetric unit:  0.000 <= x <=  0.500
                              0.000 <= y <=  0.250
                              0.000 <= z <=  0.250

 => List of S.O. without inversion and lattice centring translations
 => SYMM(  1): x,y,z                               => SYMM(  2): x,-y,-z
 => SYMM(  3): -x,y,-z                             => SYMM(  4): -x,-y,z
 => SYMM(  5): y,z,x                               => SYMM(  6): -y,-z,x
 => SYMM(  7): y,-z,-x                             => SYMM(  8): -y,z,-x
 => SYMM(  9): z,x,y                               => SYMM( 10): -z,x,-y
 => SYMM( 11): -z,-x,y                             => SYMM( 12): z,-x,-y
 => SYMM( 13): y,x,z                               => SYMM( 14): -y,x,-z
 => SYMM( 15): y,-x,-z                             => SYMM( 16): -y,-x,z
 => SYMM( 17): z,y,x                               => SYMM( 18): -z,-y,x
 => SYMM( 19): -z,y,-x                             => SYMM( 20): z,-y,-x
 => SYMM( 21): x,z,y                               => SYMM( 22): x,-z,-y
 => SYMM( 23): -x,-z,y                             => SYMM( 24): -x,z,-y


 => Initial parameters ==>
 Atom    Ntyp                  X         Y         Z         B         occ.         in  fin  Spc  Mult
                             B11       B22       B33       B12       B13       B23
 AL1    Al                 0.00000   0.00000   0.00000   0.12861   0.02083           0    0    0    4
                 Codes:    0.00000   0.00000   0.00000 541.00000   0.00000

 => IT IS ASSUMED THAT THE FIRST GIVEN SITE IS FULLY OCCUPIED 
    OR THE FIRST AND SECOND ATOMS ARE IN THE SAME SITE WITH TOTAL FULL OCCUPATION
  (If this is not the case, change the order of atoms to obtain correct values for the content of the unit cell)
    The phase contains sites partially occupied
      -> Atom: Al  ,  Chemical element: AL  Atomic Mass:    26.9815
 => The given value of ATZ is        107.89 the program has calculated:         107.89
    The value of ATZ given in the input PCR file will be used for quantitative analysis
 => The chemical content of the unit cell is: 
       4.0000 Al     
 => The normalized site occupation numbers in % are: 
     100.0000 AL1      
 => The density (volumic mass) of the compound is:    3.365 g/cm3

 =>-------> PROFILE PARAMETERS FOR PATTERN:  1

 => Overall scale factor:   0.692881E-07
 => ETA (p-Voigt) OR M (Pearson VII):   0.0000
 => Overall temperature factor:      0.00000
 => Halfwidth U,V,W:      0.02996     0.00000     0.00000
 => X and Y parameters:       0.0000      0.2221
 => Direct cell parameters:    3.7626   3.7626   3.7626  90.0000  90.0000  90.0000
 => Preferred orientation parameters:   1.0000  0.0000
 => Asymmetry parameters     :      0.00000     0.00000     0.00000     0.00000
 => Strain parameters        :      0.00000     0.00000     0.00000
 => Size   parameters        :      0.00000     0.00000
 => Further shape parameters (S_L and D_L):   0.00000   0.00000
    S_L is source width/detector distance
    D_L is detector width/detector distance

 ==> CODEWORDS FOR PROFILE PARAMETERS of PATTERN#  1

 => Overall scale factor:   21.000
 => ETA (p-Voigt) OR M (Pearson VII):    0.000
 => Overall temperature factor:    0.000
 => Halfwidth U,V,W:  391.000   0.000   0.000
 => X and Y parameters:    0.000 410.010
 => Direct cell parameters:  351.000 351.000 351.000   0.000   0.000   0.000
 => Preferred orientation parameters:    0.000   0.000
 => Asymmetry parameters     :    0.000   0.000   0.000   0.000
 => Strain parameters        :    0.000   0.000   0.000
 => Size   parameters        :    0.000   0.000

 => Cell constraints according to Laue symmetry: m-3m 

        Metric information:
        -------------------

 => Direct cell parameters:

         a =       3.7626      b =       3.7626      c =       3.7626
     alpha =       90.000   beta =       90.000  gamma =       90.000
                        Direct Cell Volume =      53.2669

 => Reciprocal cell parameters:

         a*=     0.265775      b*=     0.265775      c*=     0.265775
     alpha*=       90.000   beta*=       90.000  gamma*=       90.000
                    Reciprocal Cell Volume =   0.01877339

 => Direct and Reciprocal Metric Tensors:

                   GD                                       GR
     14.1570      0.0000      0.0000          0.070636    0.000000    0.000000
      0.0000     14.1570      0.0000          0.000000    0.070636    0.000000
      0.0000      0.0000     14.1570          0.000000    0.000000    0.070636

 =>  Cartesian frame: z // c; y is in the bc-plane; x is y ^ z = a*  

     Crystal_to_Orthonormal_Matrix              Orthonormal_to_Crystal Matrix
              Cr_Orth_cel                               Orth_Cr_cel  
      3.7626      0.0000      0.0000          0.265775   -0.000000   -0.000000
      0.0000      3.7626      0.0000          0.000000    0.265775   -0.000000
      0.0000      0.0000      3.7626          0.000000    0.000000    0.265775

     Busing-Levy B-matrix: Hc=B.H            Inverse of the Busing-Levy B-matrix
                BL_M                                      BL_Minv  
    0.265775    0.000000    0.000000            3.7626     -0.0000     -0.0000
    0.000000    0.265775   -0.000000            0.0000      3.7626      0.0000
    0.000000    0.000000    0.265775            0.0000      0.0000      3.7626

 => Laue symmetry m-3m  will be used to generate HKL for pattern#   1
 => Reflections generated between S(1/d)min:  0.1720 A-1 and S(1/d)max:  1.0149 A-1
 =>                                    dmax:  5.8125 A   and      dmin:  0.9853 A
 => The number of reflections generated is:      5
 => The max. scatt. variable (gen.ref.) is:        69.7628
 => Scattering coefficients from internal table


 => X-ray scattering coeff. (A1, B1, A2,...C, f(0), Z, Dfp,Dfpp)

 AL      6.4202   3.0387   1.9002   0.7426   1.5936  31.5472   1.9646  85.0886   1.1151  12.9937  13.0000   0.0560   0.0520

     --------------------------------------------------------------
      SYMBOLIC NAMES AND INITIAL VALUES OF PARAMETERS TO BE VARIED:
     --------------------------------------------------------------

      ->  Parameter number    1   -> Symbolic Name:                                     Scale_ph1_pat1    0.99861865E-07
      ->  Parameter number    2   -> Symbolic Name:                                     Scale_ph2_pat1    0.69288134E-07
      ->  Parameter number    3   -> Symbolic Name:                                          Zero_pat1    0.96800001E-02
      ->  Parameter number    4   -> Symbolic Name:                                         Bck_0_pat1     2666.4236    
      ->  Parameter number    5   -> Symbolic Name:                                         Bck_1_pat1     3422.0898    
      ->  Parameter number    6   -> Symbolic Name:                                         Bck_2_pat1     3705.8818    
      ->  Parameter number    7   -> Symbolic Name:                                         Bck_3_pat1     2583.3335    
      ->  Parameter number    8   -> Symbolic Name:                                         Bck_4_pat1     2146.8662    
      ->  Parameter number    9   -> Symbolic Name:                                         Bck_5_pat1     1878.3262    
      ->  Parameter number   10   -> Symbolic Name:                                         Bck_6_pat1     1570.0688    
      ->  Parameter number   11   -> Symbolic Name:                                         Bck_7_pat1     1340.8730    
      ->  Parameter number   12   -> Symbolic Name:                                         Bck_8_pat1     1302.4128    
      ->  Parameter number   13   -> Symbolic Name:                                         Bck_9_pat1     1261.4105    
      ->  Parameter number   14   -> Symbolic Name:                                        Bck_10_pat1     1104.2013    
      ->  Parameter number   15   -> Symbolic Name:                                        Bck_11_pat1     1165.6482    
      ->  Parameter number   16   -> Symbolic Name:                                        Bck_12_pat1     1182.7152    
      ->  Parameter number   17   -> Symbolic Name:                                        Bck_13_pat1     1026.1451    
      ->  Parameter number   18   -> Symbolic Name:                                        Bck_14_pat1     975.21552    
      ->  Parameter number   19   -> Symbolic Name:                                        Bck_15_pat1     989.01141    
      ->  Parameter number   20   -> Symbolic Name:                                        Bck_16_pat1     861.81488    
      ->  Parameter number   21   -> Symbolic Name:                                        Bck_17_pat1     883.65143    
      ->  Parameter number   22   -> Symbolic Name:                                        Bck_18_pat1     890.44269    
      ->  Parameter number   23   -> Symbolic Name:                                        Bck_19_pat1     841.14771    
      ->  Parameter number   24   -> Symbolic Name:                                        Bck_20_pat1     815.29852    
      ->  Parameter number   25   -> Symbolic Name:                                        Bck_21_pat1     901.48242    
      ->  Parameter number   26   -> Symbolic Name:                                        Bck_22_pat1     757.87671    
      ->  Parameter number   27   -> Symbolic Name:                                        Bck_23_pat1     736.40649    
      ->  Parameter number   28   -> Symbolic Name:                                        Bck_24_pat1     675.19019    
      ->  Parameter number   29   -> Symbolic Name:                                        Bck_25_pat1     589.72491    
      ->  Parameter number   30   -> Symbolic Name:                                        Bck_26_pat1     519.20972    
      ->  Parameter number   31   -> Symbolic Name:                                        Bck_27_pat1     482.28891    
      ->  Parameter number   32   -> Symbolic Name:                                        Bck_28_pat1     389.97739    
      ->  Parameter number   33   -> Symbolic Name:                                        Bck_29_pat1     319.54019    
      ->  Parameter number   34   -> Symbolic Name:                                    Cell_A_ph1_pat1     9.5787601    
      ->  Parameter number   35   -> Symbolic Name:                                    Cell_A_ph2_pat1     3.7625799    
      ->  Parameter number   36   -> Symbolic Name:                                    Cell_B_ph1_pat1     6.0070801    
      ->  Parameter number   37   -> Symbolic Name:                                    Cell_C_ph1_pat1     5.0402799    
      ->  Parameter number   38   -> Symbolic Name:                                    U-Cagl_ph1_pat1    0.43280002E-01
      ->  Parameter number   39   -> Symbolic Name:                                    U-Cagl_ph2_pat1    0.29960001E-01
      ->  Parameter number   40   -> Symbolic Name:                                     Y-cos_ph1_pat1    0.30943000    
      ->  Parameter number   41   -> Symbolic Name:                                     Y-cos_ph2_pat1    0.22205999    
      ->  Parameter number   42   -> Symbolic Name:                                          X_Fe1_ph1   -0.55499999E-02
      ->  Parameter number   43   -> Symbolic Name:                                           Z_O3_ph1    0.32600001E-01
      ->  Parameter number   44   -> Symbolic Name:                                          Z_Fe1_ph1   -0.13530000E-01
      ->  Parameter number   45   -> Symbolic Name:                                           X_P1_ph1   -0.29250000E-01
      ->  Parameter number   46   -> Symbolic Name:                                           Y_O3_ph1    0.14910000E-01
      ->  Parameter number   47   -> Symbolic Name:                                           Z_P1_ph1   -0.35680000E-01
      ->  Parameter number   48   -> Symbolic Name:                                           X_O1_ph1    0.70199999E-02
      ->  Parameter number   49   -> Symbolic Name:                                           X_O3_ph1   -0.44450000E-01
      ->  Parameter number   50   -> Symbolic Name:                                           Z_O1_ph1   -0.22990000E-01
      ->  Parameter number   51   -> Symbolic Name:                                           X_O2_ph1   -0.49539998E-01
      ->  Parameter number   52   -> Symbolic Name:                                           Z_O2_ph1    0.12450000E-01
      ->  Parameter number   53   -> Symbolic Name:                                       Biso_Fe1_ph1     1.2866600    
      ->  Parameter number   54   -> Symbolic Name:                                       Biso_AL1_ph2    0.12861000    
      ->  Parameter number   55   -> Symbolic Name:                                        Biso_O3_ph1    0.13815001    
      ->  Parameter number   56   -> Symbolic Name:                                        Biso_P1_ph1    0.45587000    
      ->  Parameter number   57   -> Symbolic Name:                                        Biso_O2_ph1    0.86567003    
      ->  Parameter number   58   -> Symbolic Name:                                        Biso_O1_ph1    0.77040002E-01
  

 --------------------------------------------------------------------------------------------------------------
 Pattern#  1 Phase No.:   1 Phase name: cod-1101111.cif               
 --------------------------------------------------------------------------------------------------------------

   No.  Code     H   K   L  Mult     Hw         2theta      Icalc       Iobs      Sigma      HwG     HwL       ETA       d-hkl        CORR

      1   1      2   0   0     2  0.319227      13.513        0.8        0.8      0.000  0.037852  0.314404  0.988710  4.789380    127.759361
      2   1      1   0   1     4  0.320096      14.515        1.5        1.5      0.000  0.039206  0.314949  0.987983  4.460461    221.035461
      3   1      0   1   1     4  0.322241      16.783        0.0        0.0      0.000  0.042456  0.316277  0.986161  3.861160    164.519836
      4   1      2   1   0     4  0.322772      17.309        0.0        0.0      0.000  0.043241  0.316603  0.985706  3.744824    154.494385
      5   1      1   1   1     8  0.323605      18.106        0.0        0.0      0.000  0.044455  0.317112  0.984991  3.581161    281.821869
      6   1      2   0   1     4  0.324224      18.681        0.0        0.0      0.000  0.045345  0.317489  0.984458  3.471915    132.182709
      7   1      2   1   1     8  0.327624      21.609        0.0        0.0      0.000  0.050055  0.319541  0.981525  3.005959    196.007187
      8   1      0   2   0     2  0.327646      21.627        0.1        0.1      0.000  0.050084  0.319554  0.981506  3.003540     48.919525
      9   1      3   0   1     4  0.330868      24.117        0.3        0.3      0.000  0.054294  0.321478  0.978736  2.697260     78.083611
     10   1      2   2   0     4  0.332913      25.588        0.1        0.1      0.000  0.056858  0.322694  0.976989  2.544564     69.034790
     11   1      0   0   2     2  0.333274      25.841        0.1        0.1      0.000  0.057303  0.322908  0.976681  2.520140     33.818459
     12   1      1   2   1     8  0.333714      26.144        0.2        0.2      0.000  0.057840  0.323169  0.976308  2.491362    132.014771
     13   1      3   1   1     8  0.334200      26.477        0.0        0.0      0.000  0.058432  0.323457  0.975895  2.460597    128.572647
     14   1      1   0   2     4  0.334582      26.736        0.0        0.0      0.000  0.058894  0.323684  0.975572  2.437200     62.991959
     15   1      4   0   0     2  0.335305      27.220        0.1        0.1      0.000  0.059761  0.324112  0.974960  2.394690     30.336208
     16   1      2   2   1     8  0.337633      28.727        0.0        0.0      0.000  0.062496  0.325487  0.973005  2.271507    108.370766
     17   1      1   1   2     8  0.337903      28.897        0.0        0.0      0.000  0.062808  0.325647  0.972779  2.258400    107.031380
     18   1      2   0   2     4  0.338500      29.270        0.2        0.2      0.000  0.063494  0.325999  0.972282  2.230230     52.089771
     19   1      4   1   0     4  0.338625      29.348        0.0        0.0      0.000  0.063638  0.326073  0.972177  2.224452     51.799553
     20   1      4   0   1     4  0.340020      30.201        0.0        0.0      0.000  0.065220  0.326897  0.971020  2.162977     48.759567
     21   1      2   1   2     8  0.341819      31.270        0.0        0.0      0.000  0.067222  0.327957  0.969539  2.090785     90.602211
     22   1      4   1   1     8  0.343341      32.149        0.0        0.0      0.000  0.068886  0.328855  0.968296  2.035072     85.429398
     23   1      3   2   1     8  0.344163      32.614        0.1        0.1      0.000  0.069772  0.329339  0.967630  2.006825     82.861870
     24   1      3   0   2     4  0.345032      33.100        0.0        0.0      0.000  0.070702  0.329851  0.966927  1.978191     40.148506
     25   1      0   2   2     4  0.346566      33.941        0.0        0.0      0.000  0.072322  0.330755  0.965696  1.930580     38.058506
     26   1      1   2   2     8  0.347878      34.644        0.0        0.0      0.000  0.073690  0.331528  0.964650  1.892524     72.852097
     27   1      3   1   2     8  0.348366      34.903        0.0        0.0      0.000  0.074195  0.331816  0.964263  1.878932     71.702522
     28   1      4   2   0     4  0.348605      35.029        0.0        0.0      0.000  0.074440  0.331956  0.964075  1.872412     35.577053
     29   1      0   3   1     4  0.349032      35.253        0.0        0.0      0.000  0.074879  0.332208  0.963737  1.860890     35.094936
     30   1      2   3   0     4  0.349543      35.518        0.0        0.0      0.000  0.075401  0.332509  0.963335  1.847402     34.534504
     31   1      1   3   1     8  0.350348      35.934        0.0        0.0      0.000  0.076219  0.332984  0.962703  1.826737     67.368446
     32   1      5   0   1     4  0.351819      36.681        0.0        0.0      0.000  0.077700  0.333852  0.961556  1.790761     32.227936
     33   1      2   2   2     8  0.351827      36.685        0.1        0.1      0.000  0.077708  0.333856  0.961550  1.790581     64.441399
     34   1      4   2   1     8  0.353366      37.451        0.0        0.0      0.000  0.079237  0.334764  0.960360  1.755211     61.637981
     35   1      4   0   2     4  0.354246      37.883        0.0        0.0      0.000  0.080102  0.335284  0.959685  1.735957     30.068405
     36   1      2   3   1     8  0.354311      37.914        0.0        0.0      0.000  0.080166  0.335322  0.959635  1.734560     60.028534
     37   1      5   1   1     8  0.355184      38.337        0.0        0.0      0.000  0.081018  0.335838  0.958969  1.716129     58.609325
     38   1      4   1   2     8  0.357625      39.496        0.0        0.0      0.000  0.083371  0.337279  0.957124  1.667716     54.958687
     39   1      1   0   3     4  0.358312      39.816        0.1        0.1      0.000  0.084026  0.337686  0.956609  1.654831     27.003027
     40   1      3   2   2     8  0.358462      39.886        0.0        0.0      0.000  0.084168  0.337775  0.956497  1.652064     53.802517
     41   1      0   1   3     4  0.360375      40.762        0.0        0.0      0.000  0.085971  0.338906  0.955077  1.618001     25.663553
     42   1      3   3   1     8  0.360975      41.034        0.0        0.0      0.000  0.086533  0.339262  0.954634  1.607758     50.593689
     43   1      6   0   0     2  0.361652      41.337        0.0        0.0      0.000  0.087162  0.339663  0.954138  1.596460     12.447653
     44   1      1   1   3     8  0.361716      41.366        0.0        0.0      0.000  0.087222  0.339701  0.954091  1.595401     49.715664
     45   1      2   0   3     4  0.362331      41.640        0.0        0.0      0.000  0.087791  0.340065  0.953641  1.585377     24.504414
     46   1      1   3   2     8  0.364793      42.718        0.0        0.0      0.000  0.090048  0.341525  0.951859  1.547160     46.359161
     47   1      6   1   0     4  0.365079      42.842        0.0        0.0      0.000  0.090308  0.341695  0.951653  1.542902     23.034204
     48   1      5   2   1     8  0.365404      42.981        0.0        0.0      0.000  0.090602  0.341887  0.951421  1.538126     45.743309
     49   1      4   3   0     4  0.365542      43.040        0.0        0.0      0.000  0.090727  0.341969  0.951322  1.536113     22.803299
     50   1      2   1   3     8  0.365763      43.135        0.0        0.0      0.000  0.090928  0.342101  0.951164  1.532890     45.388157
     51   1      5   0   2     4  0.366304      43.366        0.0        0.0      0.000  0.091416  0.342422  0.950778  1.525120     22.431812
     52   1      6   0   1     4  0.366528      43.461        0.0        0.0      0.000  0.091617  0.342555  0.950619  1.521940     22.324944
     53   1      4   2   2     8  0.367895      44.038        0.0        0.0      0.000  0.092842  0.343367  0.949651  1.502979     43.385429
     54   1      0   4   0     2  0.367984      44.075        0.0        0.0      0.000  0.092922  0.343420  0.949588  1.501770     10.826344
     55   1      2   3   2     8  0.368867      44.444        0.0        0.0      0.000  0.093707  0.343946  0.948967  1.489952     42.526962
     56   1      3   0   3     4  0.369105      44.542        0.0        0.0      0.000  0.093918  0.344087  0.948801  1.486820     21.160940
     57   1      5   1   2     8  0.369766      44.815        0.0        0.0      0.000  0.094503  0.344481  0.948339  1.478221     41.761242
     58   1      6   1   1     8  0.369992      44.908        0.0        0.0      0.000  0.094702  0.344615  0.948182  1.475326     41.573303
     59   1      4   3   1     8  0.370459      45.100        0.0        0.0      0.000  0.095113  0.344893  0.947857  1.469387     41.189095
     60   1      1   2   3     8  0.372078      45.757        0.0        0.0      0.000  0.096530  0.345858  0.946739  1.449401     39.909134

   No.  Code     H   K   L  Mult     Hw         2theta      Icalc       Iobs      Sigma      HwG     HwL       ETA       d-hkl        CORR

     61   1      3   1   3     8  0.372590      45.962        0.0        0.0      0.000  0.096976  0.346163  0.946388  1.443269     39.520405
     62   1      2   4   0     4  0.373465      46.311        0.0        0.0      0.000  0.097734  0.346685  0.945790  1.432975     19.436115
     63   1      1   4   1     8  0.374309      46.646        0.1        0.1      0.000  0.098463  0.347189  0.945217  1.423267     38.265770
     64   1      6   2   0     4  0.375522      47.122        0.0        0.0      0.000  0.099504  0.347914  0.944398  1.409698     18.713093
     65   1      3   3   2     8  0.375744      47.208        0.0        0.0      0.000  0.099694  0.348047  0.944249  1.407260     37.276333
     66   1      2   2   3     8  0.376223      47.395        0.0        0.0      0.000  0.100102  0.348333  0.943928  1.402049     36.957085
     67   1      2   4   1     8  0.378477      48.261        0.0        0.0      0.000  0.102013  0.349682  0.942429  1.378352     35.522720
     68   1      4   0   3     4  0.378771      48.373        0.0        0.0      0.000  0.102261  0.349858  0.942235  1.375357     17.671747
     69   1      5   2   2     8  0.380329      48.960        0.0        0.0      0.000  0.103568  0.350792  0.941213  1.359854     34.423161
     70   1      6   2   1     8  0.380560      49.047        0.0        0.0      0.000  0.103761  0.350931  0.941062  1.357599     34.290352
     71   1      6   0   2     4  0.381494      49.395        0.0        0.0      0.000  0.104539  0.351491  0.940455  1.348630     16.882357
     72   1      4   1   3     8  0.382341      49.708        0.0        0.0      0.000  0.105242  0.352000  0.939908  1.340667     33.301510
     73   1      5   3   1     8  0.382974      49.940        0.0        0.0      0.000  0.105765  0.352380  0.939501  1.334822     32.963680
     74   1      3   2   3     8  0.383229      50.034        0.0        0.0      0.000  0.105975  0.352533  0.939337  1.332495     32.829655
     75   1      7   0   1     4  0.384554      50.516        0.0        0.0      0.000  0.107065  0.353330  0.938491  1.320591     16.074301
     76   1      6   1   2     8  0.385091      50.710        0.0        0.0      0.000  0.107504  0.353653  0.938151  1.315876     31.880911
     77   1      3   4   1     8  0.385525      50.866        0.0        0.0      0.000  0.107859  0.353914  0.937876  1.312103     31.667580
     78   1      4   3   2     8  0.385576      50.885        0.0        0.0      0.000  0.107901  0.353945  0.937844  1.311656     31.642391
     79   1      0   4   2     4  0.388145      51.798        0.0        0.0      0.000  0.109986  0.355493  0.936234  1.290081     15.218748
     80   1      7   1   1     8  0.388181      51.811        0.0        0.0      0.000  0.110015  0.355515  0.936212  1.289791     30.421505
     81   1      0   3   3     4  0.388517      51.929        0.0        0.0      0.000  0.110286  0.355718  0.936003  1.287053     15.135219
     82   1      1   4   2     8  0.389581      52.301        0.0        0.0      0.000  0.111142  0.356360  0.935346  1.278537     29.803139
     83   1      1   3   3     8  0.389955      52.431        0.0        0.0      0.000  0.111442  0.356586  0.935116  1.275590     29.642351
     84   1      4   4   0     4  0.390378      52.578        0.0        0.0      0.000  0.111781  0.356841  0.934856  1.272282     14.731213
     85   1      5   0   3     4  0.391566      52.987        0.0        0.0      0.000  0.112729  0.357560  0.934131  1.263153     14.484506
     86   1      0   0   4     2  0.391974      53.127        0.0        0.0      0.000  0.113054  0.357806  0.933883  1.260070      7.200850
     87   1      4   2   3     8  0.393264      53.566        0.0        0.0      0.000  0.114077  0.358587  0.933103  1.250488     28.292053
     88   1      1   0   4     4  0.393426      53.621        0.0        0.0      0.000  0.114205  0.358685  0.933006  1.249307     14.114672
     89   1      6   3   0     4  0.393567      53.669        0.0        0.0      0.000  0.114316  0.358771  0.932921  1.248275     14.087325
     90   1      2   4   2     8  0.393925      53.790        0.0        0.0      0.000  0.114599  0.358987  0.932706  1.245681     28.037420
     91   1      2   3   3     8  0.394303      53.917        0.0        0.0      0.000  0.114897  0.359217  0.932479  1.242955     27.893587
     92   1      5   1   3     8  0.395265      54.240        0.0        0.0      0.000  0.115654  0.359800  0.931906  1.236120     27.534807
     93   1      4   4   1     8  0.395626      54.360        0.0        0.0      0.000  0.115937  0.360019  0.931692  1.233588     27.402557
     94   1      6   2   2     8  0.396099      54.518        0.0        0.0      0.000  0.116308  0.360306  0.931411  1.230299     27.231255
     95   1      1   1   4     8  0.397144      54.864        0.0        0.0      0.000  0.117125  0.360941  0.930795  1.223135     26.860352
     96   1      2   0   4     4  0.397818      55.085        0.0        0.0      0.000  0.117649  0.361350  0.930400  1.218600     13.313525
     97   1      5   3   2     8  0.398620      55.348        0.0        0.0      0.000  0.118272  0.361837  0.929932  1.213271     26.354393
     98   1      6   3   1     8  0.398864      55.427        0.0        0.0      0.000  0.118461  0.361986  0.929790  1.211669     26.272722
     99   1      7   2   1     8  0.399288      55.565        0.0        0.0      0.000  0.118790  0.362243  0.929544  1.208900     26.131947
    100   1      7   0   2     4  0.400272      55.884        0.0        0.0      0.000  0.119550  0.362843  0.928975  1.202554     12.905483
    101   1      8   0   0     2  0.401094      56.149        0.0        0.0      0.000  0.120184  0.363343  0.928503  1.197345      6.387296
    102   1      3   4   2     8  0.401287      56.210        0.0        0.0      0.000  0.120332  0.363461  0.928392  1.196134     25.488575
    103   1      2   1   4     8  0.401585      56.306        0.0        0.0      0.000  0.120561  0.363642  0.928222  1.194274     25.395584
    104   1      3   3   3     8  0.401674      56.334        0.0        0.0      0.000  0.120629  0.363696  0.928171  1.193720     25.367954
    105   1      7   1   2     8  0.404067      57.093        0.0        0.0      0.000  0.122459  0.365157  0.926814  1.179159     24.647589
    106   1      8   1   0     4  0.404899      57.354        0.0        0.0      0.000  0.123091  0.365664  0.926347  1.174246     12.203686
    107   1      3   0   4     4  0.405266      57.469        0.0        0.0      0.000  0.123371  0.365889  0.926141  1.172097     12.151371
    108   1      0   5   1     4  0.405857      57.653        0.0        0.0      0.000  0.123818  0.366250  0.925812  1.168674     12.068315
    109   1      2   5   0     4  0.406444      57.835        0.0        0.0      0.000  0.124262  0.366609  0.925486  1.165311     11.987048
    110   1      8   0   1     4  0.406512      57.856        0.0        0.0      0.000  0.124313  0.366650  0.925449  1.164926     11.977771
    111   1      5   2   3     8  0.406609      57.886        0.0        0.0      0.000  0.124387  0.366710  0.925395  1.164374     23.928925
    112   1      0   2   4     4  0.407035      58.018        0.0        0.0      0.000  0.124709  0.366971  0.925159  1.161958     11.906348
    113   1      1   5   1     8  0.407370      58.122        0.0        0.0      0.000  0.124961  0.367176  0.924974  1.160072     23.722252
    114   1      6   0   3     4  0.407865      58.274        0.0        0.0      0.000  0.125334  0.367479  0.924701  1.157305     11.794947
    115   1      1   2   4     8  0.408553      58.485        0.0        0.0      0.000  0.125851  0.367900  0.924324  1.153502     23.408726
    116   1      5   4   1     8  0.409067      58.641        0.0        0.0      0.000  0.126236  0.368215  0.924043  1.150694     23.275528
    117   1      3   1   4     8  0.409120      58.657        0.0        0.0      0.000  0.126276  0.368248  0.924014  1.150403     23.261774

 --------------------------------------------------------------------------------------------------------------
 Pattern#  1 Phase No.:   2 Phase name: cod-4313206.cif               
 --------------------------------------------------------------------------------------------------------------

   No.  Code     H   K   L  Mult     Hw         2theta      Icalc       Iobs      Sigma      HwG     HwL       ETA       d-hkl        CORR

      1   1      1   1   1     8  0.249956      30.068        0.0        0.0      0.000  0.057101  0.236300  0.958845  2.172327     98.432541
      2   1      2   0   0     6  0.257200      34.858        0.0        0.0      0.000  0.064645  0.240191  0.950063  1.881290     53.925968
      3   1      2   2   0    12  0.286811      50.123        0.0        0.0      0.000  0.091437  0.256229  0.918781  1.330273     49.052956

     -----------------------------------------------------
     BRAGG R-Factors and weight fractions for Pattern #  1
     -----------------------------------------------------

 => Phase:  1     cod-1101111.cif
 => Bragg R-factor:   0.00       Vol:  290.020( 0.000)  Fract(%):   97.87( 0.00)
 => Rf-factor=  0.00             ATZ:         631.037   Brindley:  1.0000

 => Phase:  2     cod-4313206.cif
 => Bragg R-factor:   0.00       Vol:   53.267( 0.000)  Fract(%):    2.13( 0.00)
 => Rf-factor=  0.00             ATZ:         107.892   Brindley:  1.0000

     -----------------------------------------------------------------
      SYMBOLIC NAMES AND FINAL VALUES AND SIGMA OF REFINED PARAMETERS:
     -----------------------------------------------------------------

      ->  Parameter number    1 :                                     Scale_ph1_pat1    0.99861865E-07( +/-     0.0000000     )
      ->  Parameter number    2 :                                     Scale_ph2_pat1    0.69288134E-07( +/-     0.0000000     )
      ->  Parameter number    3 :                                          Zero_pat1    0.96800001E-02( +/-     0.0000000     )
      ->  Parameter number    4 :                                         Bck_0_pat1     2666.4236    ( +/-     0.0000000     )
      ->  Parameter number    5 :                                         Bck_1_pat1     3422.0898    ( +/-     0.0000000     )
      ->  Parameter number    6 :                                         Bck_2_pat1     3705.8818    ( +/-     0.0000000     )
      ->  Parameter number    7 :                                         Bck_3_pat1     2583.3335    ( +/-     0.0000000     )
      ->  Parameter number    8 :                                         Bck_4_pat1     2146.8662    ( +/-     0.0000000     )
      ->  Parameter number    9 :                                         Bck_5_pat1     1878.3262    ( +/-     0.0000000     )
      ->  Parameter number   10 :                                         Bck_6_pat1     1570.0688    ( +/-     0.0000000     )
      ->  Parameter number   11 :                                         Bck_7_pat1     1340.8730    ( +/-     0.0000000     )
      ->  Parameter number   12 :                                         Bck_8_pat1     1302.4128    ( +/-     0.0000000     )
      ->  Parameter number   13 :                                         Bck_9_pat1     1261.4105    ( +/-     0.0000000     )
      ->  Parameter number   14 :                                        Bck_10_pat1     1104.2013    ( +/-     0.0000000     )
      ->  Parameter number   15 :                                        Bck_11_pat1     1165.6482    ( +/-     0.0000000     )
      ->  Parameter number   16 :                                        Bck_12_pat1     1182.7152    ( +/-     0.0000000     )
      ->  Parameter number   17 :                                        Bck_13_pat1     1026.1451    ( +/-     0.0000000     )
      ->  Parameter number   18 :                                        Bck_14_pat1     975.21552    ( +/-     0.0000000     )
      ->  Parameter number   19 :                                        Bck_15_pat1     989.01141    ( +/-     0.0000000     )
      ->  Parameter number   20 :                                        Bck_16_pat1     861.81488    ( +/-     0.0000000     )
      ->  Parameter number   21 :                                        Bck_17_pat1     883.65143    ( +/-     0.0000000     )
      ->  Parameter number   22 :                                        Bck_18_pat1     890.44269    ( +/-     0.0000000     )
      ->  Parameter number   23 :                                        Bck_19_pat1     841.14771    ( +/-     0.0000000     )
      ->  Parameter number   24 :                                        Bck_20_pat1     815.29852    ( +/-     0.0000000     )
      ->  Parameter number   25 :                                        Bck_21_pat1     901.48242    ( +/-     0.0000000     )
      ->  Parameter number   26 :                                        Bck_22_pat1     757.87671    ( +/-     0.0000000     )
      ->  Parameter number   27 :                                        Bck_23_pat1     736.40649    ( +/-     0.0000000     )
      ->  Parameter number   28 :                                        Bck_24_pat1     675.19019    ( +/-     0.0000000     )
      ->  Parameter number   29 :                                        Bck_25_pat1     589.72491    ( +/-     0.0000000     )
      ->  Parameter number   30 :                                        Bck_26_pat1     519.20972    ( +/-     0.0000000     )
      ->  Parameter number   31 :                                        Bck_27_pat1     482.28891    ( +/-     0.0000000     )
      ->  Parameter number   32 :                                        Bck_28_pat1     389.97739    ( +/-     0.0000000     )
      ->  Parameter number   33 :                                        Bck_29_pat1     319.54019    ( +/-     0.0000000     )
      ->  Parameter number   34 :                                    Cell_A_ph1_pat1     9.5787601    ( +/-     0.0000000     )
      ->  Parameter number   35 :                                    Cell_A_ph2_pat1     3.7625799    ( +/-     0.0000000     )
      ->  Parameter number   36 :                                    Cell_B_ph1_pat1     6.0070801    ( +/-     0.0000000     )
      ->  Parameter number   37 :                                    Cell_C_ph1_pat1     5.0402799    ( +/-     0.0000000     )
      ->  Parameter number   38 :                                    U-Cagl_ph1_pat1    0.43280002E-01( +/-     0.0000000     )
      ->  Parameter number   39 :                                    U-Cagl_ph2_pat1    0.29960001E-01( +/-     0.0000000     )
      ->  Parameter number   40 :                                     Y-cos_ph1_pat1    0.30943000    ( +/-     0.0000000     )
      ->  Parameter number   41 :                                     Y-cos_ph2_pat1    0.22205999    ( +/-     0.0000000     )
      ->  Parameter number   42 :                                          X_Fe1_ph1   -0.55499999E-02( +/-     0.0000000     )
      ->  Parameter number   43 :                                           Z_O3_ph1    0.32600001E-01( +/-     0.0000000     )
      ->  Parameter number   44 :                                          Z_Fe1_ph1   -0.13530000E-01( +/-     0.0000000     )
      ->  Parameter number   45 :                                           X_P1_ph1   -0.29250000E-01( +/-     0.0000000     )
      ->  Parameter number   46 :                                           Y_O3_ph1    0.14910000E-01( +/-     0.0000000     )
      ->  Parameter number   47 :                                           Z_P1_ph1   -0.35680000E-01( +/-     0.0000000     )
      ->  Parameter number   48 :                                           X_O1_ph1    0.70199999E-02( +/-     0.0000000     )
      ->  Parameter number   49 :                                           X_O3_ph1   -0.44450000E-01( +/-     0.0000000     )
      ->  Parameter number   50 :                                           Z_O1_ph1   -0.22990000E-01( +/-     0.0000000     )
      ->  Parameter number   51 :                                           X_O2_ph1   -0.49539998E-01( +/-     0.0000000     )
      ->  Parameter number   52 :                                           Z_O2_ph1    0.12450000E-01( +/-     0.0000000     )
      ->  Parameter number   53 :                                       Biso_Fe1_ph1     1.2866600    ( +/-     0.0000000     )
      ->  Parameter number   54 :                                       Biso_AL1_ph2    0.12861000    ( +/-     0.0000000     )
      ->  Parameter number   55 :                                        Biso_O3_ph1    0.13815001    ( +/-     0.0000000     )
      ->  Parameter number   56 :                                        Biso_P1_ph1    0.45587000    ( +/-     0.0000000     )
      ->  Parameter number   57 :                                        Biso_O2_ph1    0.86567003    ( +/-     0.0000000     )
      ->  Parameter number   58 :                                        Biso_O1_ph1    0.77040002E-01( +/-     0.0000000     )

 ------------------------------------------------------------------
 => Number of bytes for floating point variables: 4
 => Dimensions of dynamic allocated arrays in this run of FullProf:
 ------------------------------------------------------------------

 => Total approximate array memory (dynamic + static): 115719821 bytes

    MaxPOINT=    70000 Max.num. of points(+int. Inten.)/diffraction pattern       
    MaxREFLT=    20000 Max.num. of reflections/diffraction pattern               
    MaxPARAM=      800 Max.num. of refinable parameters                          
    MaxOVERL=     2024 Max.num. of overlapping reflections                       

 ----------------------------------------------------------
 => Number of bytes for floating point arrays: 4
 => Dimensions of fixed arrays in this release of FullProf:
 ----------------------------------------------------------

    NPATT   =       80 Max.num. of powder diffraction patterns                    
    NATS    =      830 Max.num. of atoms (all kind) in asymmetric unit            
    MPAR    =     1800 Max.num. of non atomic parameters/phase                    
    IEXCL   =       30 Max.num. of excluded regions                               
    IBACP   =      377 Max.num. of background points for interpolation            
    NPHT    =       16 Max.num. of phases                                         
    NMAGM   =        8 Max.num. of rotation-matrices sets for magnetic structure  
    NBASIS  =       12 Max.num. of basis functions associated to a single atom    
    NIREPS  =        9 Max.num. of irreducible representations to be combined     
    N_EQ    =      384 Max.num. of user-supplied symmetry operators/propagation vectors
    NGL     =      400 Max.num. of global parameters/diffraction pattern          
    N_LINC  =       50 Max.num. of global linear restraints                        
    NAT_P   =       80 Max.num. of atomic parameters per atom                     
    NCONST  =      500 Max.num. of slack constraints per phase                    
    N_SPE   =       30 Max.num. of different chemical species                     
    N_FORM  =       60 Max.num. of scattering factor values in a table            
    NPR     =      150 Max.num. of points defining a numerical profile            
    INPR    =       25 Max.num. of different numerical peak shapes                
    NPRC    =      150 Max.num. of terms in the table for correcting intensities  
    NSOL    =       10 Max.num. of solutions to be stored in Montecarlo searchs   

 
              CPU Time:     0.172 seconds
                            0.003 minutes

 => Run finished at:     Date: 19/01/2023  Time: 12:53:48.692                              
