

        **********************************************************
        ** PROGRAM FullProf.2k (Version 7.40 - Jan2021-ILL JRC) **
        **********************************************************
                       M U L T I -- P A T T E R N                 
            Rietveld, Profile Matching & Integrated Intensity     
                 Refinement of X-ray and/or Neutron Data


    Date: 25/01/2023  Time: 10:10:20.162                              

 => PCR file code: FP_INPUT
 => DAT file code: EXP_PATTERN.xye      -> Relative contribution: 1.0000                                                            

 ==> CONDITIONS OF THIS RUN FOR PATTERN No.:  1

 => Pattern calculation, X-ray
    Bragg-Brentano(X-rays) or Debye-Scherrer geometry(Neutrons)
 => Title:  Phases extracted from file: 14LFPka_f00003.xye.buf

 => Number of phases:    2
 => Number of excluded regions:    1
 => Number of scattering factors supplied:    0
 => March-Dollase model for preferred orientation
 => Conventional weights: w=1.0/Variance(yobs)
 => Asymmetry correction as in J.Appl.Cryst. 26,128(1993)
 => Background linearly interpolated between the   30 points given
 => The    7th default profile function was selected
 => T-C-H Pseudo-Voigt function 
    This function is convoluted with asymmetry due to axial 
    divergence as formulated by: 
    van Laar and Yelon, J. Appl. Cryst. 17, 47(1984).
    and using the method of:
    Finger, Cox and Jephcoat, J. Appl. Cryst. 27, 892 (1994).
    Fortran 90 module adapted from function PROFVAL (in F77) : 
    L.W. Finger, J. Appl. Cryst. 31, 111 (1998).


 ==> INPUT/OUTPUT OPTIONS:

 => Output Obs and Calc intensities on last cycle
 => Generate bacground file *.bac
 => Generate file *.PRF for plot
 => Output Integrated Intensities
 => Generate new input file *.PCR

 => X-Y type of data: 2theta/TOF/E(Kev) Intens sigma for pattern:  1
 => Plot pattern at each cycle
 => Wavelengths:  1.12698 1.12698
 => Alpha2/Alpha1 ratio:   0.0000
 => Cos(Monochromator angle)=   0.7999
 => Asymmetry correction for angles lower than  180.000 degrees
 => Absorption correction (AC), muR-eff =   0.0000  0.0000
 => Base of peaks: 2.0*HW*   15.00

 => Number of cycles:    1
 => Relaxation factors ==>    for coordinates:  1.00
 => for anisotropic temperature factors:  1.00
 => for halfwidth/strain/size parameters:  1.00
 => for lattice constants and propagation vectors:  1.00
 => EPS-value for convergence:    0.1
 => Background ==> 
    Position   Intensity
       12.72     2666.42       41.00
       14.32     3422.09       51.00
       15.91     3705.88       61.00
       17.51     2583.33       71.00
       19.11     2146.87       81.00
       20.70     1878.33       91.00
       22.30     1570.07      101.00
       23.89     1340.87      111.00
       25.49     1302.41      121.00
       27.09     1261.41      131.00
       28.68     1104.20      141.00
       30.28     1165.65      151.00
       31.87     1182.72      161.00
       33.47     1026.15      171.00
       35.07      975.22      181.00
       36.66      989.01      191.00
       38.26      861.81      201.00
       39.85      883.65      211.00
       41.45      890.44      221.00
       43.05      841.15      231.00

       44.64      815.30      241.00
       46.24      901.48      251.00
       47.83      757.88      261.00
       49.43      736.41      271.00
       51.03      675.19      281.00
       52.62      589.72      291.00
       54.22      519.21      301.00
       55.81      482.29      311.00
       57.41      389.98      321.00
       59.01      319.54      331.00

 

 => Excluded regions for Pattern#  1
    From     to
      0.0000     11.1000

 => Instrumental Resolution read from file: /home/gallo/work/models_cic/ref-fp/files/IRF_NOTOS_July2022_MR.irf
 => Title of data: !Instrument Resolution Function of the diffractometer ALBA NOTOS July2022 Si_11keV_f00009.dat MR20220827

 => The resolution function is IRESOL:   1 for profile function #   7
    Input resolution parameters:

     U-inst     V-inst     W-inst     X-inst     Y-inst     Z-inst
    0.00500   -0.00011    0.00077    0.02372    0.00000    0.00000
    0.00500   -0.00011    0.00077    0.02372    0.00000    0.00000

 => Number of Least-Squares parameters varied:    58

 =>--------------------------->
 =>------->  PATTERN number:  1
 =>--------------------------->
 => Global parameters and codes ==>
 => Zero-point:    -0.0033   31.0000
 => Displacement peak-shift parameter and code:     0.00    0.00
 => Transparency peak-shift parameter and code:     0.00    0.00
 --------------------------------------------------------------------------------
 => Phase  No. 1
      cod-1101111.cif                                                       
 --------------------------------------------------------------------------------
 =>-------> Pattern#  1
 => Crystal Structure Refinement
 => Preferred orientation vector:   0.0000  0.0000  1.0000

 =>-------> Data for PHASE: 1
 => Number of atoms:    6
 => Number of distance  constraints:    0
 => Number of angle     constraints:    0

 => Symmetry information on space group: P n m a             
 -> The multiplicity of the general position is:   8
 -> The space group is Centric (-1 at origin)   
 -> Lattice type  P: { 000 }                                       
 -> Reduced set of symmetry operators:

  No.  IT   Symmetry symbol    Rotation part     Associated Translation
   1: ( 1)   1            -->     ( x, y, z) + {  0.0000  0.0000  0.0000}
   2: ( 4)   2 ( x, 0, 0) -->     ( x,-y,-z) + {  0.5000  0.5000  0.5000}
   3: ( 3)   2 ( 0, y, 0) -->     (-x, y,-z) + {  0.0000  0.5000  0.0000}
   4: ( 2)   2 ( 0, 0, z) -->     (-x,-y, z) + {  0.5000  0.0000  0.5000}


        Information on Space Group: 
        --------------------------- 

 =>   Number of Space group:  62
 =>  Hermann-Mauguin Symbol: P n m a
 =>             Hall Symbol: -P 2ac 2n
 =>            Setting Type: IT (Generated from Hermann-Mauguin symbol)
 =>          Crystal System: Orthorhombic
 =>              Laue Class: mmm
 =>             Point Group: mmm
 =>         Bravais Lattice: P
 =>          Lattice Symbol: oP
 =>  Reduced Number of S.O.:   4
 =>    General multiplicity:   8
 =>          Centrosymmetry: Centric (-1 at origin)
 =>  Generators (exc. -1&L):   2
 =>         Asymmetric unit:  0.000 <= x <=  0.500
                              0.000 <= y <=  0.250
                              0.000 <= z <=  1.000

 => List of S.O. without inversion and lattice centring translations
 => SYMM(  1): x,y,z                               => SYMM(  2): x+1/2,-y+1/2,-z+1/2
 => SYMM(  3): -x,y+1/2,-z                         => SYMM(  4): -x+1/2,-y,z+1/2


 => Initial parameters ==>
 Atom    Ntyp                  X         Y         Z         B         occ.         in  fin  Spc  Mult
                             B11       B22       B33       B12       B13       B23
 Fe1    Fe                 0.28156   0.25000   0.97440   1.68693   0.50000           0    0    0    4
                 Codes:  421.00000   0.00000 441.00000 531.00000   0.00000
 Li1    Li                 0.00000   0.00000   0.00000   1.00000   0.50000           0    0    0    4
                 Codes:    0.00000   0.00000   0.00000   0.00000   0.00000
 P1     P                  0.09203   0.25000   0.42010   0.85332   0.50000           0    0    0    4
                 Codes:  451.00000   0.00000 471.00000 561.00000   0.00000
 O1     O                  0.09734   0.25000   0.75022   0.59877   0.50000           0    0    0    4
                 Codes:  481.00000   0.00000 501.00000 581.00000   0.00000
 O2     O                  0.45440   0.25000   0.20705   1.23791   0.50000           0    0    0    4
                 Codes:  511.00000   0.00000 521.00000 571.00000   0.00000
 O3     O                  0.16758   0.05245   0.28807   2.20591   1.00000           0    0    0    8
                 Codes:  491.00000 461.00000 431.00000 551.00000   0.00000

 => IT IS ASSUMED THAT THE FIRST GIVEN SITE IS FULLY OCCUPIED 
    OR THE FIRST AND SECOND ATOMS ARE IN THE SAME SITE WITH TOTAL FULL OCCUPATION
  (If this is not the case, change the order of atoms to obtain correct values for the content of the unit cell)
    The given occupation factors have been obtained mutiplying m/M by   1.0000
      -> Atom: Fe  ,  Chemical element: FE  Atomic Mass:    55.8470
      -> Atom: Li  ,  Chemical element: LI  Atomic Mass:     6.9410
      -> Atom: P   ,  Chemical element: P   Atomic Mass:    30.9738
      -> Atom: O   ,  Chemical element: O   Atomic Mass:    15.9994
      -> Atom: O   ,  Chemical element: O   Atomic Mass:    15.9994
      -> Atom: O   ,  Chemical element: O   Atomic Mass:    15.9994
 => The given value of ATZ is        631.04 the program has calculated:         631.04
    The value of ATZ given in the input PCR file will be used for quantitative analysis
 => The chemical content of the unit cell is: 
       4.0000 Fe   +   4.0000 Li   +   4.0000 P    +   4.0000 O    +   4.0000 O    +   8.0000 O      
 => The normalized site occupation numbers in % are: 
     100.0000 Fe1    :      100.0000 Li1    :      100.0000 P1     :      100.0000 O1     :      100.0000 O2     :      100.0000 O3       
 => The density (volumic mass) of the compound is:    3.605 g/cm3

 =>-------> PROFILE PARAMETERS FOR PATTERN:  1

 => Overall scale factor:   0.504519E-03
 => ETA (p-Voigt) OR M (Pearson VII):   0.0000
 => Overall temperature factor:      0.00000
 => Halfwidth U,V,W:      0.00000     0.00000     0.00000
 => X and Y parameters:       0.0000      0.0120
 => Direct cell parameters:   10.3242   6.0047   4.6892  90.0000  90.0000  90.0000
 => Preferred orientation parameters:   1.0000  0.0000
 => Asymmetry parameters     :      0.00000     0.00000     0.00000     0.00000
 => Strain parameters        :      0.00000     0.00000     0.00000
 => Size   parameters        :      0.00000     0.00000
 => Further shape parameters (S_L and D_L):   0.00000   0.00000
    S_L is source width/detector distance
    D_L is detector width/detector distance

 ==> CODEWORDS FOR PROFILE PARAMETERS of PATTERN#  1

 => Overall scale factor:   11.000
 => ETA (p-Voigt) OR M (Pearson VII):    0.000
 => Overall temperature factor:    0.000
 => Halfwidth U,V,W:  381.000   0.000   0.000
 => X and Y parameters:    0.000 401.000
 => Direct cell parameters:  341.000 361.000 371.000   0.000   0.000   0.000
 => Preferred orientation parameters:    0.000   0.000
 => Asymmetry parameters     :    0.000   0.000   0.000   0.000
 => Strain parameters        :    0.000   0.000   0.000
 => Size   parameters        :    0.000   0.000

 => Cell constraints according to Laue symmetry: mmm  

        Metric information:
        -------------------

 => Direct cell parameters:

         a =      10.3242      b =       6.0047      c =       4.6892
     alpha =       90.000   beta =       90.000  gamma =       90.000
                        Direct Cell Volume =     290.7033

 => Reciprocal cell parameters:

         a*=     0.096860      b*=     0.166536      c*=     0.213255
     alpha*=       90.000   beta*=       90.000  gamma*=       90.000
                    Reciprocal Cell Volume =   0.00343993

 => Direct and Reciprocal Metric Tensors:

                   GD                                       GR
    106.5891      0.0000      0.0000          0.009382    0.000000    0.000000
      0.0000     36.0567      0.0000          0.000000    0.027734    0.000000
      0.0000      0.0000     21.9888          0.000000    0.000000    0.045478

 =>  Cartesian frame: z // c; y is in the bc-plane; x is y ^ z = a*  

     Crystal_to_Orthonormal_Matrix              Orthonormal_to_Crystal Matrix
              Cr_Orth_cel                               Orth_Cr_cel  
     10.3242      0.0000      0.0000          0.096860   -0.000000   -0.000000
      0.0000      6.0047      0.0000          0.000000    0.166536   -0.000000
      0.0000      0.0000      4.6892          0.000000    0.000000    0.213255

     Busing-Levy B-matrix: Hc=B.H            Inverse of the Busing-Levy B-matrix
                BL_M                                      BL_Minv  
    0.096860    0.000000    0.000000           10.3242     -0.0000     -0.0000
    0.000000    0.166536   -0.000000            0.0000      6.0047      0.0000
    0.000000    0.000000    0.213255            0.0000      0.0000      4.6892

 => Laue symmetry mmm   will be used to generate HKL for pattern#   1
 => Reflections generated between S(1/d)min:  0.1721 A-1 and S(1/d)max:  0.8816 A-1
 =>                                    dmax:  5.8094 A   and      dmin:  1.1343 A
 => The number of reflections generated is:    121
 => The max. scatt. variable (gen.ref.) is:        59.5757
 => Scattering coefficients from internal table


 => X-ray scattering coeff. (A1, B1, A2,...C, f(0), Z, Dfp,Dfpp)

 FE     11.7695   4.7611   7.3573   0.3072   3.5222  15.3535   2.3045  76.8805   1.0369  25.9904  26.0000   0.3010   0.8450
 LI      1.1282   3.9546   0.7508   1.0524   0.6175  85.3905   0.4653 168.2610   0.0377   2.9995   3.0000   0.0000   0.0000
 P       6.4345   1.9067   4.1791  27.1570   1.7800   0.5260   1.4908  68.1645   1.1149  14.9993  15.0000   0.0900   0.0950
 O       3.0485  13.2771   2.2868   5.7011   1.5463   0.3239   0.8670  32.9089   0.2508   7.9994   8.0000   0.0080   0.0060
 --------------------------------------------------------------------------------
 => Phase  No. 2
      cod-4313206.cif                                                       
 --------------------------------------------------------------------------------
 =>-------> Pattern#  1
 => Crystal Structure Refinement
 => Preferred orientation vector:   0.0000  0.0000  1.0000

 =>-------> Data for PHASE: 2
 => Number of atoms:    1
 => Number of distance  constraints:    0
 => Number of angle     constraints:    0

 => Symmetry information on space group: F m -3 m            
 -> The multiplicity of the general position is: 192
 -> The space group is Centric (-1 at origin)   
 -> Lattice type  F: { 000;  0  1/2 1/2; 1/2  0  1/2; 1/2 1/2  0 }+
 -> Reduced set of symmetry operators:

  No.  IT   Symmetry symbol    Rotation part     Associated Translation
   1: ( 1)   1            -->     ( x, y, z) + {  0.0000  0.0000  0.0000}
   2: ( 4)   2 ( x, 0, 0) -->     ( x,-y,-z) + {  0.0000  0.0000  0.0000}
   3: ( 3)   2 ( 0, y, 0) -->     (-x, y,-z) + {  0.0000  0.0000  0.0000}
   4: ( 2)   2 ( 0, 0, z) -->     (-x,-y, z) + {  0.0000  0.0000  0.0000}
   5: ( 9)  3- ( x, x, x) -->     ( y, z, x) + {  0.0000  0.0000  0.0000}
   6: (12)  3- (-x, x,-x) -->     (-y,-z, x) + {  0.0000  0.0000  0.0000}
   7: (11)  3- (-x,-x, x) -->     ( y,-z,-x) + {  0.0000  0.0000  0.0000}
   8: (10)  3- ( x,-x,-x) -->     (-y, z,-x) + {  0.0000  0.0000  0.0000}
   9: ( 5)  3+ ( x, x, x) -->     ( z, x, y) + {  0.0000  0.0000  0.0000}
  10: ( 8)  3+ (-x,-x, x) -->     (-z, x,-y) + {  0.0000  0.0000  0.0000}
  11: ( 7)  3+ ( x,-x,-x) -->     (-z,-x, y) + {  0.0000  0.0000  0.0000}
  12: ( 6)  3+ (-x, x,-x) -->     ( z,-x,-y) + {  0.0000  0.0000  0.0000}
  13: (14)   2 ( x,-x, 0) -->     (-y,-x,-z) + {  0.0000  0.0000  0.0000}
  14: (15)  4- ( 0, 0, z) -->     ( y,-x, z) + {  0.0000  0.0000  0.0000}
  15: (16)  4+ ( 0, 0, z) -->     (-y, x, z) + {  0.0000  0.0000  0.0000}
  16: (13)   2 ( x, x, 0) -->     ( y, x,-z) + {  0.0000  0.0000  0.0000}
  17: (24)   2 (-x, 0, x) -->     (-z,-y,-x) + {  0.0000  0.0000  0.0000}
  18: (21)  4+ ( 0, y, 0) -->     ( z, y,-x) + {  0.0000  0.0000  0.0000}
  19: (22)   2 ( x, 0, x) -->     ( z,-y, x) + {  0.0000  0.0000  0.0000}
  20: (23)  4- ( 0, y, 0) -->     (-z, y, x) + {  0.0000  0.0000  0.0000}
  21: (19)   2 ( 0, y,-y) -->     (-x,-z,-y) + {  0.0000  0.0000  0.0000}
  22: (18)   2 ( 0, y, y) -->     (-x, z, y) + {  0.0000  0.0000  0.0000}
  23: (17)  4- ( x, 0, 0) -->     ( x, z,-y) + {  0.0000  0.0000  0.0000}
  24: (20)  4+ ( x, 0, 0) -->     ( x,-z, y) + {  0.0000  0.0000  0.0000}


        Information on Space Group: 
        --------------------------- 

 =>   Number of Space group: 225
 =>  Hermann-Mauguin Symbol: F m -3 m
 =>             Hall Symbol: -F 4 2 3
 =>            Setting Type: IT (Generated from Hermann-Mauguin symbol)
 =>          Crystal System: Cubic
 =>              Laue Class: m-3m
 =>             Point Group: m-3m
 =>         Bravais Lattice: F
 =>          Lattice Symbol: cF
 =>  Reduced Number of S.O.:  24
 =>    General multiplicity: 192
 =>          Centrosymmetry: Centric (-1 at origin)
 =>  Generators (exc. -1&L):   3
 =>         Asymmetric unit:  0.000 <= x <=  0.500
                              0.000 <= y <=  0.250
                              0.000 <= z <=  0.250

 => List of S.O. without inversion and lattice centring translations
 => SYMM(  1): x,y,z                               => SYMM(  2): x,-y,-z
 => SYMM(  3): -x,y,-z                             => SYMM(  4): -x,-y,z
 => SYMM(  5): y,z,x                               => SYMM(  6): -y,-z,x
 => SYMM(  7): y,-z,-x                             => SYMM(  8): -y,z,-x
 => SYMM(  9): z,x,y                               => SYMM( 10): -z,x,-y
 => SYMM( 11): -z,-x,y                             => SYMM( 12): z,-x,-y
 => SYMM( 13): y,x,z                               => SYMM( 14): -y,x,-z
 => SYMM( 15): y,-x,-z                             => SYMM( 16): -y,-x,z
 => SYMM( 17): z,y,x                               => SYMM( 18): -z,-y,x
 => SYMM( 19): -z,y,-x                             => SYMM( 20): z,-y,-x
 => SYMM( 21): x,z,y                               => SYMM( 22): x,-z,-y
 => SYMM( 23): -x,-z,y                             => SYMM( 24): -x,z,-y


 => Initial parameters ==>
 Atom    Ntyp                  X         Y         Z         B         occ.         in  fin  Spc  Mult
                             B11       B22       B33       B12       B13       B23
 AL1    Al                 0.00000   0.00000   0.00000   3.66071   0.02083           0    0    0    4
                 Codes:    0.00000   0.00000   0.00000 541.00000   0.00000

 => IT IS ASSUMED THAT THE FIRST GIVEN SITE IS FULLY OCCUPIED 
    OR THE FIRST AND SECOND ATOMS ARE IN THE SAME SITE WITH TOTAL FULL OCCUPATION
  (If this is not the case, change the order of atoms to obtain correct values for the content of the unit cell)
    The phase contains sites partially occupied
      -> Atom: Al  ,  Chemical element: AL  Atomic Mass:    26.9815
 => The given value of ATZ is        107.89 the program has calculated:         107.89
    The value of ATZ given in the input PCR file will be used for quantitative analysis
 => The chemical content of the unit cell is: 
       4.0000 Al     
 => The normalized site occupation numbers in % are: 
     100.0000 AL1      
 => The density (volumic mass) of the compound is:    2.699 g/cm3

 =>-------> PROFILE PARAMETERS FOR PATTERN:  1

 => Overall scale factor:   0.208685E-02
 => ETA (p-Voigt) OR M (Pearson VII):   0.0000
 => Overall temperature factor:      0.00000
 => Halfwidth U,V,W:      0.00738     0.00000     0.00000
 => X and Y parameters:       0.0000      0.0051
 => Direct cell parameters:    4.0492   4.0492   4.0492  90.0000  90.0000  90.0000
 => Preferred orientation parameters:   1.0000  0.0000
 => Asymmetry parameters     :      0.00000     0.00000     0.00000     0.00000
 => Strain parameters        :      0.00000     0.00000     0.00000
 => Size   parameters        :      0.00000     0.00000
 => Further shape parameters (S_L and D_L):   0.00000   0.00000
    S_L is source width/detector distance
    D_L is detector width/detector distance

 ==> CODEWORDS FOR PROFILE PARAMETERS of PATTERN#  1

 => Overall scale factor:   21.000
 => ETA (p-Voigt) OR M (Pearson VII):    0.000
 => Overall temperature factor:    0.000
 => Halfwidth U,V,W:  391.000   0.000   0.000
 => X and Y parameters:    0.000 410.010
 => Direct cell parameters:  351.000 351.000 351.000   0.000   0.000   0.000
 => Preferred orientation parameters:    0.000   0.000
 => Asymmetry parameters     :    0.000   0.000   0.000   0.000
 => Strain parameters        :    0.000   0.000   0.000
 => Size   parameters        :    0.000   0.000

 => Cell constraints according to Laue symmetry: m-3m 

        Metric information:
        -------------------

 => Direct cell parameters:

         a =       4.0492      b =       4.0492      c =       4.0492
     alpha =       90.000   beta =       90.000  gamma =       90.000
                        Direct Cell Volume =      66.3908

 => Reciprocal cell parameters:

         a*=     0.246962      b*=     0.246962      c*=     0.246962
     alpha*=       90.000   beta*=       90.000  gamma*=       90.000
                    Reciprocal Cell Volume =   0.01506232

 => Direct and Reciprocal Metric Tensors:

                   GD                                       GR
     16.3960      0.0000      0.0000          0.060990    0.000000    0.000000
      0.0000     16.3960      0.0000          0.000000    0.060990    0.000000
      0.0000      0.0000     16.3960          0.000000    0.000000    0.060990

 =>  Cartesian frame: z // c; y is in the bc-plane; x is y ^ z = a*  

     Crystal_to_Orthonormal_Matrix              Orthonormal_to_Crystal Matrix
              Cr_Orth_cel                               Orth_Cr_cel  
      4.0492      0.0000      0.0000          0.246962   -0.000000   -0.000000
      0.0000      4.0492      0.0000          0.000000    0.246962   -0.000000
      0.0000      0.0000      4.0492          0.000000    0.000000    0.246962

     Busing-Levy B-matrix: Hc=B.H            Inverse of the Busing-Levy B-matrix
                BL_M                                      BL_Minv  
    0.246962    0.000000    0.000000            4.0492     -0.0000     -0.0000
    0.000000    0.246962   -0.000000            0.0000      4.0492      0.0000
    0.000000    0.000000    0.246962            0.0000      0.0000      4.0492

 => Laue symmetry m-3m  will be used to generate HKL for pattern#   1
 => Reflections generated between S(1/d)min:  0.1721 A-1 and S(1/d)max:  0.8895 A-1
 =>                                    dmax:  5.8094 A   and      dmin:  1.1242 A
 => The number of reflections generated is:      5
 => The max. scatt. variable (gen.ref.) is:        60.1657
 => Scattering coefficients from internal table


 => X-ray scattering coeff. (A1, B1, A2,...C, f(0), Z, Dfp,Dfpp)

 AL      6.4202   3.0387   1.9002   0.7426   1.5936  31.5472   1.9646  85.0886   1.1151  12.9937  13.0000   0.0560   0.0520

     --------------------------------------------------------------
      SYMBOLIC NAMES AND INITIAL VALUES OF PARAMETERS TO BE VARIED:
     --------------------------------------------------------------

      ->  Parameter number    1   -> Symbolic Name:                                     Scale_ph1_pat1    0.50451863E-03
      ->  Parameter number    2   -> Symbolic Name:                                     Scale_ph2_pat1    0.20868480E-02
      ->  Parameter number    3   -> Symbolic Name:                                          Zero_pat1   -0.32500001E-02
      ->  Parameter number    4   -> Symbolic Name:                                         Bck_0_pat1     2666.4236    
      ->  Parameter number    5   -> Symbolic Name:                                         Bck_1_pat1     3422.0898    
      ->  Parameter number    6   -> Symbolic Name:                                         Bck_2_pat1     3705.8818    
      ->  Parameter number    7   -> Symbolic Name:                                         Bck_3_pat1     2583.3335    
      ->  Parameter number    8   -> Symbolic Name:                                         Bck_4_pat1     2146.8662    
      ->  Parameter number    9   -> Symbolic Name:                                         Bck_5_pat1     1878.3262    
      ->  Parameter number   10   -> Symbolic Name:                                         Bck_6_pat1     1570.0688    
      ->  Parameter number   11   -> Symbolic Name:                                         Bck_7_pat1     1340.8730    
      ->  Parameter number   12   -> Symbolic Name:                                         Bck_8_pat1     1302.4128    
      ->  Parameter number   13   -> Symbolic Name:                                         Bck_9_pat1     1261.4105    
      ->  Parameter number   14   -> Symbolic Name:                                        Bck_10_pat1     1104.2013    
      ->  Parameter number   15   -> Symbolic Name:                                        Bck_11_pat1     1165.6482    
      ->  Parameter number   16   -> Symbolic Name:                                        Bck_12_pat1     1182.7152    
      ->  Parameter number   17   -> Symbolic Name:                                        Bck_13_pat1     1026.1451    
      ->  Parameter number   18   -> Symbolic Name:                                        Bck_14_pat1     975.21552    
      ->  Parameter number   19   -> Symbolic Name:                                        Bck_15_pat1     989.01141    
      ->  Parameter number   20   -> Symbolic Name:                                        Bck_16_pat1     861.81488    
      ->  Parameter number   21   -> Symbolic Name:                                        Bck_17_pat1     883.65143    
      ->  Parameter number   22   -> Symbolic Name:                                        Bck_18_pat1     890.44269    
      ->  Parameter number   23   -> Symbolic Name:                                        Bck_19_pat1     841.14771    
      ->  Parameter number   24   -> Symbolic Name:                                        Bck_20_pat1     815.29852    
      ->  Parameter number   25   -> Symbolic Name:                                        Bck_21_pat1     901.48242    
      ->  Parameter number   26   -> Symbolic Name:                                        Bck_22_pat1     757.87671    
      ->  Parameter number   27   -> Symbolic Name:                                        Bck_23_pat1     736.40649    
      ->  Parameter number   28   -> Symbolic Name:                                        Bck_24_pat1     675.19019    
      ->  Parameter number   29   -> Symbolic Name:                                        Bck_25_pat1     589.72491    
      ->  Parameter number   30   -> Symbolic Name:                                        Bck_26_pat1     519.20972    
      ->  Parameter number   31   -> Symbolic Name:                                        Bck_27_pat1     482.28891    
      ->  Parameter number   32   -> Symbolic Name:                                        Bck_28_pat1     389.97739    
      ->  Parameter number   33   -> Symbolic Name:                                        Bck_29_pat1     319.54019    
      ->  Parameter number   34   -> Symbolic Name:                                    Cell_A_ph1_pat1     10.324202    
      ->  Parameter number   35   -> Symbolic Name:                                    Cell_A_ph2_pat1     4.0492010    
      ->  Parameter number   36   -> Symbolic Name:                                    Cell_B_ph1_pat1     6.0047240    
      ->  Parameter number   37   -> Symbolic Name:                                    Cell_C_ph1_pat1     4.6892190    
      ->  Parameter number   38   -> Symbolic Name:                                    U-Cagl_ph1_pat1     0.0000000    
      ->  Parameter number   39   -> Symbolic Name:                                    U-Cagl_ph2_pat1    0.73819999E-02
      ->  Parameter number   40   -> Symbolic Name:                                     Y-cos_ph1_pat1    0.11974000E-01
      ->  Parameter number   41   -> Symbolic Name:                                     Y-cos_ph2_pat1    0.50900001E-02
      ->  Parameter number   42   -> Symbolic Name:                                          X_Fe1_ph1    0.28156000    
      ->  Parameter number   43   -> Symbolic Name:                                           Z_O3_ph1    0.28806999    
      ->  Parameter number   44   -> Symbolic Name:                                          Z_Fe1_ph1    0.97439998    
      ->  Parameter number   45   -> Symbolic Name:                                           X_P1_ph1    0.92030004E-01
      ->  Parameter number   46   -> Symbolic Name:                                           Y_O3_ph1    0.52450001E-01
      ->  Parameter number   47   -> Symbolic Name:                                           Z_P1_ph1    0.42010000    
      ->  Parameter number   48   -> Symbolic Name:                                           X_O1_ph1    0.97340003E-01
      ->  Parameter number   49   -> Symbolic Name:                                           X_O3_ph1    0.16757999    
      ->  Parameter number   50   -> Symbolic Name:                                           Z_O1_ph1    0.75022000    
      ->  Parameter number   51   -> Symbolic Name:                                           X_O2_ph1    0.45440000    
      ->  Parameter number   52   -> Symbolic Name:                                           Z_O2_ph1    0.20705000    
      ->  Parameter number   53   -> Symbolic Name:                                       Biso_Fe1_ph1     1.6869299    
      ->  Parameter number   54   -> Symbolic Name:                                       Biso_AL1_ph2     3.6607101    
      ->  Parameter number   55   -> Symbolic Name:                                        Biso_O3_ph1     2.2059100    
      ->  Parameter number   56   -> Symbolic Name:                                        Biso_P1_ph1    0.85332000    
      ->  Parameter number   57   -> Symbolic Name:                                        Biso_O2_ph1     1.2379100    
      ->  Parameter number   58   -> Symbolic Name:                                        Biso_O1_ph1    0.59877002    
  

 --------------------------------------------------------------------------------------------------------------
 Pattern#  1 Phase No.:   1 Phase name: cod-1101111.cif               
 --------------------------------------------------------------------------------------------------------------

   No.  Code     H   K   L  Mult     Hw         2theta      Icalc       Iobs      Sigma      HwG     HwL       ETA       d-hkl        CORR

      1   1      2   0   0     2  0.037042      12.534      206.6      206.6      0.000  0.028571  0.014650  0.472512  5.162100    148.780441
      2   1      1   0   1     4  0.037853      15.168      364.6      364.6      0.000  0.029018  0.015237  0.479814  4.269468    202.139160
      3   1      2   1   0     4  0.038317      16.553      109.8      109.8      0.000  0.029290  0.015550  0.483211  3.914460    169.215759
      4   1      0   1   1     4  0.038663      17.540       43.4       43.4      0.000  0.029498  0.015774  0.485455  3.695807    150.362244
      5   1      1   1   1     8  0.039064      18.639      479.6      479.6      0.000  0.029744  0.016026  0.487788  3.479578    265.572296
      6   1      2   0   1     4  0.039081      18.686       60.4       60.4      0.000  0.029755  0.016037  0.487883  3.470945    132.106445
      7   1      2   1   1     8  0.040227      21.616       58.3       58.3      0.000  0.030484  0.016718  0.493268  3.005034    195.881424
      8   1      0   2   0     2  0.040235      21.635      419.8      419.8      0.000  0.030490  0.016722  0.493300  3.002362     48.879478
      9   1      3   0   1     4  0.040994      23.437      169.3      169.3      0.000  0.030990  0.017148  0.496061  2.774417     82.858658
     10   1      2   2   0     4  0.041722      25.080       12.6       12.6      0.000  0.031480  0.017542  0.498247  2.595314     71.983093
     11   1      4   0   0     2  0.041786      25.221        0.5        0.5      0.000  0.031523  0.017576  0.498421  2.581050     35.574245
     12   1      3   1   1     8  0.042078      25.857      589.2      589.2      0.000  0.031722  0.017730  0.499177  2.518578    135.095993
     13   1      1   2   1     8  0.042392      26.528      176.3      176.3      0.000  0.031937  0.017893  0.499930  2.455913    128.052444
     14   1      4   1   0     4  0.042852      27.494      128.0      128.0      0.000  0.032255  0.018129  0.500932  2.371272     59.412323
     15   1      0   0   2     2  0.043006      27.813        8.6        8.6      0.000  0.032363  0.018208  0.501242  2.344609     28.996479
     16   1      1   0   2     4  0.043361      28.536       77.1       77.1      0.000  0.032610  0.018386  0.501911  2.286392     54.950668
     17   1      2   2   1     8  0.043461      28.737       61.4       61.4      0.000  0.032680  0.018436  0.502088  2.270726    108.290680
     18   1      4   0   1     4  0.043523      28.861       89.8       89.8      0.000  0.032724  0.018467  0.502196  2.261154     53.656067
     19   1      1   1   2     8  0.044399      30.581       54.9       54.9      0.000  0.033342  0.018897  0.503546  2.136738     94.977158
     20   1      2   0   2     4  0.044414      30.611       62.4       62.4      0.000  0.033353  0.018905  0.503567  2.134734     47.392189
     21   1      4   1   1     8  0.044558      30.887        0.4        0.4      0.000  0.033455  0.018975  0.503759  2.116096     92.999840
     22   1      3   2   1     8  0.045206      32.108       31.7       31.7      0.000  0.033918  0.019285  0.504536  2.037634     85.664185
     23   1      2   1   2     8  0.045438      32.538       25.5       25.5      0.000  0.034085  0.019395  0.504782  2.011407     83.275848
     24   1      4   2   0     4  0.045946      33.465        9.8        9.8      0.000  0.034451  0.019633  0.505265  1.957230     39.221855
     25   1      3   0   2     4  0.046139      33.813        0.5        0.5      0.000  0.034591  0.019724  0.505431  1.937652     38.365601
     26   1      5   0   1     4  0.046637      34.697        9.5        9.5      0.000  0.034952  0.019954  0.505814  1.889744     36.308128
     27   1      2   3   0     4  0.046895      35.149        1.2        1.2      0.000  0.035139  0.020072  0.505989  1.866197     35.316616
     28   1      0   2   2     4  0.047101      35.508       69.3       69.3      0.000  0.035290  0.020167  0.506119  1.847904     34.555264
     29   1      3   1   2     8  0.047146      35.586        2.0        2.0      0.000  0.035323  0.020187  0.506146  1.844022     68.789505
     30   1      0   3   1     4  0.047182      35.648        6.9        6.9      0.000  0.035349  0.020203  0.506167  1.840885     34.265289
     31   1      1   2   2     8  0.047440      36.092       18.3       18.3      0.000  0.035538  0.020321  0.506313  1.818996     66.736549
     32   1      1   3   1     8  0.047521      36.230       86.6       86.6      0.000  0.035597  0.020357  0.506355  1.812301     66.192352
     33   1      4   2   1     8  0.047595      36.356        0.0        0.0      0.000  0.035651  0.020391  0.506393  1.806210     65.699104
     34   1      5   1   1     8  0.047639      36.432       35.1       35.1      0.000  0.035684  0.020411  0.506416  1.802585     65.406364
     35   1      2   2   2     8  0.048452      37.796      188.1      188.1      0.000  0.036281  0.020775  0.506761  1.739789     60.434151
     36   1      4   0   2     4  0.048511      37.894       42.9       42.9      0.000  0.036324  0.020802  0.506781  1.735473     30.049616
     37   1      2   3   1     8  0.048532      37.929       34.9       34.9      0.000  0.036340  0.020811  0.506789  1.733928     59.979645
     38   1      6   0   0     2  0.048716      38.231        9.6        9.6      0.000  0.036476  0.020893  0.506849  1.720700     14.739952
     39   1      4   1   2     8  0.049502      39.508      102.0      102.0      0.000  0.037058  0.021240  0.507049  1.667236     54.923050
     40   1      6   1   0     4  0.049706      39.834      101.2      101.2      0.000  0.037209  0.021329  0.507086  1.654125     26.977049
     41   1      3   2   2     8  0.050126      40.500        1.0        1.0      0.000  0.037522  0.021512  0.507147  1.628043     52.051037
     42   1      3   3   1     8  0.050206      40.625      133.2      133.2      0.000  0.037581  0.021547  0.507157  1.623238     51.703983
     43   1      6   0   1     4  0.050338      40.831        0.0        0.0      0.000  0.037679  0.021604  0.507170  1.615378     25.569374
     44   1      5   2   1     8  0.050613      41.260       13.9       13.9      0.000  0.037884  0.021723  0.507192  1.599315     49.992973
     45   1      4   3   0     4  0.050923      41.741       74.9       74.9      0.000  0.038116  0.021857  0.507207  1.581700     24.375435
     46   1      6   1   1     8  0.051322      42.352        1.3        1.3      0.000  0.038414  0.022029  0.507211  1.559917     47.235752
     47   1      5   0   2     4  0.051517      42.648        0.0        0.0      0.000  0.038561  0.022112  0.507207  1.549584     23.262571
     48   1      1   0   3     4  0.051596      42.767        1.4        1.4      0.000  0.038620  0.022146  0.507205  1.545461     23.121525
     49   1      0   1   3     4  0.052246      43.742        0.3        0.3      0.000  0.039107  0.022423  0.507164  1.512664     22.014521
     50   1      1   3   2     8  0.052383      43.945        8.8        8.8      0.000  0.039210  0.022481  0.507151  1.506018     43.586845
     51   1      4   2   2     8  0.052455      44.052        6.8        6.8      0.000  0.039265  0.022512  0.507143  1.502517     43.354828
     52   1      0   4   0     2  0.052483      44.094       79.9       79.9      0.000  0.039286  0.022523  0.507140  1.501181     10.816603
     53   1      5   1   2     8  0.052499      44.117       28.4       28.4      0.000  0.039298  0.022530  0.507138  1.500429     43.216679
     54   1      4   3   1     8  0.052534      44.169        1.7        1.7      0.000  0.039325  0.022545  0.507134  1.498737     43.104950
     55   1      1   1   3     8  0.052578      44.233       47.2       47.2      0.000  0.039357  0.022563  0.507129  1.496684     42.969563
     56   1      2   0   3     4  0.052592      44.255       17.2       17.2      0.000  0.039368  0.022570  0.507127  1.495995     21.462084
     57   1      6   2   0     4  0.052658      44.351       78.0       78.0      0.000  0.039418  0.022597  0.507120  1.492900     21.360258
     58   1      2   3   2     8  0.053378      45.401        0.2        0.2      0.000  0.039961  0.022901  0.507012  1.460134     40.593983
     59   1      2   1   3     8  0.053573      45.683       23.4       23.4      0.000  0.040108  0.022983  0.506977  1.451623     40.050438
     60   1      2   4   0     4  0.053810      46.023        3.4        3.4      0.000  0.040287  0.023082  0.506931  1.441466     19.703253

   No.  Code     H   K   L  Mult     Hw         2theta      Icalc       Iobs      Sigma      HwG     HwL       ETA       d-hkl        CORR

     61   1      3   0   3     4  0.054251      46.650        4.7        4.7      0.000  0.040621  0.023266  0.506836  1.423156     19.129435
     62   1      6   2   1     8  0.054266      46.671        0.1        0.1      0.000  0.040632  0.023272  0.506833  1.422546     38.220951
     63   1      1   4   1     8  0.054423      46.893       17.0       17.0      0.000  0.040751  0.023338  0.506796  1.416191     37.826763
     64   1      7   0   1     4  0.054656      47.220       43.2       43.2      0.000  0.040927  0.023435  0.506739  1.406935     18.628193
     65   1      3   3   2     8  0.055037      47.751        5.0        5.0      0.000  0.041216  0.023592  0.506640  1.392177     36.356018
     66   1      6   0   2     4  0.055168      47.933        9.8        9.8      0.000  0.041316  0.023647  0.506605  1.387209     18.027716
     67   1      3   1   3     8  0.055232      48.022       35.3       35.3      0.000  0.041364  0.023673  0.506587  1.384794     35.909786
     68   1      2   4   1     8  0.055419      48.280        0.1        0.1      0.000  0.041506  0.023750  0.506534  1.377836     35.491802
     69   1      5   2   2     8  0.055442      48.311        3.9        3.9      0.000  0.041524  0.023760  0.506528  1.376997     35.441547
     70   1      1   2   3     8  0.055521      48.420        2.6        2.6      0.000  0.041584  0.023792  0.506505  1.374101     35.268459
     71   1      5   3   1     8  0.055521      48.420        6.9        6.9      0.000  0.041584  0.023793  0.506505  1.374085     35.267536
     72   1      7   1   1     8  0.055638      48.580        2.7        2.7      0.000  0.041672  0.023841  0.506470  1.369836     35.014320
     73   1      6   1   2     8  0.056150      49.278       16.9       16.9      0.000  0.042062  0.024052  0.506313  1.351610     33.938873
     74   1      2   2   3     8  0.056518      49.775       58.7       58.7      0.000  0.042342  0.024202  0.506193  1.338983     33.203999
     75   1      4   0   3     4  0.056576      49.853        8.7        8.7      0.000  0.042387  0.024226  0.506174  1.337012     16.545027
     76   1      3   4   1     8  0.057082      50.528       18.1       18.1      0.000  0.042772  0.024433  0.506000  1.320301     32.132111
     77   1      4   3   2     8  0.057365      50.902       15.1       15.1      0.000  0.042988  0.024549  0.505899  1.311226     31.618137
     78   1      4   1   3     8  0.057561      51.161       29.4       29.4      0.000  0.043138  0.024628  0.505827  1.305053     31.270958
     79   1      6   3   0     4  0.057568      51.170       36.5       36.5      0.000  0.043144  0.024632  0.505825  1.304820     15.628956
     80   1      4   4   0     4  0.057800      51.473        1.0        1.0      0.000  0.043320  0.024726  0.505739  1.297657     15.428878
     81   1      8   0   0     2  0.058034      51.779        0.7        0.7      0.000  0.043499  0.024821  0.505650  1.290525      7.615517
     82   1      3   2   3     8  0.058185      51.975       15.8       15.8      0.000  0.043615  0.024882  0.505593  1.285997     30.212242
     83   1      7   2   1     8  0.058593      52.502       46.5       46.5      0.000  0.043927  0.025047  0.505433  1.273991     29.555273
     84   1      0   4   2     4  0.058933      52.938       10.0       10.0      0.000  0.044187  0.025185  0.505297  1.264247     14.513957
     85   1      8   1   0     4  0.059023      53.052        0.1        0.1      0.000  0.044256  0.025221  0.505261  1.261715     14.445845
     86   1      6   2   2     8  0.059109      53.163        1.6        1.6      0.000  0.044322  0.025256  0.505226  1.259289     28.761539
     87   1      6   3   1     8  0.059189      53.264        3.4        3.4      0.000  0.044384  0.025288  0.505193  1.257061     28.642284
     88   1      1   4   2     8  0.059268      53.364        9.8        9.8      0.000  0.044444  0.025320  0.505161  1.254874     28.525459
     89   1      4   4   1     8  0.059422      53.559        3.1        3.1      0.000  0.044562  0.025382  0.505097  1.250653     28.300776
     90   1      7   0   2     4  0.059504      53.662        2.3        2.3      0.000  0.044625  0.025415  0.505063  1.248421     14.091188
     91   1      5   0   3     4  0.059583      53.763        2.6        2.6      0.000  0.044686  0.025447  0.505030  1.246262     14.034050
     92   1      8   0   1     4  0.059658      53.856        0.0        0.0      0.000  0.044742  0.025477  0.504999  1.244264     13.981304
     93   1      0   3   3     4  0.060123      54.439        3.1        3.1      0.000  0.045100  0.025664  0.504802  1.231936     13.658216
     94   1      2   4   2     8  0.060277      54.630       17.5       17.5      0.000  0.045218  0.025726  0.504736  1.227957     27.109692
     95   1      5   3   2     8  0.060380      54.759       16.9       16.9      0.000  0.045297  0.025767  0.504692  1.225299     26.972122
     96   1      1   3   3     8  0.060460      54.858        9.1        9.1      0.000  0.045358  0.025799  0.504657  1.223258     26.866697
     97   1      7   1   2     8  0.060498      54.905        0.0        0.0      0.000  0.045388  0.025815  0.504640  1.222284     26.816467
     98   1      4   2   3     8  0.060534      54.949        1.3        1.3      0.000  0.045415  0.025829  0.504625  1.221380     26.769922
     99   1      5   1   3     8  0.060578      55.004        1.4        1.4      0.000  0.045449  0.025847  0.504605  1.220257     26.712172
    100   1      8   1   1     8  0.060653      55.096        1.8        1.8      0.000  0.045506  0.025877  0.504573  1.218382     26.615854
    101   1      2   3   3     8  0.061474      56.101        5.7        5.7      0.000  0.046137  0.026205  0.504210  1.198285     25.596291
    102   1      3   4   2     8  0.061967      56.697        0.7        0.7      0.000  0.046517  0.026402  0.503987  1.186704     25.019320
    103   1      8   2   0     4  0.062014      56.753        0.1        0.1      0.000  0.046553  0.026420  0.503966  1.185636     12.483250
    104   1      5   4   1     8  0.062463      57.291        0.8        0.8      0.000  0.046899  0.026599  0.503760  1.175439     24.465567
    105   1      0   0   4     2  0.062604      57.458        7.0        7.0      0.000  0.047007  0.026655  0.503696  1.172305      6.078202
    106   1      2   5   0     4  0.062721      57.598        3.9        3.9      0.000  0.047098  0.026702  0.503641  1.169707     12.093333
    107   1      1   0   4     4  0.062945      57.862        4.5        4.5      0.000  0.047270  0.026791  0.503538  1.164819     11.975193
    108   1      0   5   1     4  0.063011      57.940        2.1        2.1      0.000  0.047320  0.026817  0.503507  1.163396     11.940935
    109   1      3   3   3     8  0.063175      58.133       14.7       14.7      0.000  0.047447  0.026882  0.503431  1.159859     23.712057
    110   1      6   0   3     4  0.063310      58.292        0.5        0.5      0.000  0.047551  0.026935  0.503368  1.156982     11.787232
    111   1      1   5   1     8  0.063352      58.342        6.5        6.5      0.000  0.047584  0.026952  0.503348  1.156080     23.531427
    112   1      7   2   2     8  0.063511      58.527        9.0        9.0      0.000  0.047706  0.027015  0.503274  1.152737     23.372433
    113   1      5   2   3     8  0.063592      58.622       13.6       13.6      0.000  0.047769  0.027047  0.503236  1.151037     23.291792
    114   1      7   3   1     8  0.063593      58.623        2.6        2.6      0.000  0.047769  0.027048  0.503236  1.151028     23.291359
    115   1      8   2   1     8  0.063668      58.710        6.8        6.8      0.000  0.047827  0.027077  0.503200  1.149463     23.217287

 --------------------------------------------------------------------------------------------------------------
 Pattern#  1 Phase No.:   2 Phase name: cod-4313206.cif               
 --------------------------------------------------------------------------------------------------------------

   No.  Code     H   K   L  Mult     Hw         2theta      Icalc       Iobs      Sigma      HwG     HwL       ETA       d-hkl        CORR

      1   1      1   1   1     8  0.044912      27.895      223.5      223.5      0.000  0.038788  0.011135  0.311037  2.337807    115.267014
      2   1      2   0   0     6  0.048838      32.320       99.3       99.3      0.000  0.042141  0.012172  0.312535  2.024601     63.354946
      3   1      2   2   0    12  0.063319      46.358       43.2       43.2      0.000  0.054688  0.015692  0.310919  1.431609     58.179859
      4   1      3   1   1    24  0.073671      54.974       35.4       35.4      0.000  0.063735  0.018077  0.308102  1.220880     80.232628
      5   1      2   2   2     8  0.077114      57.641        9.0        9.0      0.000  0.066751  0.018859  0.307163  1.168904     24.147732

     -----------------------------------------------------
     BRAGG R-Factors and weight fractions for Pattern #  1
     -----------------------------------------------------

 => Phase:  1     cod-1101111.cif
 => Bragg R-factor:   0.00       Vol:  290.703( 0.000)  Fract(%):   86.09( 0.00)
 => Rf-factor=  0.00             ATZ:         631.037   Brindley:  1.0000

 => Phase:  2     cod-4313206.cif
 => Bragg R-factor:   0.00       Vol:   66.391( 0.000)  Fract(%):   13.91( 0.00)
 => Rf-factor=  0.00             ATZ:         107.892   Brindley:  1.0000

     -----------------------------------------------------------------
      SYMBOLIC NAMES AND FINAL VALUES AND SIGMA OF REFINED PARAMETERS:
     -----------------------------------------------------------------

      ->  Parameter number    1 :                                     Scale_ph1_pat1    0.50451863E-03( +/-     0.0000000     )
      ->  Parameter number    2 :                                     Scale_ph2_pat1    0.20868480E-02( +/-     0.0000000     )
      ->  Parameter number    3 :                                          Zero_pat1   -0.32500001E-02( +/-     0.0000000     )
      ->  Parameter number    4 :                                         Bck_0_pat1     2666.4236    ( +/-     0.0000000     )
      ->  Parameter number    5 :                                         Bck_1_pat1     3422.0898    ( +/-     0.0000000     )
      ->  Parameter number    6 :                                         Bck_2_pat1     3705.8818    ( +/-     0.0000000     )
      ->  Parameter number    7 :                                         Bck_3_pat1     2583.3335    ( +/-     0.0000000     )
      ->  Parameter number    8 :                                         Bck_4_pat1     2146.8662    ( +/-     0.0000000     )
      ->  Parameter number    9 :                                         Bck_5_pat1     1878.3262    ( +/-     0.0000000     )
      ->  Parameter number   10 :                                         Bck_6_pat1     1570.0688    ( +/-     0.0000000     )
      ->  Parameter number   11 :                                         Bck_7_pat1     1340.8730    ( +/-     0.0000000     )
      ->  Parameter number   12 :                                         Bck_8_pat1     1302.4128    ( +/-     0.0000000     )
      ->  Parameter number   13 :                                         Bck_9_pat1     1261.4105    ( +/-     0.0000000     )
      ->  Parameter number   14 :                                        Bck_10_pat1     1104.2013    ( +/-     0.0000000     )
      ->  Parameter number   15 :                                        Bck_11_pat1     1165.6482    ( +/-     0.0000000     )
      ->  Parameter number   16 :                                        Bck_12_pat1     1182.7152    ( +/-     0.0000000     )
      ->  Parameter number   17 :                                        Bck_13_pat1     1026.1451    ( +/-     0.0000000     )
      ->  Parameter number   18 :                                        Bck_14_pat1     975.21552    ( +/-     0.0000000     )
      ->  Parameter number   19 :                                        Bck_15_pat1     989.01141    ( +/-     0.0000000     )
      ->  Parameter number   20 :                                        Bck_16_pat1     861.81488    ( +/-     0.0000000     )
      ->  Parameter number   21 :                                        Bck_17_pat1     883.65143    ( +/-     0.0000000     )
      ->  Parameter number   22 :                                        Bck_18_pat1     890.44269    ( +/-     0.0000000     )
      ->  Parameter number   23 :                                        Bck_19_pat1     841.14771    ( +/-     0.0000000     )
      ->  Parameter number   24 :                                        Bck_20_pat1     815.29852    ( +/-     0.0000000     )
      ->  Parameter number   25 :                                        Bck_21_pat1     901.48242    ( +/-     0.0000000     )
      ->  Parameter number   26 :                                        Bck_22_pat1     757.87671    ( +/-     0.0000000     )
      ->  Parameter number   27 :                                        Bck_23_pat1     736.40649    ( +/-     0.0000000     )
      ->  Parameter number   28 :                                        Bck_24_pat1     675.19019    ( +/-     0.0000000     )
      ->  Parameter number   29 :                                        Bck_25_pat1     589.72491    ( +/-     0.0000000     )
      ->  Parameter number   30 :                                        Bck_26_pat1     519.20972    ( +/-     0.0000000     )
      ->  Parameter number   31 :                                        Bck_27_pat1     482.28891    ( +/-     0.0000000     )
      ->  Parameter number   32 :                                        Bck_28_pat1     389.97739    ( +/-     0.0000000     )
      ->  Parameter number   33 :                                        Bck_29_pat1     319.54019    ( +/-     0.0000000     )
      ->  Parameter number   34 :                                    Cell_A_ph1_pat1     10.324202    ( +/-     0.0000000     )
      ->  Parameter number   35 :                                    Cell_A_ph2_pat1     4.0492010    ( +/-     0.0000000     )
      ->  Parameter number   36 :                                    Cell_B_ph1_pat1     6.0047240    ( +/-     0.0000000     )
      ->  Parameter number   37 :                                    Cell_C_ph1_pat1     4.6892190    ( +/-     0.0000000     )
      ->  Parameter number   38 :                                    U-Cagl_ph1_pat1     0.0000000    ( +/-     0.0000000     )
      ->  Parameter number   39 :                                    U-Cagl_ph2_pat1    0.73819999E-02( +/-     0.0000000     )
      ->  Parameter number   40 :                                     Y-cos_ph1_pat1    0.11974000E-01( +/-     0.0000000     )
      ->  Parameter number   41 :                                     Y-cos_ph2_pat1    0.50900001E-02( +/-     0.0000000     )
      ->  Parameter number   42 :                                          X_Fe1_ph1    0.28156000    ( +/-     0.0000000     )
      ->  Parameter number   43 :                                           Z_O3_ph1    0.28806999    ( +/-     0.0000000     )
      ->  Parameter number   44 :                                          Z_Fe1_ph1    0.97439998    ( +/-     0.0000000     )
      ->  Parameter number   45 :                                           X_P1_ph1    0.92030004E-01( +/-     0.0000000     )
      ->  Parameter number   46 :                                           Y_O3_ph1    0.52450001E-01( +/-     0.0000000     )
      ->  Parameter number   47 :                                           Z_P1_ph1    0.42010000    ( +/-     0.0000000     )
      ->  Parameter number   48 :                                           X_O1_ph1    0.97340003E-01( +/-     0.0000000     )
      ->  Parameter number   49 :                                           X_O3_ph1    0.16757999    ( +/-     0.0000000     )
      ->  Parameter number   50 :                                           Z_O1_ph1    0.75022000    ( +/-     0.0000000     )
      ->  Parameter number   51 :                                           X_O2_ph1    0.45440000    ( +/-     0.0000000     )
      ->  Parameter number   52 :                                           Z_O2_ph1    0.20705000    ( +/-     0.0000000     )
      ->  Parameter number   53 :                                       Biso_Fe1_ph1     1.6869299    ( +/-     0.0000000     )
      ->  Parameter number   54 :                                       Biso_AL1_ph2     3.6607101    ( +/-     0.0000000     )
      ->  Parameter number   55 :                                        Biso_O3_ph1     2.2059100    ( +/-     0.0000000     )
      ->  Parameter number   56 :                                        Biso_P1_ph1    0.85332000    ( +/-     0.0000000     )
      ->  Parameter number   57 :                                        Biso_O2_ph1     1.2379100    ( +/-     0.0000000     )
      ->  Parameter number   58 :                                        Biso_O1_ph1    0.59877002    ( +/-     0.0000000     )

 ------------------------------------------------------------------
 => Number of bytes for floating point variables: 4
 => Dimensions of dynamic allocated arrays in this run of FullProf:
 ------------------------------------------------------------------

 => Total approximate array memory (dynamic + static): 115719821 bytes

    MaxPOINT=    70000 Max.num. of points(+int. Inten.)/diffraction pattern       
    MaxREFLT=    20000 Max.num. of reflections/diffraction pattern               
    MaxPARAM=      800 Max.num. of refinable parameters                          
    MaxOVERL=     2024 Max.num. of overlapping reflections                       

 ----------------------------------------------------------
 => Number of bytes for floating point arrays: 4
 => Dimensions of fixed arrays in this release of FullProf:
 ----------------------------------------------------------

    NPATT   =       80 Max.num. of powder diffraction patterns                    
    NATS    =      830 Max.num. of atoms (all kind) in asymmetric unit            
    MPAR    =     1800 Max.num. of non atomic parameters/phase                    
    IEXCL   =       30 Max.num. of excluded regions                               
    IBACP   =      377 Max.num. of background points for interpolation            
    NPHT    =       16 Max.num. of phases                                         
    NMAGM   =        8 Max.num. of rotation-matrices sets for magnetic structure  
    NBASIS  =       12 Max.num. of basis functions associated to a single atom    
    NIREPS  =        9 Max.num. of irreducible representations to be combined     
    N_EQ    =      384 Max.num. of user-supplied symmetry operators/propagation vectors
    NGL     =      400 Max.num. of global parameters/diffraction pattern          
    N_LINC  =       50 Max.num. of global linear restraints                        
    NAT_P   =       80 Max.num. of atomic parameters per atom                     
    NCONST  =      500 Max.num. of slack constraints per phase                    
    N_SPE   =       30 Max.num. of different chemical species                     
    N_FORM  =       60 Max.num. of scattering factor values in a table            
    NPR     =      150 Max.num. of points defining a numerical profile            
    INPR    =       25 Max.num. of different numerical peak shapes                
    NPRC    =      150 Max.num. of terms in the table for correcting intensities  
    NSOL    =       10 Max.num. of solutions to be stored in Montecarlo searchs   

 
              CPU Time:     0.090 seconds
                            0.001 minutes

 => Run finished at:     Date: 25/01/2023  Time: 10:10:20.253                              
